[0.036s] Invoking command in '/home/orthrus1-1/orthrus1-1/build/motor': CMAKE_PREFIX_PATH=/home/orthrus1-1/orthrus1-1/install/message:/home/orthrus1-1/orthrus1-1/install/motor:/opt/ros/dashing LD_LIBRARY_PATH=/home/orthrus1-1/orthrus1-1/install/message/lib:/home/orthrus1-1/orthrus1-1/install/motor/lib:/opt/ros/dashing/opt/yaml_cpp_vendor/lib:/opt/ros/dashing/opt/rviz_ogre_vendor/lib:/usr/lib:/opt/ros/dashing/lib /usr/bin/cmake --build /home/orthrus1-1/orthrus1-1/build/motor -- -j4 -l4
[0.195s] [35m[1mScanning dependencies of target motor_carryout[0m
[0.248s] [ 50%] Built target check
[0.294s] [ 75%] [32mBuilding CXX object CMakeFiles/motor_carryout.dir/src/motor_carryout.cpp.o[0m
[0.569s] [01m[K/home/orthrus1-1/orthrus1-1/src/motor/src/motor_carryout.cpp:61:8:[m[K [01;35m[Kwarning: [m[K"/*" within comment [[01;35m[K-Wcomment[m[K]
[0.569s]        //* auto message = std_msgs::msg::String();
[0.570s] 
[0.570s]          
[0.571s] [01m[K/home/orthrus1-1/orthrus1-1/src/motor/src/motor_carryout.cpp:62:8:[m[K [01;35m[Kwarning: [m[K"/*" within comment [[01;35m[K-Wcomment[m[K]
[0.571s]        //* message.data = "Hello, world! " + std::to_string(count_++);
[0.572s] 
[0.572s]          
[0.573s] [01m[K/home/orthrus1-1/orthrus1-1/src/motor/src/motor_carryout.cpp:63:8:[m[K [01;35m[Kwarning: [m[K"/*" within comment [[01;35m[K-Wcomment[m[K]
[0.573s]        //* RCLCPP_INFO(this->get_logger(), "Publishing: '%s'", message.data.c_str());
[0.574s] 
[0.574s]          
[0.575s] [01m[K/home/orthrus1-1/orthrus1-1/src/motor/src/motor_carryout.cpp:64:8:[m[K [01;35m[Kwarning: [m[K"/*" within comment [[01;35m[K-Wcomment[m[K]
[0.575s]        //* publisher_->publish(message);
[0.576s] 
[0.576s]          
[3.753s] [01m[K/home/orthrus1-1/orthrus1-1/src/motor/src/motor_carryout.cpp:34:45:[m[K [01;31m[Kerror: [m[K‘[01m[KString[m[K’ in namespace ‘[01m[Kmessage::msg[m[K’ does not name a type
[3.754s]      void topic_callback(const message::msg::[01;31m[KString[m[K::SharedPtr msg) const
[3.755s] 
[3.755s]                                              [01;31m[K^~~~~~[m[K
[3.756s] [01m[K/home/orthrus1-1/orthrus1-1/src/motor/src/motor_carryout.cpp:34:63:[m[K [01;31m[Kerror: [m[Kexpected unqualified-id before ‘[01m[Kmsg[m[K’
[3.757s]      void topic_callback(const message::msg::String::SharedPtr [01;31m[Kmsg[m[K) const
[3.758s] 
[3.758s]                                                                [01;31m[K^~~[m[K
[3.759s] [01m[K/home/orthrus1-1/orthrus1-1/src/motor/src/motor_carryout.cpp:34:63:[m[K [01;31m[Kerror: [m[Kexpected ‘[01m[K)[m[K’ before ‘[01m[Kmsg[m[K’
[3.760s] [01m[K/home/orthrus1-1/orthrus1-1/src/motor/src/motor_carryout.cpp:34:53:[m[K [01;31m[Kerror: [m[Kexpected ‘[01m[K;[m[K’ at end of member declaration
[3.760s]      void topic_callback(const message::msg::String::[01;31m[KSharedPtr[m[K msg) const
[3.761s] 
[3.761s]                                                      [01;31m[K^~~~~~~~~[m[K
[3.762s] [01m[K/home/orthrus1-1/orthrus1-1/src/motor/src/motor_carryout.cpp:34:63:[m[K [01;31m[Kerror: [m[K‘[01m[Kmsg[m[K’ does not name a type
[3.763s]      void topic_callback(const message::msg::String::SharedPtr [01;31m[Kmsg[m[K) const
[3.763s] 
[3.764s]                                                                [01;31m[K^~~[m[K
[3.765s] [01m[K/home/orthrus1-1/orthrus1-1/src/motor/src/motor_carryout.cpp:38:26:[m[K [01;31m[Kerror: [m[K‘[01m[Kstd_msgs[m[K’ was not declared in this scope
[3.765s]      rclcpp::Subscription<[01;31m[Kstd_msgs[m[K::msg::Motor_carryout>::SharedPtr subscription_;};
[3.766s] 
[3.766s]                           [01;31m[K^~~~~~~~[m[K
[3.767s] [01m[K/home/orthrus1-1/orthrus1-1/src/motor/src/motor_carryout.cpp:38:55:[m[K [01;31m[Kerror: [m[Ktemplate argument 1 is invalid
[3.767s]      rclcpp::Subscription<std_msgs::msg::Motor_carryout[01;31m[K>[m[K::SharedPtr subscription_;};
[3.768s] 
[3.768s]                                                        [01;31m[K^[m[K
[3.769s] [01m[K/home/orthrus1-1/orthrus1-1/src/motor/src/motor_carryout.cpp:38:58:[m[K [01;31m[Kerror: [m[Kexpected ‘[01m[K;[m[K’ at end of member declaration
[3.769s]      rclcpp::Subscription<std_msgs::msg::Motor_carryout>::[01;31m[KSharedPtr[m[K subscription_;};
[3.770s] 
[3.770s]                                                           [01;31m[K^~~~~~~~~[m[K
[3.771s] [01m[K/home/orthrus1-1/orthrus1-1/src/motor/src/motor_carryout.cpp:38:68:[m[K [01;31m[Kerror: [m[K‘[01m[Ksubscription_[m[K’ does not name a type; did you mean ‘[01m[Krcl_subscription_t[m[K’?
[3.772s]      rclcpp::Subscription<std_msgs::msg::Motor_carryout>::SharedPtr [01;31m[Ksubscription_[m[K;};
[3.773s] 
[3.773s]                                                                     [01;31m[K^~~~~~~~~~~~~[m[K
[3.774s]                                                                     [32m[Krcl_subscription_t[m[K
[3.775s] [01m[K/home/orthrus1-1/orthrus1-1/src/motor/src/motor_carryout.cpp:[m[K In constructor ‘[01m[Kmotor_carryout::motor_carryout()[m[K’:
[3.775s] [01m[K/home/orthrus1-1/orthrus1-1/src/motor/src/motor_carryout.cpp:26:7:[m[K [01;31m[Kerror: [m[K‘[01m[Ksubscription_[m[K’ was not declared in this scope
[3.776s]        [01;31m[Ksubscription_[m[K = this->create_subscription<message::msg::motorcarryout>(
[3.776s] 
[3.777s]        [01;31m[K^~~~~~~~~~~~~[m[K
[3.781s] [01m[K/home/orthrus1-1/orthrus1-1/src/motor/src/motor_carryout.cpp:26:7:[m[K [01;36m[Knote: [m[Ksuggested alternative: ‘[01m[Krcl_subscription_t[m[K’
[3.783s]        [01;36m[Ksubscription_[m[K = this->create_subscription<message::msg::motorcarryout>(
[3.783s] 
[3.784s]        [01;36m[K^~~~~~~~~~~~~[m[K
[3.784s]        [32m[Krcl_subscription_t[m[K
[3.785s] [01m[K/home/orthrus1-1/orthrus1-1/src/motor/src/motor_carryout.cpp:26:63:[m[K [01;31m[Kerror: [m[K‘[01m[Kmotorcarryout[m[K’ is not a member of ‘[01m[Kmessage::msg[m[K’
[3.785s]        subscription_ = this->create_subscription<message::msg::[01;31m[Kmotorcarryout[m[K>(
[3.786s] 
[3.786s]                                                                [01;31m[K^~~~~~~~~~~~~[m[K
[3.787s] [01m[K/home/orthrus1-1/orthrus1-1/src/motor/src/motor_carryout.cpp:26:63:[m[K [01;36m[Knote: [m[Ksuggested alternative: ‘[01m[KMotorcarryout[m[K’
[3.787s]        subscription_ = this->create_subscription<message::msg::[01;36m[Kmotorcarryout[m[K>(
[3.788s] 
[3.788s]                                                                [01;36m[K^~~~~~~~~~~~~[m[K
[3.789s]                                                                [32m[KMotorcarryout[m[K
[3.789s] [01m[K/home/orthrus1-1/orthrus1-1/src/motor/src/motor_carryout.cpp:26:63:[m[K [01;31m[Kerror: [m[K‘[01m[Kmotorcarryout[m[K’ is not a member of ‘[01m[Kmessage::msg[m[K’
[3.790s] [01m[K/home/orthrus1-1/orthrus1-1/src/motor/src/motor_carryout.cpp:26:63:[m[K [01;36m[Knote: [m[Ksuggested alternative: ‘[01m[KMotorcarryout[m[K’
[3.791s]        subscription_ = this->create_subscription<message::msg::[01;36m[Kmotorcarryout[m[K>(
[3.791s] 
[3.792s]                                                                [01;36m[K^~~~~~~~~~~~~[m[K
[3.792s]                                                                [32m[KMotorcarryout[m[K
[3.793s] [01m[K/home/orthrus1-1/orthrus1-1/src/motor/src/motor_carryout.cpp:27:77:[m[K [01;31m[Kerror: [m[K‘[01m[K_1[m[K’ was not declared in this scope
[3.793s]        "motor_carryout", 2, std::bind(&motor_carryout::topic_callback, this, [01;31m[K_1[m[K));
[3.794s] 
[3.794s]                                                                              [01;31m[K^~[m[K
[3.795s] [01m[K/home/orthrus1-1/orthrus1-1/src/motor/src/motor_carryout.cpp:27:77:[m[K [01;36m[Knote: [m[Ksuggested alternative:
[3.795s] In file included from [01m[K/home/orthrus1-1/orthrus1-1/src/motor/src/motor_carryout.cpp:12:0[m[K:
[3.796s] [01m[K/usr/include/c++/7/functional:275:34:[m[K [01;36m[Knote: [m[K  ‘[01m[Kstd::placeholders::_1[m[K’
[3.796s]      extern const _Placeholder<1> [01;36m[K_1[m[K;
[3.797s]                                   [01;36m[K^~[m[K
[4.369s] CMakeFiles/motor_carryout.dir/build.make:62: recipe for target 'CMakeFiles/motor_carryout.dir/src/motor_carryout.cpp.o' failed
[4.369s] make[2]: *** [CMakeFiles/motor_carryout.dir/src/motor_carryout.cpp.o] Error 1
[4.370s] CMakeFiles/Makefile2:136: recipe for target 'CMakeFiles/motor_carryout.dir/all' failed
[4.371s] make[1]: *** [CMakeFiles/motor_carryout.dir/all] Error 2
[4.371s] Makefile:140: recipe for target 'all' failed
[4.372s] make: *** [all] Error 2
[4.376s] Invoked command in '/home/orthrus1-1/orthrus1-1/build/motor' returned '2': CMAKE_PREFIX_PATH=/home/orthrus1-1/orthrus1-1/install/message:/home/orthrus1-1/orthrus1-1/install/motor:/opt/ros/dashing LD_LIBRARY_PATH=/home/orthrus1-1/orthrus1-1/install/message/lib:/home/orthrus1-1/orthrus1-1/install/motor/lib:/opt/ros/dashing/opt/yaml_cpp_vendor/lib:/opt/ros/dashing/opt/rviz_ogre_vendor/lib:/usr/lib:/opt/ros/dashing/lib /usr/bin/cmake --build /home/orthrus1-1/orthrus1-1/build/motor -- -j4 -l4
