[  2%] Built target message__cpp
[  8%] Built target message__rosidl_generator_c
[ 10%] Built target message__dds_opensplice_idl
[ 16%] Built target message__rosidl_typesupport_cpp
[ 22%] Built target message__rosidl_typesupport_fastrtps_cpp
[ 28%] Built target message__rosidl_typesupport_introspection_cpp
[ 44%] Built target message__rosidl_typesupport_opensplice_cpp
[ 51%] Built target message__rosidl_typesupport_introspection_c
[ 57%] Built target message__rosidl_typesupport_c
[ 63%] Built target message__rosidl_typesupport_fastrtps_c
[ 81%] Built target message__rosidl_typesupport_opensplice_c
[ 81%] Built target message
[ 83%] Built target message__py
[ 87%] Built target message__python
[ 91%] Built target message__rosidl_typesupport_c__pyext
[ 95%] Built target message__rosidl_typesupport_fastrtps_c__pyext
[100%] Built target message__rosidl_typesupport_opensplice_c__pyext
[  2%] Built target message__cpp
[  4%] Built target message__dds_opensplice_idl
[ 10%] Built target message__rosidl_generator_c
[ 16%] Built target message__rosidl_typesupport_cpp
[ 22%] Built target message__rosidl_typesupport_introspection_cpp
[ 28%] Built target message__rosidl_typesupport_c
[ 44%] Built target message__rosidl_typesupport_opensplice_cpp
[ 51%] Built target message__rosidl_typesupport_fastrtps_cpp
[ 57%] Built target message__rosidl_typesupport_introspection_c
[ 63%] Built target message__rosidl_typesupport_fastrtps_c
[ 81%] Built target message__rosidl_typesupport_opensplice_c
[ 81%] Built target message
[ 83%] Built target message__py
[ 87%] Built target message__python
[ 95%] Built target message__rosidl_typesupport_c__pyext
[ 95%] Built target message__rosidl_typesupport_fastrtps_c__pyext
[100%] Built target message__rosidl_typesupport_opensplice_c__pyext
[36mInstall the project...[0m
-- Install configuration: ""
-- Up-to-date: /home/orthrus1-1/orthrus1-1/install/message/share/ament_index/resource_index/rosidl_interfaces/message
-- Up-to-date: /home/orthrus1-1/orthrus1-1/install/message/lib/libmessage__rosidl_typesupport_c.so
-- Up-to-date: /home/orthrus1-1/orthrus1-1/install/message/share/message/environment/library_path.sh
-- Up-to-date: /home/orthrus1-1/orthrus1-1/install/message/lib/libmessage__rosidl_typesupport_cpp.so
-- Up-to-date: /home/orthrus1-1/orthrus1-1/install/message/include/message
-- Up-to-date: /home/orthrus1-1/orthrus1-1/install/message/include/message/srv
-- Up-to-date: /home/orthrus1-1/orthrus1-1/install/message/include/message/srv/motorsend__rosidl_typesupport_fastrtps_c.h
-- Up-to-date: /home/orthrus1-1/orthrus1-1/install/message/include/message/msg
-- Up-to-date: /home/orthrus1-1/orthrus1-1/install/message/include/message/msg/rosidl_typesupport_fastrtps_c__visibility_control.h
-- Up-to-date: /home/orthrus1-1/orthrus1-1/install/message/lib/libmessage__rosidl_typesupport_fastrtps_c.so
-- Up-to-date: /home/orthrus1-1/orthrus1-1/install/message/include/message
-- Up-to-date: /home/orthrus1-1/orthrus1-1/install/message/include/message/srv
-- Up-to-date: /home/orthrus1-1/orthrus1-1/install/message/include/message/srv/motorsend__functions.c
-- Up-to-date: /home/orthrus1-1/orthrus1-1/install/message/include/message/srv/motorsend__type_support.h
-- Up-to-date: /home/orthrus1-1/orthrus1-1/install/message/include/message/srv/motorsend__struct.h
-- Up-to-date: /home/orthrus1-1/orthrus1-1/install/message/include/message/srv/motorsend.h
-- Up-to-date: /home/orthrus1-1/orthrus1-1/install/message/include/message/srv/motorsend__functions.h
-- Up-to-date: /home/orthrus1-1/orthrus1-1/install/message/include/message/msg
-- Up-to-date: /home/orthrus1-1/orthrus1-1/install/message/include/message/msg/rosidl_generator_c__visibility_control.h
-- Up-to-date: /home/orthrus1-1/orthrus1-1/install/message/lib/libmessage__rosidl_generator_c.so
-- Up-to-date: /home/orthrus1-1/orthrus1-1/install/message/include/message
-- Up-to-date: /home/orthrus1-1/orthrus1-1/install/message/include/message/srv
-- Up-to-date: /home/orthrus1-1/orthrus1-1/install/message/include/message/srv/motorsend__rosidl_typesupport_fastrtps_cpp.hpp
-- Up-to-date: /home/orthrus1-1/orthrus1-1/install/message/include/message/srv/dds_fastrtps
-- Up-to-date: /home/orthrus1-1/orthrus1-1/install/message/include/message/msg
-- Up-to-date: /home/orthrus1-1/orthrus1-1/install/message/include/message/msg/rosidl_typesupport_fastrtps_cpp__visibility_control.h
-- Up-to-date: /home/orthrus1-1/orthrus1-1/install/message/lib/libmessage__rosidl_typesupport_fastrtps_cpp.so
-- Up-to-date: /home/orthrus1-1/orthrus1-1/install/message/include/message
-- Up-to-date: /home/orthrus1-1/orthrus1-1/install/message/include/message/srv
-- Up-to-date: /home/orthrus1-1/orthrus1-1/install/message/include/message/srv/motorsend.hpp
-- Up-to-date: /home/orthrus1-1/orthrus1-1/install/message/include/message/srv/motorsend__struct.hpp
-- Up-to-date: /home/orthrus1-1/orthrus1-1/install/message/include/message/srv/motorsend__traits.hpp
-- Up-to-date: /home/orthrus1-1/orthrus1-1/install/message/include/message
-- Up-to-date: /home/orthrus1-1/orthrus1-1/install/message/include/message/srv
-- Up-to-date: /home/orthrus1-1/orthrus1-1/install/message/include/message/srv/motorsend__rosidl_typesupport_introspection_c.h
-- Up-to-date: /home/orthrus1-1/orthrus1-1/install/message/include/message/srv/motorsend__type_support.c
-- Up-to-date: /home/orthrus1-1/orthrus1-1/install/message/include/message/msg
-- Up-to-date: /home/orthrus1-1/orthrus1-1/install/message/include/message/msg/rosidl_typesupport_introspection_c__visibility_control.h
-- Up-to-date: /home/orthrus1-1/orthrus1-1/install/message/lib/libmessage__rosidl_typesupport_introspection_c.so
-- Up-to-date: /home/orthrus1-1/orthrus1-1/install/message/include/message
-- Up-to-date: /home/orthrus1-1/orthrus1-1/install/message/include/message/srv
-- Up-to-date: /home/orthrus1-1/orthrus1-1/install/message/include/message/srv/motorsend__rosidl_typesupport_opensplice_c.h
-- Up-to-date: /home/orthrus1-1/orthrus1-1/install/message/include/message/srv/dds_opensplice_c
-- Up-to-date: /home/orthrus1-1/orthrus1-1/install/message/include/message/msg
-- Up-to-date: /home/orthrus1-1/orthrus1-1/install/message/include/message/msg/rosidl_typesupport_opensplice_c__visibility_control.h
-- Up-to-date: /home/orthrus1-1/orthrus1-1/install/message/lib/libmessage__rosidl_typesupport_opensplice_c.so
-- Up-to-date: /home/orthrus1-1/orthrus1-1/install/message/share/message/srv/dds_opensplice
-- Up-to-date: /home/orthrus1-1/orthrus1-1/install/message/share/message/srv/dds_opensplice/Motorsend_.idl
-- Up-to-date: /home/orthrus1-1/orthrus1-1/install/message/include/message
-- Up-to-date: /home/orthrus1-1/orthrus1-1/install/message/include/message/srv
-- Up-to-date: /home/orthrus1-1/orthrus1-1/install/message/include/message/srv/dds_opensplice
-- Up-to-date: /home/orthrus1-1/orthrus1-1/install/message/include/message/srv/dds_opensplice/Motorsend_.h
-- Up-to-date: /home/orthrus1-1/orthrus1-1/install/message/include/message/srv/dds_opensplice/ccpp_Motorsend_.h
-- Up-to-date: /home/orthrus1-1/orthrus1-1/install/message/include/message/srv/dds_opensplice/Motorsend_SplDcps.h
-- Up-to-date: /home/orthrus1-1/orthrus1-1/install/message/include/message/srv/dds_opensplice/Motorsend_Dcps.h
-- Up-to-date: /home/orthrus1-1/orthrus1-1/install/message/include/message/srv/dds_opensplice/Motorsend_Dcps_impl.h
-- Up-to-date: /home/orthrus1-1/orthrus1-1/install/message/include/message/srv/motorsend__rosidl_typesupport_opensplice_cpp.hpp
-- Up-to-date: /home/orthrus1-1/orthrus1-1/install/message/include/message/msg
-- Up-to-date: /home/orthrus1-1/orthrus1-1/install/message/include/message/msg/rosidl_typesupport_opensplice_cpp__visibility_control.h
-- Up-to-date: /home/orthrus1-1/orthrus1-1/install/message/lib/libmessage__rosidl_typesupport_opensplice_cpp.so
-- Up-to-date: /home/orthrus1-1/orthrus1-1/install/message/include/message
-- Up-to-date: /home/orthrus1-1/orthrus1-1/install/message/include/message/srv
-- Up-to-date: /home/orthrus1-1/orthrus1-1/install/message/include/message/srv/motorsend__rosidl_typesupport_introspection_cpp.hpp
-- Up-to-date: /home/orthrus1-1/orthrus1-1/install/message/include/message/srv/motorsend__type_support.cpp
-- Up-to-date: /home/orthrus1-1/orthrus1-1/install/message/lib/libmessage__rosidl_typesupport_introspection_cpp.so
-- Up-to-date: /home/orthrus1-1/orthrus1-1/install/message/share/message/environment/pythonpath.sh
-- Up-to-date: /home/orthrus1-1/orthrus1-1/install/message/lib/python3.6/site-packages/message/__init__.py
-- Up-to-date: /home/orthrus1-1/orthrus1-1/install/message/lib/python3.6/site-packages/message/srv
-- Up-to-date: /home/orthrus1-1/orthrus1-1/install/message/lib/python3.6/site-packages/message/srv/_motorsend_s.c
-- Up-to-date: /home/orthrus1-1/orthrus1-1/install/message/lib/python3.6/site-packages/message/srv/__init__.py
-- Up-to-date: /home/orthrus1-1/orthrus1-1/install/message/lib/python3.6/site-packages/message/srv/_motorsend.py
-- Up-to-date: /home/orthrus1-1/orthrus1-1/install/message/lib/python3.6/site-packages/message/message_s__rosidl_typesupport_c.cpython-36m-aarch64-linux-gnu.so
-- Up-to-date: /home/orthrus1-1/orthrus1-1/install/message/lib/python3.6/site-packages/message/message_s__rosidl_typesupport_fastrtps_c.cpython-36m-aarch64-linux-gnu.so
-- Up-to-date: /home/orthrus1-1/orthrus1-1/install/message/lib/python3.6/site-packages/message/message_s__rosidl_typesupport_opensplice_c.cpython-36m-aarch64-linux-gnu.so
-- Up-to-date: /home/orthrus1-1/orthrus1-1/install/message/lib/libmessage__python.so
-- Up-to-date: /home/orthrus1-1/orthrus1-1/install/message/share/message/srv/Motorsend.idl
-- Up-to-date: /home/orthrus1-1/orthrus1-1/install/message/share/message/srv/Motorsend.srv
-- Up-to-date: /home/orthrus1-1/orthrus1-1/install/message/share/message/srv/Motorsend_Request.msg
-- Up-to-date: /home/orthrus1-1/orthrus1-1/install/message/share/message/srv/Motorsend_Response.msg
-- Up-to-date: /home/orthrus1-1/orthrus1-1/install/message/share/ament_index/resource_index/package_run_dependencies/message
-- Up-to-date: /home/orthrus1-1/orthrus1-1/install/message/share/ament_index/resource_index/parent_prefix_path/message
-- Up-to-date: /home/orthrus1-1/orthrus1-1/install/message/share/message/environment/ament_prefix_path.sh
-- Up-to-date: /home/orthrus1-1/orthrus1-1/install/message/share/message/environment/path.sh
-- Up-to-date: /home/orthrus1-1/orthrus1-1/install/message/share/message/local_setup.bash
-- Up-to-date: /home/orthrus1-1/orthrus1-1/install/message/share/message/local_setup.sh
-- Up-to-date: /home/orthrus1-1/orthrus1-1/install/message/share/message/local_setup.zsh
-- Up-to-date: /home/orthrus1-1/orthrus1-1/install/message/share/ament_index/resource_index/packages/message
-- Up-to-date: /home/orthrus1-1/orthrus1-1/install/message/share/message/cmake/rosidl_cmake-extras.cmake
-- Up-to-date: /home/orthrus1-1/orthrus1-1/install/message/share/message/cmake/ament_cmake_export_libraries-extras.cmake
-- Up-to-date: /home/orthrus1-1/orthrus1-1/install/message/share/message/cmake/ament_cmake_export_include_directories-extras.cmake
-- Up-to-date: /home/orthrus1-1/orthrus1-1/install/message/share/message/cmake/rosidl_cmake_export_typesupport_libraries-extras.cmake
-- Up-to-date: /home/orthrus1-1/orthrus1-1/install/message/share/message/cmake/messageConfig.cmake
-- Up-to-date: /home/orthrus1-1/orthrus1-1/install/message/share/message/cmake/messageConfig-version.cmake
-- Up-to-date: /home/orthrus1-1/orthrus1-1/install/message/share/message/package.xml
