[35m[1mScanning dependencies of target motor_carryout[0m
[ 50%] Built target check
[ 75%] [32mBuilding CXX object CMakeFiles/motor_carryout.dir/src/motor_carryout.cpp.o[0m
[01m[K/home/orthrus1-1/orthrus1-1/src/motor/src/motor_carryout.cpp:[m[K In member function ‘[01m[Kvoid motor_carryout::topic_callback(message::msg::Motorcarryout_<std::allocator<void> >::SharedPtr) const[m[K’:
[01m[K/home/orthrus1-1/orthrus1-1/src/motor/src/motor_carryout.cpp:58:10:[m[K [01;31m[Kerror: [m[K‘[01m[Kmotor_LF_r1[m[K’ was not declared in this scope
       if([01;31m[Kmotor_LF_r1[m[K.Pos < 0 && motor_LF_r1.Pos > 0)// ? 限位

          [01;31m[K^~~~~~~~~~~[m[K
[01m[K/home/orthrus1-1/orthrus1-1/src/motor/src/motor_carryout.cpp:58:10:[m[K [01;36m[Knote: [m[Ksuggested alternative: ‘[01m[Kmotor_carryout[m[K’
       if([01;36m[Kmotor_LF_r1[m[K.Pos < 0 && motor_LF_r1.Pos > 0)// ? 限位

          [01;36m[K^~~~~~~~~~~[m[K
          [32m[Kmotor_carryout[m[K
[01m[K/home/orthrus1-1/orthrus1-1/src/motor/src/motor_carryout.cpp:60:9:[m[K [01;31m[Kerror: [m[K‘[01m[Kmotor_LF_s1[m[K’ was not declared in this scope
         [01;31m[Kmotor_LF_s1[m[K.id   =                 0;

         [01;31m[K^~~~~~~~~~~[m[K
[01m[K/home/orthrus1-1/orthrus1-1/src/motor/src/motor_carryout.cpp:69:10:[m[K [01;31m[Kerror: [m[K‘[01m[Kmotor_LF_r2[m[K’ was not declared in this scope
       if([01;31m[Kmotor_LF_r2[m[K.Pos < 0 && motor_LF_r2.Pos > 0)// ? 限位

          [01;31m[K^~~~~~~~~~~[m[K
[01m[K/home/orthrus1-1/orthrus1-1/src/motor/src/motor_carryout.cpp:69:10:[m[K [01;36m[Knote: [m[Ksuggested alternative: ‘[01m[Kmotor_carryout[m[K’
       if([01;36m[Kmotor_LF_r2[m[K.Pos < 0 && motor_LF_r2.Pos > 0)// ? 限位

          [01;36m[K^~~~~~~~~~~[m[K
          [32m[Kmotor_carryout[m[K
[01m[K/home/orthrus1-1/orthrus1-1/src/motor/src/motor_carryout.cpp:71:9:[m[K [01;31m[Kerror: [m[K‘[01m[Kmotor_LF_s2[m[K’ was not declared in this scope
         [01;31m[Kmotor_LF_s2[m[K.id   =                1;

         [01;31m[K^~~~~~~~~~~[m[K
[01m[K/home/orthrus1-1/orthrus1-1/src/motor/src/motor_carryout.cpp:80:10:[m[K [01;31m[Kerror: [m[K‘[01m[Kmotor_LF_r3[m[K’ was not declared in this scope
       if([01;31m[Kmotor_LF_r3[m[K.Pos < 0 && motor_LF_r3.Pos > 0)// ? 限位

          [01;31m[K^~~~~~~~~~~[m[K
[01m[K/home/orthrus1-1/orthrus1-1/src/motor/src/motor_carryout.cpp:80:10:[m[K [01;36m[Knote: [m[Ksuggested alternative: ‘[01m[Kmotor_carryout[m[K’
       if([01;36m[Kmotor_LF_r3[m[K.Pos < 0 && motor_LF_r3.Pos > 0)// ? 限位

          [01;36m[K^~~~~~~~~~~[m[K
          [32m[Kmotor_carryout[m[K
[01m[K/home/orthrus1-1/orthrus1-1/src/motor/src/motor_carryout.cpp:82:9:[m[K [01;31m[Kerror: [m[K‘[01m[Kmotor_LF_s3[m[K’ was not declared in this scope
         [01;31m[Kmotor_LF_s3[m[K.id   =                2;

         [01;31m[K^~~~~~~~~~~[m[K
[01m[K/home/orthrus1-1/orthrus1-1/src/motor/src/motor_carryout.cpp:92:16:[m[K [01;31m[Kerror: [m[K‘[01m[Kmotor_RF_r1[m[K’ was not declared in this scope
             if([01;31m[Kmotor_RF_r1[m[K.Pos < 0 && motor_RF_r1.Pos > 0)// ? 限位

                [01;31m[K^~~~~~~~~~~[m[K
[01m[K/home/orthrus1-1/orthrus1-1/src/motor/src/motor_carryout.cpp:92:16:[m[K [01;36m[Knote: [m[Ksuggested alternative: ‘[01m[Kmotor_carryout[m[K’
             if([01;36m[Kmotor_RF_r1[m[K.Pos < 0 && motor_RF_r1.Pos > 0)// ? 限位

                [01;36m[K^~~~~~~~~~~[m[K
                [32m[Kmotor_carryout[m[K
[01m[K/home/orthrus1-1/orthrus1-1/src/motor/src/motor_carryout.cpp:94:13:[m[K [01;31m[Kerror: [m[K‘[01m[Kmotor_RF_s1[m[K’ was not declared in this scope
             [01;31m[Kmotor_RF_s1[m[K.id   =                0;

             [01;31m[K^~~~~~~~~~~[m[K
[01m[K/home/orthrus1-1/orthrus1-1/src/motor/src/motor_carryout.cpp:103:16:[m[K [01;31m[Kerror: [m[K‘[01m[Kmotor_RF_r2[m[K’ was not declared in this scope
             if([01;31m[Kmotor_RF_r2[m[K.Pos < 0 && motor_RF_r2.Pos > 0)// ? 限位

                [01;31m[K^~~~~~~~~~~[m[K
[01m[K/home/orthrus1-1/orthrus1-1/src/motor/src/motor_carryout.cpp:103:16:[m[K [01;36m[Knote: [m[Ksuggested alternative: ‘[01m[Kmotor_carryout[m[K’
             if([01;36m[Kmotor_RF_r2[m[K.Pos < 0 && motor_RF_r2.Pos > 0)// ? 限位

                [01;36m[K^~~~~~~~~~~[m[K
                [32m[Kmotor_carryout[m[K
[01m[K/home/orthrus1-1/orthrus1-1/src/motor/src/motor_carryout.cpp:105:13:[m[K [01;31m[Kerror: [m[K‘[01m[Kmotor_RF_s2[m[K’ was not declared in this scope
             [01;31m[Kmotor_RF_s2[m[K.id   =                1;

             [01;31m[K^~~~~~~~~~~[m[K
[01m[K/home/orthrus1-1/orthrus1-1/src/motor/src/motor_carryout.cpp:114:16:[m[K [01;31m[Kerror: [m[K‘[01m[Kmotor_RF_r3[m[K’ was not declared in this scope
             if([01;31m[Kmotor_RF_r3[m[K.Pos < 0 && motor_RF_r3.Pos > 0)// ? 限位

                [01;31m[K^~~~~~~~~~~[m[K
[01m[K/home/orthrus1-1/orthrus1-1/src/motor/src/motor_carryout.cpp:114:16:[m[K [01;36m[Knote: [m[Ksuggested alternative: ‘[01m[Kmotor_carryout[m[K’
             if([01;36m[Kmotor_RF_r3[m[K.Pos < 0 && motor_RF_r3.Pos > 0)// ? 限位

                [01;36m[K^~~~~~~~~~~[m[K
                [32m[Kmotor_carryout[m[K
[01m[K/home/orthrus1-1/orthrus1-1/src/motor/src/motor_carryout.cpp:116:13:[m[K [01;31m[Kerror: [m[K‘[01m[Kmotor_RF_s3[m[K’ was not declared in this scope
             [01;31m[Kmotor_RF_s3[m[K.id   =                2;

             [01;31m[K^~~~~~~~~~~[m[K
[01m[K/home/orthrus1-1/orthrus1-1/src/motor/src/motor_carryout.cpp:126:12:[m[K [01;31m[Kerror: [m[K‘[01m[Kmotor_LB_r1[m[K’ was not declared in this scope
         if([01;31m[Kmotor_LB_r1[m[K.Pos < 0 && motor_LB_r1.Pos > 0)// ? 限位

            [01;31m[K^~~~~~~~~~~[m[K
[01m[K/home/orthrus1-1/orthrus1-1/src/motor/src/motor_carryout.cpp:126:12:[m[K [01;36m[Knote: [m[Ksuggested alternative: ‘[01m[Kmotor_carryout[m[K’
         if([01;36m[Kmotor_LB_r1[m[K.Pos < 0 && motor_LB_r1.Pos > 0)// ? 限位

            [01;36m[K^~~~~~~~~~~[m[K
            [32m[Kmotor_carryout[m[K
[01m[K/home/orthrus1-1/orthrus1-1/src/motor/src/motor_carryout.cpp:128:9:[m[K [01;31m[Kerror: [m[K‘[01m[Kmotor_LB_s1[m[K’ was not declared in this scope
         [01;31m[Kmotor_LB_s1[m[K.id   =                0;

         [01;31m[K^~~~~~~~~~~[m[K
[01m[K/home/orthrus1-1/orthrus1-1/src/motor/src/motor_carryout.cpp:137:12:[m[K [01;31m[Kerror: [m[K‘[01m[Kmotor_LB_r2[m[K’ was not declared in this scope
         if([01;31m[Kmotor_LB_r2[m[K.Pos < 0 && motor_LB_r2.Pos > 0)// ? 限位

            [01;31m[K^~~~~~~~~~~[m[K
[01m[K/home/orthrus1-1/orthrus1-1/src/motor/src/motor_carryout.cpp:137:12:[m[K [01;36m[Knote: [m[Ksuggested alternative: ‘[01m[Kmotor_carryout[m[K’
         if([01;36m[Kmotor_LB_r2[m[K.Pos < 0 && motor_LB_r2.Pos > 0)// ? 限位

            [01;36m[K^~~~~~~~~~~[m[K
            [32m[Kmotor_carryout[m[K
[01m[K/home/orthrus1-1/orthrus1-1/src/motor/src/motor_carryout.cpp:139:9:[m[K [01;31m[Kerror: [m[K‘[01m[Kmotor_LB_s2[m[K’ was not declared in this scope
         [01;31m[Kmotor_LB_s2[m[K.id   =                1;

         [01;31m[K^~~~~~~~~~~[m[K
[01m[K/home/orthrus1-1/orthrus1-1/src/motor/src/motor_carryout.cpp:148:12:[m[K [01;31m[Kerror: [m[K‘[01m[Kmotor_LB_r3[m[K’ was not declared in this scope
         if([01;31m[Kmotor_LB_r3[m[K.Pos < 0 && motor_LB_r3.Pos > 0)// ? 限位

            [01;31m[K^~~~~~~~~~~[m[K
[01m[K/home/orthrus1-1/orthrus1-1/src/motor/src/motor_carryout.cpp:148:12:[m[K [01;36m[Knote: [m[Ksuggested alternative: ‘[01m[Kmotor_carryout[m[K’
         if([01;36m[Kmotor_LB_r3[m[K.Pos < 0 && motor_LB_r3.Pos > 0)// ? 限位

            [01;36m[K^~~~~~~~~~~[m[K
            [32m[Kmotor_carryout[m[K
[01m[K/home/orthrus1-1/orthrus1-1/src/motor/src/motor_carryout.cpp:150:9:[m[K [01;31m[Kerror: [m[K‘[01m[Kmotor_LB_s3[m[K’ was not declared in this scope
         [01;31m[Kmotor_LB_s3[m[K.id   =                2;

         [01;31m[K^~~~~~~~~~~[m[K
[01m[K/home/orthrus1-1/orthrus1-1/src/motor/src/motor_carryout.cpp:159:16:[m[K [01;31m[Kerror: [m[K‘[01m[Kmotor_RB_r1[m[K’ was not declared in this scope
             if([01;31m[Kmotor_RB_r1[m[K.Pos < 0 && motor_RB_r1.Pos > 0)// ? 限位

                [01;31m[K^~~~~~~~~~~[m[K
[01m[K/home/orthrus1-1/orthrus1-1/src/motor/src/motor_carryout.cpp:159:16:[m[K [01;36m[Knote: [m[Ksuggested alternative: ‘[01m[Kmotor_carryout[m[K’
             if([01;36m[Kmotor_RB_r1[m[K.Pos < 0 && motor_RB_r1.Pos > 0)// ? 限位

                [01;36m[K^~~~~~~~~~~[m[K
                [32m[Kmotor_carryout[m[K
[01m[K/home/orthrus1-1/orthrus1-1/src/motor/src/motor_carryout.cpp:161:13:[m[K [01;31m[Kerror: [m[K‘[01m[Kmotor_RB_s1[m[K’ was not declared in this scope
             [01;31m[Kmotor_RB_s1[m[K.id   =                0;

             [01;31m[K^~~~~~~~~~~[m[K
[01m[K/home/orthrus1-1/orthrus1-1/src/motor/src/motor_carryout.cpp:170:16:[m[K [01;31m[Kerror: [m[K‘[01m[Kmotor_RB_r2[m[K’ was not declared in this scope
             if([01;31m[Kmotor_RB_r2[m[K.Pos < 0 && motor_RB_r2.Pos > 0)// ? 限位

                [01;31m[K^~~~~~~~~~~[m[K
[01m[K/home/orthrus1-1/orthrus1-1/src/motor/src/motor_carryout.cpp:170:16:[m[K [01;36m[Knote: [m[Ksuggested alternative: ‘[01m[Kmotor_carryout[m[K’
             if([01;36m[Kmotor_RB_r2[m[K.Pos < 0 && motor_RB_r2.Pos > 0)// ? 限位

                [01;36m[K^~~~~~~~~~~[m[K
                [32m[Kmotor_carryout[m[K
[01m[K/home/orthrus1-1/orthrus1-1/src/motor/src/motor_carryout.cpp:172:13:[m[K [01;31m[Kerror: [m[K‘[01m[Kmotor_RB_s2[m[K’ was not declared in this scope
             [01;31m[Kmotor_RB_s2[m[K.id   =                1;

             [01;31m[K^~~~~~~~~~~[m[K
[01m[K/home/orthrus1-1/orthrus1-1/src/motor/src/motor_carryout.cpp:181:16:[m[K [01;31m[Kerror: [m[K‘[01m[Kmotor_RB_r3[m[K’ was not declared in this scope
             if([01;31m[Kmotor_RB_r3[m[K.Pos < 0 && motor_RB_r3.Pos > 0)// ? 限位

                [01;31m[K^~~~~~~~~~~[m[K
[01m[K/home/orthrus1-1/orthrus1-1/src/motor/src/motor_carryout.cpp:181:16:[m[K [01;36m[Knote: [m[Ksuggested alternative: ‘[01m[Kmotor_carryout[m[K’
             if([01;36m[Kmotor_RB_r3[m[K.Pos < 0 && motor_RB_r3.Pos > 0)// ? 限位

                [01;36m[K^~~~~~~~~~~[m[K
                [32m[Kmotor_carryout[m[K
[01m[K/home/orthrus1-1/orthrus1-1/src/motor/src/motor_carryout.cpp:183:13:[m[K [01;31m[Kerror: [m[K‘[01m[Kmotor_RB_s3[m[K’ was not declared in this scope
             [01;31m[Kmotor_RB_s3[m[K.id   =                2;

             [01;31m[K^~~~~~~~~~~[m[K
[01m[K/home/orthrus1-1/orthrus1-1/src/motor/src/motor_carryout.cpp:193:20:[m[K [01;31m[Kerror: [m[K‘[01m[Kmotor_LF_s1[m[K’ was not declared in this scope
       modify_data(&[01;31m[Kmotor_LF_s1[m[K);

                    [01;31m[K^~~~~~~~~~~[m[K
[01m[K/home/orthrus1-1/orthrus1-1/src/motor/src/motor_carryout.cpp:194:20:[m[K [01;31m[Kerror: [m[K‘[01m[Kmotor_LF_s2[m[K’ was not declared in this scope
       modify_data(&[01;31m[Kmotor_LF_s2[m[K);

                    [01;31m[K^~~~~~~~~~~[m[K
[01m[K/home/orthrus1-1/orthrus1-1/src/motor/src/motor_carryout.cpp:195:20:[m[K [01;31m[Kerror: [m[K‘[01m[Kmotor_LF_s3[m[K’ was not declared in this scope
       modify_data(&[01;31m[Kmotor_LF_s3[m[K);

                    [01;31m[K^~~~~~~~~~~[m[K
[01m[K/home/orthrus1-1/orthrus1-1/src/motor/src/motor_carryout.cpp:196:20:[m[K [01;31m[Kerror: [m[K‘[01m[Kmotor_RF_s1[m[K’ was not declared in this scope
       modify_data(&[01;31m[Kmotor_RF_s1[m[K);

                    [01;31m[K^~~~~~~~~~~[m[K
[01m[K/home/orthrus1-1/orthrus1-1/src/motor/src/motor_carryout.cpp:197:20:[m[K [01;31m[Kerror: [m[K‘[01m[Kmotor_RF_s2[m[K’ was not declared in this scope
       modify_data(&[01;31m[Kmotor_RF_s2[m[K);

                    [01;31m[K^~~~~~~~~~~[m[K
[01m[K/home/orthrus1-1/orthrus1-1/src/motor/src/motor_carryout.cpp:198:20:[m[K [01;31m[Kerror: [m[K‘[01m[Kmotor_RF_s3[m[K’ was not declared in this scope
       modify_data(&[01;31m[Kmotor_RF_s3[m[K);

                    [01;31m[K^~~~~~~~~~~[m[K
[01m[K/home/orthrus1-1/orthrus1-1/src/motor/src/motor_carryout.cpp:199:20:[m[K [01;31m[Kerror: [m[K‘[01m[Kmotor_LB_s1[m[K’ was not declared in this scope
       modify_data(&[01;31m[Kmotor_LB_s1[m[K);

                    [01;31m[K^~~~~~~~~~~[m[K
[01m[K/home/orthrus1-1/orthrus1-1/src/motor/src/motor_carryout.cpp:200:20:[m[K [01;31m[Kerror: [m[K‘[01m[Kmotor_LB_s2[m[K’ was not declared in this scope
       modify_data(&[01;31m[Kmotor_LB_s2[m[K);

                    [01;31m[K^~~~~~~~~~~[m[K
[01m[K/home/orthrus1-1/orthrus1-1/src/motor/src/motor_carryout.cpp:201:20:[m[K [01;31m[Kerror: [m[K‘[01m[Kmotor_LB_s3[m[K’ was not declared in this scope
       modify_data(&[01;31m[Kmotor_LB_s3[m[K);

                    [01;31m[K^~~~~~~~~~~[m[K
[01m[K/home/orthrus1-1/orthrus1-1/src/motor/src/motor_carryout.cpp:202:20:[m[K [01;31m[Kerror: [m[K‘[01m[Kmotor_RB_s1[m[K’ was not declared in this scope
       modify_data(&[01;31m[Kmotor_RB_s1[m[K);

                    [01;31m[K^~~~~~~~~~~[m[K
[01m[K/home/orthrus1-1/orthrus1-1/src/motor/src/motor_carryout.cpp:203:20:[m[K [01;31m[Kerror: [m[K‘[01m[Kmotor_RB_s2[m[K’ was not declared in this scope
       modify_data(&[01;31m[Kmotor_RB_s2[m[K);

                    [01;31m[K^~~~~~~~~~~[m[K
[01m[K/home/orthrus1-1/orthrus1-1/src/motor/src/motor_carryout.cpp:204:20:[m[K [01;31m[Kerror: [m[K‘[01m[Kmotor_RB_s3[m[K’ was not declared in this scope
       modify_data(&[01;31m[Kmotor_RB_s3[m[K);

                    [01;31m[K^~~~~~~~~~~[m[K
[01m[K/home/orthrus1-1/orthrus1-1/src/motor/src/motor_carryout.cpp:207:37:[m[K [01;31m[Kerror: [m[K‘[01m[Kmotor_LF_r1[m[K’ was not declared in this scope
       send_recv(fd1, &motor_LF_s1, &[01;31m[Kmotor_LF_r1[m[K);

                                     [01;31m[K^~~~~~~~~~~[m[K
[01m[K/home/orthrus1-1/orthrus1-1/src/motor/src/motor_carryout.cpp:207:37:[m[K [01;36m[Knote: [m[Ksuggested alternative: ‘[01m[Kmotor_carryout[m[K’
       send_recv(fd1, &motor_LF_s1, &[01;36m[Kmotor_LF_r1[m[K);

                                     [01;36m[K^~~~~~~~~~~[m[K
                                     [32m[Kmotor_carryout[m[K
[01m[K/home/orthrus1-1/orthrus1-1/src/motor/src/motor_carryout.cpp:208:37:[m[K [01;31m[Kerror: [m[K‘[01m[Kmotor_LF_r2[m[K’ was not declared in this scope
       send_recv(fd1, &motor_LF_s2, &[01;31m[Kmotor_LF_r2[m[K);

                                     [01;31m[K^~~~~~~~~~~[m[K
[01m[K/home/orthrus1-1/orthrus1-1/src/motor/src/motor_carryout.cpp:208:37:[m[K [01;36m[Knote: [m[Ksuggested alternative: ‘[01m[Kmotor_carryout[m[K’
       send_recv(fd1, &motor_LF_s2, &[01;36m[Kmotor_LF_r2[m[K);

                                     [01;36m[K^~~~~~~~~~~[m[K
                                     [32m[Kmotor_carryout[m[K
[01m[K/home/orthrus1-1/orthrus1-1/src/motor/src/motor_carryout.cpp:209:37:[m[K [01;31m[Kerror: [m[K‘[01m[Kmotor_LF_r3[m[K’ was not declared in this scope
       send_recv(fd1, &motor_LF_s3, &[01;31m[Kmotor_LF_r3[m[K);

                                     [01;31m[K^~~~~~~~~~~[m[K
[01m[K/home/orthrus1-1/orthrus1-1/src/motor/src/motor_carryout.cpp:209:37:[m[K [01;36m[Knote: [m[Ksuggested alternative: ‘[01m[Kmotor_carryout[m[K’
       send_recv(fd1, &motor_LF_s3, &[01;36m[Kmotor_LF_r3[m[K);

                                     [01;36m[K^~~~~~~~~~~[m[K
                                     [32m[Kmotor_carryout[m[K
[01m[K/home/orthrus1-1/orthrus1-1/src/motor/src/motor_carryout.cpp:211:37:[m[K [01;31m[Kerror: [m[K‘[01m[Kmotor_RF_r1[m[K’ was not declared in this scope
       send_recv(fd2, &motor_RF_s1, &[01;31m[Kmotor_RF_r1[m[K);

                                     [01;31m[K^~~~~~~~~~~[m[K
[01m[K/home/orthrus1-1/orthrus1-1/src/motor/src/motor_carryout.cpp:211:37:[m[K [01;36m[Knote: [m[Ksuggested alternative: ‘[01m[Kmotor_carryout[m[K’
       send_recv(fd2, &motor_RF_s1, &[01;36m[Kmotor_RF_r1[m[K);

                                     [01;36m[K^~~~~~~~~~~[m[K
                                     [32m[Kmotor_carryout[m[K
[01m[K/home/orthrus1-1/orthrus1-1/src/motor/src/motor_carryout.cpp:212:37:[m[K [01;31m[Kerror: [m[K‘[01m[Kmotor_RF_r2[m[K’ was not declared in this scope
       send_recv(fd2, &motor_RF_s2, &[01;31m[Kmotor_RF_r2[m[K);

                                     [01;31m[K^~~~~~~~~~~[m[K
[01m[K/home/orthrus1-1/orthrus1-1/src/motor/src/motor_carryout.cpp:212:37:[m[K [01;36m[Knote: [m[Ksuggested alternative: ‘[01m[Kmotor_carryout[m[K’
       send_recv(fd2, &motor_RF_s2, &[01;36m[Kmotor_RF_r2[m[K);

                                     [01;36m[K^~~~~~~~~~~[m[K
                                     [32m[Kmotor_carryout[m[K
[01m[K/home/orthrus1-1/orthrus1-1/src/motor/src/motor_carryout.cpp:213:37:[m[K [01;31m[Kerror: [m[K‘[01m[Kmotor_RF_r3[m[K’ was not declared in this scope
       send_recv(fd2, &motor_RF_s3, &[01;31m[Kmotor_RF_r3[m[K);

                                     [01;31m[K^~~~~~~~~~~[m[K
[01m[K/home/orthrus1-1/orthrus1-1/src/motor/src/motor_carryout.cpp:213:37:[m[K [01;36m[Knote: [m[Ksuggested alternative: ‘[01m[Kmotor_carryout[m[K’
       send_recv(fd2, &motor_RF_s3, &[01;36m[Kmotor_RF_r3[m[K);

                                     [01;36m[K^~~~~~~~~~~[m[K
                                     [32m[Kmotor_carryout[m[K
[01m[K/home/orthrus1-1/orthrus1-1/src/motor/src/motor_carryout.cpp:215:37:[m[K [01;31m[Kerror: [m[K‘[01m[Kmotor_LB_r1[m[K’ was not declared in this scope
       send_recv(fd3, &motor_LB_s1, &[01;31m[Kmotor_LB_r1[m[K);

                                     [01;31m[K^~~~~~~~~~~[m[K
[01m[K/home/orthrus1-1/orthrus1-1/src/motor/src/motor_carryout.cpp:215:37:[m[K [01;36m[Knote: [m[Ksuggested alternative: ‘[01m[Kmotor_carryout[m[K’
       send_recv(fd3, &motor_LB_s1, &[01;36m[Kmotor_LB_r1[m[K);

                                     [01;36m[K^~~~~~~~~~~[m[K
                                     [32m[Kmotor_carryout[m[K
[01m[K/home/orthrus1-1/orthrus1-1/src/motor/src/motor_carryout.cpp:216:37:[m[K [01;31m[Kerror: [m[K‘[01m[Kmotor_LB_r2[m[K’ was not declared in this scope
       send_recv(fd3, &motor_LB_s2, &[01;31m[Kmotor_LB_r2[m[K);

                                     [01;31m[K^~~~~~~~~~~[m[K
[01m[K/home/orthrus1-1/orthrus1-1/src/motor/src/motor_carryout.cpp:216:37:[m[K [01;36m[Knote: [m[Ksuggested alternative: ‘[01m[Kmotor_carryout[m[K’
       send_recv(fd3, &motor_LB_s2, &[01;36m[Kmotor_LB_r2[m[K);

                                     [01;36m[K^~~~~~~~~~~[m[K
                                     [32m[Kmotor_carryout[m[K
[01m[K/home/orthrus1-1/orthrus1-1/src/motor/src/motor_carryout.cpp:217:37:[m[K [01;31m[Kerror: [m[K‘[01m[Kmotor_LB_r3[m[K’ was not declared in this scope
       send_recv(fd3, &motor_LB_s3, &[01;31m[Kmotor_LB_r3[m[K);

                                     [01;31m[K^~~~~~~~~~~[m[K
[01m[K/home/orthrus1-1/orthrus1-1/src/motor/src/motor_carryout.cpp:217:37:[m[K [01;36m[Knote: [m[Ksuggested alternative: ‘[01m[Kmotor_carryout[m[K’
       send_recv(fd3, &motor_LB_s3, &[01;36m[Kmotor_LB_r3[m[K);

                                     [01;36m[K^~~~~~~~~~~[m[K
                                     [32m[Kmotor_carryout[m[K
[01m[K/home/orthrus1-1/orthrus1-1/src/motor/src/motor_carryout.cpp:219:37:[m[K [01;31m[Kerror: [m[K‘[01m[Kmotor_RB_r1[m[K’ was not declared in this scope
       send_recv(fd4, &motor_RB_s1, &[01;31m[Kmotor_RB_r1[m[K);

                                     [01;31m[K^~~~~~~~~~~[m[K
[01m[K/home/orthrus1-1/orthrus1-1/src/motor/src/motor_carryout.cpp:219:37:[m[K [01;36m[Knote: [m[Ksuggested alternative: ‘[01m[Kmotor_carryout[m[K’
       send_recv(fd4, &motor_RB_s1, &[01;36m[Kmotor_RB_r1[m[K);

                                     [01;36m[K^~~~~~~~~~~[m[K
                                     [32m[Kmotor_carryout[m[K
[01m[K/home/orthrus1-1/orthrus1-1/src/motor/src/motor_carryout.cpp:220:37:[m[K [01;31m[Kerror: [m[K‘[01m[Kmotor_RB_r2[m[K’ was not declared in this scope
       send_recv(fd4, &motor_RB_s2, &[01;31m[Kmotor_RB_r2[m[K);

                                     [01;31m[K^~~~~~~~~~~[m[K
[01m[K/home/orthrus1-1/orthrus1-1/src/motor/src/motor_carryout.cpp:220:37:[m[K [01;36m[Knote: [m[Ksuggested alternative: ‘[01m[Kmotor_carryout[m[K’
       send_recv(fd4, &motor_RB_s2, &[01;36m[Kmotor_RB_r2[m[K);

                                     [01;36m[K^~~~~~~~~~~[m[K
                                     [32m[Kmotor_carryout[m[K
[01m[K/home/orthrus1-1/orthrus1-1/src/motor/src/motor_carryout.cpp:221:37:[m[K [01;31m[Kerror: [m[K‘[01m[Kmotor_RB_r3[m[K’ was not declared in this scope
       send_recv(fd4, &motor_RB_s3, &[01;31m[Kmotor_RB_r3[m[K);

                                     [01;31m[K^~~~~~~~~~~[m[K
[01m[K/home/orthrus1-1/orthrus1-1/src/motor/src/motor_carryout.cpp:221:37:[m[K [01;36m[Knote: [m[Ksuggested alternative: ‘[01m[Kmotor_carryout[m[K’
       send_recv(fd4, &motor_RB_s3, &[01;36m[Kmotor_RB_r3[m[K);

                                     [01;36m[K^~~~~~~~~~~[m[K
                                     [32m[Kmotor_carryout[m[K
CMakeFiles/motor_carryout.dir/build.make:62: recipe for target 'CMakeFiles/motor_carryout.dir/src/motor_carryout.cpp.o' failed
make[2]: *** [CMakeFiles/motor_carryout.dir/src/motor_carryout.cpp.o] Error 1
CMakeFiles/Makefile2:136: recipe for target 'CMakeFiles/motor_carryout.dir/all' failed
make[1]: *** [CMakeFiles/motor_carryout.dir/all] Error 2
Makefile:140: recipe for target 'all' failed
make: *** [all] Error 2
