[0.032s] Invoking command in '/home/orthrus1-1/orthrus1-1/build/motor': AMENT_PREFIX_PATH=/home/orthrus1-1/orthrus1-1/install/message:${AMENT_PREFIX_PATH} CMAKE_PREFIX_PATH=/home/orthrus1-1/orthrus1-1/install/message:/opt/ros/dashing LD_LIBRARY_PATH=/home/orthrus1-1/orthrus1-1/install/message/lib:${LD_LIBRARY_PATH} PYTHONPATH=/home/orthrus1-1/orthrus1-1/install/message/lib/python3.6/site-packages:${PYTHONPATH} /usr/bin/cmake --build /home/orthrus1-1/orthrus1-1/build/motor -- -j4 -l4
[0.193s] [35m[1mScanning dependencies of target motor_carryout[0m
[0.246s] [ 50%] Built target check
[0.291s] [ 75%] [32mBuilding CXX object CMakeFiles/motor_carryout.dir/src/motor_carryout.cpp.o[0m
[3.910s] [01m[K/home/orthrus1-1/orthrus1-1/src/motor/src/motor_carryout.cpp:[m[K In member function ‘[01m[Kvoid motor_carryout::topic_callback(message::msg::Motorcarryout_<std::allocator<void> >::SharedPtr) const[m[K’:
[3.911s] [01m[K/home/orthrus1-1/orthrus1-1/src/motor/src/motor_carryout.cpp:58:10:[m[K [01;31m[Kerror: [m[K‘[01m[Kmotor_LF_r1[m[K’ was not declared in this scope
[3.911s]        if([01;31m[Kmotor_LF_r1[m[K.Pos < 0 && motor_LF_r1.Pos > 0)// ? 限位
[3.912s] 
[3.912s]           [01;31m[K^~~~~~~~~~~[m[K
[3.919s] [01m[K/home/orthrus1-1/orthrus1-1/src/motor/src/motor_carryout.cpp:58:10:[m[K [01;36m[Knote: [m[Ksuggested alternative: ‘[01m[Kmotor_carryout[m[K’
[3.919s]        if([01;36m[Kmotor_LF_r1[m[K.Pos < 0 && motor_LF_r1.Pos > 0)// ? 限位
[3.920s] 
[3.920s]           [01;36m[K^~~~~~~~~~~[m[K
[3.921s]           [32m[Kmotor_carryout[m[K
[3.921s] [01m[K/home/orthrus1-1/orthrus1-1/src/motor/src/motor_carryout.cpp:60:9:[m[K [01;31m[Kerror: [m[K‘[01m[Kmotor_LF_s1[m[K’ was not declared in this scope
[3.922s]          [01;31m[Kmotor_LF_s1[m[K.id   =                 0;
[3.922s] 
[3.923s]          [01;31m[K^~~~~~~~~~~[m[K
[3.928s] [01m[K/home/orthrus1-1/orthrus1-1/src/motor/src/motor_carryout.cpp:69:10:[m[K [01;31m[Kerror: [m[K‘[01m[Kmotor_LF_r2[m[K’ was not declared in this scope
[3.929s]        if([01;31m[Kmotor_LF_r2[m[K.Pos < 0 && motor_LF_r2.Pos > 0)// ? 限位
[3.929s] 
[3.930s]           [01;31m[K^~~~~~~~~~~[m[K
[3.937s] [01m[K/home/orthrus1-1/orthrus1-1/src/motor/src/motor_carryout.cpp:69:10:[m[K [01;36m[Knote: [m[Ksuggested alternative: ‘[01m[Kmotor_carryout[m[K’
[3.938s]        if([01;36m[Kmotor_LF_r2[m[K.Pos < 0 && motor_LF_r2.Pos > 0)// ? 限位
[3.938s] 
[3.939s]           [01;36m[K^~~~~~~~~~~[m[K
[3.939s]           [32m[Kmotor_carryout[m[K
[3.940s] [01m[K/home/orthrus1-1/orthrus1-1/src/motor/src/motor_carryout.cpp:71:9:[m[K [01;31m[Kerror: [m[K‘[01m[Kmotor_LF_s2[m[K’ was not declared in this scope
[3.940s]          [01;31m[Kmotor_LF_s2[m[K.id   =                1;
[3.941s] 
[3.941s]          [01;31m[K^~~~~~~~~~~[m[K
[3.946s] [01m[K/home/orthrus1-1/orthrus1-1/src/motor/src/motor_carryout.cpp:80:10:[m[K [01;31m[Kerror: [m[K‘[01m[Kmotor_LF_r3[m[K’ was not declared in this scope
[3.947s]        if([01;31m[Kmotor_LF_r3[m[K.Pos < 0 && motor_LF_r3.Pos > 0)// ? 限位
[3.948s] 
[3.948s]           [01;31m[K^~~~~~~~~~~[m[K
[3.955s] [01m[K/home/orthrus1-1/orthrus1-1/src/motor/src/motor_carryout.cpp:80:10:[m[K [01;36m[Knote: [m[Ksuggested alternative: ‘[01m[Kmotor_carryout[m[K’
[3.956s]        if([01;36m[Kmotor_LF_r3[m[K.Pos < 0 && motor_LF_r3.Pos > 0)// ? 限位
[3.957s] 
[3.957s]           [01;36m[K^~~~~~~~~~~[m[K
[3.958s]           [32m[Kmotor_carryout[m[K
[3.958s] [01m[K/home/orthrus1-1/orthrus1-1/src/motor/src/motor_carryout.cpp:82:9:[m[K [01;31m[Kerror: [m[K‘[01m[Kmotor_LF_s3[m[K’ was not declared in this scope
[3.959s]          [01;31m[Kmotor_LF_s3[m[K.id   =                2;
[3.959s] 
[3.960s]          [01;31m[K^~~~~~~~~~~[m[K
[3.965s] [01m[K/home/orthrus1-1/orthrus1-1/src/motor/src/motor_carryout.cpp:92:16:[m[K [01;31m[Kerror: [m[K‘[01m[Kmotor_RF_r1[m[K’ was not declared in this scope
[3.965s]              if([01;31m[Kmotor_RF_r1[m[K.Pos < 0 && motor_RF_r1.Pos > 0)// ? 限位
[3.966s] 
[3.967s]                 [01;31m[K^~~~~~~~~~~[m[K
[3.974s] [01m[K/home/orthrus1-1/orthrus1-1/src/motor/src/motor_carryout.cpp:92:16:[m[K [01;36m[Knote: [m[Ksuggested alternative: ‘[01m[Kmotor_carryout[m[K’
[3.974s]              if([01;36m[Kmotor_RF_r1[m[K.Pos < 0 && motor_RF_r1.Pos > 0)// ? 限位
[3.975s] 
[3.975s]                 [01;36m[K^~~~~~~~~~~[m[K
[3.976s]                 [32m[Kmotor_carryout[m[K
[3.976s] [01m[K/home/orthrus1-1/orthrus1-1/src/motor/src/motor_carryout.cpp:94:13:[m[K [01;31m[Kerror: [m[K‘[01m[Kmotor_RF_s1[m[K’ was not declared in this scope
[3.977s]              [01;31m[Kmotor_RF_s1[m[K.id   =                0;
[3.977s] 
[3.978s]              [01;31m[K^~~~~~~~~~~[m[K
[3.983s] [01m[K/home/orthrus1-1/orthrus1-1/src/motor/src/motor_carryout.cpp:103:16:[m[K [01;31m[Kerror: [m[K‘[01m[Kmotor_RF_r2[m[K’ was not declared in this scope
[3.984s]              if([01;31m[Kmotor_RF_r2[m[K.Pos < 0 && motor_RF_r2.Pos > 0)// ? 限位
[3.984s] 
[3.985s]                 [01;31m[K^~~~~~~~~~~[m[K
[3.992s] [01m[K/home/orthrus1-1/orthrus1-1/src/motor/src/motor_carryout.cpp:103:16:[m[K [01;36m[Knote: [m[Ksuggested alternative: ‘[01m[Kmotor_carryout[m[K’
[3.993s]              if([01;36m[Kmotor_RF_r2[m[K.Pos < 0 && motor_RF_r2.Pos > 0)// ? 限位
[3.993s] 
[3.994s]                 [01;36m[K^~~~~~~~~~~[m[K
[3.994s]                 [32m[Kmotor_carryout[m[K
[3.995s] [01m[K/home/orthrus1-1/orthrus1-1/src/motor/src/motor_carryout.cpp:105:13:[m[K [01;31m[Kerror: [m[K‘[01m[Kmotor_RF_s2[m[K’ was not declared in this scope
[3.995s]              [01;31m[Kmotor_RF_s2[m[K.id   =                1;
[3.996s] 
[3.997s]              [01;31m[K^~~~~~~~~~~[m[K
[4.001s] [01m[K/home/orthrus1-1/orthrus1-1/src/motor/src/motor_carryout.cpp:114:16:[m[K [01;31m[Kerror: [m[K‘[01m[Kmotor_RF_r3[m[K’ was not declared in this scope
[4.002s]              if([01;31m[Kmotor_RF_r3[m[K.Pos < 0 && motor_RF_r3.Pos > 0)// ? 限位
[4.003s] 
[4.003s]                 [01;31m[K^~~~~~~~~~~[m[K
[4.010s] [01m[K/home/orthrus1-1/orthrus1-1/src/motor/src/motor_carryout.cpp:114:16:[m[K [01;36m[Knote: [m[Ksuggested alternative: ‘[01m[Kmotor_carryout[m[K’
[4.011s]              if([01;36m[Kmotor_RF_r3[m[K.Pos < 0 && motor_RF_r3.Pos > 0)// ? 限位
[4.011s] 
[4.012s]                 [01;36m[K^~~~~~~~~~~[m[K
[4.013s]                 [32m[Kmotor_carryout[m[K
[4.013s] [01m[K/home/orthrus1-1/orthrus1-1/src/motor/src/motor_carryout.cpp:116:13:[m[K [01;31m[Kerror: [m[K‘[01m[Kmotor_RF_s3[m[K’ was not declared in this scope
[4.014s]              [01;31m[Kmotor_RF_s3[m[K.id   =                2;
[4.014s] 
[4.015s]              [01;31m[K^~~~~~~~~~~[m[K
[4.020s] [01m[K/home/orthrus1-1/orthrus1-1/src/motor/src/motor_carryout.cpp:126:12:[m[K [01;31m[Kerror: [m[K‘[01m[Kmotor_LB_r1[m[K’ was not declared in this scope
[4.020s]          if([01;31m[Kmotor_LB_r1[m[K.Pos < 0 && motor_LB_r1.Pos > 0)// ? 限位
[4.021s] 
[4.021s]             [01;31m[K^~~~~~~~~~~[m[K
[4.029s] [01m[K/home/orthrus1-1/orthrus1-1/src/motor/src/motor_carryout.cpp:126:12:[m[K [01;36m[Knote: [m[Ksuggested alternative: ‘[01m[Kmotor_carryout[m[K’
[4.029s]          if([01;36m[Kmotor_LB_r1[m[K.Pos < 0 && motor_LB_r1.Pos > 0)// ? 限位
[4.030s] 
[4.031s]             [01;36m[K^~~~~~~~~~~[m[K
[4.032s]             [32m[Kmotor_carryout[m[K
[4.032s] [01m[K/home/orthrus1-1/orthrus1-1/src/motor/src/motor_carryout.cpp:128:9:[m[K [01;31m[Kerror: [m[K‘[01m[Kmotor_LB_s1[m[K’ was not declared in this scope
[4.033s]          [01;31m[Kmotor_LB_s1[m[K.id   =                0;
[4.033s] 
[4.034s]          [01;31m[K^~~~~~~~~~~[m[K
[4.038s] [01m[K/home/orthrus1-1/orthrus1-1/src/motor/src/motor_carryout.cpp:137:12:[m[K [01;31m[Kerror: [m[K‘[01m[Kmotor_LB_r2[m[K’ was not declared in this scope
[4.039s]          if([01;31m[Kmotor_LB_r2[m[K.Pos < 0 && motor_LB_r2.Pos > 0)// ? 限位
[4.039s] 
[4.040s]             [01;31m[K^~~~~~~~~~~[m[K
[4.047s] [01m[K/home/orthrus1-1/orthrus1-1/src/motor/src/motor_carryout.cpp:137:12:[m[K [01;36m[Knote: [m[Ksuggested alternative: ‘[01m[Kmotor_carryout[m[K’
[4.048s]          if([01;36m[Kmotor_LB_r2[m[K.Pos < 0 && motor_LB_r2.Pos > 0)// ? 限位
[4.048s] 
[4.049s]             [01;36m[K^~~~~~~~~~~[m[K
[4.049s]             [32m[Kmotor_carryout[m[K
[4.050s] [01m[K/home/orthrus1-1/orthrus1-1/src/motor/src/motor_carryout.cpp:139:9:[m[K [01;31m[Kerror: [m[K‘[01m[Kmotor_LB_s2[m[K’ was not declared in this scope
[4.050s]          [01;31m[Kmotor_LB_s2[m[K.id   =                1;
[4.051s] 
[4.051s]          [01;31m[K^~~~~~~~~~~[m[K
[4.057s] [01m[K/home/orthrus1-1/orthrus1-1/src/motor/src/motor_carryout.cpp:148:12:[m[K [01;31m[Kerror: [m[K‘[01m[Kmotor_LB_r3[m[K’ was not declared in this scope
[4.057s]          if([01;31m[Kmotor_LB_r3[m[K.Pos < 0 && motor_LB_r3.Pos > 0)// ? 限位
[4.058s] 
[4.058s]             [01;31m[K^~~~~~~~~~~[m[K
[4.065s] [01m[K/home/orthrus1-1/orthrus1-1/src/motor/src/motor_carryout.cpp:148:12:[m[K [01;36m[Knote: [m[Ksuggested alternative: ‘[01m[Kmotor_carryout[m[K’
[4.066s]          if([01;36m[Kmotor_LB_r3[m[K.Pos < 0 && motor_LB_r3.Pos > 0)// ? 限位
[4.066s] 
[4.067s]             [01;36m[K^~~~~~~~~~~[m[K
[4.068s]             [32m[Kmotor_carryout[m[K
[4.068s] [01m[K/home/orthrus1-1/orthrus1-1/src/motor/src/motor_carryout.cpp:150:9:[m[K [01;31m[Kerror: [m[K‘[01m[Kmotor_LB_s3[m[K’ was not declared in this scope
[4.069s]          [01;31m[Kmotor_LB_s3[m[K.id   =                2;
[4.069s] 
[4.070s]          [01;31m[K^~~~~~~~~~~[m[K
[4.075s] [01m[K/home/orthrus1-1/orthrus1-1/src/motor/src/motor_carryout.cpp:159:16:[m[K [01;31m[Kerror: [m[K‘[01m[Kmotor_RB_r1[m[K’ was not declared in this scope
[4.075s]              if([01;31m[Kmotor_RB_r1[m[K.Pos < 0 && motor_RB_r1.Pos > 0)// ? 限位
[4.076s] 
[4.076s]                 [01;31m[K^~~~~~~~~~~[m[K
[4.083s] [01m[K/home/orthrus1-1/orthrus1-1/src/motor/src/motor_carryout.cpp:159:16:[m[K [01;36m[Knote: [m[Ksuggested alternative: ‘[01m[Kmotor_carryout[m[K’
[4.084s]              if([01;36m[Kmotor_RB_r1[m[K.Pos < 0 && motor_RB_r1.Pos > 0)// ? 限位
[4.084s] 
[4.085s]                 [01;36m[K^~~~~~~~~~~[m[K
[4.086s]                 [32m[Kmotor_carryout[m[K
[4.086s] [01m[K/home/orthrus1-1/orthrus1-1/src/motor/src/motor_carryout.cpp:161:13:[m[K [01;31m[Kerror: [m[K‘[01m[Kmotor_RB_s1[m[K’ was not declared in this scope
[4.087s]              [01;31m[Kmotor_RB_s1[m[K.id   =                0;
[4.087s] 
[4.088s]              [01;31m[K^~~~~~~~~~~[m[K
[4.093s] [01m[K/home/orthrus1-1/orthrus1-1/src/motor/src/motor_carryout.cpp:170:16:[m[K [01;31m[Kerror: [m[K‘[01m[Kmotor_RB_r2[m[K’ was not declared in this scope
[4.093s]              if([01;31m[Kmotor_RB_r2[m[K.Pos < 0 && motor_RB_r2.Pos > 0)// ? 限位
[4.094s] 
[4.095s]                 [01;31m[K^~~~~~~~~~~[m[K
[4.102s] [01m[K/home/orthrus1-1/orthrus1-1/src/motor/src/motor_carryout.cpp:170:16:[m[K [01;36m[Knote: [m[Ksuggested alternative: ‘[01m[Kmotor_carryout[m[K’
[4.102s]              if([01;36m[Kmotor_RB_r2[m[K.Pos < 0 && motor_RB_r2.Pos > 0)// ? 限位
[4.103s] 
[4.104s]                 [01;36m[K^~~~~~~~~~~[m[K
[4.104s]                 [32m[Kmotor_carryout[m[K
[4.105s] [01m[K/home/orthrus1-1/orthrus1-1/src/motor/src/motor_carryout.cpp:172:13:[m[K [01;31m[Kerror: [m[K‘[01m[Kmotor_RB_s2[m[K’ was not declared in this scope
[4.105s]              [01;31m[Kmotor_RB_s2[m[K.id   =                1;
[4.106s] 
[4.106s]              [01;31m[K^~~~~~~~~~~[m[K
[4.111s] [01m[K/home/orthrus1-1/orthrus1-1/src/motor/src/motor_carryout.cpp:181:16:[m[K [01;31m[Kerror: [m[K‘[01m[Kmotor_RB_r3[m[K’ was not declared in this scope
[4.112s]              if([01;31m[Kmotor_RB_r3[m[K.Pos < 0 && motor_RB_r3.Pos > 0)// ? 限位
[4.112s] 
[4.113s]                 [01;31m[K^~~~~~~~~~~[m[K
[4.120s] [01m[K/home/orthrus1-1/orthrus1-1/src/motor/src/motor_carryout.cpp:181:16:[m[K [01;36m[Knote: [m[Ksuggested alternative: ‘[01m[Kmotor_carryout[m[K’
[4.121s]              if([01;36m[Kmotor_RB_r3[m[K.Pos < 0 && motor_RB_r3.Pos > 0)// ? 限位
[4.121s] 
[4.122s]                 [01;36m[K^~~~~~~~~~~[m[K
[4.122s]                 [32m[Kmotor_carryout[m[K
[4.123s] [01m[K/home/orthrus1-1/orthrus1-1/src/motor/src/motor_carryout.cpp:183:13:[m[K [01;31m[Kerror: [m[K‘[01m[Kmotor_RB_s3[m[K’ was not declared in this scope
[4.124s]              [01;31m[Kmotor_RB_s3[m[K.id   =                2;
[4.124s] 
[4.125s]              [01;31m[K^~~~~~~~~~~[m[K
[4.130s] [01m[K/home/orthrus1-1/orthrus1-1/src/motor/src/motor_carryout.cpp:193:20:[m[K [01;31m[Kerror: [m[K‘[01m[Kmotor_LF_s1[m[K’ was not declared in this scope
[4.130s]        modify_data(&[01;31m[Kmotor_LF_s1[m[K);
[4.131s] 
[4.132s]                     [01;31m[K^~~~~~~~~~~[m[K
[4.139s] [01m[K/home/orthrus1-1/orthrus1-1/src/motor/src/motor_carryout.cpp:194:20:[m[K [01;31m[Kerror: [m[K‘[01m[Kmotor_LF_s2[m[K’ was not declared in this scope
[4.140s]        modify_data(&[01;31m[Kmotor_LF_s2[m[K);
[4.140s] 
[4.141s]                     [01;31m[K^~~~~~~~~~~[m[K
[4.148s] [01m[K/home/orthrus1-1/orthrus1-1/src/motor/src/motor_carryout.cpp:195:20:[m[K [01;31m[Kerror: [m[K‘[01m[Kmotor_LF_s3[m[K’ was not declared in this scope
[4.149s]        modify_data(&[01;31m[Kmotor_LF_s3[m[K);
[4.149s] 
[4.150s]                     [01;31m[K^~~~~~~~~~~[m[K
[4.157s] [01m[K/home/orthrus1-1/orthrus1-1/src/motor/src/motor_carryout.cpp:196:20:[m[K [01;31m[Kerror: [m[K‘[01m[Kmotor_RF_s1[m[K’ was not declared in this scope
[4.158s]        modify_data(&[01;31m[Kmotor_RF_s1[m[K);
[4.159s] 
[4.159s]                     [01;31m[K^~~~~~~~~~~[m[K
[4.167s] [01m[K/home/orthrus1-1/orthrus1-1/src/motor/src/motor_carryout.cpp:197:20:[m[K [01;31m[Kerror: [m[K‘[01m[Kmotor_RF_s2[m[K’ was not declared in this scope
[4.167s]        modify_data(&[01;31m[Kmotor_RF_s2[m[K);
[4.168s] 
[4.168s]                     [01;31m[K^~~~~~~~~~~[m[K
[4.176s] [01m[K/home/orthrus1-1/orthrus1-1/src/motor/src/motor_carryout.cpp:198:20:[m[K [01;31m[Kerror: [m[K‘[01m[Kmotor_RF_s3[m[K’ was not declared in this scope
[4.176s]        modify_data(&[01;31m[Kmotor_RF_s3[m[K);
[4.177s] 
[4.178s]                     [01;31m[K^~~~~~~~~~~[m[K
[4.185s] [01m[K/home/orthrus1-1/orthrus1-1/src/motor/src/motor_carryout.cpp:199:20:[m[K [01;31m[Kerror: [m[K‘[01m[Kmotor_LB_s1[m[K’ was not declared in this scope
[4.186s]        modify_data(&[01;31m[Kmotor_LB_s1[m[K);
[4.186s] 
[4.187s]                     [01;31m[K^~~~~~~~~~~[m[K
[4.194s] [01m[K/home/orthrus1-1/orthrus1-1/src/motor/src/motor_carryout.cpp:200:20:[m[K [01;31m[Kerror: [m[K‘[01m[Kmotor_LB_s2[m[K’ was not declared in this scope
[4.195s]        modify_data(&[01;31m[Kmotor_LB_s2[m[K);
[4.195s] 
[4.196s]                     [01;31m[K^~~~~~~~~~~[m[K
[4.204s] [01m[K/home/orthrus1-1/orthrus1-1/src/motor/src/motor_carryout.cpp:201:20:[m[K [01;31m[Kerror: [m[K‘[01m[Kmotor_LB_s3[m[K’ was not declared in this scope
[4.204s]        modify_data(&[01;31m[Kmotor_LB_s3[m[K);
[4.205s] 
[4.205s]                     [01;31m[K^~~~~~~~~~~[m[K
[4.213s] [01m[K/home/orthrus1-1/orthrus1-1/src/motor/src/motor_carryout.cpp:202:20:[m[K [01;31m[Kerror: [m[K‘[01m[Kmotor_RB_s1[m[K’ was not declared in this scope
[4.213s]        modify_data(&[01;31m[Kmotor_RB_s1[m[K);
[4.214s] 
[4.214s]                     [01;31m[K^~~~~~~~~~~[m[K
[4.222s] [01m[K/home/orthrus1-1/orthrus1-1/src/motor/src/motor_carryout.cpp:203:20:[m[K [01;31m[Kerror: [m[K‘[01m[Kmotor_RB_s2[m[K’ was not declared in this scope
[4.223s]        modify_data(&[01;31m[Kmotor_RB_s2[m[K);
[4.223s] 
[4.224s]                     [01;31m[K^~~~~~~~~~~[m[K
[4.231s] [01m[K/home/orthrus1-1/orthrus1-1/src/motor/src/motor_carryout.cpp:204:20:[m[K [01;31m[Kerror: [m[K‘[01m[Kmotor_RB_s3[m[K’ was not declared in this scope
[4.232s]        modify_data(&[01;31m[Kmotor_RB_s3[m[K);
[4.233s] 
[4.234s]                     [01;31m[K^~~~~~~~~~~[m[K
[4.240s] [01m[K/home/orthrus1-1/orthrus1-1/src/motor/src/motor_carryout.cpp:207:37:[m[K [01;31m[Kerror: [m[K‘[01m[Kmotor_LF_r1[m[K’ was not declared in this scope
[4.241s]        send_recv(fd1, &motor_LF_s1, &[01;31m[Kmotor_LF_r1[m[K);
[4.241s] 
[4.242s]                                      [01;31m[K^~~~~~~~~~~[m[K
[4.249s] [01m[K/home/orthrus1-1/orthrus1-1/src/motor/src/motor_carryout.cpp:207:37:[m[K [01;36m[Knote: [m[Ksuggested alternative: ‘[01m[Kmotor_carryout[m[K’
[4.250s]        send_recv(fd1, &motor_LF_s1, &[01;36m[Kmotor_LF_r1[m[K);
[4.250s] 
[4.251s]                                      [01;36m[K^~~~~~~~~~~[m[K
[4.251s]                                      [32m[Kmotor_carryout[m[K
[4.252s] [01m[K/home/orthrus1-1/orthrus1-1/src/motor/src/motor_carryout.cpp:208:37:[m[K [01;31m[Kerror: [m[K‘[01m[Kmotor_LF_r2[m[K’ was not declared in this scope
[4.252s]        send_recv(fd1, &motor_LF_s2, &[01;31m[Kmotor_LF_r2[m[K);
[4.253s] 
[4.253s]                                      [01;31m[K^~~~~~~~~~~[m[K
[4.258s] [01m[K/home/orthrus1-1/orthrus1-1/src/motor/src/motor_carryout.cpp:208:37:[m[K [01;36m[Knote: [m[Ksuggested alternative: ‘[01m[Kmotor_carryout[m[K’
[4.258s]        send_recv(fd1, &motor_LF_s2, &[01;36m[Kmotor_LF_r2[m[K);
[4.259s] 
[4.260s]                                      [01;36m[K^~~~~~~~~~~[m[K
[4.260s]                                      [32m[Kmotor_carryout[m[K
[4.261s] [01m[K/home/orthrus1-1/orthrus1-1/src/motor/src/motor_carryout.cpp:209:37:[m[K [01;31m[Kerror: [m[K‘[01m[Kmotor_LF_r3[m[K’ was not declared in this scope
[4.261s]        send_recv(fd1, &motor_LF_s3, &[01;31m[Kmotor_LF_r3[m[K);
[4.262s] 
[4.262s]                                      [01;31m[K^~~~~~~~~~~[m[K
[4.267s] [01m[K/home/orthrus1-1/orthrus1-1/src/motor/src/motor_carryout.cpp:209:37:[m[K [01;36m[Knote: [m[Ksuggested alternative: ‘[01m[Kmotor_carryout[m[K’
[4.267s]        send_recv(fd1, &motor_LF_s3, &[01;36m[Kmotor_LF_r3[m[K);
[4.268s] 
[4.268s]                                      [01;36m[K^~~~~~~~~~~[m[K
[4.269s]                                      [32m[Kmotor_carryout[m[K
[4.270s] [01m[K/home/orthrus1-1/orthrus1-1/src/motor/src/motor_carryout.cpp:211:37:[m[K [01;31m[Kerror: [m[K‘[01m[Kmotor_RF_r1[m[K’ was not declared in this scope
[4.270s]        send_recv(fd2, &motor_RF_s1, &[01;31m[Kmotor_RF_r1[m[K);
[4.271s] 
[4.271s]                                      [01;31m[K^~~~~~~~~~~[m[K
[4.276s] [01m[K/home/orthrus1-1/orthrus1-1/src/motor/src/motor_carryout.cpp:211:37:[m[K [01;36m[Knote: [m[Ksuggested alternative: ‘[01m[Kmotor_carryout[m[K’
[4.276s]        send_recv(fd2, &motor_RF_s1, &[01;36m[Kmotor_RF_r1[m[K);
[4.277s] 
[4.277s]                                      [01;36m[K^~~~~~~~~~~[m[K
[4.278s]                                      [32m[Kmotor_carryout[m[K
[4.278s] [01m[K/home/orthrus1-1/orthrus1-1/src/motor/src/motor_carryout.cpp:212:37:[m[K [01;31m[Kerror: [m[K‘[01m[Kmotor_RF_r2[m[K’ was not declared in this scope
[4.279s]        send_recv(fd2, &motor_RF_s2, &[01;31m[Kmotor_RF_r2[m[K);
[4.279s] 
[4.280s]                                      [01;31m[K^~~~~~~~~~~[m[K
[4.284s] [01m[K/home/orthrus1-1/orthrus1-1/src/motor/src/motor_carryout.cpp:212:37:[m[K [01;36m[Knote: [m[Ksuggested alternative: ‘[01m[Kmotor_carryout[m[K’
[4.285s]        send_recv(fd2, &motor_RF_s2, &[01;36m[Kmotor_RF_r2[m[K);
[4.285s] 
[4.286s]                                      [01;36m[K^~~~~~~~~~~[m[K
[4.287s]                                      [32m[Kmotor_carryout[m[K
[4.287s] [01m[K/home/orthrus1-1/orthrus1-1/src/motor/src/motor_carryout.cpp:213:37:[m[K [01;31m[Kerror: [m[K‘[01m[Kmotor_RF_r3[m[K’ was not declared in this scope
[4.288s]        send_recv(fd2, &motor_RF_s3, &[01;31m[Kmotor_RF_r3[m[K);
[4.288s] 
[4.289s]                                      [01;31m[K^~~~~~~~~~~[m[K
[4.293s] [01m[K/home/orthrus1-1/orthrus1-1/src/motor/src/motor_carryout.cpp:213:37:[m[K [01;36m[Knote: [m[Ksuggested alternative: ‘[01m[Kmotor_carryout[m[K’
[4.294s]        send_recv(fd2, &motor_RF_s3, &[01;36m[Kmotor_RF_r3[m[K);
[4.294s] 
[4.295s]                                      [01;36m[K^~~~~~~~~~~[m[K
[4.295s]                                      [32m[Kmotor_carryout[m[K
[4.296s] [01m[K/home/orthrus1-1/orthrus1-1/src/motor/src/motor_carryout.cpp:215:37:[m[K [01;31m[Kerror: [m[K‘[01m[Kmotor_LB_r1[m[K’ was not declared in this scope
[4.296s]        send_recv(fd3, &motor_LB_s1, &[01;31m[Kmotor_LB_r1[m[K);
[4.297s] 
[4.297s]                                      [01;31m[K^~~~~~~~~~~[m[K
[4.302s] [01m[K/home/orthrus1-1/orthrus1-1/src/motor/src/motor_carryout.cpp:215:37:[m[K [01;36m[Knote: [m[Ksuggested alternative: ‘[01m[Kmotor_carryout[m[K’
[4.302s]        send_recv(fd3, &motor_LB_s1, &[01;36m[Kmotor_LB_r1[m[K);
[4.303s] 
[4.303s]                                      [01;36m[K^~~~~~~~~~~[m[K
[4.304s]                                      [32m[Kmotor_carryout[m[K
[4.305s] [01m[K/home/orthrus1-1/orthrus1-1/src/motor/src/motor_carryout.cpp:216:37:[m[K [01;31m[Kerror: [m[K‘[01m[Kmotor_LB_r2[m[K’ was not declared in this scope
[4.305s]        send_recv(fd3, &motor_LB_s2, &[01;31m[Kmotor_LB_r2[m[K);
[4.306s] 
[4.306s]                                      [01;31m[K^~~~~~~~~~~[m[K
[4.311s] [01m[K/home/orthrus1-1/orthrus1-1/src/motor/src/motor_carryout.cpp:216:37:[m[K [01;36m[Knote: [m[Ksuggested alternative: ‘[01m[Kmotor_carryout[m[K’
[4.311s]        send_recv(fd3, &motor_LB_s2, &[01;36m[Kmotor_LB_r2[m[K);
[4.312s] 
[4.312s]                                      [01;36m[K^~~~~~~~~~~[m[K
[4.313s]                                      [32m[Kmotor_carryout[m[K
[4.313s] [01m[K/home/orthrus1-1/orthrus1-1/src/motor/src/motor_carryout.cpp:217:37:[m[K [01;31m[Kerror: [m[K‘[01m[Kmotor_LB_r3[m[K’ was not declared in this scope
[4.314s]        send_recv(fd3, &motor_LB_s3, &[01;31m[Kmotor_LB_r3[m[K);
[4.314s] 
[4.315s]                                      [01;31m[K^~~~~~~~~~~[m[K
[4.319s] [01m[K/home/orthrus1-1/orthrus1-1/src/motor/src/motor_carryout.cpp:217:37:[m[K [01;36m[Knote: [m[Ksuggested alternative: ‘[01m[Kmotor_carryout[m[K’
[4.320s]        send_recv(fd3, &motor_LB_s3, &[01;36m[Kmotor_LB_r3[m[K);
[4.320s] 
[4.321s]                                      [01;36m[K^~~~~~~~~~~[m[K
[4.322s]                                      [32m[Kmotor_carryout[m[K
[4.322s] [01m[K/home/orthrus1-1/orthrus1-1/src/motor/src/motor_carryout.cpp:219:37:[m[K [01;31m[Kerror: [m[K‘[01m[Kmotor_RB_r1[m[K’ was not declared in this scope
[4.323s]        send_recv(fd4, &motor_RB_s1, &[01;31m[Kmotor_RB_r1[m[K);
[4.323s] 
[4.324s]                                      [01;31m[K^~~~~~~~~~~[m[K
[4.328s] [01m[K/home/orthrus1-1/orthrus1-1/src/motor/src/motor_carryout.cpp:219:37:[m[K [01;36m[Knote: [m[Ksuggested alternative: ‘[01m[Kmotor_carryout[m[K’
[4.329s]        send_recv(fd4, &motor_RB_s1, &[01;36m[Kmotor_RB_r1[m[K);
[4.329s] 
[4.330s]                                      [01;36m[K^~~~~~~~~~~[m[K
[4.330s]                                      [32m[Kmotor_carryout[m[K
[4.331s] [01m[K/home/orthrus1-1/orthrus1-1/src/motor/src/motor_carryout.cpp:220:37:[m[K [01;31m[Kerror: [m[K‘[01m[Kmotor_RB_r2[m[K’ was not declared in this scope
[4.331s]        send_recv(fd4, &motor_RB_s2, &[01;31m[Kmotor_RB_r2[m[K);
[4.333s] 
[4.333s]                                      [01;31m[K^~~~~~~~~~~[m[K
[4.337s] [01m[K/home/orthrus1-1/orthrus1-1/src/motor/src/motor_carryout.cpp:220:37:[m[K [01;36m[Knote: [m[Ksuggested alternative: ‘[01m[Kmotor_carryout[m[K’
[4.338s]        send_recv(fd4, &motor_RB_s2, &[01;36m[Kmotor_RB_r2[m[K);
[4.338s] 
[4.339s]                                      [01;36m[K^~~~~~~~~~~[m[K
[4.339s]                                      [32m[Kmotor_carryout[m[K
[4.340s] [01m[K/home/orthrus1-1/orthrus1-1/src/motor/src/motor_carryout.cpp:221:37:[m[K [01;31m[Kerror: [m[K‘[01m[Kmotor_RB_r3[m[K’ was not declared in this scope
[4.340s]        send_recv(fd4, &motor_RB_s3, &[01;31m[Kmotor_RB_r3[m[K);
[4.341s] 
[4.341s]                                      [01;31m[K^~~~~~~~~~~[m[K
[4.346s] [01m[K/home/orthrus1-1/orthrus1-1/src/motor/src/motor_carryout.cpp:221:37:[m[K [01;36m[Knote: [m[Ksuggested alternative: ‘[01m[Kmotor_carryout[m[K’
[4.346s]        send_recv(fd4, &motor_RB_s3, &[01;36m[Kmotor_RB_r3[m[K);
[4.347s] 
[4.347s]                                      [01;36m[K^~~~~~~~~~~[m[K
[4.348s]                                      [32m[Kmotor_carryout[m[K
[6.704s] CMakeFiles/motor_carryout.dir/build.make:62: recipe for target 'CMakeFiles/motor_carryout.dir/src/motor_carryout.cpp.o' failed
[6.705s] make[2]: *** [CMakeFiles/motor_carryout.dir/src/motor_carryout.cpp.o] Error 1
[6.706s] CMakeFiles/Makefile2:136: recipe for target 'CMakeFiles/motor_carryout.dir/all' failed
[6.706s] make[1]: *** [CMakeFiles/motor_carryout.dir/all] Error 2
[6.707s] Makefile:140: recipe for target 'all' failed
[6.707s] make: *** [all] Error 2
[6.712s] Invoked command in '/home/orthrus1-1/orthrus1-1/build/motor' returned '2': AMENT_PREFIX_PATH=/home/orthrus1-1/orthrus1-1/install/message:${AMENT_PREFIX_PATH} CMAKE_PREFIX_PATH=/home/orthrus1-1/orthrus1-1/install/message:/opt/ros/dashing LD_LIBRARY_PATH=/home/orthrus1-1/orthrus1-1/install/message/lib:${LD_LIBRARY_PATH} PYTHONPATH=/home/orthrus1-1/orthrus1-1/install/message/lib/python3.6/site-packages:${PYTHONPATH} /usr/bin/cmake --build /home/orthrus1-1/orthrus1-1/build/motor -- -j4 -l4
