-- Found ament_cmake: 0.7.5 (/opt/ros/dashing/share/ament_cmake/cmake)
-- Using PYTHON_EXECUTABLE: /usr/bin/python3
-- Found rosidl_default_generators: 0.7.0 (/opt/ros/dashing/share/rosidl_default_generators/cmake)
-- Found OpenSSL: /usr/lib/aarch64-linux-gnu/libcrypto.so (found version "1.1.1") 
-- Found FastRTPS: /opt/ros/dashing/include  
-- Found rosidl_adapter: 0.7.9 (/opt/ros/dashing/share/rosidl_adapter/cmake)
-- Found PrismTech OpenSplice: /usr/share/opensplice/cmake
-- Found PythonInterp: /usr/bin/python3 (found version "3.6.9") 
-- Using all available rosidl_typesupport_c: rosidl_typesupport_fastrtps_c;rosidl_typesupport_introspection_c;rosidl_typesupport_opensplice_c
-- Using all available rosidl_typesupport_cpp: rosidl_typesupport_fastrtps_cpp;rosidl_typesupport_introspection_cpp;rosidl_typesupport_opensplice_cpp
-- Found rmw_implementation_cmake: 0.7.2 (/opt/ros/dashing/share/rmw_implementation_cmake/cmake)
-- Found PythonInterp: /usr/bin/python3 (found suitable version "3.6.9", minimum required is "3.5") 
-- Found python_cmake_module: 0.7.10 (/opt/ros/dashing/share/python_cmake_module/cmake)
-- Found PythonLibs: /usr/lib/aarch64-linux-gnu/libpython3.6m.so (found suitable version "3.6.9", minimum required is "3.5") 
-- Using PYTHON_EXECUTABLE: /usr/bin/python3
-- Using PYTHON_INCLUDE_DIRS: /usr/include/python3.6m
-- Using PYTHON_LIBRARIES: /usr/lib/aarch64-linux-gnu/libpython3.6m.so
-- Found PythonExtra: .so  
-- Found ament_lint_auto: 0.7.12 (/opt/ros/dashing/share/ament_lint_auto/cmake)
-- Added test 'lint_cmake' to check CMake code style
-- Added test 'xmllint' to check XML markup files
-- Configuring done
-- Generating done
-- Build files have been written to: /home/orthrus1-1/orthrus1-1/build/message
[35m[1mScanning dependencies of target message__dds_opensplice_idl[0m
[35m[1mScanning dependencies of target message__cpp[0m
[  2%] [34m[1mGenerating C code for ROS interfaces[0m
[  6%] [34m[1mGenerating DDS interfaces[0m
[  6%] [34m[1mGenerating C++ code for ROS interfaces[0m
[  6%] Built target message__dds_opensplice_idl
[  6%] Built target message__cpp
[  8%] [34m[1mGenerating C++ type support for eProsima Fast-RTPS[0m
[ 10%] [34m[1mGenerating C++ type support dispatch for ROS interfaces[0m
[ 12%] [34m[1mGenerating C++ type support for PrismTech OpenSplice[0m
[35m[1mScanning dependencies of target message__rosidl_generator_c[0m
[ 14%] [32mBuilding C object CMakeFiles/message__rosidl_generator_c.dir/rosidl_generator_c/message/srv/motorsend__functions.c.o[0m
[ 16%] [32m[1mLinking C shared library libmessage__rosidl_generator_c.so[0m
[ 16%] Built target message__rosidl_generator_c
[ 18%] [34m[1mGenerating C++ introspection for ROS interfaces[0m
[35m[1mScanning dependencies of target message__rosidl_typesupport_cpp[0m
[ 20%] [32mBuilding CXX object CMakeFiles/message__rosidl_typesupport_cpp.dir/rosidl_typesupport_cpp/message/srv/motorsend__type_support.cpp.o[0m
[35m[1mScanning dependencies of target message__rosidl_typesupport_fastrtps_cpp[0m
[ 22%] [32mBuilding CXX object CMakeFiles/message__rosidl_typesupport_fastrtps_cpp.dir/rosidl_typesupport_fastrtps_cpp/message/srv/dds_fastrtps/motorsend__type_support.cpp.o[0m
[35m[1mScanning dependencies of target message__rosidl_typesupport_opensplice_cpp[0m
[35m[1mScanning dependencies of target message__rosidl_typesupport_introspection_cpp[0m
[ 24%] [32mBuilding CXX object CMakeFiles/message__rosidl_typesupport_introspection_cpp.dir/rosidl_typesupport_introspection_cpp/message/srv/motorsend__type_support.cpp.o[0m
[ 26%] [32mBuilding CXX object CMakeFiles/message__rosidl_typesupport_opensplice_cpp.dir/rosidl_typesupport_opensplice_cpp/message/srv/dds_opensplice/motorsend__type_support.cpp.o[0m
[ 28%] [32m[1mLinking CXX shared library libmessage__rosidl_typesupport_cpp.so[0m
[ 28%] Built target message__rosidl_typesupport_cpp
[ 30%] [32mBuilding CXX object CMakeFiles/message__rosidl_typesupport_opensplice_cpp.dir/rosidl_typesupport_opensplice_cpp/message/srv/dds_opensplice/Motorsend_.cpp.o[0m
[ 32%] [32m[1mLinking CXX shared library libmessage__rosidl_typesupport_introspection_cpp.so[0m
[ 34%] [32mBuilding CXX object CMakeFiles/message__rosidl_typesupport_opensplice_cpp.dir/rosidl_typesupport_opensplice_cpp/message/srv/dds_opensplice/Motorsend_Dcps.cpp.o[0m
[ 36%] [32m[1mLinking CXX shared library libmessage__rosidl_typesupport_fastrtps_cpp.so[0m
[ 36%] Built target message__rosidl_typesupport_introspection_cpp
[ 38%] [32mBuilding CXX object CMakeFiles/message__rosidl_typesupport_opensplice_cpp.dir/rosidl_typesupport_opensplice_cpp/message/srv/dds_opensplice/Motorsend_Dcps_impl.cpp.o[0m
[ 38%] Built target message__rosidl_typesupport_fastrtps_cpp
[ 40%] [34m[1mGenerating C type support dispatch for ROS interfaces[0m
[ 42%] [32mBuilding CXX object CMakeFiles/message__rosidl_typesupport_opensplice_cpp.dir/rosidl_typesupport_opensplice_cpp/message/srv/dds_opensplice/Motorsend_SplDcps.cpp.o[0m
[ 44%] [34m[1mGenerating C introspection for ROS interfaces[0m
[35m[1mScanning dependencies of target message__rosidl_typesupport_c[0m
[ 46%] [32mBuilding CXX object CMakeFiles/message__rosidl_typesupport_c.dir/rosidl_typesupport_c/message/srv/motorsend__type_support.cpp.o[0m
[ 48%] [34m[1mGenerating C type support for eProsima Fast-RTPS[0m
[ 51%] [32m[1mLinking CXX shared library libmessage__rosidl_typesupport_c.so[0m
[ 51%] Built target message__rosidl_typesupport_c
[ 53%] [32m[1mLinking CXX shared library libmessage__rosidl_typesupport_opensplice_cpp.so[0m
[ 55%] Built target message__rosidl_typesupport_opensplice_cpp
[ 57%] [34m[1mGenerating C type support for PrismTech OpenSplice[0m
[35m[1mScanning dependencies of target message__rosidl_typesupport_introspection_c[0m
[ 59%] [32mBuilding C object CMakeFiles/message__rosidl_typesupport_introspection_c.dir/rosidl_typesupport_introspection_c/message/srv/motorsend__type_support.c.o[0m
[ 61%] [32m[1mLinking C shared library libmessage__rosidl_typesupport_introspection_c.so[0m
[ 61%] Built target message__rosidl_typesupport_introspection_c
[35m[1mScanning dependencies of target message__rosidl_typesupport_fastrtps_c[0m
[ 63%] [32mBuilding CXX object CMakeFiles/message__rosidl_typesupport_fastrtps_c.dir/rosidl_typesupport_fastrtps_c/message/srv/motorsend__type_support_c.cpp.o[0m
[35m[1mScanning dependencies of target message__rosidl_typesupport_opensplice_c[0m
[ 67%] [32mBuilding CXX object CMakeFiles/message__rosidl_typesupport_opensplice_c.dir/rosidl_typesupport_opensplice_cpp/message/srv/dds_opensplice/Motorsend_.cpp.o[0m
[ 67%] [32mBuilding CXX object CMakeFiles/message__rosidl_typesupport_opensplice_c.dir/rosidl_typesupport_opensplice_c/message/srv/dds_opensplice_c/motorsend__type_support_c.cpp.o[0m
[ 69%] [32mBuilding CXX object CMakeFiles/message__rosidl_typesupport_opensplice_c.dir/rosidl_typesupport_opensplice_cpp/message/srv/dds_opensplice/Motorsend_Dcps.cpp.o[0m
[ 71%] [32m[1mLinking CXX shared library libmessage__rosidl_typesupport_fastrtps_c.so[0m
[ 73%] [32mBuilding CXX object CMakeFiles/message__rosidl_typesupport_opensplice_c.dir/rosidl_typesupport_opensplice_cpp/message/srv/dds_opensplice/Motorsend_Dcps_impl.cpp.o[0m
[ 73%] Built target message__rosidl_typesupport_fastrtps_c
[ 75%] [32mBuilding CXX object CMakeFiles/message__rosidl_typesupport_opensplice_c.dir/rosidl_typesupport_opensplice_cpp/message/srv/dds_opensplice/Motorsend_SplDcps.cpp.o[0m
[ 77%] [32m[1mLinking CXX shared library libmessage__rosidl_typesupport_opensplice_c.so[0m
[ 81%] Built target message__rosidl_typesupport_opensplice_c
[35m[1mScanning dependencies of target message[0m
[ 81%] Built target message
[35m[1mScanning dependencies of target message__py[0m
[ 83%] [34m[1mGenerating Python code for ROS interfaces[0m
[ 83%] Built target message__py
[35m[1mScanning dependencies of target message__python[0m
[ 85%] [32mBuilding C object CMakeFiles/message__python.dir/rosidl_generator_py/message/srv/_motorsend_s.c.o[0m
[ 87%] [32m[1mLinking C shared library rosidl_generator_py/message/libmessage__python.so[0m
[ 87%] Built target message__python
[35m[1mScanning dependencies of target message__rosidl_typesupport_c__pyext[0m
[35m[1mScanning dependencies of target message__rosidl_typesupport_fastrtps_c__pyext[0m
[35m[1mScanning dependencies of target message__rosidl_typesupport_opensplice_c__pyext[0m
[ 89%] [32mBuilding C object CMakeFiles/message__rosidl_typesupport_c__pyext.dir/rosidl_generator_py/message/_message_s.ep.rosidl_typesupport_c.c.o[0m
[ 91%] [32mBuilding C object CMakeFiles/message__rosidl_typesupport_fastrtps_c__pyext.dir/rosidl_generator_py/message/_message_s.ep.rosidl_typesupport_fastrtps_c.c.o[0m
[ 93%] [32mBuilding C object CMakeFiles/message__rosidl_typesupport_opensplice_c__pyext.dir/rosidl_generator_py/message/_message_s.ep.rosidl_typesupport_opensplice_c.c.o[0m
[ 95%] [32m[1mLinking C shared library rosidl_generator_py/message/message_s__rosidl_typesupport_c.cpython-36m-aarch64-linux-gnu.so[0m
[ 97%] [32m[1mLinking C shared library rosidl_generator_py/message/message_s__rosidl_typesupport_fastrtps_c.cpython-36m-aarch64-linux-gnu.so[0m
[100%] [32m[1mLinking C shared library rosidl_generator_py/message/message_s__rosidl_typesupport_opensplice_c.cpython-36m-aarch64-linux-gnu.so[0m
[100%] Built target message__rosidl_typesupport_c__pyext
[100%] Built target message__rosidl_typesupport_fastrtps_c__pyext
[100%] Built target message__rosidl_typesupport_opensplice_c__pyext
[  4%] Built target message__cpp
[  4%] Built target message__dds_opensplice_idl
[ 10%] Built target message__rosidl_generator_c
[ 16%] Built target message__rosidl_typesupport_introspection_cpp
[ 22%] Built target message__rosidl_typesupport_cpp
[ 28%] Built target message__rosidl_typesupport_fastrtps_cpp
[ 44%] Built target message__rosidl_typesupport_opensplice_cpp
[ 51%] Built target message__rosidl_typesupport_c
[ 57%] Built target message__rosidl_typesupport_introspection_c
[ 63%] Built target message__rosidl_typesupport_fastrtps_c
[ 81%] Built target message__rosidl_typesupport_opensplice_c
[ 81%] Built target message
[ 83%] Built target message__py
[ 87%] Built target message__python
[100%] Built target message__rosidl_typesupport_c__pyext
[100%] Built target message__rosidl_typesupport_opensplice_c__pyext
[100%] Built target message__rosidl_typesupport_fastrtps_c__pyext
[36mInstall the project...[0m
-- Install configuration: ""
-- Installing: /home/orthrus1-1/orthrus1-1/install/message/share/ament_index/resource_index/rosidl_interfaces/message
-- Installing: /home/orthrus1-1/orthrus1-1/install/message/lib/libmessage__rosidl_typesupport_c.so
-- Set runtime path of "/home/orthrus1-1/orthrus1-1/install/message/lib/libmessage__rosidl_typesupport_c.so" to ""
-- Installing: /home/orthrus1-1/orthrus1-1/install/message/share/message/environment/library_path.sh
-- Installing: /home/orthrus1-1/orthrus1-1/install/message/lib/libmessage__rosidl_typesupport_cpp.so
-- Set runtime path of "/home/orthrus1-1/orthrus1-1/install/message/lib/libmessage__rosidl_typesupport_cpp.so" to ""
-- Installing: /home/orthrus1-1/orthrus1-1/install/message/include/message
-- Installing: /home/orthrus1-1/orthrus1-1/install/message/include/message/srv
-- Installing: /home/orthrus1-1/orthrus1-1/install/message/include/message/srv/motorsend__rosidl_typesupport_fastrtps_c.h
-- Installing: /home/orthrus1-1/orthrus1-1/install/message/include/message/msg
-- Installing: /home/orthrus1-1/orthrus1-1/install/message/include/message/msg/rosidl_typesupport_fastrtps_c__visibility_control.h
-- Installing: /home/orthrus1-1/orthrus1-1/install/message/lib/libmessage__rosidl_typesupport_fastrtps_c.so
-- Set runtime path of "/home/orthrus1-1/orthrus1-1/install/message/lib/libmessage__rosidl_typesupport_fastrtps_c.so" to ""
-- Up-to-date: /home/orthrus1-1/orthrus1-1/install/message/include/message
-- Up-to-date: /home/orthrus1-1/orthrus1-1/install/message/include/message/srv
-- Installing: /home/orthrus1-1/orthrus1-1/install/message/include/message/srv/motorsend__functions.c
-- Installing: /home/orthrus1-1/orthrus1-1/install/message/include/message/srv/motorsend__type_support.h
-- Installing: /home/orthrus1-1/orthrus1-1/install/message/include/message/srv/motorsend__struct.h
-- Installing: /home/orthrus1-1/orthrus1-1/install/message/include/message/srv/motorsend.h
-- Installing: /home/orthrus1-1/orthrus1-1/install/message/include/message/srv/motorsend__functions.h
-- Up-to-date: /home/orthrus1-1/orthrus1-1/install/message/include/message/msg
-- Installing: /home/orthrus1-1/orthrus1-1/install/message/include/message/msg/rosidl_generator_c__visibility_control.h
-- Installing: /home/orthrus1-1/orthrus1-1/install/message/lib/libmessage__rosidl_generator_c.so
-- Set runtime path of "/home/orthrus1-1/orthrus1-1/install/message/lib/libmessage__rosidl_generator_c.so" to ""
-- Up-to-date: /home/orthrus1-1/orthrus1-1/install/message/include/message
-- Up-to-date: /home/orthrus1-1/orthrus1-1/install/message/include/message/srv
-- Installing: /home/orthrus1-1/orthrus1-1/install/message/include/message/srv/motorsend__rosidl_typesupport_fastrtps_cpp.hpp
-- Installing: /home/orthrus1-1/orthrus1-1/install/message/include/message/srv/dds_fastrtps
-- Up-to-date: /home/orthrus1-1/orthrus1-1/install/message/include/message/msg
-- Installing: /home/orthrus1-1/orthrus1-1/install/message/include/message/msg/rosidl_typesupport_fastrtps_cpp__visibility_control.h
-- Installing: /home/orthrus1-1/orthrus1-1/install/message/lib/libmessage__rosidl_typesupport_fastrtps_cpp.so
-- Set runtime path of "/home/orthrus1-1/orthrus1-1/install/message/lib/libmessage__rosidl_typesupport_fastrtps_cpp.so" to ""
-- Up-to-date: /home/orthrus1-1/orthrus1-1/install/message/include/message
-- Up-to-date: /home/orthrus1-1/orthrus1-1/install/message/include/message/srv
-- Installing: /home/orthrus1-1/orthrus1-1/install/message/include/message/srv/motorsend.hpp
-- Installing: /home/orthrus1-1/orthrus1-1/install/message/include/message/srv/motorsend__struct.hpp
-- Installing: /home/orthrus1-1/orthrus1-1/install/message/include/message/srv/motorsend__traits.hpp
-- Up-to-date: /home/orthrus1-1/orthrus1-1/install/message/include/message
-- Up-to-date: /home/orthrus1-1/orthrus1-1/install/message/include/message/srv
-- Installing: /home/orthrus1-1/orthrus1-1/install/message/include/message/srv/motorsend__rosidl_typesupport_introspection_c.h
-- Installing: /home/orthrus1-1/orthrus1-1/install/message/include/message/srv/motorsend__type_support.c
-- Up-to-date: /home/orthrus1-1/orthrus1-1/install/message/include/message/msg
-- Installing: /home/orthrus1-1/orthrus1-1/install/message/include/message/msg/rosidl_typesupport_introspection_c__visibility_control.h
-- Installing: /home/orthrus1-1/orthrus1-1/install/message/lib/libmessage__rosidl_typesupport_introspection_c.so
-- Set runtime path of "/home/orthrus1-1/orthrus1-1/install/message/lib/libmessage__rosidl_typesupport_introspection_c.so" to ""
-- Up-to-date: /home/orthrus1-1/orthrus1-1/install/message/include/message
-- Up-to-date: /home/orthrus1-1/orthrus1-1/install/message/include/message/srv
-- Installing: /home/orthrus1-1/orthrus1-1/install/message/include/message/srv/motorsend__rosidl_typesupport_opensplice_c.h
-- Installing: /home/orthrus1-1/orthrus1-1/install/message/include/message/srv/dds_opensplice_c
-- Up-to-date: /home/orthrus1-1/orthrus1-1/install/message/include/message/msg
-- Installing: /home/orthrus1-1/orthrus1-1/install/message/include/message/msg/rosidl_typesupport_opensplice_c__visibility_control.h
-- Installing: /home/orthrus1-1/orthrus1-1/install/message/lib/libmessage__rosidl_typesupport_opensplice_c.so
-- Set runtime path of "/home/orthrus1-1/orthrus1-1/install/message/lib/libmessage__rosidl_typesupport_opensplice_c.so" to ""
-- Installing: /home/orthrus1-1/orthrus1-1/install/message/share/message/srv/dds_opensplice
-- Installing: /home/orthrus1-1/orthrus1-1/install/message/share/message/srv/dds_opensplice/Motorsend_.idl
-- Up-to-date: /home/orthrus1-1/orthrus1-1/install/message/include/message
-- Up-to-date: /home/orthrus1-1/orthrus1-1/install/message/include/message/srv
-- Installing: /home/orthrus1-1/orthrus1-1/install/message/include/message/srv/dds_opensplice
-- Installing: /home/orthrus1-1/orthrus1-1/install/message/include/message/srv/dds_opensplice/Motorsend_.h
-- Installing: /home/orthrus1-1/orthrus1-1/install/message/include/message/srv/dds_opensplice/ccpp_Motorsend_.h
-- Installing: /home/orthrus1-1/orthrus1-1/install/message/include/message/srv/dds_opensplice/Motorsend_SplDcps.h
-- Installing: /home/orthrus1-1/orthrus1-1/install/message/include/message/srv/dds_opensplice/Motorsend_Dcps.h
-- Installing: /home/orthrus1-1/orthrus1-1/install/message/include/message/srv/dds_opensplice/Motorsend_Dcps_impl.h
-- Installing: /home/orthrus1-1/orthrus1-1/install/message/include/message/srv/motorsend__rosidl_typesupport_opensplice_cpp.hpp
-- Up-to-date: /home/orthrus1-1/orthrus1-1/install/message/include/message/msg
-- Installing: /home/orthrus1-1/orthrus1-1/install/message/include/message/msg/rosidl_typesupport_opensplice_cpp__visibility_control.h
-- Installing: /home/orthrus1-1/orthrus1-1/install/message/lib/libmessage__rosidl_typesupport_opensplice_cpp.so
-- Set runtime path of "/home/orthrus1-1/orthrus1-1/install/message/lib/libmessage__rosidl_typesupport_opensplice_cpp.so" to ""
-- Up-to-date: /home/orthrus1-1/orthrus1-1/install/message/include/message
-- Up-to-date: /home/orthrus1-1/orthrus1-1/install/message/include/message/srv
-- Installing: /home/orthrus1-1/orthrus1-1/install/message/include/message/srv/motorsend__rosidl_typesupport_introspection_cpp.hpp
-- Installing: /home/orthrus1-1/orthrus1-1/install/message/include/message/srv/motorsend__type_support.cpp
-- Installing: /home/orthrus1-1/orthrus1-1/install/message/lib/libmessage__rosidl_typesupport_introspection_cpp.so
-- Set runtime path of "/home/orthrus1-1/orthrus1-1/install/message/lib/libmessage__rosidl_typesupport_introspection_cpp.so" to ""
-- Installing: /home/orthrus1-1/orthrus1-1/install/message/share/message/environment/pythonpath.sh
-- Installing: /home/orthrus1-1/orthrus1-1/install/message/lib/python3.6/site-packages/message/__init__.py
Compiling '/home/orthrus1-1/orthrus1-1/install/message/lib/python3.6/site-packages/message/__init__.py'...
-- Installing: /home/orthrus1-1/orthrus1-1/install/message/lib/python3.6/site-packages/message/srv
-- Installing: /home/orthrus1-1/orthrus1-1/install/message/lib/python3.6/site-packages/message/srv/_motorsend_s.c
-- Installing: /home/orthrus1-1/orthrus1-1/install/message/lib/python3.6/site-packages/message/srv/__init__.py
-- Installing: /home/orthrus1-1/orthrus1-1/install/message/lib/python3.6/site-packages/message/srv/_motorsend.py
-- Installing: /home/orthrus1-1/orthrus1-1/install/message/lib/python3.6/site-packages/message/message_s__rosidl_typesupport_c.cpython-36m-aarch64-linux-gnu.so
-- Set runtime path of "/home/orthrus1-1/orthrus1-1/install/message/lib/python3.6/site-packages/message/message_s__rosidl_typesupport_c.cpython-36m-aarch64-linux-gnu.so" to ""
-- Installing: /home/orthrus1-1/orthrus1-1/install/message/lib/python3.6/site-packages/message/message_s__rosidl_typesupport_fastrtps_c.cpython-36m-aarch64-linux-gnu.so
-- Set runtime path of "/home/orthrus1-1/orthrus1-1/install/message/lib/python3.6/site-packages/message/message_s__rosidl_typesupport_fastrtps_c.cpython-36m-aarch64-linux-gnu.so" to ""
-- Installing: /home/orthrus1-1/orthrus1-1/install/message/lib/python3.6/site-packages/message/message_s__rosidl_typesupport_opensplice_c.cpython-36m-aarch64-linux-gnu.so
-- Set runtime path of "/home/orthrus1-1/orthrus1-1/install/message/lib/python3.6/site-packages/message/message_s__rosidl_typesupport_opensplice_c.cpython-36m-aarch64-linux-gnu.so" to ""
-- Installing: /home/orthrus1-1/orthrus1-1/install/message/lib/libmessage__python.so
-- Set runtime path of "/home/orthrus1-1/orthrus1-1/install/message/lib/libmessage__python.so" to ""
-- Installing: /home/orthrus1-1/orthrus1-1/install/message/share/message/srv/Motorsend.idl
-- Installing: /home/orthrus1-1/orthrus1-1/install/message/share/message/srv/Motorsend.srv
-- Installing: /home/orthrus1-1/orthrus1-1/install/message/share/message/srv/Motorsend_Request.msg
-- Installing: /home/orthrus1-1/orthrus1-1/install/message/share/message/srv/Motorsend_Response.msg
-- Installing: /home/orthrus1-1/orthrus1-1/install/message/share/ament_index/resource_index/package_run_dependencies/message
-- Up-to-date: /home/orthrus1-1/orthrus1-1/install/message/share/ament_index/resource_index/parent_prefix_path/message
-- Up-to-date: /home/orthrus1-1/orthrus1-1/install/message/share/message/environment/ament_prefix_path.sh
-- Up-to-date: /home/orthrus1-1/orthrus1-1/install/message/share/message/environment/path.sh
-- Up-to-date: /home/orthrus1-1/orthrus1-1/install/message/share/message/local_setup.bash
-- Installing: /home/orthrus1-1/orthrus1-1/install/message/share/message/local_setup.sh
-- Up-to-date: /home/orthrus1-1/orthrus1-1/install/message/share/message/local_setup.zsh
-- Up-to-date: /home/orthrus1-1/orthrus1-1/install/message/share/ament_index/resource_index/packages/message
-- Installing: /home/orthrus1-1/orthrus1-1/install/message/share/message/cmake/rosidl_cmake-extras.cmake
-- Installing: /home/orthrus1-1/orthrus1-1/install/message/share/message/cmake/ament_cmake_export_libraries-extras.cmake
-- Installing: /home/orthrus1-1/orthrus1-1/install/message/share/message/cmake/ament_cmake_export_include_directories-extras.cmake
-- Installing: /home/orthrus1-1/orthrus1-1/install/message/share/message/cmake/rosidl_cmake_export_typesupport_libraries-extras.cmake
-- Installing: /home/orthrus1-1/orthrus1-1/install/message/share/message/cmake/messageConfig.cmake
-- Up-to-date: /home/orthrus1-1/orthrus1-1/install/message/share/message/cmake/messageConfig-version.cmake
-- Installing: /home/orthrus1-1/orthrus1-1/install/message/share/message/package.xml
