[0.072s] Invoking command in '/home/orthrus1-1/orthrus1-1/build/motor': CMAKE_PREFIX_PATH=/opt/ros/dashing /usr/bin/cmake --build /home/orthrus1-1/orthrus1-1/build/motor -- -j4 -l4
[0.161s] -- Found ament_cmake: 0.7.6 (/opt/ros/dashing/share/ament_cmake/cmake)
[0.276s] -- Using PYTHON_EXECUTABLE: /usr/bin/python3
[1.230s] -- Found rclcpp: 0.7.15 (/opt/ros/dashing/share/rclcpp/cmake)
[1.277s] -- Found rosidl_adapter: 0.7.10 (/opt/ros/dashing/share/rosidl_adapter/cmake)
[1.401s] -- Found rmw_implementation_cmake: 0.7.2 (/opt/ros/dashing/share/rmw_implementation_cmake/cmake)
[1.406s] -- Using RMW implementation 'rmw_fastrtps_cpp' as default
[1.500s] -- Found std_msgs: 0.7.0 (/opt/ros/dashing/share/std_msgs/cmake)
[1.573s] CMake Error at CMakeLists.txt:22 (find_package):
[1.574s]   By not providing "Findmessage.cmake" in CMAKE_MODULE_PATH this project has
[1.574s]   asked CMake to find a package configuration file provided by "message", but
[1.575s]   CMake did not find one.
[1.575s] 
[1.576s]   Could not find a package configuration file provided by "message" with any
[1.577s]   of the following names:
[1.577s] 
[1.578s]     messageConfig.cmake
[1.578s]     message-config.cmake
[1.579s] 
[1.580s]   Add the installation prefix of "message" to CMAKE_PREFIX_PATH or set
[1.580s]   "message_DIR" to a directory containing one of the above files.  If
[1.581s]   "message" provides a separate development package or SDK, be sure it has
[1.581s]   been installed.
[1.582s] 
[1.582s] 
[1.583s] -- Configuring incomplete, errors occurred!
[1.584s] See also "/home/orthrus1-1/orthrus1-1/build/motor/CMakeFiles/CMakeOutput.log".
[1.584s] See also "/home/orthrus1-1/orthrus1-1/build/motor/CMakeFiles/CMakeError.log".
[1.585s] make: *** [cmake_check_build_system] Error 1
[1.586s] Makefile:252: recipe for target 'cmake_check_build_system' failed
[1.592s] Invoked command in '/home/orthrus1-1/orthrus1-1/build/motor' returned '2': CMAKE_PREFIX_PATH=/opt/ros/dashing /usr/bin/cmake --build /home/orthrus1-1/orthrus1-1/build/motor -- -j4 -l4
