[01m[K/home/orthrus1-1/orthrus1-1/src/motor/src/motor_carryout.cpp:39:26:[m[K [01;31m[Kerror: [m[K‘[01m[Kstd_msgs[m[K’ was not declared in this scope
     rclcpp::Subscription<[01;31m[Kstd_msgs[m[K::msg::Motor_carryout>::SharedPtr subscription_;};

                          [01;31m[K^~~~~~~~[m[K
[01m[K/home/orthrus1-1/orthrus1-1/src/motor/src/motor_carryout.cpp:39:55:[m[K [01;31m[Kerror: [m[Ktemplate argument 1 is invalid
     rclcpp::Subscription<std_msgs::msg::Motor_carryout[01;31m[K>[m[K::SharedPtr subscription_;};

                                                       [01;31m[K^[m[K
[01m[K/home/orthrus1-1/orthrus1-1/src/motor/src/motor_carryout.cpp:39:58:[m[K [01;31m[Kerror: [m[Kexpected ‘[01m[K;[m[K’ at end of member declaration
     rclcpp::Subscription<std_msgs::msg::Motor_carryout>::[01;31m[KSharedPtr[m[K subscription_;};

                                                          [01;31m[K^~~~~~~~~[m[K
[01m[K/home/orthrus1-1/orthrus1-1/src/motor/src/motor_carryout.cpp:39:68:[m[K [01;31m[Kerror: [m[K‘[01m[Ksubscription_[m[K’ does not name a type; did you mean ‘[01m[Krcl_subscription_t[m[K’?
     rclcpp::Subscription<std_msgs::msg::Motor_carryout>::SharedPtr [01;31m[Ksubscription_[m[K;};

                                                                    [01;31m[K^~~~~~~~~~~~~[m[K
                                                                    [32m[Krcl_subscription_t[m[K
[01m[K/home/orthrus1-1/orthrus1-1/src/motor/src/motor_carryout.cpp:[m[K In constructor ‘[01m[Kmotor_carryout::motor_carryout()[m[K’:
[01m[K/home/orthrus1-1/orthrus1-1/src/motor/src/motor_carryout.cpp:27:7:[m[K [01;31m[Kerror: [m[K‘[01m[Ksubscription_[m[K’ was not declared in this scope
       [01;31m[Ksubscription_[m[K = this->create_subscription<message::msg::Motorcarryout>(

       [01;31m[K^~~~~~~~~~~~~[m[K
[01m[K/home/orthrus1-1/orthrus1-1/src/motor/src/motor_carryout.cpp:27:7:[m[K [01;36m[Knote: [m[Ksuggested alternative: ‘[01m[Krcl_subscription_t[m[K’
       [01;36m[Ksubscription_[m[K = this->create_subscription<message::msg::Motorcarryout>(

       [01;36m[K^~~~~~~~~~~~~[m[K
       [32m[Krcl_subscription_t[m[K
make[2]: *** [CMakeFiles/motor_carryout.dir/src/motor_carryout.cpp.o] Error 1
make[1]: *** [CMakeFiles/motor_carryout.dir/all] Error 2
make: *** [all] Error 2
