[0.038s] Invoking command in '/home/orthrus1-1/orthrus1-1/build/motor': AMENT_PREFIX_PATH=/home/orthrus1-1/orthrus1-1/install/message:${AMENT_PREFIX_PATH} CMAKE_PREFIX_PATH=/home/orthrus1-1/orthrus1-1/install/message:/opt/ros/dashing LD_LIBRARY_PATH=/home/orthrus1-1/orthrus1-1/install/message/lib:${LD_LIBRARY_PATH} PYTHONPATH=/home/orthrus1-1/orthrus1-1/install/message/lib/python3.6/site-packages:${PYTHONPATH} /usr/bin/cmake --build /home/orthrus1-1/orthrus1-1/build/motor -- -j4 -l4
[0.247s] [35m[1mScanning dependencies of target motor_carryout[0m
[0.248s] [35m[1mScanning dependencies of target check[0m
[0.348s] [ 25%] [32mBuilding CXX object CMakeFiles/check.dir/src/check.cpp.o[0m
[0.351s] [ 50%] [32mBuilding CXX object CMakeFiles/motor_carryout.dir/src/motor_carryout.cpp.o[0m
[5.213s] [01m[K/home/orthrus1-1/orthrus1-1/src/motor/src/motor_carryout.cpp:[m[K In member function ‘[01m[Kvoid motor_carryout::topic_callback(message::msg::Motorcarryout_<std::allocator<void> >::SharedPtr) const[m[K’:
[5.214s] [01m[K/home/orthrus1-1/orthrus1-1/src/motor/src/motor_carryout.cpp:69:70:[m[K [01;35m[Kwarning: [m[Kunused parameter ‘[01m[Kmsg[m[K’ [[01;35m[K-Wunused-parameter[m[K]
[5.215s]      void topic_callback(const message::msg::Motorcarryout::SharedPtr [01;35m[Kmsg[m[K) const
[5.215s] 
[5.216s]                                                                       [01;35m[K^~~[m[K
[5.747s] [ 75%] [32m[1mLinking CXX executable check[0m
[6.357s] [ 75%] Built target check
[9.932s] [100%] [32m[1mLinking CXX executable motor_carryout[0m
[10.520s] [100%] Built target motor_carryout
[10.562s] Invoked command in '/home/orthrus1-1/orthrus1-1/build/motor' returned '0': AMENT_PREFIX_PATH=/home/orthrus1-1/orthrus1-1/install/message:${AMENT_PREFIX_PATH} CMAKE_PREFIX_PATH=/home/orthrus1-1/orthrus1-1/install/message:/opt/ros/dashing LD_LIBRARY_PATH=/home/orthrus1-1/orthrus1-1/install/message/lib:${LD_LIBRARY_PATH} PYTHONPATH=/home/orthrus1-1/orthrus1-1/install/message/lib/python3.6/site-packages:${PYTHONPATH} /usr/bin/cmake --build /home/orthrus1-1/orthrus1-1/build/motor -- -j4 -l4
[10.655s] Invoking command in '/home/orthrus1-1/orthrus1-1/build/motor': AMENT_PREFIX_PATH=/home/orthrus1-1/orthrus1-1/install/message:${AMENT_PREFIX_PATH} CMAKE_PREFIX_PATH=/home/orthrus1-1/orthrus1-1/install/message:/opt/ros/dashing LD_LIBRARY_PATH=/home/orthrus1-1/orthrus1-1/install/message/lib:${LD_LIBRARY_PATH} PYTHONPATH=/home/orthrus1-1/orthrus1-1/install/message/lib/python3.6/site-packages:${PYTHONPATH} /usr/bin/cmake --build /home/orthrus1-1/orthrus1-1/build/motor --target install -- -j4 -l4
[10.868s] [ 50%] Built target check
[10.869s] [100%] Built target motor_carryout
[10.939s] [36mInstall the project...[0m
[10.975s] -- Install configuration: ""
[10.976s] -- Up-to-date: /home/orthrus1-1/orthrus1-1/install/motor/include
[10.977s] -- Up-to-date: /home/orthrus1-1/orthrus1-1/install/motor/include/unitree_motor_ctrl
[10.977s] -- Up-to-date: /home/orthrus1-1/orthrus1-1/install/motor/include/unitree_motor_ctrl/motor_ctrl.h
[10.978s] -- Up-to-date: /home/orthrus1-1/orthrus1-1/install/motor/include/unitree_motor_ctrl/motor_msg.h
[10.978s] -- Up-to-date: /home/orthrus1-1/orthrus1-1/install/motor/include/unitree_motor_ctrl/LSerial.h
[10.979s] -- Up-to-date: /home/orthrus1-1/orthrus1-1/install/motor/include/motor
[10.980s] -- Up-to-date: /home/orthrus1-1/orthrus1-1/install/motor/include/kinetics
[10.980s] -- Up-to-date: /home/orthrus1-1/orthrus1-1/install/motor/include/kinetics/leg_NN.cpp
[10.981s] -- Up-to-date: /home/orthrus1-1/orthrus1-1/install/motor/include/kinetics/leg_NN.h
[10.981s] -- Up-to-date: /home/orthrus1-1/orthrus1-1/install/motor/include/kinetics/retroduction.h
[10.982s] -- Up-to-date: /home/orthrus1-1/orthrus1-1/install/motor/include/kinetics/predict_foot.h
[10.982s] -- Up-to-date: /home/orthrus1-1/orthrus1-1/install/motor/include/kinetics/predict_foot.cpp
[10.983s] -- Up-to-date: /home/orthrus1-1/orthrus1-1/install/motor/include/kinetics/retroduction.cpp
[10.983s] -- Up-to-date: /home/orthrus1-1/orthrus1-1/install/motor/lib
[10.983s] -- Up-to-date: /home/orthrus1-1/orthrus1-1/install/motor/lib/libUnitree_motor_SDK_ARM64.so
[10.984s] -- Installing: /home/orthrus1-1/orthrus1-1/install/motor/lib/motor/check
[10.985s] -- Set runtime path of "/home/orthrus1-1/orthrus1-1/install/motor/lib/motor/check" to ""
[10.985s] -- Installing: /home/orthrus1-1/orthrus1-1/install/motor/lib/motor/motor_carryout
[10.988s] -- Set runtime path of "/home/orthrus1-1/orthrus1-1/install/motor/lib/motor/motor_carryout" to ""
[10.989s] -- Up-to-date: /home/orthrus1-1/orthrus1-1/install/motor/share/ament_index/resource_index/package_run_dependencies/motor
[10.990s] -- Up-to-date: /home/orthrus1-1/orthrus1-1/install/motor/share/ament_index/resource_index/parent_prefix_path/motor
[10.991s] -- Up-to-date: /home/orthrus1-1/orthrus1-1/install/motor/share/motor/environment/ament_prefix_path.sh
[10.991s] -- Up-to-date: /home/orthrus1-1/orthrus1-1/install/motor/share/motor/environment/path.sh
[10.992s] -- Up-to-date: /home/orthrus1-1/orthrus1-1/install/motor/share/motor/local_setup.bash
[10.993s] -- Up-to-date: /home/orthrus1-1/orthrus1-1/install/motor/share/motor/local_setup.sh
[10.994s] -- Up-to-date: /home/orthrus1-1/orthrus1-1/install/motor/share/motor/local_setup.zsh
[10.994s] -- Up-to-date: /home/orthrus1-1/orthrus1-1/install/motor/share/ament_index/resource_index/packages/motor
[10.995s] -- Up-to-date: /home/orthrus1-1/orthrus1-1/install/motor/share/motor/cmake/motorConfig.cmake
[10.995s] -- Up-to-date: /home/orthrus1-1/orthrus1-1/install/motor/share/motor/cmake/motorConfig-version.cmake
[10.996s] -- Up-to-date: /home/orthrus1-1/orthrus1-1/install/motor/share/motor/package.xml
[11.008s] Invoked command in '/home/orthrus1-1/orthrus1-1/build/motor' returned '0': AMENT_PREFIX_PATH=/home/orthrus1-1/orthrus1-1/install/message:${AMENT_PREFIX_PATH} CMAKE_PREFIX_PATH=/home/orthrus1-1/orthrus1-1/install/message:/opt/ros/dashing LD_LIBRARY_PATH=/home/orthrus1-1/orthrus1-1/install/message/lib:${LD_LIBRARY_PATH} PYTHONPATH=/home/orthrus1-1/orthrus1-1/install/message/lib/python3.6/site-packages:${PYTHONPATH} /usr/bin/cmake --build /home/orthrus1-1/orthrus1-1/build/motor --target install -- -j4 -l4
