[0.887s] DEBUG:colcon:Command line arguments: ['/usr/bin/colcon', 'build']
[0.887s] DEBUG:colcon:Parsed command line arguments: Namespace(ament_cmake_args=None, base_paths=['.'], build_base='build', catkin_cmake_args=None, catkin_skip_building_tests=False, cmake_args=None, cmake_clean_cache=False, cmake_clean_first=False, cmake_force_configure=False, cmake_target=None, cmake_target_skip_unavailable=False, continue_on_error=False, event_handlers=None, executor='parallel', ignore_user_meta=False, install_base='install', log_base=None, log_level=None, main=<bound method BuildVerb.main of <colcon_core.verb.build.BuildVerb object at 0x7faef1ceb8>>, merge_install=False, metas=['./colcon.meta'], packages_above=None, packages_above_and_dependencies=None, packages_above_depth=None, packages_end=None, packages_ignore=None, packages_ignore_regex=None, packages_select=None, packages_select_build_failed=False, packages_select_by_dep=None, packages_select_regex=None, packages_select_test_failures=False, packages_skip=None, packages_skip_build_finished=False, packages_skip_by_dep=None, packages_skip_regex=None, packages_skip_test_passed=False, packages_skip_up_to=None, packages_start=None, packages_up_to=None, packages_up_to_regex=None, parallel_workers=4, paths=None, symlink_install=False, test_result_base=None, verb_extension=<colcon_core.verb.build.BuildVerb object at 0x7faef1ceb8>, verb_name='build', verb_parser=<colcon_defaults.argument_parser.defaults.DefaultArgumentsDecorator object at 0x7faef263c8>)
[0.917s] Level 1:colcon.colcon_core.package_discovery:discover_packages(colcon_meta) check parameters
[0.917s] Level 1:colcon.colcon_core.package_discovery:discover_packages(recursive) check parameters
[0.918s] Level 1:colcon.colcon_core.package_discovery:discover_packages(ignore) check parameters
[0.918s] Level 1:colcon.colcon_core.package_discovery:discover_packages(path) check parameters
[0.918s] Level 1:colcon.colcon_core.package_discovery:discover_packages(colcon_meta) discover
[0.920s] Level 1:colcon.colcon_core.package_discovery:discover_packages(recursive) discover
[0.920s] INFO:colcon.colcon_core.package_discovery:Crawling recursively for packages in '/home/orthrus1-1/orthrus1-1'
[0.920s] Level 1:colcon.colcon_core.package_identification:_identify(.) by extensions ['ignore', 'ignore_ament_install']
[0.921s] Level 1:colcon.colcon_core.package_identification:_identify(.) by extension 'ignore'
[0.921s] Level 1:colcon.colcon_core.package_identification:_identify(.) by extension 'ignore_ament_install'
[0.922s] Level 1:colcon.colcon_core.package_identification:_identify(.) by extensions ['colcon_pkg']
[0.922s] Level 1:colcon.colcon_core.package_identification:_identify(.) by extension 'colcon_pkg'
[0.922s] Level 1:colcon.colcon_core.package_identification:_identify(.) by extensions ['colcon_meta']
[0.922s] Level 1:colcon.colcon_core.package_identification:_identify(.) by extension 'colcon_meta'
[0.922s] Level 1:colcon.colcon_core.package_identification:_identify(.) by extensions ['ros']
[0.923s] Level 1:colcon.colcon_core.package_identification:_identify(.) by extension 'ros'
[0.979s] Level 1:colcon.colcon_core.package_identification:_identify(.) by extensions ['cmake', 'python']
[0.980s] Level 1:colcon.colcon_core.package_identification:_identify(.) by extension 'cmake'
[0.980s] Level 1:colcon.colcon_core.package_identification:_identify(.) by extension 'python'
[0.980s] Level 1:colcon.colcon_core.package_identification:_identify(.) by extensions ['python_setup_py']
[0.980s] Level 1:colcon.colcon_core.package_identification:_identify(.) by extension 'python_setup_py'
[0.981s] Level 1:colcon.colcon_core.package_identification:_identify(build) by extensions ['ignore', 'ignore_ament_install']
[0.982s] Level 1:colcon.colcon_core.package_identification:_identify(build) by extension 'ignore'
[0.982s] Level 1:colcon.colcon_core.package_identification:_identify(build) ignored
[0.984s] Level 1:colcon.colcon_core.package_identification:_identify(install) by extensions ['ignore', 'ignore_ament_install']
[0.984s] Level 1:colcon.colcon_core.package_identification:_identify(install) by extension 'ignore'
[0.984s] Level 1:colcon.colcon_core.package_identification:_identify(install) ignored
[0.985s] Level 1:colcon.colcon_core.package_identification:_identify(log) by extensions ['ignore', 'ignore_ament_install']
[0.985s] Level 1:colcon.colcon_core.package_identification:_identify(log) by extension 'ignore'
[0.986s] Level 1:colcon.colcon_core.package_identification:_identify(log) ignored
[0.986s] Level 1:colcon.colcon_core.package_identification:_identify(src) by extensions ['ignore', 'ignore_ament_install']
[0.986s] Level 1:colcon.colcon_core.package_identification:_identify(src) by extension 'ignore'
[0.987s] Level 1:colcon.colcon_core.package_identification:_identify(src) by extension 'ignore_ament_install'
[0.987s] Level 1:colcon.colcon_core.package_identification:_identify(src) by extensions ['colcon_pkg']
[0.987s] Level 1:colcon.colcon_core.package_identification:_identify(src) by extension 'colcon_pkg'
[0.987s] Level 1:colcon.colcon_core.package_identification:_identify(src) by extensions ['colcon_meta']
[0.988s] Level 1:colcon.colcon_core.package_identification:_identify(src) by extension 'colcon_meta'
[0.988s] Level 1:colcon.colcon_core.package_identification:_identify(src) by extensions ['ros']
[0.988s] Level 1:colcon.colcon_core.package_identification:_identify(src) by extension 'ros'
[0.989s] Level 1:colcon.colcon_core.package_identification:_identify(src) by extensions ['cmake', 'python']
[0.989s] Level 1:colcon.colcon_core.package_identification:_identify(src) by extension 'cmake'
[0.989s] Level 1:colcon.colcon_core.package_identification:_identify(src) by extension 'python'
[0.989s] Level 1:colcon.colcon_core.package_identification:_identify(src) by extensions ['python_setup_py']
[0.989s] Level 1:colcon.colcon_core.package_identification:_identify(src) by extension 'python_setup_py'
[0.990s] Level 1:colcon.colcon_core.package_identification:_identify(src/message) by extensions ['ignore', 'ignore_ament_install']
[0.990s] Level 1:colcon.colcon_core.package_identification:_identify(src/message) by extension 'ignore'
[0.991s] Level 1:colcon.colcon_core.package_identification:_identify(src/message) by extension 'ignore_ament_install'
[0.991s] Level 1:colcon.colcon_core.package_identification:_identify(src/message) by extensions ['colcon_pkg']
[0.991s] Level 1:colcon.colcon_core.package_identification:_identify(src/message) by extension 'colcon_pkg'
[0.991s] Level 1:colcon.colcon_core.package_identification:_identify(src/message) by extensions ['colcon_meta']
[0.992s] Level 1:colcon.colcon_core.package_identification:_identify(src/message) by extension 'colcon_meta'
[0.992s] Level 1:colcon.colcon_core.package_identification:_identify(src/message) by extensions ['ros']
[0.992s] Level 1:colcon.colcon_core.package_identification:_identify(src/message) by extension 'ros'
[1.004s] DEBUG:colcon.colcon_core.package_identification:Package 'src/message' with type 'ros.ament_cmake' and name 'message'
[1.005s] Level 1:colcon.colcon_core.package_identification:_identify(src/motor) by extensions ['ignore', 'ignore_ament_install']
[1.006s] Level 1:colcon.colcon_core.package_identification:_identify(src/motor) by extension 'ignore'
[1.006s] Level 1:colcon.colcon_core.package_identification:_identify(src/motor) by extension 'ignore_ament_install'
[1.006s] Level 1:colcon.colcon_core.package_identification:_identify(src/motor) by extensions ['colcon_pkg']
[1.006s] Level 1:colcon.colcon_core.package_identification:_identify(src/motor) by extension 'colcon_pkg'
[1.007s] Level 1:colcon.colcon_core.package_identification:_identify(src/motor) by extensions ['colcon_meta']
[1.007s] Level 1:colcon.colcon_core.package_identification:_identify(src/motor) by extension 'colcon_meta'
[1.007s] Level 1:colcon.colcon_core.package_identification:_identify(src/motor) by extensions ['ros']
[1.007s] Level 1:colcon.colcon_core.package_identification:_identify(src/motor) by extension 'ros'
[1.010s] DEBUG:colcon.colcon_core.package_identification:Package 'src/motor' with type 'ros.ament_cmake' and name 'motor'
[1.011s] Level 1:colcon.colcon_core.package_discovery:discover_packages(recursive) using defaults
[1.012s] Level 1:colcon.colcon_core.package_discovery:discover_packages(ignore) discover
[1.012s] Level 1:colcon.colcon_core.package_discovery:discover_packages(ignore) using defaults
[1.012s] Level 1:colcon.colcon_core.package_discovery:discover_packages(path) discover
[1.012s] Level 1:colcon.colcon_core.package_discovery:discover_packages(path) using defaults
[1.121s] Level 5:colcon.colcon_core.verb:set package 'message' build argument 'cmake_args' from command line to 'None'
[1.122s] Level 5:colcon.colcon_core.verb:set package 'message' build argument 'cmake_target' from command line to 'None'
[1.122s] Level 5:colcon.colcon_core.verb:set package 'message' build argument 'cmake_target_skip_unavailable' from command line to 'False'
[1.122s] Level 5:colcon.colcon_core.verb:set package 'message' build argument 'cmake_clean_cache' from command line to 'False'
[1.122s] Level 5:colcon.colcon_core.verb:set package 'message' build argument 'cmake_clean_first' from command line to 'False'
[1.123s] Level 5:colcon.colcon_core.verb:set package 'message' build argument 'cmake_force_configure' from command line to 'False'
[1.123s] Level 5:colcon.colcon_core.verb:set package 'message' build argument 'ament_cmake_args' from command line to 'None'
[1.123s] Level 5:colcon.colcon_core.verb:set package 'message' build argument 'catkin_cmake_args' from command line to 'None'
[1.123s] Level 5:colcon.colcon_core.verb:set package 'message' build argument 'catkin_skip_building_tests' from command line to 'False'
[1.123s] DEBUG:colcon.colcon_core.verb:Building package 'message' with the following arguments: {'ament_cmake_args': None, 'build_base': '/home/orthrus1-1/orthrus1-1/build/message', 'catkin_cmake_args': None, 'catkin_skip_building_tests': False, 'cmake_args': None, 'cmake_clean_cache': False, 'cmake_clean_first': False, 'cmake_force_configure': False, 'cmake_target': None, 'cmake_target_skip_unavailable': False, 'install_base': '/home/orthrus1-1/orthrus1-1/install/message', 'merge_install': False, 'path': '/home/orthrus1-1/orthrus1-1/src/message', 'symlink_install': False, 'test_result_base': None}
[1.141s] Level 5:colcon.colcon_core.verb:set package 'motor' build argument 'cmake_args' from command line to 'None'
[1.141s] Level 5:colcon.colcon_core.verb:set package 'motor' build argument 'cmake_target' from command line to 'None'
[1.141s] Level 5:colcon.colcon_core.verb:set package 'motor' build argument 'cmake_target_skip_unavailable' from command line to 'False'
[1.141s] Level 5:colcon.colcon_core.verb:set package 'motor' build argument 'cmake_clean_cache' from command line to 'False'
[1.141s] Level 5:colcon.colcon_core.verb:set package 'motor' build argument 'cmake_clean_first' from command line to 'False'
[1.142s] Level 5:colcon.colcon_core.verb:set package 'motor' build argument 'cmake_force_configure' from command line to 'False'
[1.142s] Level 5:colcon.colcon_core.verb:set package 'motor' build argument 'ament_cmake_args' from command line to 'None'
[1.142s] Level 5:colcon.colcon_core.verb:set package 'motor' build argument 'catkin_cmake_args' from command line to 'None'
[1.142s] Level 5:colcon.colcon_core.verb:set package 'motor' build argument 'catkin_skip_building_tests' from command line to 'False'
[1.142s] DEBUG:colcon.colcon_core.verb:Building package 'motor' with the following arguments: {'ament_cmake_args': None, 'build_base': '/home/orthrus1-1/orthrus1-1/build/motor', 'catkin_cmake_args': None, 'catkin_skip_building_tests': False, 'cmake_args': None, 'cmake_clean_cache': False, 'cmake_clean_first': False, 'cmake_force_configure': False, 'cmake_target': None, 'cmake_target_skip_unavailable': False, 'install_base': '/home/orthrus1-1/orthrus1-1/install/motor', 'merge_install': False, 'path': '/home/orthrus1-1/orthrus1-1/src/motor', 'symlink_install': False, 'test_result_base': None}
[1.144s] INFO:colcon.colcon_core.executor:Executing jobs using 'parallel' executor
[1.153s] DEBUG:colcon.colcon_parallel_executor.executor.parallel:run_until_complete
[1.154s] INFO:colcon.colcon_ros.task.ament_cmake.build:Building ROS package in '/home/orthrus1-1/orthrus1-1/src/message' with build type 'ament_cmake'
[1.155s] INFO:colcon.colcon_cmake.task.cmake.build:Building CMake package in '/home/orthrus1-1/orthrus1-1/src/message'
[1.172s] INFO:colcon.colcon_core.plugin_system:Skipping extension 'colcon_core.shell.bat': Not used on non-Windows systems
[1.174s] INFO:colcon.colcon_core.shell:Skip shell extension 'powershell' for command environment: Not usable outside of PowerShell
[1.174s] DEBUG:colcon.colcon_core.shell:Skip shell extension 'dsv' for command environment
[1.186s] WARNING:colcon.colcon_ros.prefix_path.ament:The path '/home/orthrus1-1/orthrus1-1/install/motor' in the environment variable AMENT_PREFIX_PATH doesn't exist
[1.186s] WARNING:colcon.colcon_ros.prefix_path.ament:The path '/home/orthrus1-1/orthrus1-1/install/message' in the environment variable AMENT_PREFIX_PATH doesn't exist
[1.187s] WARNING:colcon.colcon_ros.prefix_path.catkin:The path '/home/orthrus1-1/orthrus1-1/install/motor' in the environment variable CMAKE_PREFIX_PATH doesn't exist
[1.187s] WARNING:colcon.colcon_ros.prefix_path.catkin:The path '/home/orthrus1-1/orthrus1-1/install/message' in the environment variable CMAKE_PREFIX_PATH doesn't exist
[1.188s] DEBUG:colcon.colcon_core.shell:Ignoring prefix path '/opt/ros/dashing'
[1.212s] DEBUG:colcon.colcon_core.event_handler.log_command:Invoking command in '/home/orthrus1-1/orthrus1-1/build/message': CMAKE_PREFIX_PATH=${CMAKE_PREFIX_PATH}:/opt/ros/dashing /usr/bin/cmake /home/orthrus1-1/orthrus1-1/src/message -DCMAKE_INSTALL_PREFIX=/home/orthrus1-1/orthrus1-1/install/message
[12.498s] DEBUG:colcon.colcon_core.event_handler.log_command:Invoked command in '/home/orthrus1-1/orthrus1-1/build/message' returned '0': CMAKE_PREFIX_PATH=${CMAKE_PREFIX_PATH}:/opt/ros/dashing /usr/bin/cmake /home/orthrus1-1/orthrus1-1/src/message -DCMAKE_INSTALL_PREFIX=/home/orthrus1-1/orthrus1-1/install/message
[12.509s] DEBUG:colcon.colcon_core.event_handler.log_command:Invoking command in '/home/orthrus1-1/orthrus1-1/build/message': CMAKE_PREFIX_PATH=${CMAKE_PREFIX_PATH}:/opt/ros/dashing /usr/bin/cmake --build /home/orthrus1-1/orthrus1-1/build/message -- -j4 -l4
[43.247s] DEBUG:colcon.colcon_core.event_handler.log_command:Invoked command in '/home/orthrus1-1/orthrus1-1/build/message' returned '0': CMAKE_PREFIX_PATH=${CMAKE_PREFIX_PATH}:/opt/ros/dashing /usr/bin/cmake --build /home/orthrus1-1/orthrus1-1/build/message -- -j4 -l4
[43.606s] DEBUG:colcon.colcon_core.event_handler.log_command:Invoking command in '/home/orthrus1-1/orthrus1-1/build/message': CMAKE_PREFIX_PATH=${CMAKE_PREFIX_PATH}:/opt/ros/dashing /usr/bin/cmake --build /home/orthrus1-1/orthrus1-1/build/message --target install -- -j4 -l4
[45.019s] Level 1:colcon.colcon_core.environment:create_environment_scripts_only(message)
[45.024s] DEBUG:colcon.colcon_core.event_handler.log_command:Invoked command in '/home/orthrus1-1/orthrus1-1/build/message' returned '0': CMAKE_PREFIX_PATH=${CMAKE_PREFIX_PATH}:/opt/ros/dashing /usr/bin/cmake --build /home/orthrus1-1/orthrus1-1/build/message --target install -- -j4 -l4
[45.037s] Level 1:colcon.colcon_core.environment:checking '/home/orthrus1-1/orthrus1-1/install/message' for CMake module files
[45.040s] Level 1:colcon.colcon_core.environment:checking '/home/orthrus1-1/orthrus1-1/install/message' for CMake config files
[45.041s] Level 1:colcon.colcon_core.shell:create_environment_hook('message', 'cmake_prefix_path')
[45.044s] INFO:colcon.colcon_core.shell:Creating environment hook '/home/orthrus1-1/orthrus1-1/install/message/share/message/hook/cmake_prefix_path.ps1'
[45.048s] INFO:colcon.colcon_core.shell:Creating environment descriptor '/home/orthrus1-1/orthrus1-1/install/message/share/message/hook/cmake_prefix_path.dsv'
[45.050s] INFO:colcon.colcon_core.shell:Creating environment hook '/home/orthrus1-1/orthrus1-1/install/message/share/message/hook/cmake_prefix_path.sh'
[45.055s] Level 1:colcon.colcon_core.environment:checking '/home/orthrus1-1/orthrus1-1/install/message/lib'
[45.056s] Level 1:colcon.colcon_core.shell:create_environment_hook('message', 'ld_library_path_lib')
[45.059s] INFO:colcon.colcon_core.shell:Creating environment hook '/home/orthrus1-1/orthrus1-1/install/message/share/message/hook/ld_library_path_lib.ps1'
[45.061s] INFO:colcon.colcon_core.shell:Creating environment descriptor '/home/orthrus1-1/orthrus1-1/install/message/share/message/hook/ld_library_path_lib.dsv'
[45.062s] INFO:colcon.colcon_core.shell:Creating environment hook '/home/orthrus1-1/orthrus1-1/install/message/share/message/hook/ld_library_path_lib.sh'
[45.064s] Level 1:colcon.colcon_core.environment:checking '/home/orthrus1-1/orthrus1-1/install/message/bin'
[45.064s] Level 1:colcon.colcon_core.environment:checking '/home/orthrus1-1/orthrus1-1/install/message/lib/pkgconfig/message.pc'
[45.064s] Level 1:colcon.colcon_core.environment:checking '/home/orthrus1-1/orthrus1-1/install/message/lib/python3.6/site-packages'
[45.065s] Level 1:colcon.colcon_core.shell:create_environment_hook('message', 'pythonpath')
[45.072s] INFO:colcon.colcon_core.shell:Creating environment hook '/home/orthrus1-1/orthrus1-1/install/message/share/message/hook/pythonpath.ps1'
[45.073s] INFO:colcon.colcon_core.shell:Creating environment descriptor '/home/orthrus1-1/orthrus1-1/install/message/share/message/hook/pythonpath.dsv'
[45.075s] INFO:colcon.colcon_core.shell:Creating environment hook '/home/orthrus1-1/orthrus1-1/install/message/share/message/hook/pythonpath.sh'
[45.080s] INFO:colcon.colcon_core.shell:Creating package script '/home/orthrus1-1/orthrus1-1/install/message/share/message/package.ps1'
[45.086s] INFO:colcon.colcon_core.shell:Creating package descriptor '/home/orthrus1-1/orthrus1-1/install/message/share/message/package.dsv'
[45.089s] INFO:colcon.colcon_core.shell:Creating package script '/home/orthrus1-1/orthrus1-1/install/message/share/message/package.sh'
[45.094s] INFO:colcon.colcon_core.shell:Creating package script '/home/orthrus1-1/orthrus1-1/install/message/share/message/package.bash'
[45.098s] INFO:colcon.colcon_core.shell:Creating package script '/home/orthrus1-1/orthrus1-1/install/message/share/message/package.zsh'
[45.102s] Level 1:colcon.colcon_core.environment:create_file_with_runtime_dependencies(/home/orthrus1-1/orthrus1-1/install/message/share/colcon-core/packages/message)
[45.419s] Level 1:colcon.colcon_core.environment:create_environment_scripts_only(message)
[45.424s] Level 1:colcon.colcon_core.environment:checking '/home/orthrus1-1/orthrus1-1/install/message' for CMake module files
[45.428s] Level 1:colcon.colcon_core.environment:checking '/home/orthrus1-1/orthrus1-1/install/message' for CMake config files
[45.429s] Level 1:colcon.colcon_core.shell:create_environment_hook('message', 'cmake_prefix_path')
[45.432s] INFO:colcon.colcon_core.shell:Creating environment hook '/home/orthrus1-1/orthrus1-1/install/message/share/message/hook/cmake_prefix_path.ps1'
[45.434s] INFO:colcon.colcon_core.shell:Creating environment descriptor '/home/orthrus1-1/orthrus1-1/install/message/share/message/hook/cmake_prefix_path.dsv'
[45.435s] INFO:colcon.colcon_core.shell:Creating environment hook '/home/orthrus1-1/orthrus1-1/install/message/share/message/hook/cmake_prefix_path.sh'
[45.439s] Level 1:colcon.colcon_core.environment:checking '/home/orthrus1-1/orthrus1-1/install/message/lib'
[45.439s] Level 1:colcon.colcon_core.shell:create_environment_hook('message', 'ld_library_path_lib')
[45.442s] INFO:colcon.colcon_core.shell:Creating environment hook '/home/orthrus1-1/orthrus1-1/install/message/share/message/hook/ld_library_path_lib.ps1'
[45.444s] INFO:colcon.colcon_core.shell:Creating environment descriptor '/home/orthrus1-1/orthrus1-1/install/message/share/message/hook/ld_library_path_lib.dsv'
[45.445s] INFO:colcon.colcon_core.shell:Creating environment hook '/home/orthrus1-1/orthrus1-1/install/message/share/message/hook/ld_library_path_lib.sh'
[45.447s] Level 1:colcon.colcon_core.environment:checking '/home/orthrus1-1/orthrus1-1/install/message/bin'
[45.447s] Level 1:colcon.colcon_core.environment:checking '/home/orthrus1-1/orthrus1-1/install/message/lib/pkgconfig/message.pc'
[45.447s] Level 1:colcon.colcon_core.environment:checking '/home/orthrus1-1/orthrus1-1/install/message/lib/python3.6/site-packages'
[45.448s] Level 1:colcon.colcon_core.shell:create_environment_hook('message', 'pythonpath')
[45.451s] INFO:colcon.colcon_core.shell:Creating environment hook '/home/orthrus1-1/orthrus1-1/install/message/share/message/hook/pythonpath.ps1'
[45.452s] INFO:colcon.colcon_core.shell:Creating environment descriptor '/home/orthrus1-1/orthrus1-1/install/message/share/message/hook/pythonpath.dsv'
[45.454s] INFO:colcon.colcon_core.shell:Creating environment hook '/home/orthrus1-1/orthrus1-1/install/message/share/message/hook/pythonpath.sh'
[45.459s] INFO:colcon.colcon_core.shell:Creating package script '/home/orthrus1-1/orthrus1-1/install/message/share/message/package.ps1'
[45.461s] INFO:colcon.colcon_core.shell:Creating package descriptor '/home/orthrus1-1/orthrus1-1/install/message/share/message/package.dsv'
[45.464s] INFO:colcon.colcon_core.shell:Creating package script '/home/orthrus1-1/orthrus1-1/install/message/share/message/package.sh'
[45.466s] INFO:colcon.colcon_core.shell:Creating package script '/home/orthrus1-1/orthrus1-1/install/message/share/message/package.bash'
[45.468s] INFO:colcon.colcon_core.shell:Creating package script '/home/orthrus1-1/orthrus1-1/install/message/share/message/package.zsh'
[45.470s] Level 1:colcon.colcon_core.environment:create_file_with_runtime_dependencies(/home/orthrus1-1/orthrus1-1/install/message/share/colcon-core/packages/message)
[45.471s] INFO:colcon.colcon_ros.task.ament_cmake.build:Building ROS package in '/home/orthrus1-1/orthrus1-1/src/motor' with build type 'ament_cmake'
[45.472s] INFO:colcon.colcon_cmake.task.cmake.build:Building CMake package in '/home/orthrus1-1/orthrus1-1/src/motor'
[45.475s] INFO:colcon.colcon_core.shell:Skip shell extension 'powershell' for command environment: Not usable outside of PowerShell
[45.476s] DEBUG:colcon.colcon_core.shell:Skip shell extension 'dsv' for command environment
[45.532s] DEBUG:colcon.colcon_core.shell:Ignoring prefix path '/opt/ros/dashing'
[45.563s] DEBUG:colcon.colcon_core.event_handler.log_command:Invoking command in '/home/orthrus1-1/orthrus1-1/build/motor': CMAKE_PREFIX_PATH=/home/orthrus1-1/orthrus1-1/install/message:/home/orthrus1-1/orthrus1-1/install/motor:/opt/ros/dashing LD_LIBRARY_PATH=/home/orthrus1-1/orthrus1-1/install/message/lib:/home/orthrus1-1/orthrus1-1/install/motor/lib:/opt/ros/dashing/opt/yaml_cpp_vendor/lib:/opt/ros/dashing/opt/rviz_ogre_vendor/lib:/usr/lib:/opt/ros/dashing/lib /usr/bin/cmake /home/orthrus1-1/orthrus1-1/src/motor -DCMAKE_INSTALL_PREFIX=/home/orthrus1-1/orthrus1-1/install/motor
[52.347s] DEBUG:colcon.colcon_core.event_handler.log_command:Invoked command in '/home/orthrus1-1/orthrus1-1/build/motor' returned '0': CMAKE_PREFIX_PATH=/home/orthrus1-1/orthrus1-1/install/message:/home/orthrus1-1/orthrus1-1/install/motor:/opt/ros/dashing LD_LIBRARY_PATH=/home/orthrus1-1/orthrus1-1/install/message/lib:/home/orthrus1-1/orthrus1-1/install/motor/lib:/opt/ros/dashing/opt/yaml_cpp_vendor/lib:/opt/ros/dashing/opt/rviz_ogre_vendor/lib:/usr/lib:/opt/ros/dashing/lib /usr/bin/cmake /home/orthrus1-1/orthrus1-1/src/motor -DCMAKE_INSTALL_PREFIX=/home/orthrus1-1/orthrus1-1/install/motor
[52.355s] DEBUG:colcon.colcon_core.event_handler.log_command:Invoking command in '/home/orthrus1-1/orthrus1-1/build/motor': CMAKE_PREFIX_PATH=/home/orthrus1-1/orthrus1-1/install/message:/home/orthrus1-1/orthrus1-1/install/motor:/opt/ros/dashing LD_LIBRARY_PATH=/home/orthrus1-1/orthrus1-1/install/message/lib:/home/orthrus1-1/orthrus1-1/install/motor/lib:/opt/ros/dashing/opt/yaml_cpp_vendor/lib:/opt/ros/dashing/opt/rviz_ogre_vendor/lib:/usr/lib:/opt/ros/dashing/lib /usr/bin/cmake --build /home/orthrus1-1/orthrus1-1/build/motor -- -j4 -l4
[57.076s] DEBUG:colcon.colcon_core.event_handler.log_command:Invoked command in '/home/orthrus1-1/orthrus1-1/build/motor' returned '2': CMAKE_PREFIX_PATH=/home/orthrus1-1/orthrus1-1/install/message:/home/orthrus1-1/orthrus1-1/install/motor:/opt/ros/dashing LD_LIBRARY_PATH=/home/orthrus1-1/orthrus1-1/install/message/lib:/home/orthrus1-1/orthrus1-1/install/motor/lib:/opt/ros/dashing/opt/yaml_cpp_vendor/lib:/opt/ros/dashing/opt/rviz_ogre_vendor/lib:/usr/lib:/opt/ros/dashing/lib /usr/bin/cmake --build /home/orthrus1-1/orthrus1-1/build/motor -- -j4 -l4
[57.169s] Level 1:colcon.colcon_core.environment:create_environment_scripts_only(motor)
[57.174s] Level 1:colcon.colcon_core.environment:checking '/home/orthrus1-1/orthrus1-1/install/motor' for CMake module files
[57.176s] Level 1:colcon.colcon_core.environment:checking '/home/orthrus1-1/orthrus1-1/install/motor' for CMake config files
[57.179s] Level 1:colcon.colcon_core.environment:checking '/home/orthrus1-1/orthrus1-1/install/motor/bin'
[57.179s] Level 1:colcon.colcon_core.environment:checking '/home/orthrus1-1/orthrus1-1/install/motor/lib/pkgconfig/motor.pc'
[57.179s] Level 1:colcon.colcon_core.environment:checking '/home/orthrus1-1/orthrus1-1/install/motor/lib/python3.6/site-packages'
[57.182s] INFO:colcon.colcon_core.shell:Creating package script '/home/orthrus1-1/orthrus1-1/install/motor/share/motor/package.ps1'
[57.185s] INFO:colcon.colcon_core.shell:Creating package descriptor '/home/orthrus1-1/orthrus1-1/install/motor/share/motor/package.dsv'
[57.187s] INFO:colcon.colcon_core.shell:Creating package script '/home/orthrus1-1/orthrus1-1/install/motor/share/motor/package.sh'
[57.188s] INFO:colcon.colcon_core.shell:Creating package script '/home/orthrus1-1/orthrus1-1/install/motor/share/motor/package.bash'
[57.190s] INFO:colcon.colcon_core.shell:Creating package script '/home/orthrus1-1/orthrus1-1/install/motor/share/motor/package.zsh'
[57.192s] Level 1:colcon.colcon_core.environment:create_file_with_runtime_dependencies(/home/orthrus1-1/orthrus1-1/install/motor/share/colcon-core/packages/motor)
[57.203s] DEBUG:colcon.colcon_parallel_executor.executor.parallel:closing loop
[57.205s] DEBUG:colcon.colcon_parallel_executor.executor.parallel:loop closed
[57.206s] DEBUG:colcon.colcon_parallel_executor.executor.parallel:run_until_complete finished with '2'
[57.206s] DEBUG:colcon.colcon_core.event_reactor:joining thread
[57.230s] INFO:colcon.colcon_core.plugin_system:Skipping extension 'colcon_notification.desktop_notification.terminal_notifier': Not used on non-Darwin systems
[57.231s] INFO:colcon.colcon_core.plugin_system:Skipping extension 'colcon_notification.desktop_notification.win32': Not used on non-Windows systems
[57.232s] INFO:colcon.colcon_notification.desktop_notification:Sending desktop notification using 'notify2'
[57.303s] DEBUG:colcon.colcon_core.event_reactor:joined thread
[57.308s] INFO:colcon.colcon_core.shell:Creating prefix script '/home/orthrus1-1/orthrus1-1/install/local_setup.ps1'
[57.314s] INFO:colcon.colcon_core.shell:Creating prefix util module '/home/orthrus1-1/orthrus1-1/install/_local_setup_util_ps1.py'
[57.322s] INFO:colcon.colcon_core.shell:Creating prefix chain script '/home/orthrus1-1/orthrus1-1/install/setup.ps1'
[57.339s] INFO:colcon.colcon_core.shell:Creating prefix script '/home/orthrus1-1/orthrus1-1/install/local_setup.sh'
[57.342s] INFO:colcon.colcon_core.shell:Creating prefix util module '/home/orthrus1-1/orthrus1-1/install/_local_setup_util_sh.py'
[57.344s] INFO:colcon.colcon_core.shell:Creating prefix chain script '/home/orthrus1-1/orthrus1-1/install/setup.sh'
[57.359s] INFO:colcon.colcon_core.shell:Creating prefix script '/home/orthrus1-1/orthrus1-1/install/local_setup.bash'
[57.362s] INFO:colcon.colcon_core.shell:Creating prefix chain script '/home/orthrus1-1/orthrus1-1/install/setup.bash'
[57.377s] INFO:colcon.colcon_core.shell:Creating prefix script '/home/orthrus1-1/orthrus1-1/install/local_setup.zsh'
[57.380s] INFO:colcon.colcon_core.shell:Creating prefix chain script '/home/orthrus1-1/orthrus1-1/install/setup.zsh'
