[  2%] Built target message__cpp
[  2%] Built target message__dds_opensplice_idl
[  8%] Built target message__rosidl_generator_c
[ 14%] Built target message__rosidl_typesupport_cpp
[ 20%] Built target message__rosidl_typesupport_introspection_cpp
[ 26%] Built target message__rosidl_typesupport_fastrtps_cpp
[ 46%] Built target message__rosidl_typesupport_opensplice_cpp
[ 52%] Built target message__rosidl_typesupport_c
[ 58%] Built target message__rosidl_typesupport_introspection_c
[ 64%] Built target message__rosidl_typesupport_fastrtps_c
[ 85%] Built target message__rosidl_typesupport_opensplice_c
[ 85%] Built target message
[ 86%] Built target message__py
[ 91%] Built target message__python
[100%] Built target message__rosidl_typesupport_opensplice_c__pyext
[100%] Built target message__rosidl_typesupport_c__pyext
[100%] Built target message__rosidl_typesupport_fastrtps_c__pyext
[  2%] Built target message__dds_opensplice_idl
[  2%] Built target message__cpp
[  8%] Built target message__rosidl_generator_c
[ 14%] Built target message__rosidl_typesupport_cpp
[ 20%] Built target message__rosidl_typesupport_introspection_cpp
[ 26%] Built target message__rosidl_typesupport_fastrtps_cpp
[ 46%] Built target message__rosidl_typesupport_opensplice_cpp
[ 52%] Built target message__rosidl_typesupport_c
[ 58%] Built target message__rosidl_typesupport_introspection_c
[ 64%] Built target message__rosidl_typesupport_fastrtps_c
[ 85%] Built target message__rosidl_typesupport_opensplice_c
[ 85%] Built target message
[ 86%] Built target message__py
[ 91%] Built target message__python
[ 97%] Built target message__rosidl_typesupport_fastrtps_c__pyext
[ 97%] Built target message__rosidl_typesupport_c__pyext
[100%] Built target message__rosidl_typesupport_opensplice_c__pyext
[36mInstall the project...[0m
-- Install configuration: ""
-- Up-to-date: /home/orthrus1-1/orthrus1-1/install/message/share/ament_index/resource_index/rosidl_interfaces/message
-- Up-to-date: /home/orthrus1-1/orthrus1-1/install/message/include/message
-- Up-to-date: /home/orthrus1-1/orthrus1-1/install/message/include/message/srv
-- Up-to-date: /home/orthrus1-1/orthrus1-1/install/message/include/message/srv/motorsend.hpp
-- Up-to-date: /home/orthrus1-1/orthrus1-1/install/message/include/message/srv/motorsend__struct.hpp
-- Up-to-date: /home/orthrus1-1/orthrus1-1/install/message/include/message/srv/motorsend__traits.hpp
-- Up-to-date: /home/orthrus1-1/orthrus1-1/install/message/include/message/msg
-- Up-to-date: /home/orthrus1-1/orthrus1-1/install/message/include/message/msg/motorcarryout.hpp
-- Up-to-date: /home/orthrus1-1/orthrus1-1/install/message/include/message/msg/motorcarryout__struct.hpp
-- Up-to-date: /home/orthrus1-1/orthrus1-1/install/message/include/message/msg/motorcarryout__traits.hpp
-- Up-to-date: /home/orthrus1-1/orthrus1-1/install/message/include/message
-- Up-to-date: /home/orthrus1-1/orthrus1-1/install/message/include/message/srv
-- Up-to-date: /home/orthrus1-1/orthrus1-1/install/message/include/message/srv/motorsend__functions.c
-- Up-to-date: /home/orthrus1-1/orthrus1-1/install/message/include/message/srv/motorsend__type_support.h
-- Up-to-date: /home/orthrus1-1/orthrus1-1/install/message/include/message/srv/motorsend__struct.h
-- Up-to-date: /home/orthrus1-1/orthrus1-1/install/message/include/message/srv/motorsend.h
-- Up-to-date: /home/orthrus1-1/orthrus1-1/install/message/include/message/srv/motorsend__functions.h
-- Up-to-date: /home/orthrus1-1/orthrus1-1/install/message/include/message/msg
-- Up-to-date: /home/orthrus1-1/orthrus1-1/install/message/include/message/msg/motorcarryout__functions.c
-- Up-to-date: /home/orthrus1-1/orthrus1-1/install/message/include/message/msg/motorcarryout__type_support.h
-- Up-to-date: /home/orthrus1-1/orthrus1-1/install/message/include/message/msg/motorcarryout__functions.h
-- Up-to-date: /home/orthrus1-1/orthrus1-1/install/message/include/message/msg/motorcarryout__struct.h
-- Up-to-date: /home/orthrus1-1/orthrus1-1/install/message/include/message/msg/rosidl_generator_c__visibility_control.h
-- Up-to-date: /home/orthrus1-1/orthrus1-1/install/message/include/message/msg/motorcarryout.h
-- Up-to-date: /home/orthrus1-1/orthrus1-1/install/message/share/message/environment/library_path.sh
-- Up-to-date: /home/orthrus1-1/orthrus1-1/install/message/lib/libmessage__rosidl_generator_c.so
-- Up-to-date: /home/orthrus1-1/orthrus1-1/install/message/lib/libmessage__rosidl_typesupport_c.so
-- Up-to-date: /home/orthrus1-1/orthrus1-1/install/message/lib/libmessage__rosidl_typesupport_cpp.so
-- Up-to-date: /home/orthrus1-1/orthrus1-1/install/message/include/message
-- Up-to-date: /home/orthrus1-1/orthrus1-1/install/message/include/message/srv
-- Up-to-date: /home/orthrus1-1/orthrus1-1/install/message/include/message/srv/motorsend__rosidl_typesupport_introspection_c.h
-- Up-to-date: /home/orthrus1-1/orthrus1-1/install/message/include/message/srv/motorsend__type_support.c
-- Up-to-date: /home/orthrus1-1/orthrus1-1/install/message/include/message/msg
-- Up-to-date: /home/orthrus1-1/orthrus1-1/install/message/include/message/msg/motorcarryout__rosidl_typesupport_introspection_c.h
-- Up-to-date: /home/orthrus1-1/orthrus1-1/install/message/include/message/msg/rosidl_typesupport_introspection_c__visibility_control.h
-- Up-to-date: /home/orthrus1-1/orthrus1-1/install/message/include/message/msg/motorcarryout__type_support.c
-- Up-to-date: /home/orthrus1-1/orthrus1-1/install/message/lib/libmessage__rosidl_typesupport_introspection_c.so
-- Up-to-date: /home/orthrus1-1/orthrus1-1/install/message/include/message
-- Up-to-date: /home/orthrus1-1/orthrus1-1/install/message/include/message/srv
-- Up-to-date: /home/orthrus1-1/orthrus1-1/install/message/include/message/srv/motorsend__rosidl_typesupport_introspection_cpp.hpp
-- Up-to-date: /home/orthrus1-1/orthrus1-1/install/message/include/message/srv/motorsend__type_support.cpp
-- Up-to-date: /home/orthrus1-1/orthrus1-1/install/message/include/message/msg
-- Up-to-date: /home/orthrus1-1/orthrus1-1/install/message/include/message/msg/motorcarryout__type_support.cpp
-- Up-to-date: /home/orthrus1-1/orthrus1-1/install/message/include/message/msg/motorcarryout__rosidl_typesupport_introspection_cpp.hpp
-- Up-to-date: /home/orthrus1-1/orthrus1-1/install/message/lib/libmessage__rosidl_typesupport_introspection_cpp.so
-- Up-to-date: /home/orthrus1-1/orthrus1-1/install/message/include/message
-- Up-to-date: /home/orthrus1-1/orthrus1-1/install/message/include/message/srv
-- Up-to-date: /home/orthrus1-1/orthrus1-1/install/message/include/message/srv/motorsend__rosidl_typesupport_fastrtps_c.h
-- Up-to-date: /home/orthrus1-1/orthrus1-1/install/message/include/message/msg
-- Up-to-date: /home/orthrus1-1/orthrus1-1/install/message/include/message/msg/rosidl_typesupport_fastrtps_c__visibility_control.h
-- Up-to-date: /home/orthrus1-1/orthrus1-1/install/message/include/message/msg/motorcarryout__rosidl_typesupport_fastrtps_c.h
-- Up-to-date: /home/orthrus1-1/orthrus1-1/install/message/lib/libmessage__rosidl_typesupport_fastrtps_c.so
-- Up-to-date: /home/orthrus1-1/orthrus1-1/install/message/include/message
-- Up-to-date: /home/orthrus1-1/orthrus1-1/install/message/include/message/srv
-- Up-to-date: /home/orthrus1-1/orthrus1-1/install/message/include/message/srv/motorsend__rosidl_typesupport_fastrtps_cpp.hpp
-- Up-to-date: /home/orthrus1-1/orthrus1-1/install/message/include/message/srv/dds_fastrtps
-- Up-to-date: /home/orthrus1-1/orthrus1-1/install/message/include/message/msg
-- Up-to-date: /home/orthrus1-1/orthrus1-1/install/message/include/message/msg/dds_fastrtps
-- Up-to-date: /home/orthrus1-1/orthrus1-1/install/message/include/message/msg/rosidl_typesupport_fastrtps_cpp__visibility_control.h
-- Up-to-date: /home/orthrus1-1/orthrus1-1/install/message/include/message/msg/motorcarryout__rosidl_typesupport_fastrtps_cpp.hpp
-- Up-to-date: /home/orthrus1-1/orthrus1-1/install/message/lib/libmessage__rosidl_typesupport_fastrtps_cpp.so
-- Up-to-date: /home/orthrus1-1/orthrus1-1/install/message/include/message
-- Up-to-date: /home/orthrus1-1/orthrus1-1/install/message/include/message/srv
-- Up-to-date: /home/orthrus1-1/orthrus1-1/install/message/include/message/srv/motorsend__rosidl_typesupport_opensplice_c.h
-- Up-to-date: /home/orthrus1-1/orthrus1-1/install/message/include/message/srv/dds_opensplice_c
-- Up-to-date: /home/orthrus1-1/orthrus1-1/install/message/include/message/msg
-- Up-to-date: /home/orthrus1-1/orthrus1-1/install/message/include/message/msg/rosidl_typesupport_opensplice_c__visibility_control.h
-- Up-to-date: /home/orthrus1-1/orthrus1-1/install/message/include/message/msg/motorcarryout__rosidl_typesupport_opensplice_c.h
-- Up-to-date: /home/orthrus1-1/orthrus1-1/install/message/include/message/msg/dds_opensplice_c
-- Up-to-date: /home/orthrus1-1/orthrus1-1/install/message/lib/libmessage__rosidl_typesupport_opensplice_c.so
-- Up-to-date: /home/orthrus1-1/orthrus1-1/install/message/share/message/msg/dds_opensplice
-- Up-to-date: /home/orthrus1-1/orthrus1-1/install/message/share/message/msg/dds_opensplice/Motorcarryout_.idl
-- Up-to-date: /home/orthrus1-1/orthrus1-1/install/message/share/message/srv/dds_opensplice
-- Up-to-date: /home/orthrus1-1/orthrus1-1/install/message/share/message/srv/dds_opensplice/Motorsend_.idl
-- Up-to-date: /home/orthrus1-1/orthrus1-1/install/message/include/message
-- Up-to-date: /home/orthrus1-1/orthrus1-1/install/message/include/message/srv
-- Up-to-date: /home/orthrus1-1/orthrus1-1/install/message/include/message/srv/dds_opensplice
-- Up-to-date: /home/orthrus1-1/orthrus1-1/install/message/include/message/srv/dds_opensplice/Motorsend_.h
-- Up-to-date: /home/orthrus1-1/orthrus1-1/install/message/include/message/srv/dds_opensplice/ccpp_Motorsend_.h
-- Up-to-date: /home/orthrus1-1/orthrus1-1/install/message/include/message/srv/dds_opensplice/Motorsend_SplDcps.h
-- Up-to-date: /home/orthrus1-1/orthrus1-1/install/message/include/message/srv/dds_opensplice/Motorsend_Dcps.h
-- Up-to-date: /home/orthrus1-1/orthrus1-1/install/message/include/message/srv/dds_opensplice/Motorsend_Dcps_impl.h
-- Up-to-date: /home/orthrus1-1/orthrus1-1/install/message/include/message/srv/motorsend__rosidl_typesupport_opensplice_cpp.hpp
-- Up-to-date: /home/orthrus1-1/orthrus1-1/install/message/include/message/msg
-- Up-to-date: /home/orthrus1-1/orthrus1-1/install/message/include/message/msg/dds_opensplice
-- Up-to-date: /home/orthrus1-1/orthrus1-1/install/message/include/message/msg/dds_opensplice/Motorcarryout_Dcps_impl.h
-- Up-to-date: /home/orthrus1-1/orthrus1-1/install/message/include/message/msg/dds_opensplice/Motorcarryout_Dcps.h
-- Up-to-date: /home/orthrus1-1/orthrus1-1/install/message/include/message/msg/dds_opensplice/Motorcarryout_SplDcps.h
-- Up-to-date: /home/orthrus1-1/orthrus1-1/install/message/include/message/msg/dds_opensplice/Motorcarryout_.h
-- Up-to-date: /home/orthrus1-1/orthrus1-1/install/message/include/message/msg/dds_opensplice/ccpp_Motorcarryout_.h
-- Up-to-date: /home/orthrus1-1/orthrus1-1/install/message/include/message/msg/motorcarryout__rosidl_typesupport_opensplice_cpp.hpp
-- Up-to-date: /home/orthrus1-1/orthrus1-1/install/message/include/message/msg/rosidl_typesupport_opensplice_cpp__visibility_control.h
-- Up-to-date: /home/orthrus1-1/orthrus1-1/install/message/lib/libmessage__rosidl_typesupport_opensplice_cpp.so
-- Up-to-date: /home/orthrus1-1/orthrus1-1/install/message/share/message/environment/pythonpath.sh
-- Up-to-date: /home/orthrus1-1/orthrus1-1/install/message/lib/python3.6/site-packages/message/__init__.py
-- Up-to-date: /home/orthrus1-1/orthrus1-1/install/message/lib/python3.6/site-packages/message/msg
-- Up-to-date: /home/orthrus1-1/orthrus1-1/install/message/lib/python3.6/site-packages/message/msg/__init__.py
-- Up-to-date: /home/orthrus1-1/orthrus1-1/install/message/lib/python3.6/site-packages/message/msg/_motorcarryout_s.c
-- Up-to-date: /home/orthrus1-1/orthrus1-1/install/message/lib/python3.6/site-packages/message/msg/_motorcarryout.py
-- Up-to-date: /home/orthrus1-1/orthrus1-1/install/message/lib/python3.6/site-packages/message/srv
-- Up-to-date: /home/orthrus1-1/orthrus1-1/install/message/lib/python3.6/site-packages/message/srv/_motorsend_s.c
-- Up-to-date: /home/orthrus1-1/orthrus1-1/install/message/lib/python3.6/site-packages/message/srv/__init__.py
-- Up-to-date: /home/orthrus1-1/orthrus1-1/install/message/lib/python3.6/site-packages/message/srv/_motorsend.py
-- Up-to-date: /home/orthrus1-1/orthrus1-1/install/message/lib/python3.6/site-packages/message/message_s__rosidl_typesupport_c.cpython-36m-aarch64-linux-gnu.so
-- Up-to-date: /home/orthrus1-1/orthrus1-1/install/message/lib/python3.6/site-packages/message/message_s__rosidl_typesupport_fastrtps_c.cpython-36m-aarch64-linux-gnu.so
-- Up-to-date: /home/orthrus1-1/orthrus1-1/install/message/lib/python3.6/site-packages/message/message_s__rosidl_typesupport_opensplice_c.cpython-36m-aarch64-linux-gnu.so
-- Up-to-date: /home/orthrus1-1/orthrus1-1/install/message/lib/libmessage__python.so
-- Up-to-date: /home/orthrus1-1/orthrus1-1/install/message/share/message/msg/Motorcarryout.idl
-- Up-to-date: /home/orthrus1-1/orthrus1-1/install/message/share/message/srv/Motorsend.idl
-- Up-to-date: /home/orthrus1-1/orthrus1-1/install/message/share/message/msg/Motorcarryout.msg
-- Up-to-date: /home/orthrus1-1/orthrus1-1/install/message/share/message/srv/Motorsend.srv
-- Up-to-date: /home/orthrus1-1/orthrus1-1/install/message/share/message/srv/Motorsend_Request.msg
-- Up-to-date: /home/orthrus1-1/orthrus1-1/install/message/share/message/srv/Motorsend_Response.msg
-- Up-to-date: /home/orthrus1-1/orthrus1-1/install/message/share/ament_index/resource_index/package_run_dependencies/message
-- Up-to-date: /home/orthrus1-1/orthrus1-1/install/message/share/ament_index/resource_index/parent_prefix_path/message
-- Up-to-date: /home/orthrus1-1/orthrus1-1/install/message/share/message/environment/ament_prefix_path.sh
-- Up-to-date: /home/orthrus1-1/orthrus1-1/install/message/share/message/environment/path.sh
-- Up-to-date: /home/orthrus1-1/orthrus1-1/install/message/share/message/local_setup.bash
-- Up-to-date: /home/orthrus1-1/orthrus1-1/install/message/share/message/local_setup.sh
-- Up-to-date: /home/orthrus1-1/orthrus1-1/install/message/share/message/local_setup.zsh
-- Up-to-date: /home/orthrus1-1/orthrus1-1/install/message/share/ament_index/resource_index/packages/message
-- Up-to-date: /home/orthrus1-1/orthrus1-1/install/message/share/message/cmake/rosidl_cmake-extras.cmake
-- Up-to-date: /home/orthrus1-1/orthrus1-1/install/message/share/message/cmake/ament_cmake_export_dependencies-extras.cmake
-- Up-to-date: /home/orthrus1-1/orthrus1-1/install/message/share/message/cmake/ament_cmake_export_include_directories-extras.cmake
-- Up-to-date: /home/orthrus1-1/orthrus1-1/install/message/share/message/cmake/ament_cmake_export_libraries-extras.cmake
-- Up-to-date: /home/orthrus1-1/orthrus1-1/install/message/share/message/cmake/rosidl_cmake_export_typesupport_libraries-extras.cmake
-- Up-to-date: /home/orthrus1-1/orthrus1-1/install/message/share/message/cmake/messageConfig.cmake
-- Up-to-date: /home/orthrus1-1/orthrus1-1/install/message/share/message/cmake/messageConfig-version.cmake
-- Up-to-date: /home/orthrus1-1/orthrus1-1/install/message/share/message/package.xml
