[0.056s] Invoking command in '/home/orthrus1-1/orthrus1-1/build/message': CMAKE_PREFIX_PATH=/opt/ros/dashing /usr/bin/cmake --build /home/orthrus1-1/orthrus1-1/build/message -- -j4 -l4
[0.171s] -- Found ament_cmake: 0.7.6 (/opt/ros/dashing/share/ament_cmake/cmake)
[0.269s] -- Found PythonInterp: /usr/bin/python3 (found suitable version "3.6.9", minimum required is "3") 
[0.270s] -- Using PYTHON_EXECUTABLE: /usr/bin/python3
[1.182s] -- Found builtin_interfaces: 0.7.4 (/opt/ros/dashing/share/builtin_interfaces/cmake)
[1.211s] -- Found rosidl_adapter: 0.7.10 (/opt/ros/dashing/share/rosidl_adapter/cmake)
[1.313s] -- Found geometry_msgs: 0.7.0 (/opt/ros/dashing/share/geometry_msgs/cmake)
[1.355s] -- Found rosidl_default_generators: 0.7.0 (/opt/ros/dashing/share/rosidl_default_generators/cmake)
[1.810s] -- Found PrismTech OpenSplice: /usr/share/opensplice/cmake
[2.002s] -- Found PythonInterp: /usr/bin/python3 (found version "3.6.9") 
[3.348s] -- Using all available rosidl_typesupport_c: rosidl_typesupport_fastrtps_c;rosidl_typesupport_introspection_c;rosidl_typesupport_opensplice_c
[3.537s] -- Using all available rosidl_typesupport_cpp: rosidl_typesupport_fastrtps_cpp;rosidl_typesupport_introspection_cpp;rosidl_typesupport_opensplice_cpp
[5.270s] -- Found rmw_implementation_cmake: 0.7.2 (/opt/ros/dashing/share/rmw_implementation_cmake/cmake)
[5.382s] -- Found PythonInterp: /usr/bin/python3 (found suitable version "3.6.9", minimum required is "3.5") 
[5.385s] -- Found python_cmake_module: 0.7.11 (/opt/ros/dashing/share/python_cmake_module/cmake)
[5.500s] -- Using PYTHON_EXECUTABLE: /usr/bin/python3
[5.501s] -- Using PYTHON_INCLUDE_DIRS: /usr/include/python3.6m
[5.501s] -- Using PYTHON_LIBRARIES: /usr/lib/aarch64-linux-gnu/libpython3.6m.so
[6.181s] -- Found ament_lint_auto: 0.7.12 (/opt/ros/dashing/share/ament_lint_auto/cmake)
[6.279s] -- Added test 'lint_cmake' to check CMake code style
[6.287s] -- Added test 'xmllint' to check XML markup files
[6.305s] -- Configuring done
[7.053s] -- Generating done
[7.071s] -- Build files have been written to: /home/orthrus1-1/orthrus1-1/build/message
[7.171s] [  1%] [34m[1mGenerating C code for ROS interfaces[0m
[7.208s] [  4%] [34m[1mGenerating DDS interfaces[0m
[7.209s] [  4%] [34m[1mGenerating C++ code for ROS interfaces[0m
[9.302s] [  4%] Built target message__dds_opensplice_idl
[9.777s] [  4%] Built target message__cpp
[9.825s] [  5%] [34m[1mGenerating C++ type support dispatch for ROS interfaces[0m
[9.827s] [  7%] [34m[1mGenerating C++ introspection for ROS interfaces[0m
[9.862s] [  8%] [34m[1mGenerating C++ type support for PrismTech OpenSplice[0m
[10.274s] [35m[1mScanning dependencies of target message__rosidl_generator_c[0m
[10.327s] [ 10%] [32mBuilding C object CMakeFiles/message__rosidl_generator_c.dir/rosidl_generator_c/message/msg/motorcarryout__functions.c.o[0m
[10.696s] [ 11%] [32mBuilding C object CMakeFiles/message__rosidl_generator_c.dir/rosidl_generator_c/message/srv/motorsend__functions.c.o[0m
[10.859s] [ 13%] [32m[1mLinking C shared library libmessage__rosidl_generator_c.so[0m
[11.026s] [ 13%] Built target message__rosidl_generator_c
[11.074s] [ 14%] [34m[1mGenerating C++ type support for eProsima Fast-RTPS[0m
[12.165s] [35m[1mScanning dependencies of target message__rosidl_typesupport_cpp[0m
[12.220s] [ 16%] [32mBuilding CXX object CMakeFiles/message__rosidl_typesupport_cpp.dir/rosidl_typesupport_cpp/message/msg/motorcarryout__type_support.cpp.o[0m
[12.464s] [35m[1mScanning dependencies of target message__rosidl_typesupport_introspection_cpp[0m
[12.528s] [ 17%] [32mBuilding CXX object CMakeFiles/message__rosidl_typesupport_introspection_cpp.dir/rosidl_typesupport_introspection_cpp/message/msg/motorcarryout__type_support.cpp.o[0m
[13.237s] [ 19%] [32mBuilding CXX object CMakeFiles/message__rosidl_typesupport_cpp.dir/rosidl_typesupport_cpp/message/srv/motorsend__type_support.cpp.o[0m
[13.565s] [ 20%] [32mBuilding CXX object CMakeFiles/message__rosidl_typesupport_introspection_cpp.dir/rosidl_typesupport_introspection_cpp/message/srv/motorsend__type_support.cpp.o[0m
[13.827s] [35m[1mScanning dependencies of target message__rosidl_typesupport_opensplice_cpp[0m
[14.024s] [35m[1mScanning dependencies of target message__rosidl_typesupport_fastrtps_cpp[0m
[14.098s] [ 22%] [32mBuilding CXX object CMakeFiles/message__rosidl_typesupport_fastrtps_cpp.dir/rosidl_typesupport_fastrtps_cpp/message/msg/dds_fastrtps/motorcarryout__type_support.cpp.o[0m
[14.141s] [ 23%] [32mBuilding CXX object CMakeFiles/message__rosidl_typesupport_opensplice_cpp.dir/rosidl_typesupport_opensplice_cpp/message/msg/dds_opensplice/motorcarryout__type_support.cpp.o[0m
[14.283s] [ 25%] [32m[1mLinking CXX shared library libmessage__rosidl_typesupport_cpp.so[0m
[14.473s] [ 25%] Built target message__rosidl_typesupport_cpp
[14.514s] [ 26%] [32mBuilding CXX object CMakeFiles/message__rosidl_typesupport_opensplice_cpp.dir/rosidl_typesupport_opensplice_cpp/message/srv/dds_opensplice/motorsend__type_support.cpp.o[0m
[14.674s] [ 28%] [32m[1mLinking CXX shared library libmessage__rosidl_typesupport_introspection_cpp.so[0m
[14.870s] [ 28%] Built target message__rosidl_typesupport_introspection_cpp
[14.914s] [ 29%] [32mBuilding CXX object CMakeFiles/message__rosidl_typesupport_opensplice_cpp.dir/rosidl_typesupport_opensplice_cpp/message/msg/dds_opensplice/Motorcarryout_.cpp.o[0m
[15.391s] [ 31%] [32mBuilding CXX object CMakeFiles/message__rosidl_typesupport_opensplice_cpp.dir/rosidl_typesupport_opensplice_cpp/message/msg/dds_opensplice/Motorcarryout_Dcps.cpp.o[0m
[15.704s] [ 32%] [32mBuilding CXX object CMakeFiles/message__rosidl_typesupport_fastrtps_cpp.dir/rosidl_typesupport_fastrtps_cpp/message/srv/dds_fastrtps/motorsend__type_support.cpp.o[0m
[16.076s] [ 34%] [32mBuilding CXX object CMakeFiles/message__rosidl_typesupport_opensplice_cpp.dir/rosidl_typesupport_opensplice_cpp/message/msg/dds_opensplice/Motorcarryout_Dcps_impl.cpp.o[0m
[16.662s] [ 35%] [32mBuilding CXX object CMakeFiles/message__rosidl_typesupport_opensplice_cpp.dir/rosidl_typesupport_opensplice_cpp/message/msg/dds_opensplice/Motorcarryout_SplDcps.cpp.o[0m
[17.426s] [ 37%] [32m[1mLinking CXX shared library libmessage__rosidl_typesupport_fastrtps_cpp.so[0m
[17.451s] [ 38%] [34m[1mGenerating C type support dispatch for ROS interfaces[0m
[17.586s] [ 40%] [34m[1mGenerating C introspection for ROS interfaces[0m
[17.852s] [ 40%] Built target message__rosidl_typesupport_fastrtps_cpp
[17.906s] [ 41%] [34m[1mGenerating C type support for eProsima Fast-RTPS[0m
[18.678s] [ 43%] [32mBuilding CXX object CMakeFiles/message__rosidl_typesupport_opensplice_cpp.dir/rosidl_typesupport_opensplice_cpp/message/srv/dds_opensplice/Motorsend_.cpp.o[0m
[19.092s] [ 44%] [32mBuilding CXX object CMakeFiles/message__rosidl_typesupport_opensplice_cpp.dir/rosidl_typesupport_opensplice_cpp/message/srv/dds_opensplice/Motorsend_Dcps.cpp.o[0m
[19.833s] [35m[1mScanning dependencies of target message__rosidl_typesupport_c[0m
[19.889s] [ 46%] [32mBuilding CXX object CMakeFiles/message__rosidl_typesupport_c.dir/rosidl_typesupport_c/message/msg/motorcarryout__type_support.cpp.o[0m
[19.987s] [ 47%] [32mBuilding CXX object CMakeFiles/message__rosidl_typesupport_opensplice_cpp.dir/rosidl_typesupport_opensplice_cpp/message/srv/dds_opensplice/Motorsend_Dcps_impl.cpp.o[0m
[20.012s] [ 49%] [32mBuilding CXX object CMakeFiles/message__rosidl_typesupport_c.dir/rosidl_typesupport_c/message/srv/motorsend__type_support.cpp.o[0m
[20.134s] [ 50%] [32m[1mLinking CXX shared library libmessage__rosidl_typesupport_c.so[0m
[20.318s] [ 50%] Built target message__rosidl_typesupport_c
[20.349s] [35m[1mScanning dependencies of target message__rosidl_typesupport_introspection_c[0m
[20.365s] [ 52%] [32mBuilding CXX object CMakeFiles/message__rosidl_typesupport_opensplice_cpp.dir/rosidl_typesupport_opensplice_cpp/message/srv/dds_opensplice/Motorsend_SplDcps.cpp.o[0m
[20.409s] [ 53%] [32mBuilding C object CMakeFiles/message__rosidl_typesupport_introspection_c.dir/rosidl_typesupport_introspection_c/message/msg/motorcarryout__type_support.c.o[0m
[20.525s] [ 55%] [32mBuilding C object CMakeFiles/message__rosidl_typesupport_introspection_c.dir/rosidl_typesupport_introspection_c/message/srv/motorsend__type_support.c.o[0m
[20.658s] [ 56%] [32m[1mLinking C shared library libmessage__rosidl_typesupport_introspection_c.so[0m
[20.813s] [ 56%] Built target message__rosidl_typesupport_introspection_c
[20.930s] [35m[1mScanning dependencies of target message__rosidl_typesupport_fastrtps_c[0m
[21.012s] [ 58%] [32mBuilding CXX object CMakeFiles/message__rosidl_typesupport_fastrtps_c.dir/rosidl_typesupport_fastrtps_c/message/msg/motorcarryout__type_support_c.cpp.o[0m
[21.042s] [ 59%] [32mBuilding CXX object CMakeFiles/message__rosidl_typesupport_fastrtps_c.dir/rosidl_typesupport_fastrtps_c/message/srv/motorsend__type_support_c.cpp.o[0m
[22.471s] [ 61%] [32m[1mLinking CXX shared library libmessage__rosidl_typesupport_fastrtps_c.so[0m
[22.744s] [ 62%] [32m[1mLinking CXX shared library libmessage__rosidl_typesupport_opensplice_cpp.so[0m
[22.811s] [ 62%] Built target message__rosidl_typesupport_fastrtps_c
[23.734s] [ 64%] Built target message__rosidl_typesupport_opensplice_cpp
[23.812s] [ 65%] [34m[1mGenerating C type support for PrismTech OpenSplice[0m
[26.420s] [35m[1mScanning dependencies of target message__rosidl_typesupport_opensplice_c[0m
[26.706s] [ 67%] [32mBuilding CXX object CMakeFiles/message__rosidl_typesupport_opensplice_c.dir/rosidl_typesupport_opensplice_c/message/msg/dds_opensplice_c/motorcarryout__type_support_c.cpp.o[0m
[26.710s] [ 68%] [32mBuilding CXX object CMakeFiles/message__rosidl_typesupport_opensplice_c.dir/rosidl_typesupport_opensplice_c/message/srv/dds_opensplice_c/motorsend__type_support_c.cpp.o[0m
[26.717s] [ 71%] [32mBuilding CXX object CMakeFiles/message__rosidl_typesupport_opensplice_c.dir/rosidl_typesupport_opensplice_cpp/message/msg/dds_opensplice/Motorcarryout_Dcps.cpp.o[0m
[26.718s] [ 71%] [32mBuilding CXX object CMakeFiles/message__rosidl_typesupport_opensplice_c.dir/rosidl_typesupport_opensplice_cpp/message/msg/dds_opensplice/Motorcarryout_.cpp.o[0m
[27.165s] [ 73%] [32mBuilding CXX object CMakeFiles/message__rosidl_typesupport_opensplice_c.dir/rosidl_typesupport_opensplice_cpp/message/msg/dds_opensplice/Motorcarryout_Dcps_impl.cpp.o[0m
[27.397s] [ 74%] [32mBuilding CXX object CMakeFiles/message__rosidl_typesupport_opensplice_c.dir/rosidl_typesupport_opensplice_cpp/message/msg/dds_opensplice/Motorcarryout_SplDcps.cpp.o[0m
[28.261s] [ 76%] [32mBuilding CXX object CMakeFiles/message__rosidl_typesupport_opensplice_c.dir/rosidl_typesupport_opensplice_cpp/message/srv/dds_opensplice/Motorsend_.cpp.o[0m
[28.556s] [ 77%] [32mBuilding CXX object CMakeFiles/message__rosidl_typesupport_opensplice_c.dir/rosidl_typesupport_opensplice_cpp/message/srv/dds_opensplice/Motorsend_Dcps.cpp.o[0m
[28.739s] [ 79%] [32mBuilding CXX object CMakeFiles/message__rosidl_typesupport_opensplice_c.dir/rosidl_typesupport_opensplice_cpp/message/srv/dds_opensplice/Motorsend_Dcps_impl.cpp.o[0m
[28.778s] [ 80%] [32mBuilding CXX object CMakeFiles/message__rosidl_typesupport_opensplice_c.dir/rosidl_typesupport_opensplice_cpp/message/srv/dds_opensplice/Motorsend_SplDcps.cpp.o[0m
[31.329s] [ 82%] [32m[1mLinking CXX shared library libmessage__rosidl_typesupport_opensplice_c.so[0m
[32.472s] [ 85%] Built target message__rosidl_typesupport_opensplice_c
[32.553s] [ 85%] Built target message
[32.636s] [ 86%] [34m[1mGenerating Python code for ROS interfaces[0m
[37.852s] [ 86%] Built target message__py
[37.897s] [35m[1mScanning dependencies of target message__python[0m
[37.968s] [ 89%] [32mBuilding C object CMakeFiles/message__python.dir/rosidl_generator_py/message/srv/_motorsend_s.c.o[0m
[37.969s] [ 89%] [32mBuilding C object CMakeFiles/message__python.dir/rosidl_generator_py/message/msg/_motorcarryout_s.c.o[0m
[38.650s] [ 91%] [32m[1mLinking C shared library rosidl_generator_py/message/libmessage__python.so[0m
[38.846s] [ 91%] Built target message__python
[38.893s] [35m[1mScanning dependencies of target message__rosidl_typesupport_c__pyext[0m
[38.894s] [35m[1mScanning dependencies of target message__rosidl_typesupport_opensplice_c__pyext[0m
[38.895s] [35m[1mScanning dependencies of target message__rosidl_typesupport_fastrtps_c__pyext[0m
[38.957s] [ 92%] [32mBuilding C object CMakeFiles/message__rosidl_typesupport_c__pyext.dir/rosidl_generator_py/message/_message_s.ep.rosidl_typesupport_c.c.o[0m
[39.011s] [ 94%] [32mBuilding C object CMakeFiles/message__rosidl_typesupport_fastrtps_c__pyext.dir/rosidl_generator_py/message/_message_s.ep.rosidl_typesupport_fastrtps_c.c.o[0m
[39.019s] [ 95%] [32mBuilding C object CMakeFiles/message__rosidl_typesupport_opensplice_c__pyext.dir/rosidl_generator_py/message/_message_s.ep.rosidl_typesupport_opensplice_c.c.o[0m
[39.280s] [ 97%] [32m[1mLinking C shared library rosidl_generator_py/message/message_s__rosidl_typesupport_c.cpython-36m-aarch64-linux-gnu.so[0m
[39.341s] [ 98%] [32m[1mLinking C shared library rosidl_generator_py/message/message_s__rosidl_typesupport_fastrtps_c.cpython-36m-aarch64-linux-gnu.so[0m
[39.362s] [100%] [32m[1mLinking C shared library rosidl_generator_py/message/message_s__rosidl_typesupport_opensplice_c.cpython-36m-aarch64-linux-gnu.so[0m
[39.584s] [100%] Built target message__rosidl_typesupport_c__pyext
[39.707s] [100%] Built target message__rosidl_typesupport_fastrtps_c__pyext
[39.788s] [100%] Built target message__rosidl_typesupport_opensplice_c__pyext
[39.840s] Invoked command in '/home/orthrus1-1/orthrus1-1/build/message' returned '0': CMAKE_PREFIX_PATH=/opt/ros/dashing /usr/bin/cmake --build /home/orthrus1-1/orthrus1-1/build/message -- -j4 -l4
[40.182s] Invoking command in '/home/orthrus1-1/orthrus1-1/build/message': CMAKE_PREFIX_PATH=/opt/ros/dashing /usr/bin/cmake --build /home/orthrus1-1/orthrus1-1/build/message --target install -- -j4 -l4
[40.391s] [  2%] Built target message__dds_opensplice_idl
[40.392s] [  2%] Built target message__cpp
[40.408s] [  8%] Built target message__rosidl_generator_c
[40.495s] [ 14%] Built target message__rosidl_typesupport_cpp
[40.512s] [ 20%] Built target message__rosidl_typesupport_introspection_cpp
[40.549s] [ 26%] Built target message__rosidl_typesupport_fastrtps_cpp
[40.615s] [ 32%] Built target message__rosidl_typesupport_c
[40.621s] [ 52%] Built target message__rosidl_typesupport_opensplice_cpp
[40.625s] [ 58%] Built target message__rosidl_typesupport_introspection_c
[40.692s] [ 64%] Built target message__rosidl_typesupport_fastrtps_c
[40.817s] [ 85%] Built target message__rosidl_typesupport_opensplice_c
[40.898s] [ 85%] Built target message
[40.980s] [ 86%] Built target message__py
[41.096s] [ 91%] Built target message__python
[41.217s] [ 97%] Built target message__rosidl_typesupport_c__pyext
[41.218s] [ 97%] Built target message__rosidl_typesupport_fastrtps_c__pyext
[41.219s] [100%] Built target message__rosidl_typesupport_opensplice_c__pyext
[41.295s] [36mInstall the project...[0m
[41.330s] -- Install configuration: ""
[41.331s] -- Up-to-date: /home/orthrus1-1/orthrus1-1/install/message/share/ament_index/resource_index/rosidl_interfaces/message
[41.332s] -- Up-to-date: /home/orthrus1-1/orthrus1-1/install/message/include/message
[41.333s] -- Up-to-date: /home/orthrus1-1/orthrus1-1/install/message/include/message/srv
[41.333s] -- Installing: /home/orthrus1-1/orthrus1-1/install/message/include/message/srv/motorsend.hpp
[41.334s] -- Installing: /home/orthrus1-1/orthrus1-1/install/message/include/message/srv/motorsend__struct.hpp
[41.334s] -- Installing: /home/orthrus1-1/orthrus1-1/install/message/include/message/srv/motorsend__traits.hpp
[41.335s] -- Up-to-date: /home/orthrus1-1/orthrus1-1/install/message/include/message/msg
[41.336s] -- Installing: /home/orthrus1-1/orthrus1-1/install/message/include/message/msg/motorcarryout.hpp
[41.336s] -- Installing: /home/orthrus1-1/orthrus1-1/install/message/include/message/msg/motorcarryout__struct.hpp
[41.337s] -- Installing: /home/orthrus1-1/orthrus1-1/install/message/include/message/msg/motorcarryout__traits.hpp
[41.337s] -- Up-to-date: /home/orthrus1-1/orthrus1-1/install/message/include/message
[41.338s] -- Up-to-date: /home/orthrus1-1/orthrus1-1/install/message/include/message/srv
[41.339s] -- Installing: /home/orthrus1-1/orthrus1-1/install/message/include/message/srv/motorsend__functions.c
[41.339s] -- Installing: /home/orthrus1-1/orthrus1-1/install/message/include/message/srv/motorsend__type_support.h
[41.340s] -- Installing: /home/orthrus1-1/orthrus1-1/install/message/include/message/srv/motorsend__struct.h
[41.340s] -- Installing: /home/orthrus1-1/orthrus1-1/install/message/include/message/srv/motorsend.h
[41.341s] -- Installing: /home/orthrus1-1/orthrus1-1/install/message/include/message/srv/motorsend__functions.h
[41.341s] -- Up-to-date: /home/orthrus1-1/orthrus1-1/install/message/include/message/msg
[41.342s] -- Installing: /home/orthrus1-1/orthrus1-1/install/message/include/message/msg/motorcarryout__functions.c
[41.342s] -- Installing: /home/orthrus1-1/orthrus1-1/install/message/include/message/msg/motorcarryout__type_support.h
[41.343s] -- Installing: /home/orthrus1-1/orthrus1-1/install/message/include/message/msg/motorcarryout__functions.h
[41.343s] -- Installing: /home/orthrus1-1/orthrus1-1/install/message/include/message/msg/motorcarryout__struct.h
[41.344s] -- Up-to-date: /home/orthrus1-1/orthrus1-1/install/message/include/message/msg/rosidl_generator_c__visibility_control.h
[41.344s] -- Installing: /home/orthrus1-1/orthrus1-1/install/message/include/message/msg/motorcarryout.h
[41.345s] -- Up-to-date: /home/orthrus1-1/orthrus1-1/install/message/share/message/environment/library_path.sh
[41.345s] -- Installing: /home/orthrus1-1/orthrus1-1/install/message/lib/libmessage__rosidl_generator_c.so
[41.346s] -- Set runtime path of "/home/orthrus1-1/orthrus1-1/install/message/lib/libmessage__rosidl_generator_c.so" to ""
[41.347s] -- Installing: /home/orthrus1-1/orthrus1-1/install/message/lib/libmessage__rosidl_typesupport_c.so
[41.348s] -- Set runtime path of "/home/orthrus1-1/orthrus1-1/install/message/lib/libmessage__rosidl_typesupport_c.so" to ""
[41.348s] -- Installing: /home/orthrus1-1/orthrus1-1/install/message/lib/libmessage__rosidl_typesupport_cpp.so
[41.349s] -- Set runtime path of "/home/orthrus1-1/orthrus1-1/install/message/lib/libmessage__rosidl_typesupport_cpp.so" to ""
[41.349s] -- Up-to-date: /home/orthrus1-1/orthrus1-1/install/message/include/message
[41.350s] -- Up-to-date: /home/orthrus1-1/orthrus1-1/install/message/include/message/srv
[41.350s] -- Installing: /home/orthrus1-1/orthrus1-1/install/message/include/message/srv/motorsend__rosidl_typesupport_introspection_c.h
[41.351s] -- Installing: /home/orthrus1-1/orthrus1-1/install/message/include/message/srv/motorsend__type_support.c
[41.352s] -- Up-to-date: /home/orthrus1-1/orthrus1-1/install/message/include/message/msg
[41.352s] -- Installing: /home/orthrus1-1/orthrus1-1/install/message/include/message/msg/motorcarryout__rosidl_typesupport_introspection_c.h
[41.353s] -- Up-to-date: /home/orthrus1-1/orthrus1-1/install/message/include/message/msg/rosidl_typesupport_introspection_c__visibility_control.h
[41.353s] -- Installing: /home/orthrus1-1/orthrus1-1/install/message/include/message/msg/motorcarryout__type_support.c
[41.354s] -- Installing: /home/orthrus1-1/orthrus1-1/install/message/lib/libmessage__rosidl_typesupport_introspection_c.so
[41.354s] -- Set runtime path of "/home/orthrus1-1/orthrus1-1/install/message/lib/libmessage__rosidl_typesupport_introspection_c.so" to ""
[41.355s] -- Up-to-date: /home/orthrus1-1/orthrus1-1/install/message/include/message
[41.355s] -- Up-to-date: /home/orthrus1-1/orthrus1-1/install/message/include/message/srv
[41.356s] -- Installing: /home/orthrus1-1/orthrus1-1/install/message/include/message/srv/motorsend__rosidl_typesupport_introspection_cpp.hpp
[41.356s] -- Installing: /home/orthrus1-1/orthrus1-1/install/message/include/message/srv/motorsend__type_support.cpp
[41.357s] -- Up-to-date: /home/orthrus1-1/orthrus1-1/install/message/include/message/msg
[41.358s] -- Installing: /home/orthrus1-1/orthrus1-1/install/message/include/message/msg/motorcarryout__type_support.cpp
[41.358s] -- Installing: /home/orthrus1-1/orthrus1-1/install/message/include/message/msg/motorcarryout__rosidl_typesupport_introspection_cpp.hpp
[41.359s] -- Installing: /home/orthrus1-1/orthrus1-1/install/message/lib/libmessage__rosidl_typesupport_introspection_cpp.so
[41.359s] -- Set runtime path of "/home/orthrus1-1/orthrus1-1/install/message/lib/libmessage__rosidl_typesupport_introspection_cpp.so" to ""
[41.360s] -- Up-to-date: /home/orthrus1-1/orthrus1-1/install/message/include/message
[41.360s] -- Up-to-date: /home/orthrus1-1/orthrus1-1/install/message/include/message/srv
[41.361s] -- Installing: /home/orthrus1-1/orthrus1-1/install/message/include/message/srv/motorsend__rosidl_typesupport_fastrtps_c.h
[41.362s] -- Up-to-date: /home/orthrus1-1/orthrus1-1/install/message/include/message/msg
[41.362s] -- Up-to-date: /home/orthrus1-1/orthrus1-1/install/message/include/message/msg/rosidl_typesupport_fastrtps_c__visibility_control.h
[41.363s] -- Installing: /home/orthrus1-1/orthrus1-1/install/message/include/message/msg/motorcarryout__rosidl_typesupport_fastrtps_c.h
[41.363s] -- Installing: /home/orthrus1-1/orthrus1-1/install/message/lib/libmessage__rosidl_typesupport_fastrtps_c.so
[41.364s] -- Set runtime path of "/home/orthrus1-1/orthrus1-1/install/message/lib/libmessage__rosidl_typesupport_fastrtps_c.so" to ""
[41.364s] -- Up-to-date: /home/orthrus1-1/orthrus1-1/install/message/include/message
[41.365s] -- Up-to-date: /home/orthrus1-1/orthrus1-1/install/message/include/message/srv
[41.365s] -- Installing: /home/orthrus1-1/orthrus1-1/install/message/include/message/srv/motorsend__rosidl_typesupport_fastrtps_cpp.hpp
[41.366s] -- Up-to-date: /home/orthrus1-1/orthrus1-1/install/message/include/message/srv/dds_fastrtps
[41.367s] -- Up-to-date: /home/orthrus1-1/orthrus1-1/install/message/include/message/msg
[41.367s] -- Up-to-date: /home/orthrus1-1/orthrus1-1/install/message/include/message/msg/dds_fastrtps
[41.368s] -- Up-to-date: /home/orthrus1-1/orthrus1-1/install/message/include/message/msg/rosidl_typesupport_fastrtps_cpp__visibility_control.h
[41.368s] -- Installing: /home/orthrus1-1/orthrus1-1/install/message/include/message/msg/motorcarryout__rosidl_typesupport_fastrtps_cpp.hpp
[41.369s] -- Installing: /home/orthrus1-1/orthrus1-1/install/message/lib/libmessage__rosidl_typesupport_fastrtps_cpp.so
[41.369s] -- Set runtime path of "/home/orthrus1-1/orthrus1-1/install/message/lib/libmessage__rosidl_typesupport_fastrtps_cpp.so" to ""
[41.370s] -- Up-to-date: /home/orthrus1-1/orthrus1-1/install/message/include/message
[41.370s] -- Up-to-date: /home/orthrus1-1/orthrus1-1/install/message/include/message/srv
[41.371s] -- Installing: /home/orthrus1-1/orthrus1-1/install/message/include/message/srv/motorsend__rosidl_typesupport_opensplice_c.h
[41.371s] -- Up-to-date: /home/orthrus1-1/orthrus1-1/install/message/include/message/srv/dds_opensplice_c
[41.372s] -- Up-to-date: /home/orthrus1-1/orthrus1-1/install/message/include/message/msg
[41.372s] -- Up-to-date: /home/orthrus1-1/orthrus1-1/install/message/include/message/msg/rosidl_typesupport_opensplice_c__visibility_control.h
[41.373s] -- Installing: /home/orthrus1-1/orthrus1-1/install/message/include/message/msg/motorcarryout__rosidl_typesupport_opensplice_c.h
[41.373s] -- Up-to-date: /home/orthrus1-1/orthrus1-1/install/message/include/message/msg/dds_opensplice_c
[41.374s] -- Installing: /home/orthrus1-1/orthrus1-1/install/message/lib/libmessage__rosidl_typesupport_opensplice_c.so
[41.377s] -- Set runtime path of "/home/orthrus1-1/orthrus1-1/install/message/lib/libmessage__rosidl_typesupport_opensplice_c.so" to ""
[41.377s] -- Up-to-date: /home/orthrus1-1/orthrus1-1/install/message/share/message/msg/dds_opensplice
[41.378s] -- Installing: /home/orthrus1-1/orthrus1-1/install/message/share/message/msg/dds_opensplice/Motorcarryout_.idl
[41.379s] -- Up-to-date: /home/orthrus1-1/orthrus1-1/install/message/share/message/srv/dds_opensplice
[41.379s] -- Installing: /home/orthrus1-1/orthrus1-1/install/message/share/message/srv/dds_opensplice/Motorsend_.idl
[41.380s] -- Up-to-date: /home/orthrus1-1/orthrus1-1/install/message/include/message
[41.380s] -- Up-to-date: /home/orthrus1-1/orthrus1-1/install/message/include/message/srv
[41.381s] -- Up-to-date: /home/orthrus1-1/orthrus1-1/install/message/include/message/srv/dds_opensplice
[41.381s] -- Installing: /home/orthrus1-1/orthrus1-1/install/message/include/message/srv/dds_opensplice/Motorsend_.h
[41.382s] -- Installing: /home/orthrus1-1/orthrus1-1/install/message/include/message/srv/dds_opensplice/ccpp_Motorsend_.h
[41.382s] -- Installing: /home/orthrus1-1/orthrus1-1/install/message/include/message/srv/dds_opensplice/Motorsend_SplDcps.h
[41.383s] -- Installing: /home/orthrus1-1/orthrus1-1/install/message/include/message/srv/dds_opensplice/Motorsend_Dcps.h
[41.384s] -- Installing: /home/orthrus1-1/orthrus1-1/install/message/include/message/srv/dds_opensplice/Motorsend_Dcps_impl.h
[41.384s] -- Installing: /home/orthrus1-1/orthrus1-1/install/message/include/message/srv/motorsend__rosidl_typesupport_opensplice_cpp.hpp
[41.385s] -- Up-to-date: /home/orthrus1-1/orthrus1-1/install/message/include/message/msg
[41.385s] -- Up-to-date: /home/orthrus1-1/orthrus1-1/install/message/include/message/msg/dds_opensplice
[41.386s] -- Installing: /home/orthrus1-1/orthrus1-1/install/message/include/message/msg/dds_opensplice/Motorcarryout_Dcps_impl.h
[41.386s] -- Installing: /home/orthrus1-1/orthrus1-1/install/message/include/message/msg/dds_opensplice/Motorcarryout_Dcps.h
[41.387s] -- Installing: /home/orthrus1-1/orthrus1-1/install/message/include/message/msg/dds_opensplice/Motorcarryout_SplDcps.h
[41.387s] -- Installing: /home/orthrus1-1/orthrus1-1/install/message/include/message/msg/dds_opensplice/Motorcarryout_.h
[41.388s] -- Installing: /home/orthrus1-1/orthrus1-1/install/message/include/message/msg/dds_opensplice/ccpp_Motorcarryout_.h
[41.389s] -- Installing: /home/orthrus1-1/orthrus1-1/install/message/include/message/msg/motorcarryout__rosidl_typesupport_opensplice_cpp.hpp
[41.389s] -- Up-to-date: /home/orthrus1-1/orthrus1-1/install/message/include/message/msg/rosidl_typesupport_opensplice_cpp__visibility_control.h
[41.390s] -- Installing: /home/orthrus1-1/orthrus1-1/install/message/lib/libmessage__rosidl_typesupport_opensplice_cpp.so
[41.397s] -- Set runtime path of "/home/orthrus1-1/orthrus1-1/install/message/lib/libmessage__rosidl_typesupport_opensplice_cpp.so" to ""
[41.397s] -- Up-to-date: /home/orthrus1-1/orthrus1-1/install/message/share/message/environment/pythonpath.sh
[41.398s] -- Installing: /home/orthrus1-1/orthrus1-1/install/message/lib/python3.6/site-packages/message/__init__.py
[41.542s] Compiling '/home/orthrus1-1/orthrus1-1/install/message/lib/python3.6/site-packages/message/__init__.py'...
[41.563s] -- Up-to-date: /home/orthrus1-1/orthrus1-1/install/message/lib/python3.6/site-packages/message/msg
[41.564s] -- Installing: /home/orthrus1-1/orthrus1-1/install/message/lib/python3.6/site-packages/message/msg/__init__.py
[41.565s] -- Installing: /home/orthrus1-1/orthrus1-1/install/message/lib/python3.6/site-packages/message/msg/_motorcarryout_s.c
[41.566s] -- Installing: /home/orthrus1-1/orthrus1-1/install/message/lib/python3.6/site-packages/message/msg/_motorcarryout.py
[41.566s] -- Up-to-date: /home/orthrus1-1/orthrus1-1/install/message/lib/python3.6/site-packages/message/srv
[41.567s] -- Installing: /home/orthrus1-1/orthrus1-1/install/message/lib/python3.6/site-packages/message/srv/_motorsend_s.c
[41.567s] -- Installing: /home/orthrus1-1/orthrus1-1/install/message/lib/python3.6/site-packages/message/srv/__init__.py
[41.568s] -- Installing: /home/orthrus1-1/orthrus1-1/install/message/lib/python3.6/site-packages/message/srv/_motorsend.py
[41.568s] -- Installing: /home/orthrus1-1/orthrus1-1/install/message/lib/python3.6/site-packages/message/message_s__rosidl_typesupport_c.cpython-36m-aarch64-linux-gnu.so
[41.570s] -- Set runtime path of "/home/orthrus1-1/orthrus1-1/install/message/lib/python3.6/site-packages/message/message_s__rosidl_typesupport_c.cpython-36m-aarch64-linux-gnu.so" to ""
[41.571s] -- Installing: /home/orthrus1-1/orthrus1-1/install/message/lib/python3.6/site-packages/message/message_s__rosidl_typesupport_fastrtps_c.cpython-36m-aarch64-linux-gnu.so
[41.573s] -- Set runtime path of "/home/orthrus1-1/orthrus1-1/install/message/lib/python3.6/site-packages/message/message_s__rosidl_typesupport_fastrtps_c.cpython-36m-aarch64-linux-gnu.so" to ""
[41.574s] -- Installing: /home/orthrus1-1/orthrus1-1/install/message/lib/python3.6/site-packages/message/message_s__rosidl_typesupport_opensplice_c.cpython-36m-aarch64-linux-gnu.so
[41.576s] -- Set runtime path of "/home/orthrus1-1/orthrus1-1/install/message/lib/python3.6/site-packages/message/message_s__rosidl_typesupport_opensplice_c.cpython-36m-aarch64-linux-gnu.so" to ""
[41.577s] -- Installing: /home/orthrus1-1/orthrus1-1/install/message/lib/libmessage__python.so
[41.578s] -- Set runtime path of "/home/orthrus1-1/orthrus1-1/install/message/lib/libmessage__python.so" to ""
[41.579s] -- Installing: /home/orthrus1-1/orthrus1-1/install/message/share/message/msg/Motorcarryout.idl
[41.579s] -- Up-to-date: /home/orthrus1-1/orthrus1-1/install/message/share/message/srv/Motorsend.idl
[41.580s] -- Installing: /home/orthrus1-1/orthrus1-1/install/message/share/message/msg/Motorcarryout.msg
[41.581s] -- Up-to-date: /home/orthrus1-1/orthrus1-1/install/message/share/message/srv/Motorsend.srv
[41.581s] -- Up-to-date: /home/orthrus1-1/orthrus1-1/install/message/share/message/srv/Motorsend_Request.msg
[41.582s] -- Up-to-date: /home/orthrus1-1/orthrus1-1/install/message/share/message/srv/Motorsend_Response.msg
[41.583s] -- Up-to-date: /home/orthrus1-1/orthrus1-1/install/message/share/ament_index/resource_index/package_run_dependencies/message
[41.583s] -- Installing: /home/orthrus1-1/orthrus1-1/install/message/share/ament_index/resource_index/parent_prefix_path/message
[41.584s] -- Up-to-date: /home/orthrus1-1/orthrus1-1/install/message/share/message/environment/ament_prefix_path.sh
[41.584s] -- Up-to-date: /home/orthrus1-1/orthrus1-1/install/message/share/message/environment/path.sh
[41.585s] -- Up-to-date: /home/orthrus1-1/orthrus1-1/install/message/share/message/local_setup.bash
[41.585s] -- Up-to-date: /home/orthrus1-1/orthrus1-1/install/message/share/message/local_setup.sh
[41.586s] -- Up-to-date: /home/orthrus1-1/orthrus1-1/install/message/share/message/local_setup.zsh
[41.587s] -- Up-to-date: /home/orthrus1-1/orthrus1-1/install/message/share/ament_index/resource_index/packages/message
[41.587s] -- Up-to-date: /home/orthrus1-1/orthrus1-1/install/message/share/message/cmake/rosidl_cmake-extras.cmake
[41.588s] -- Up-to-date: /home/orthrus1-1/orthrus1-1/install/message/share/message/cmake/ament_cmake_export_dependencies-extras.cmake
[41.588s] -- Up-to-date: /home/orthrus1-1/orthrus1-1/install/message/share/message/cmake/ament_cmake_export_include_directories-extras.cmake
[41.589s] -- Up-to-date: /home/orthrus1-1/orthrus1-1/install/message/share/message/cmake/ament_cmake_export_libraries-extras.cmake
[41.589s] -- Up-to-date: /home/orthrus1-1/orthrus1-1/install/message/share/message/cmake/rosidl_cmake_export_typesupport_libraries-extras.cmake
[41.590s] -- Up-to-date: /home/orthrus1-1/orthrus1-1/install/message/share/message/cmake/messageConfig.cmake
[41.591s] -- Up-to-date: /home/orthrus1-1/orthrus1-1/install/message/share/message/cmake/messageConfig-version.cmake
[41.591s] -- Up-to-date: /home/orthrus1-1/orthrus1-1/install/message/share/message/package.xml
[41.599s] Invoked command in '/home/orthrus1-1/orthrus1-1/build/message' returned '0': CMAKE_PREFIX_PATH=/opt/ros/dashing /usr/bin/cmake --build /home/orthrus1-1/orthrus1-1/build/message --target install -- -j4 -l4
