[0.037s] Invoking command in '/home/orthrus1-1/orthrus1-1/build/motor': AMENT_PREFIX_PATH=/home/orthrus1-1/orthrus1-1/install/message:${AMENT_PREFIX_PATH} CMAKE_PREFIX_PATH=/home/orthrus1-1/orthrus1-1/install/message:/opt/ros/dashing LD_LIBRARY_PATH=/home/orthrus1-1/orthrus1-1/install/message/lib:${LD_LIBRARY_PATH} PYTHONPATH=/home/orthrus1-1/orthrus1-1/install/message/lib/python3.6/site-packages:${PYTHONPATH} /usr/bin/cmake --build /home/orthrus1-1/orthrus1-1/build/motor -- -j4 -l4
[0.196s] [35m[1mScanning dependencies of target motor_carryout[0m
[0.251s] [ 50%] Built target check
[0.294s] [ 75%] [32mBuilding CXX object CMakeFiles/motor_carryout.dir/src/motor_carryout.cpp.o[0m
[8.540s] [100%] [32m[1mLinking CXX executable motor_carryout[0m
[9.130s] [100%] Built target motor_carryout
[9.172s] Invoked command in '/home/orthrus1-1/orthrus1-1/build/motor' returned '0': AMENT_PREFIX_PATH=/home/orthrus1-1/orthrus1-1/install/message:${AMENT_PREFIX_PATH} CMAKE_PREFIX_PATH=/home/orthrus1-1/orthrus1-1/install/message:/opt/ros/dashing LD_LIBRARY_PATH=/home/orthrus1-1/orthrus1-1/install/message/lib:${LD_LIBRARY_PATH} PYTHONPATH=/home/orthrus1-1/orthrus1-1/install/message/lib/python3.6/site-packages:${PYTHONPATH} /usr/bin/cmake --build /home/orthrus1-1/orthrus1-1/build/motor -- -j4 -l4
[9.268s] Invoking command in '/home/orthrus1-1/orthrus1-1/build/motor': AMENT_PREFIX_PATH=/home/orthrus1-1/orthrus1-1/install/message:${AMENT_PREFIX_PATH} CMAKE_PREFIX_PATH=/home/orthrus1-1/orthrus1-1/install/message:/opt/ros/dashing LD_LIBRARY_PATH=/home/orthrus1-1/orthrus1-1/install/message/lib:${LD_LIBRARY_PATH} PYTHONPATH=/home/orthrus1-1/orthrus1-1/install/message/lib/python3.6/site-packages:${PYTHONPATH} /usr/bin/cmake --build /home/orthrus1-1/orthrus1-1/build/motor --target install -- -j4 -l4
[9.487s] [100%] Built target check
[9.488s] [100%] Built target motor_carryout
[9.558s] [36mInstall the project...[0m
[9.592s] -- Install configuration: ""
[9.593s] -- Installing: /home/orthrus1-1/orthrus1-1/install/motor/include
[9.593s] -- Installing: /home/orthrus1-1/orthrus1-1/install/motor/include/unitree_motor_ctrl
[9.594s] -- Installing: /home/orthrus1-1/orthrus1-1/install/motor/include/unitree_motor_ctrl/motor_ctrl.h
[9.595s] -- Installing: /home/orthrus1-1/orthrus1-1/install/motor/include/unitree_motor_ctrl/motor_msg.h
[9.595s] -- Installing: /home/orthrus1-1/orthrus1-1/install/motor/include/unitree_motor_ctrl/LSerial.h
[9.596s] -- Installing: /home/orthrus1-1/orthrus1-1/install/motor/include/motor
[9.597s] -- Installing: /home/orthrus1-1/orthrus1-1/install/motor/include/kinetics
[9.597s] -- Installing: /home/orthrus1-1/orthrus1-1/install/motor/include/kinetics/leg_NN.cpp
[9.598s] -- Installing: /home/orthrus1-1/orthrus1-1/install/motor/include/kinetics/leg_NN.h
[9.598s] -- Installing: /home/orthrus1-1/orthrus1-1/install/motor/include/kinetics/retroduction.h
[9.599s] -- Installing: /home/orthrus1-1/orthrus1-1/install/motor/include/kinetics/predict_foot.h
[9.600s] -- Installing: /home/orthrus1-1/orthrus1-1/install/motor/include/kinetics/predict_foot.cpp
[9.600s] -- Installing: /home/orthrus1-1/orthrus1-1/install/motor/include/kinetics/retroduction.cpp
[9.601s] -- Installing: /home/orthrus1-1/orthrus1-1/install/motor/lib
[9.601s] -- Installing: /home/orthrus1-1/orthrus1-1/install/motor/lib/libUnitree_motor_SDK_ARM64.so
[9.602s] -- Installing: /home/orthrus1-1/orthrus1-1/install/motor/lib/motor/check
[9.602s] -- Set runtime path of "/home/orthrus1-1/orthrus1-1/install/motor/lib/motor/check" to ""
[9.603s] -- Installing: /home/orthrus1-1/orthrus1-1/install/motor/lib/motor/motor_carryout
[9.603s] -- Set runtime path of "/home/orthrus1-1/orthrus1-1/install/motor/lib/motor/motor_carryout" to ""
[9.604s] -- Installing: /home/orthrus1-1/orthrus1-1/install/motor/share/ament_index/resource_index/package_run_dependencies/motor
[9.605s] -- Installing: /home/orthrus1-1/orthrus1-1/install/motor/share/ament_index/resource_index/parent_prefix_path/motor
[9.606s] -- Installing: /home/orthrus1-1/orthrus1-1/install/motor/share/motor/environment/ament_prefix_path.sh
[9.606s] -- Installing: /home/orthrus1-1/orthrus1-1/install/motor/share/motor/environment/path.sh
[9.607s] -- Installing: /home/orthrus1-1/orthrus1-1/install/motor/share/motor/local_setup.bash
[9.608s] -- Installing: /home/orthrus1-1/orthrus1-1/install/motor/share/motor/local_setup.sh
[9.608s] -- Installing: /home/orthrus1-1/orthrus1-1/install/motor/share/motor/local_setup.zsh
[9.609s] -- Installing: /home/orthrus1-1/orthrus1-1/install/motor/share/ament_index/resource_index/packages/motor
[9.609s] -- Installing: /home/orthrus1-1/orthrus1-1/install/motor/share/motor/cmake/motorConfig.cmake
[9.610s] -- Installing: /home/orthrus1-1/orthrus1-1/install/motor/share/motor/cmake/motorConfig-version.cmake
[9.611s] -- Installing: /home/orthrus1-1/orthrus1-1/install/motor/share/motor/package.xml
[9.626s] Invoked command in '/home/orthrus1-1/orthrus1-1/build/motor' returned '0': AMENT_PREFIX_PATH=/home/orthrus1-1/orthrus1-1/install/message:${AMENT_PREFIX_PATH} CMAKE_PREFIX_PATH=/home/orthrus1-1/orthrus1-1/install/message:/opt/ros/dashing LD_LIBRARY_PATH=/home/orthrus1-1/orthrus1-1/install/message/lib:${LD_LIBRARY_PATH} PYTHONPATH=/home/orthrus1-1/orthrus1-1/install/message/lib/python3.6/site-packages:${PYTHONPATH} /usr/bin/cmake --build /home/orthrus1-1/orthrus1-1/build/motor --target install -- -j4 -l4
