[0.059s] Invoking command in '/home/orthrus1-1/orthrus1-1/build/message': CMAKE_PREFIX_PATH=/opt/ros/dashing /usr/bin/cmake --build /home/orthrus1-1/orthrus1-1/build/message -- -j4 -l4
[0.166s] -- Found ament_cmake: 0.7.6 (/opt/ros/dashing/share/ament_cmake/cmake)
[0.271s] -- Found PythonInterp: /usr/bin/python3 (found suitable version "3.6.9", minimum required is "3") 
[0.271s] -- Using PYTHON_EXECUTABLE: /usr/bin/python3
[1.183s] -- Found builtin_interfaces: 0.7.4 (/opt/ros/dashing/share/builtin_interfaces/cmake)
[1.212s] -- Found rosidl_adapter: 0.7.10 (/opt/ros/dashing/share/rosidl_adapter/cmake)
[1.315s] -- Found geometry_msgs: 0.7.0 (/opt/ros/dashing/share/geometry_msgs/cmake)
[1.356s] -- Found rosidl_default_generators: 0.7.0 (/opt/ros/dashing/share/rosidl_default_generators/cmake)
[1.810s] -- Found PrismTech OpenSplice: /usr/share/opensplice/cmake
[2.003s] -- Found PythonInterp: /usr/bin/python3 (found version "3.6.9") 
[3.392s] -- Using all available rosidl_typesupport_c: rosidl_typesupport_fastrtps_c;rosidl_typesupport_introspection_c;rosidl_typesupport_opensplice_c
[3.582s] -- Using all available rosidl_typesupport_cpp: rosidl_typesupport_fastrtps_cpp;rosidl_typesupport_introspection_cpp;rosidl_typesupport_opensplice_cpp
[5.294s] -- Found rmw_implementation_cmake: 0.7.2 (/opt/ros/dashing/share/rmw_implementation_cmake/cmake)
[5.401s] -- Found PythonInterp: /usr/bin/python3 (found suitable version "3.6.9", minimum required is "3.5") 
[5.402s] -- Found python_cmake_module: 0.7.11 (/opt/ros/dashing/share/python_cmake_module/cmake)
[5.510s] -- Using PYTHON_EXECUTABLE: /usr/bin/python3
[5.511s] -- Using PYTHON_INCLUDE_DIRS: /usr/include/python3.6m
[5.511s] -- Using PYTHON_LIBRARIES: /usr/lib/aarch64-linux-gnu/libpython3.6m.so
[6.164s] -- Found ament_lint_auto: 0.7.12 (/opt/ros/dashing/share/ament_lint_auto/cmake)
[6.214s] -- Added test 'lint_cmake' to check CMake code style
[6.219s] -- Added test 'xmllint' to check XML markup files
[6.236s] -- Configuring done
[6.928s] -- Generating done
[6.946s] -- Build files have been written to: /home/orthrus1-1/orthrus1-1/build/message
[7.045s] [  1%] [34m[1mGenerating C code for ROS interfaces[0m
[7.085s] [  2%] [34m[1mGenerating C++ code for ROS interfaces[0m
[7.099s] [  4%] [34m[1mGenerating DDS interfaces[0m
[9.988s] [  4%] Built target message__dds_opensplice_idl
[10.390s] [  4%] Built target message__cpp
[10.455s] [  7%] [34m[1mGenerating C++ introspection for ROS interfaces[0m
[10.456s] [  7%] [34m[1mGenerating C++ type support dispatch for ROS interfaces[0m
[10.501s] [  8%] [34m[1mGenerating C++ type support for PrismTech OpenSplice[0m
[10.665s] [35m[1mScanning dependencies of target message__rosidl_generator_c[0m
[10.719s] [ 10%] [32mBuilding C object CMakeFiles/message__rosidl_generator_c.dir/rosidl_generator_c/message/msg/motorcarryout__functions.c.o[0m
[10.868s] [ 11%] [32mBuilding C object CMakeFiles/message__rosidl_generator_c.dir/rosidl_generator_c/message/srv/motorsend__functions.c.o[0m
[11.030s] [ 13%] [32m[1mLinking C shared library libmessage__rosidl_generator_c.so[0m
[11.199s] [ 13%] Built target message__rosidl_generator_c
[11.246s] [ 14%] [34m[1mGenerating C++ type support for eProsima Fast-RTPS[0m
[13.413s] [35m[1mScanning dependencies of target message__rosidl_typesupport_cpp[0m
[13.469s] [ 16%] [32mBuilding CXX object CMakeFiles/message__rosidl_typesupport_cpp.dir/rosidl_typesupport_cpp/message/msg/motorcarryout__type_support.cpp.o[0m
[13.800s] [35m[1mScanning dependencies of target message__rosidl_typesupport_introspection_cpp[0m
[13.865s] [ 17%] [32mBuilding CXX object CMakeFiles/message__rosidl_typesupport_introspection_cpp.dir/rosidl_typesupport_introspection_cpp/message/msg/motorcarryout__type_support.cpp.o[0m
[14.481s] [ 19%] [32mBuilding CXX object CMakeFiles/message__rosidl_typesupport_cpp.dir/rosidl_typesupport_cpp/message/srv/motorsend__type_support.cpp.o[0m
[14.920s] [ 20%] [32mBuilding CXX object CMakeFiles/message__rosidl_typesupport_introspection_cpp.dir/rosidl_typesupport_introspection_cpp/message/srv/motorsend__type_support.cpp.o[0m
[15.110s] [35m[1mScanning dependencies of target message__rosidl_typesupport_fastrtps_cpp[0m
[15.184s] [ 22%] [32mBuilding CXX object CMakeFiles/message__rosidl_typesupport_fastrtps_cpp.dir/rosidl_typesupport_fastrtps_cpp/message/msg/dds_fastrtps/motorcarryout__type_support.cpp.o[0m
[15.273s] [35m[1mScanning dependencies of target message__rosidl_typesupport_opensplice_cpp[0m
[15.551s] [ 23%] [32mBuilding CXX object CMakeFiles/message__rosidl_typesupport_opensplice_cpp.dir/rosidl_typesupport_opensplice_cpp/message/msg/dds_opensplice/motorcarryout__type_support.cpp.o[0m
[15.622s] [ 25%] [32m[1mLinking CXX shared library libmessage__rosidl_typesupport_cpp.so[0m
[15.810s] [ 25%] Built target message__rosidl_typesupport_cpp
[15.854s] [ 26%] [32mBuilding CXX object CMakeFiles/message__rosidl_typesupport_opensplice_cpp.dir/rosidl_typesupport_opensplice_cpp/message/srv/dds_opensplice/motorsend__type_support.cpp.o[0m
[15.951s] [ 28%] [32m[1mLinking CXX shared library libmessage__rosidl_typesupport_introspection_cpp.so[0m
[16.137s] [ 28%] Built target message__rosidl_typesupport_introspection_cpp
[16.178s] [ 29%] [32mBuilding CXX object CMakeFiles/message__rosidl_typesupport_opensplice_cpp.dir/rosidl_typesupport_opensplice_cpp/message/msg/dds_opensplice/Motorcarryout_.cpp.o[0m
[16.625s] [ 31%] [32mBuilding CXX object CMakeFiles/message__rosidl_typesupport_opensplice_cpp.dir/rosidl_typesupport_opensplice_cpp/message/msg/dds_opensplice/Motorcarryout_Dcps.cpp.o[0m
[16.953s] [ 32%] [32mBuilding CXX object CMakeFiles/message__rosidl_typesupport_fastrtps_cpp.dir/rosidl_typesupport_fastrtps_cpp/message/srv/dds_fastrtps/motorsend__type_support.cpp.o[0m
[17.303s] [ 34%] [32mBuilding CXX object CMakeFiles/message__rosidl_typesupport_opensplice_cpp.dir/rosidl_typesupport_opensplice_cpp/message/msg/dds_opensplice/Motorcarryout_Dcps_impl.cpp.o[0m
[17.927s] [ 35%] [32mBuilding CXX object CMakeFiles/message__rosidl_typesupport_opensplice_cpp.dir/rosidl_typesupport_opensplice_cpp/message/msg/dds_opensplice/Motorcarryout_SplDcps.cpp.o[0m
[18.623s] [ 37%] [32mBuilding CXX object CMakeFiles/message__rosidl_typesupport_opensplice_cpp.dir/rosidl_typesupport_opensplice_cpp/message/srv/dds_opensplice/Motorsend_.cpp.o[0m
[18.678s] [ 38%] [32m[1mLinking CXX shared library libmessage__rosidl_typesupport_fastrtps_cpp.so[0m
[18.822s] [ 40%] [32mBuilding CXX object CMakeFiles/message__rosidl_typesupport_opensplice_cpp.dir/rosidl_typesupport_opensplice_cpp/message/srv/dds_opensplice/Motorsend_Dcps.cpp.o[0m
[19.066s] [ 40%] Built target message__rosidl_typesupport_fastrtps_cpp
[19.096s] [ 41%] [32mBuilding CXX object CMakeFiles/message__rosidl_typesupport_opensplice_cpp.dir/rosidl_typesupport_opensplice_cpp/message/srv/dds_opensplice/Motorsend_Dcps_impl.cpp.o[0m
[19.116s] [ 43%] [34m[1mGenerating C type support dispatch for ROS interfaces[0m
[19.821s] [ 44%] [34m[1mGenerating C introspection for ROS interfaces[0m
[20.173s] [ 46%] [32mBuilding CXX object CMakeFiles/message__rosidl_typesupport_opensplice_cpp.dir/rosidl_typesupport_opensplice_cpp/message/srv/dds_opensplice/Motorsend_SplDcps.cpp.o[0m
[21.234s] [ 47%] [34m[1mGenerating C type support for eProsima Fast-RTPS[0m
[21.831s] [ 49%] [32m[1mLinking CXX shared library libmessage__rosidl_typesupport_opensplice_cpp.so[0m
[22.322s] [35m[1mScanning dependencies of target message__rosidl_typesupport_c[0m
[22.383s] [ 50%] [32mBuilding CXX object CMakeFiles/message__rosidl_typesupport_c.dir/rosidl_typesupport_c/message/msg/motorcarryout__type_support.cpp.o[0m
[22.506s] [ 52%] [32mBuilding CXX object CMakeFiles/message__rosidl_typesupport_c.dir/rosidl_typesupport_c/message/srv/motorsend__type_support.cpp.o[0m
[22.628s] [ 53%] [32m[1mLinking CXX shared library libmessage__rosidl_typesupport_c.so[0m
[22.772s] [ 55%] Built target message__rosidl_typesupport_opensplice_cpp
[22.806s] [ 55%] Built target message__rosidl_typesupport_c
[22.855s] [ 56%] [34m[1mGenerating C type support for PrismTech OpenSplice[0m
[23.386s] [35m[1mScanning dependencies of target message__rosidl_typesupport_introspection_c[0m
[23.443s] [ 58%] [32mBuilding C object CMakeFiles/message__rosidl_typesupport_introspection_c.dir/rosidl_typesupport_introspection_c/message/msg/motorcarryout__type_support.c.o[0m
[23.449s] [ 59%] [32mBuilding C object CMakeFiles/message__rosidl_typesupport_introspection_c.dir/rosidl_typesupport_introspection_c/message/srv/motorsend__type_support.c.o[0m
[23.567s] [ 61%] [32m[1mLinking C shared library libmessage__rosidl_typesupport_introspection_c.so[0m
[23.708s] [ 61%] Built target message__rosidl_typesupport_introspection_c
[25.036s] [35m[1mScanning dependencies of target message__rosidl_typesupport_fastrtps_c[0m
[25.114s] [ 62%] [32mBuilding CXX object CMakeFiles/message__rosidl_typesupport_fastrtps_c.dir/rosidl_typesupport_fastrtps_c/message/msg/motorcarryout__type_support_c.cpp.o[0m
[25.124s] [ 64%] [32mBuilding CXX object CMakeFiles/message__rosidl_typesupport_fastrtps_c.dir/rosidl_typesupport_fastrtps_c/message/srv/motorsend__type_support_c.cpp.o[0m
[26.474s] [ 65%] [32m[1mLinking CXX shared library libmessage__rosidl_typesupport_fastrtps_c.so[0m
[26.525s] [35m[1mScanning dependencies of target message__rosidl_typesupport_opensplice_c[0m
[26.833s] [ 67%] [32mBuilding CXX object CMakeFiles/message__rosidl_typesupport_opensplice_c.dir/rosidl_typesupport_opensplice_c/message/srv/dds_opensplice_c/motorsend__type_support_c.cpp.o[0m
[26.837s] [ 68%] [32mBuilding CXX object CMakeFiles/message__rosidl_typesupport_opensplice_c.dir/rosidl_typesupport_opensplice_c/message/msg/dds_opensplice_c/motorcarryout__type_support_c.cpp.o[0m
[26.849s] [ 70%] [32mBuilding CXX object CMakeFiles/message__rosidl_typesupport_opensplice_c.dir/rosidl_typesupport_opensplice_cpp/message/msg/dds_opensplice/Motorcarryout_.cpp.o[0m
[26.876s] [ 70%] Built target message__rosidl_typesupport_fastrtps_c
[26.914s] [ 71%] [32mBuilding CXX object CMakeFiles/message__rosidl_typesupport_opensplice_c.dir/rosidl_typesupport_opensplice_cpp/message/msg/dds_opensplice/Motorcarryout_Dcps.cpp.o[0m
[27.305s] [ 73%] [32mBuilding CXX object CMakeFiles/message__rosidl_typesupport_opensplice_c.dir/rosidl_typesupport_opensplice_cpp/message/msg/dds_opensplice/Motorcarryout_Dcps_impl.cpp.o[0m
[27.604s] [ 74%] [32mBuilding CXX object CMakeFiles/message__rosidl_typesupport_opensplice_c.dir/rosidl_typesupport_opensplice_cpp/message/msg/dds_opensplice/Motorcarryout_SplDcps.cpp.o[0m
[28.490s] [ 76%] [32mBuilding CXX object CMakeFiles/message__rosidl_typesupport_opensplice_c.dir/rosidl_typesupport_opensplice_cpp/message/srv/dds_opensplice/Motorsend_.cpp.o[0m
[28.656s] [ 77%] [32mBuilding CXX object CMakeFiles/message__rosidl_typesupport_opensplice_c.dir/rosidl_typesupport_opensplice_cpp/message/srv/dds_opensplice/Motorsend_Dcps.cpp.o[0m
[28.871s] [ 79%] [32mBuilding CXX object CMakeFiles/message__rosidl_typesupport_opensplice_c.dir/rosidl_typesupport_opensplice_cpp/message/srv/dds_opensplice/Motorsend_Dcps_impl.cpp.o[0m
[28.965s] [ 80%] [32mBuilding CXX object CMakeFiles/message__rosidl_typesupport_opensplice_c.dir/rosidl_typesupport_opensplice_cpp/message/srv/dds_opensplice/Motorsend_SplDcps.cpp.o[0m
[31.475s] [ 82%] [32m[1mLinking CXX shared library libmessage__rosidl_typesupport_opensplice_c.so[0m
[32.567s] [ 85%] Built target message__rosidl_typesupport_opensplice_c
[32.647s] [ 85%] Built target message
[32.729s] [ 86%] [34m[1mGenerating Python code for ROS interfaces[0m
[39.789s] [ 86%] Built target message__py
[39.834s] [35m[1mScanning dependencies of target message__python[0m
[39.905s] [ 89%] [32mBuilding C object CMakeFiles/message__python.dir/rosidl_generator_py/message/msg/_motorcarryout_s.c.o[0m
[39.906s] [ 89%] [32mBuilding C object CMakeFiles/message__python.dir/rosidl_generator_py/message/srv/_motorsend_s.c.o[0m
[40.633s] [ 91%] [32m[1mLinking C shared library rosidl_generator_py/message/libmessage__python.so[0m
[40.824s] [ 91%] Built target message__python
[40.873s] [35m[1mScanning dependencies of target message__rosidl_typesupport_c__pyext[0m
[40.874s] [35m[1mScanning dependencies of target message__rosidl_typesupport_fastrtps_c__pyext[0m
[40.874s] [35m[1mScanning dependencies of target message__rosidl_typesupport_opensplice_c__pyext[0m
[40.954s] [ 92%] [32mBuilding C object CMakeFiles/message__rosidl_typesupport_fastrtps_c__pyext.dir/rosidl_generator_py/message/_message_s.ep.rosidl_typesupport_fastrtps_c.c.o[0m
[40.959s] [ 94%] [32mBuilding C object CMakeFiles/message__rosidl_typesupport_c__pyext.dir/rosidl_generator_py/message/_message_s.ep.rosidl_typesupport_c.c.o[0m
[40.972s] [ 95%] [32mBuilding C object CMakeFiles/message__rosidl_typesupport_opensplice_c__pyext.dir/rosidl_generator_py/message/_message_s.ep.rosidl_typesupport_opensplice_c.c.o[0m
[41.277s] [ 97%] [32m[1mLinking C shared library rosidl_generator_py/message/message_s__rosidl_typesupport_c.cpython-36m-aarch64-linux-gnu.so[0m
[41.287s] [ 98%] [32m[1mLinking C shared library rosidl_generator_py/message/message_s__rosidl_typesupport_fastrtps_c.cpython-36m-aarch64-linux-gnu.so[0m
[41.307s] [100%] [32m[1mLinking C shared library rosidl_generator_py/message/message_s__rosidl_typesupport_opensplice_c.cpython-36m-aarch64-linux-gnu.so[0m
[41.594s] [100%] Built target message__rosidl_typesupport_c__pyext
[41.659s] [100%] Built target message__rosidl_typesupport_fastrtps_c__pyext
[41.733s] [100%] Built target message__rosidl_typesupport_opensplice_c__pyext
[41.782s] Invoked command in '/home/orthrus1-1/orthrus1-1/build/message' returned '0': CMAKE_PREFIX_PATH=/opt/ros/dashing /usr/bin/cmake --build /home/orthrus1-1/orthrus1-1/build/message -- -j4 -l4
[42.128s] Invoking command in '/home/orthrus1-1/orthrus1-1/build/message': CMAKE_PREFIX_PATH=/opt/ros/dashing /usr/bin/cmake --build /home/orthrus1-1/orthrus1-1/build/message --target install -- -j4 -l4
[42.334s] [  1%] Built target message__cpp
[42.337s] [  2%] Built target message__dds_opensplice_idl
[42.343s] [  8%] Built target message__rosidl_generator_c
[42.434s] [ 14%] Built target message__rosidl_typesupport_cpp
[42.448s] [ 20%] Built target message__rosidl_typesupport_introspection_cpp
[42.476s] [ 26%] Built target message__rosidl_typesupport_fastrtps_cpp
[42.548s] [ 32%] Built target message__rosidl_typesupport_c
[42.555s] [ 52%] Built target message__rosidl_typesupport_opensplice_cpp
[42.577s] [ 58%] Built target message__rosidl_typesupport_introspection_c
[42.620s] [ 64%] Built target message__rosidl_typesupport_fastrtps_c
[42.748s] [ 85%] Built target message__rosidl_typesupport_opensplice_c
[42.828s] [ 85%] Built target message
[42.911s] [ 86%] Built target message__py
[43.024s] [ 91%] Built target message__python
[43.146s] [ 97%] Built target message__rosidl_typesupport_fastrtps_c__pyext
[43.147s] [ 97%] Built target message__rosidl_typesupport_c__pyext
[43.148s] [100%] Built target message__rosidl_typesupport_opensplice_c__pyext
[43.224s] [36mInstall the project...[0m
[43.260s] -- Install configuration: ""
[43.261s] -- Up-to-date: /home/orthrus1-1/orthrus1-1/install/message/share/ament_index/resource_index/rosidl_interfaces/message
[43.262s] -- Up-to-date: /home/orthrus1-1/orthrus1-1/install/message/include/message
[43.263s] -- Up-to-date: /home/orthrus1-1/orthrus1-1/install/message/include/message/srv
[43.264s] -- Installing: /home/orthrus1-1/orthrus1-1/install/message/include/message/srv/motorsend.hpp
[43.264s] -- Installing: /home/orthrus1-1/orthrus1-1/install/message/include/message/srv/motorsend__struct.hpp
[43.266s] -- Installing: /home/orthrus1-1/orthrus1-1/install/message/include/message/srv/motorsend__traits.hpp
[43.267s] -- Up-to-date: /home/orthrus1-1/orthrus1-1/install/message/include/message/msg
[43.267s] -- Installing: /home/orthrus1-1/orthrus1-1/install/message/include/message/msg/motorcarryout.hpp
[43.268s] -- Installing: /home/orthrus1-1/orthrus1-1/install/message/include/message/msg/motorcarryout__struct.hpp
[43.268s] -- Installing: /home/orthrus1-1/orthrus1-1/install/message/include/message/msg/motorcarryout__traits.hpp
[43.269s] -- Up-to-date: /home/orthrus1-1/orthrus1-1/install/message/include/message
[43.270s] -- Up-to-date: /home/orthrus1-1/orthrus1-1/install/message/include/message/srv
[43.270s] -- Installing: /home/orthrus1-1/orthrus1-1/install/message/include/message/srv/motorsend__functions.c
[43.271s] -- Installing: /home/orthrus1-1/orthrus1-1/install/message/include/message/srv/motorsend__type_support.h
[43.271s] -- Installing: /home/orthrus1-1/orthrus1-1/install/message/include/message/srv/motorsend__struct.h
[43.272s] -- Installing: /home/orthrus1-1/orthrus1-1/install/message/include/message/srv/motorsend.h
[43.272s] -- Installing: /home/orthrus1-1/orthrus1-1/install/message/include/message/srv/motorsend__functions.h
[43.273s] -- Up-to-date: /home/orthrus1-1/orthrus1-1/install/message/include/message/msg
[43.273s] -- Installing: /home/orthrus1-1/orthrus1-1/install/message/include/message/msg/motorcarryout__functions.c
[43.274s] -- Installing: /home/orthrus1-1/orthrus1-1/install/message/include/message/msg/motorcarryout__type_support.h
[43.274s] -- Installing: /home/orthrus1-1/orthrus1-1/install/message/include/message/msg/motorcarryout__functions.h
[43.275s] -- Installing: /home/orthrus1-1/orthrus1-1/install/message/include/message/msg/motorcarryout__struct.h
[43.275s] -- Up-to-date: /home/orthrus1-1/orthrus1-1/install/message/include/message/msg/rosidl_generator_c__visibility_control.h
[43.276s] -- Installing: /home/orthrus1-1/orthrus1-1/install/message/include/message/msg/motorcarryout.h
[43.277s] -- Up-to-date: /home/orthrus1-1/orthrus1-1/install/message/share/message/environment/library_path.sh
[43.277s] -- Installing: /home/orthrus1-1/orthrus1-1/install/message/lib/libmessage__rosidl_generator_c.so
[43.278s] -- Set runtime path of "/home/orthrus1-1/orthrus1-1/install/message/lib/libmessage__rosidl_generator_c.so" to ""
[43.278s] -- Installing: /home/orthrus1-1/orthrus1-1/install/message/lib/libmessage__rosidl_typesupport_c.so
[43.279s] -- Set runtime path of "/home/orthrus1-1/orthrus1-1/install/message/lib/libmessage__rosidl_typesupport_c.so" to ""
[43.279s] -- Installing: /home/orthrus1-1/orthrus1-1/install/message/lib/libmessage__rosidl_typesupport_cpp.so
[43.280s] -- Set runtime path of "/home/orthrus1-1/orthrus1-1/install/message/lib/libmessage__rosidl_typesupport_cpp.so" to ""
[43.280s] -- Up-to-date: /home/orthrus1-1/orthrus1-1/install/message/include/message
[43.281s] -- Up-to-date: /home/orthrus1-1/orthrus1-1/install/message/include/message/srv
[43.282s] -- Installing: /home/orthrus1-1/orthrus1-1/install/message/include/message/srv/motorsend__rosidl_typesupport_introspection_c.h
[43.282s] -- Installing: /home/orthrus1-1/orthrus1-1/install/message/include/message/srv/motorsend__type_support.c
[43.283s] -- Up-to-date: /home/orthrus1-1/orthrus1-1/install/message/include/message/msg
[43.284s] -- Installing: /home/orthrus1-1/orthrus1-1/install/message/include/message/msg/motorcarryout__rosidl_typesupport_introspection_c.h
[43.284s] -- Up-to-date: /home/orthrus1-1/orthrus1-1/install/message/include/message/msg/rosidl_typesupport_introspection_c__visibility_control.h
[43.285s] -- Installing: /home/orthrus1-1/orthrus1-1/install/message/include/message/msg/motorcarryout__type_support.c
[43.285s] -- Installing: /home/orthrus1-1/orthrus1-1/install/message/lib/libmessage__rosidl_typesupport_introspection_c.so
[43.286s] -- Set runtime path of "/home/orthrus1-1/orthrus1-1/install/message/lib/libmessage__rosidl_typesupport_introspection_c.so" to ""
[43.286s] -- Up-to-date: /home/orthrus1-1/orthrus1-1/install/message/include/message
[43.287s] -- Up-to-date: /home/orthrus1-1/orthrus1-1/install/message/include/message/srv
[43.287s] -- Installing: /home/orthrus1-1/orthrus1-1/install/message/include/message/srv/motorsend__rosidl_typesupport_introspection_cpp.hpp
[43.288s] -- Installing: /home/orthrus1-1/orthrus1-1/install/message/include/message/srv/motorsend__type_support.cpp
[43.289s] -- Up-to-date: /home/orthrus1-1/orthrus1-1/install/message/include/message/msg
[43.289s] -- Installing: /home/orthrus1-1/orthrus1-1/install/message/include/message/msg/motorcarryout__type_support.cpp
[43.290s] -- Installing: /home/orthrus1-1/orthrus1-1/install/message/include/message/msg/motorcarryout__rosidl_typesupport_introspection_cpp.hpp
[43.290s] -- Installing: /home/orthrus1-1/orthrus1-1/install/message/lib/libmessage__rosidl_typesupport_introspection_cpp.so
[43.291s] -- Set runtime path of "/home/orthrus1-1/orthrus1-1/install/message/lib/libmessage__rosidl_typesupport_introspection_cpp.so" to ""
[43.291s] -- Up-to-date: /home/orthrus1-1/orthrus1-1/install/message/include/message
[43.292s] -- Up-to-date: /home/orthrus1-1/orthrus1-1/install/message/include/message/srv
[43.293s] -- Installing: /home/orthrus1-1/orthrus1-1/install/message/include/message/srv/motorsend__rosidl_typesupport_fastrtps_c.h
[43.293s] -- Up-to-date: /home/orthrus1-1/orthrus1-1/install/message/include/message/msg
[43.294s] -- Up-to-date: /home/orthrus1-1/orthrus1-1/install/message/include/message/msg/rosidl_typesupport_fastrtps_c__visibility_control.h
[43.294s] -- Installing: /home/orthrus1-1/orthrus1-1/install/message/include/message/msg/motorcarryout__rosidl_typesupport_fastrtps_c.h
[43.295s] -- Installing: /home/orthrus1-1/orthrus1-1/install/message/lib/libmessage__rosidl_typesupport_fastrtps_c.so
[43.295s] -- Set runtime path of "/home/orthrus1-1/orthrus1-1/install/message/lib/libmessage__rosidl_typesupport_fastrtps_c.so" to ""
[43.296s] -- Up-to-date: /home/orthrus1-1/orthrus1-1/install/message/include/message
[43.297s] -- Up-to-date: /home/orthrus1-1/orthrus1-1/install/message/include/message/srv
[43.297s] -- Installing: /home/orthrus1-1/orthrus1-1/install/message/include/message/srv/motorsend__rosidl_typesupport_fastrtps_cpp.hpp
[43.298s] -- Up-to-date: /home/orthrus1-1/orthrus1-1/install/message/include/message/srv/dds_fastrtps
[43.298s] -- Up-to-date: /home/orthrus1-1/orthrus1-1/install/message/include/message/msg
[43.299s] -- Up-to-date: /home/orthrus1-1/orthrus1-1/install/message/include/message/msg/dds_fastrtps
[43.299s] -- Up-to-date: /home/orthrus1-1/orthrus1-1/install/message/include/message/msg/rosidl_typesupport_fastrtps_cpp__visibility_control.h
[43.300s] -- Installing: /home/orthrus1-1/orthrus1-1/install/message/include/message/msg/motorcarryout__rosidl_typesupport_fastrtps_cpp.hpp
[43.300s] -- Installing: /home/orthrus1-1/orthrus1-1/install/message/lib/libmessage__rosidl_typesupport_fastrtps_cpp.so
[43.301s] -- Set runtime path of "/home/orthrus1-1/orthrus1-1/install/message/lib/libmessage__rosidl_typesupport_fastrtps_cpp.so" to ""
[43.301s] -- Up-to-date: /home/orthrus1-1/orthrus1-1/install/message/include/message
[43.302s] -- Up-to-date: /home/orthrus1-1/orthrus1-1/install/message/include/message/srv
[43.302s] -- Installing: /home/orthrus1-1/orthrus1-1/install/message/include/message/srv/motorsend__rosidl_typesupport_opensplice_c.h
[43.303s] -- Up-to-date: /home/orthrus1-1/orthrus1-1/install/message/include/message/srv/dds_opensplice_c
[43.303s] -- Up-to-date: /home/orthrus1-1/orthrus1-1/install/message/include/message/msg
[43.304s] -- Up-to-date: /home/orthrus1-1/orthrus1-1/install/message/include/message/msg/rosidl_typesupport_opensplice_c__visibility_control.h
[43.304s] -- Installing: /home/orthrus1-1/orthrus1-1/install/message/include/message/msg/motorcarryout__rosidl_typesupport_opensplice_c.h
[43.305s] -- Up-to-date: /home/orthrus1-1/orthrus1-1/install/message/include/message/msg/dds_opensplice_c
[43.305s] -- Installing: /home/orthrus1-1/orthrus1-1/install/message/lib/libmessage__rosidl_typesupport_opensplice_c.so
[43.308s] -- Set runtime path of "/home/orthrus1-1/orthrus1-1/install/message/lib/libmessage__rosidl_typesupport_opensplice_c.so" to ""
[43.309s] -- Up-to-date: /home/orthrus1-1/orthrus1-1/install/message/share/message/msg/dds_opensplice
[43.310s] -- Installing: /home/orthrus1-1/orthrus1-1/install/message/share/message/msg/dds_opensplice/Motorcarryout_.idl
[43.310s] -- Up-to-date: /home/orthrus1-1/orthrus1-1/install/message/share/message/srv/dds_opensplice
[43.311s] -- Installing: /home/orthrus1-1/orthrus1-1/install/message/share/message/srv/dds_opensplice/Motorsend_.idl
[43.311s] -- Up-to-date: /home/orthrus1-1/orthrus1-1/install/message/include/message
[43.312s] -- Up-to-date: /home/orthrus1-1/orthrus1-1/install/message/include/message/srv
[43.313s] -- Up-to-date: /home/orthrus1-1/orthrus1-1/install/message/include/message/srv/dds_opensplice
[43.313s] -- Installing: /home/orthrus1-1/orthrus1-1/install/message/include/message/srv/dds_opensplice/Motorsend_.h
[43.314s] -- Installing: /home/orthrus1-1/orthrus1-1/install/message/include/message/srv/dds_opensplice/ccpp_Motorsend_.h
[43.314s] -- Installing: /home/orthrus1-1/orthrus1-1/install/message/include/message/srv/dds_opensplice/Motorsend_SplDcps.h
[43.315s] -- Installing: /home/orthrus1-1/orthrus1-1/install/message/include/message/srv/dds_opensplice/Motorsend_Dcps.h
[43.315s] -- Installing: /home/orthrus1-1/orthrus1-1/install/message/include/message/srv/dds_opensplice/Motorsend_Dcps_impl.h
[43.316s] -- Installing: /home/orthrus1-1/orthrus1-1/install/message/include/message/srv/motorsend__rosidl_typesupport_opensplice_cpp.hpp
[43.317s] -- Up-to-date: /home/orthrus1-1/orthrus1-1/install/message/include/message/msg
[43.317s] -- Up-to-date: /home/orthrus1-1/orthrus1-1/install/message/include/message/msg/dds_opensplice
[43.318s] -- Installing: /home/orthrus1-1/orthrus1-1/install/message/include/message/msg/dds_opensplice/Motorcarryout_Dcps_impl.h
[43.318s] -- Installing: /home/orthrus1-1/orthrus1-1/install/message/include/message/msg/dds_opensplice/Motorcarryout_Dcps.h
[43.319s] -- Installing: /home/orthrus1-1/orthrus1-1/install/message/include/message/msg/dds_opensplice/Motorcarryout_SplDcps.h
[43.319s] -- Installing: /home/orthrus1-1/orthrus1-1/install/message/include/message/msg/dds_opensplice/Motorcarryout_.h
[43.320s] -- Installing: /home/orthrus1-1/orthrus1-1/install/message/include/message/msg/dds_opensplice/ccpp_Motorcarryout_.h
[43.320s] -- Installing: /home/orthrus1-1/orthrus1-1/install/message/include/message/msg/motorcarryout__rosidl_typesupport_opensplice_cpp.hpp
[43.321s] -- Up-to-date: /home/orthrus1-1/orthrus1-1/install/message/include/message/msg/rosidl_typesupport_opensplice_cpp__visibility_control.h
[43.321s] -- Installing: /home/orthrus1-1/orthrus1-1/install/message/lib/libmessage__rosidl_typesupport_opensplice_cpp.so
[43.328s] -- Set runtime path of "/home/orthrus1-1/orthrus1-1/install/message/lib/libmessage__rosidl_typesupport_opensplice_cpp.so" to ""
[43.329s] -- Up-to-date: /home/orthrus1-1/orthrus1-1/install/message/share/message/environment/pythonpath.sh
[43.329s] -- Installing: /home/orthrus1-1/orthrus1-1/install/message/lib/python3.6/site-packages/message/__init__.py
[43.473s] Compiling '/home/orthrus1-1/orthrus1-1/install/message/lib/python3.6/site-packages/message/__init__.py'...
[43.494s] -- Up-to-date: /home/orthrus1-1/orthrus1-1/install/message/lib/python3.6/site-packages/message/msg
[43.495s] -- Installing: /home/orthrus1-1/orthrus1-1/install/message/lib/python3.6/site-packages/message/msg/__init__.py
[43.495s] -- Installing: /home/orthrus1-1/orthrus1-1/install/message/lib/python3.6/site-packages/message/msg/_motorcarryout_s.c
[43.496s] -- Installing: /home/orthrus1-1/orthrus1-1/install/message/lib/python3.6/site-packages/message/msg/_motorcarryout.py
[43.497s] -- Up-to-date: /home/orthrus1-1/orthrus1-1/install/message/lib/python3.6/site-packages/message/srv
[43.497s] -- Installing: /home/orthrus1-1/orthrus1-1/install/message/lib/python3.6/site-packages/message/srv/_motorsend_s.c
[43.498s] -- Installing: /home/orthrus1-1/orthrus1-1/install/message/lib/python3.6/site-packages/message/srv/__init__.py
[43.498s] -- Installing: /home/orthrus1-1/orthrus1-1/install/message/lib/python3.6/site-packages/message/srv/_motorsend.py
[43.499s] -- Installing: /home/orthrus1-1/orthrus1-1/install/message/lib/python3.6/site-packages/message/message_s__rosidl_typesupport_c.cpython-36m-aarch64-linux-gnu.so
[43.501s] -- Set runtime path of "/home/orthrus1-1/orthrus1-1/install/message/lib/python3.6/site-packages/message/message_s__rosidl_typesupport_c.cpython-36m-aarch64-linux-gnu.so" to ""
[43.502s] -- Installing: /home/orthrus1-1/orthrus1-1/install/message/lib/python3.6/site-packages/message/message_s__rosidl_typesupport_fastrtps_c.cpython-36m-aarch64-linux-gnu.so
[43.504s] -- Set runtime path of "/home/orthrus1-1/orthrus1-1/install/message/lib/python3.6/site-packages/message/message_s__rosidl_typesupport_fastrtps_c.cpython-36m-aarch64-linux-gnu.so" to ""
[43.505s] -- Installing: /home/orthrus1-1/orthrus1-1/install/message/lib/python3.6/site-packages/message/message_s__rosidl_typesupport_opensplice_c.cpython-36m-aarch64-linux-gnu.so
[43.507s] -- Set runtime path of "/home/orthrus1-1/orthrus1-1/install/message/lib/python3.6/site-packages/message/message_s__rosidl_typesupport_opensplice_c.cpython-36m-aarch64-linux-gnu.so" to ""
[43.507s] -- Installing: /home/orthrus1-1/orthrus1-1/install/message/lib/libmessage__python.so
[43.509s] -- Set runtime path of "/home/orthrus1-1/orthrus1-1/install/message/lib/libmessage__python.so" to ""
[43.510s] -- Installing: /home/orthrus1-1/orthrus1-1/install/message/share/message/msg/Motorcarryout.idl
[43.511s] -- Up-to-date: /home/orthrus1-1/orthrus1-1/install/message/share/message/srv/Motorsend.idl
[43.511s] -- Installing: /home/orthrus1-1/orthrus1-1/install/message/share/message/msg/Motorcarryout.msg
[43.512s] -- Up-to-date: /home/orthrus1-1/orthrus1-1/install/message/share/message/srv/Motorsend.srv
[43.513s] -- Up-to-date: /home/orthrus1-1/orthrus1-1/install/message/share/message/srv/Motorsend_Request.msg
[43.513s] -- Up-to-date: /home/orthrus1-1/orthrus1-1/install/message/share/message/srv/Motorsend_Response.msg
[43.514s] -- Up-to-date: /home/orthrus1-1/orthrus1-1/install/message/share/ament_index/resource_index/package_run_dependencies/message
[43.514s] -- Up-to-date: /home/orthrus1-1/orthrus1-1/install/message/share/ament_index/resource_index/parent_prefix_path/message
[43.515s] -- Up-to-date: /home/orthrus1-1/orthrus1-1/install/message/share/message/environment/ament_prefix_path.sh
[43.516s] -- Up-to-date: /home/orthrus1-1/orthrus1-1/install/message/share/message/environment/path.sh
[43.516s] -- Up-to-date: /home/orthrus1-1/orthrus1-1/install/message/share/message/local_setup.bash
[43.517s] -- Up-to-date: /home/orthrus1-1/orthrus1-1/install/message/share/message/local_setup.sh
[43.517s] -- Up-to-date: /home/orthrus1-1/orthrus1-1/install/message/share/message/local_setup.zsh
[43.518s] -- Up-to-date: /home/orthrus1-1/orthrus1-1/install/message/share/ament_index/resource_index/packages/message
[43.518s] -- Up-to-date: /home/orthrus1-1/orthrus1-1/install/message/share/message/cmake/rosidl_cmake-extras.cmake
[43.519s] -- Up-to-date: /home/orthrus1-1/orthrus1-1/install/message/share/message/cmake/ament_cmake_export_dependencies-extras.cmake
[43.519s] -- Up-to-date: /home/orthrus1-1/orthrus1-1/install/message/share/message/cmake/ament_cmake_export_include_directories-extras.cmake
[43.520s] -- Up-to-date: /home/orthrus1-1/orthrus1-1/install/message/share/message/cmake/ament_cmake_export_libraries-extras.cmake
[43.521s] -- Up-to-date: /home/orthrus1-1/orthrus1-1/install/message/share/message/cmake/rosidl_cmake_export_typesupport_libraries-extras.cmake
[43.521s] -- Up-to-date: /home/orthrus1-1/orthrus1-1/install/message/share/message/cmake/messageConfig.cmake
[43.522s] -- Up-to-date: /home/orthrus1-1/orthrus1-1/install/message/share/message/cmake/messageConfig-version.cmake
[43.522s] -- Up-to-date: /home/orthrus1-1/orthrus1-1/install/message/share/message/package.xml
[43.529s] Invoked command in '/home/orthrus1-1/orthrus1-1/build/message' returned '0': CMAKE_PREFIX_PATH=/opt/ros/dashing /usr/bin/cmake --build /home/orthrus1-1/orthrus1-1/build/message --target install -- -j4 -l4
