[01m[K/home/orthrus1-1/orthrus1-1/src/motor/src/motor_carryout.cpp:37:1:[m[K [01;31m[Kerror: [m[K‘[01m[Kfd1[m[K’ does not name a type
 [01;31m[Kfd1[m[K = open_set((char*)"/dev/ttyUSB0");

 [01;31m[K^~~[m[K
[01m[K/home/orthrus1-1/orthrus1-1/src/motor/src/motor_carryout.cpp:38:1:[m[K [01;31m[Kerror: [m[K‘[01m[Kfd2[m[K’ does not name a type
 [01;31m[Kfd2[m[K = open_set((char*)"/dev/ttyUSB1");

 [01;31m[K^~~[m[K
[01m[K/home/orthrus1-1/orthrus1-1/src/motor/src/motor_carryout.cpp:39:1:[m[K [01;31m[Kerror: [m[K‘[01m[Kfd3[m[K’ does not name a type
 [01;31m[Kfd3[m[K = open_set((char*)"/dev/ttyUSB2");

 [01;31m[K^~~[m[K
[01m[K/home/orthrus1-1/orthrus1-1/src/motor/src/motor_carryout.cpp:40:1:[m[K [01;31m[Kerror: [m[K‘[01m[Kfd4[m[K’ does not name a type
 [01;31m[Kfd4[m[K = open_set((char*)"/dev/ttyUSB3");

 [01;31m[K^~~[m[K
[01m[K/home/orthrus1-1/orthrus1-1/src/motor/src/motor_carryout.cpp:96:53:[m[K [01;31m[Kerror: [m[Kusing typedef-name ‘[01m[Kusing SharedPtr = class std::shared_ptr<message::msg::Motorcarryout_<std::allocator<void> > >[m[K’ after ‘[01m[Kstruct[m[K’
 void setup_data(struct message::msg::Motorcarryout::[01;31m[KSharedPtr[m[K *msg_)

                                                     [01;31m[K^~~~~~~~~[m[K
In file included from [01m[K/home/orthrus1-1/orthrus1-1/install/message/include/message/msg/motorcarryout.hpp:7:0[m[K,
                 from [01m[K/home/orthrus1-1/orthrus1-1/src/motor/src/motor_carryout.cpp:18[m[K:
[01m[K/home/orthrus1-1/orthrus1-1/install/message/include/message/msg/motorcarryout__struct.hpp:96:70:[m[K [01;36m[Knote: [m[K‘[01m[Kusing SharedPtr = class std::shared_ptr<message::msg::Motorcarryout_<std::allocator<void> > >[m[K’ has a previous declaration here
     std::shared_ptr<message::msg::Motorcarryout_<ContainerAllocator>>[01;36m[K;[m[K
                                                                      [01;36m[K^[m[K
[01m[K/home/orthrus1-1/orthrus1-1/src/motor/src/motor_carryout.cpp:[m[K In function ‘[01m[Kvoid setup_data(int*)[m[K’:
[01m[K/home/orthrus1-1/orthrus1-1/src/motor/src/motor_carryout.cpp:103:32:[m[K [01;31m[Kerror: [m[Krequest for member ‘[01m[Kmode_LF_1[m[K’ in ‘[01m[K* msg_[m[K’, which is of non-class type ‘[01m[Kint[m[K’
     motor_LF_s1.mode =  msg_-> [01;31m[Kmode_LF_1[m[K;

                                [01;31m[K^~~~~~~~~[m[K
[01m[K/home/orthrus1-1/orthrus1-1/src/motor/src/motor_carryout.cpp:104:35:[m[K [01;31m[Kerror: [m[Krequest for member ‘[01m[KT_LF_1[m[K’ in ‘[01m[K* msg_[m[K’, which is of non-class type ‘[01m[Kint[m[K’
     motor_LF_s1.T    =  msg_->    [01;31m[KT_LF_1[m[K;  //单位：Nm, T<255.9

                                   [01;31m[K^~~~~~[m[K
[01m[K/home/orthrus1-1/orthrus1-1/src/motor/src/motor_carryout.cpp:105:35:[m[K [01;31m[Kerror: [m[Krequest for member ‘[01m[KW_LF_1[m[K’ in ‘[01m[K* msg_[m[K’, which is of non-class type ‘[01m[Kint[m[K’
     motor_LF_s1.W    =  msg_->    [01;31m[KW_LF_1[m[K;  //单位：rad/s, W<511.9

                                   [01;31m[K^~~~~~[m[K
[01m[K/home/orthrus1-1/orthrus1-1/src/motor/src/motor_carryout.cpp:106:33:[m[K [01;31m[Kerror: [m[Krequest for member ‘[01m[KPos_LF_1[m[K’ in ‘[01m[K* msg_[m[K’, which is of non-class type ‘[01m[Kint[m[K’
     motor_LF_s1.Pos  =  msg_->  [01;31m[KPos_LF_1[m[K;  //单位：rad, Pos<131071.9

                                 [01;31m[K^~~~~~~~[m[K
[01m[K/home/orthrus1-1/orthrus1-1/src/motor/src/motor_carryout.cpp:107:33:[m[K [01;31m[Kerror: [m[Krequest for member ‘[01m[KK_P_LF_1[m[K’ in ‘[01m[K* msg_[m[K’, which is of non-class type ‘[01m[Kint[m[K’
     motor_LF_s1.K_P  =  msg_->  [01;31m[KK_P_LF_1[m[K;  //K_P<31.9

                                 [01;31m[K^~~~~~~~[m[K
[01m[K/home/orthrus1-1/orthrus1-1/src/motor/src/motor_carryout.cpp:108:33:[m[K [01;31m[Kerror: [m[Krequest for member ‘[01m[KK_W_LF_1[m[K’ in ‘[01m[K* msg_[m[K’, which is of non-class type ‘[01m[Kint[m[K’
     motor_LF_s1.K_W  =  msg_->  [01;31m[KK_W_LF_1[m[K;  //K_W<63.9

                                 [01;31m[K^~~~~~~~[m[K
[01m[K/home/orthrus1-1/orthrus1-1/src/motor/src/motor_carryout.cpp:114:30:[m[K [01;31m[Kerror: [m[Krequest for member ‘[01m[Kmode_LF_2[m[K’ in ‘[01m[K* msg_[m[K’, which is of non-class type ‘[01m[Kint[m[K’
    motor_LF_s2.mode = msg_-> [01;31m[Kmode_LF_2[m[K;

                              [01;31m[K^~~~~~~~~[m[K
[01m[K/home/orthrus1-1/orthrus1-1/src/motor/src/motor_carryout.cpp:115:33:[m[K [01;31m[Kerror: [m[Krequest for member ‘[01m[KT_LF_2[m[K’ in ‘[01m[K* msg_[m[K’, which is of non-class type ‘[01m[Kint[m[K’
    motor_LF_s2.T    = msg_->    [01;31m[KT_LF_2[m[K;           

                                 [01;31m[K^~~~~~[m[K
[01m[K/home/orthrus1-1/orthrus1-1/src/motor/src/motor_carryout.cpp:116:33:[m[K [01;31m[Kerror: [m[Krequest for member ‘[01m[KW_LF_2[m[K’ in ‘[01m[K* msg_[m[K’, which is of non-class type ‘[01m[Kint[m[K’
    motor_LF_s2.W    = msg_->    [01;31m[KW_LF_2[m[K;              

                                 [01;31m[K^~~~~~[m[K
[01m[K/home/orthrus1-1/orthrus1-1/src/motor/src/motor_carryout.cpp:117:31:[m[K [01;31m[Kerror: [m[Krequest for member ‘[01m[KPos_LF_2[m[K’ in ‘[01m[K* msg_[m[K’, which is of non-class type ‘[01m[Kint[m[K’
    motor_LF_s2.Pos  = msg_->  [01;31m[KPos_LF_2[m[K;         

                               [01;31m[K^~~~~~~~[m[K
[01m[K/home/orthrus1-1/orthrus1-1/src/motor/src/motor_carryout.cpp:118:31:[m[K [01;31m[Kerror: [m[Krequest for member ‘[01m[KK_P_LF_2[m[K’ in ‘[01m[K* msg_[m[K’, which is of non-class type ‘[01m[Kint[m[K’
    motor_LF_s2.K_P  = msg_->  [01;31m[KK_P_LF_2[m[K;      

                               [01;31m[K^~~~~~~~[m[K
[01m[K/home/orthrus1-1/orthrus1-1/src/motor/src/motor_carryout.cpp:119:31:[m[K [01;31m[Kerror: [m[Krequest for member ‘[01m[KK_W_LF_2[m[K’ in ‘[01m[K* msg_[m[K’, which is of non-class type ‘[01m[Kint[m[K’
    motor_LF_s2.K_W  = msg_->  [01;31m[KK_W_LF_2[m[K;      

                               [01;31m[K^~~~~~~~[m[K
[01m[K/home/orthrus1-1/orthrus1-1/src/motor/src/motor_carryout.cpp:125:31:[m[K [01;31m[Kerror: [m[Krequest for member ‘[01m[Kmode_LF_3[m[K’ in ‘[01m[K* msg_[m[K’, which is of non-class type ‘[01m[Kint[m[K’
     motor_LF_s3.mode = msg_-> [01;31m[Kmode_LF_3[m[K;

                               [01;31m[K^~~~~~~~~[m[K
[01m[K/home/orthrus1-1/orthrus1-1/src/motor/src/motor_carryout.cpp:126:34:[m[K [01;31m[Kerror: [m[Krequest for member ‘[01m[KT_LF_3[m[K’ in ‘[01m[K* msg_[m[K’, which is of non-class type ‘[01m[Kint[m[K’
     motor_LF_s3.T    = msg_->    [01;31m[KT_LF_3[m[K;             

                                  [01;31m[K^~~~~~[m[K
[01m[K/home/orthrus1-1/orthrus1-1/src/motor/src/motor_carryout.cpp:127:34:[m[K [01;31m[Kerror: [m[Krequest for member ‘[01m[KW_LF_3[m[K’ in ‘[01m[K* msg_[m[K’, which is of non-class type ‘[01m[Kint[m[K’
     motor_LF_s3.W    = msg_->    [01;31m[KW_LF_3[m[K;               

                                  [01;31m[K^~~~~~[m[K
[01m[K/home/orthrus1-1/orthrus1-1/src/motor/src/motor_carryout.cpp:128:32:[m[K [01;31m[Kerror: [m[Krequest for member ‘[01m[KPos_LF_3[m[K’ in ‘[01m[K* msg_[m[K’, which is of non-class type ‘[01m[Kint[m[K’
     motor_LF_s3.Pos  = msg_->  [01;31m[KPos_LF_3[m[K;       

                                [01;31m[K^~~~~~~~[m[K
[01m[K/home/orthrus1-1/orthrus1-1/src/motor/src/motor_carryout.cpp:129:32:[m[K [01;31m[Kerror: [m[Krequest for member ‘[01m[KK_P_LF_3[m[K’ in ‘[01m[K* msg_[m[K’, which is of non-class type ‘[01m[Kint[m[K’
     motor_LF_s3.K_P  = msg_->  [01;31m[KK_P_LF_3[m[K;         

                                [01;31m[K^~~~~~~~[m[K
[01m[K/home/orthrus1-1/orthrus1-1/src/motor/src/motor_carryout.cpp:130:32:[m[K [01;31m[Kerror: [m[Krequest for member ‘[01m[KK_W_LF_3[m[K’ in ‘[01m[K* msg_[m[K’, which is of non-class type ‘[01m[Kint[m[K’
     motor_LF_s3.K_W  = msg_->  [01;31m[KK_W_LF_3[m[K;      

                                [01;31m[K^~~~~~~~[m[K
[01m[K/home/orthrus1-1/orthrus1-1/src/motor/src/motor_carryout.cpp:137:34:[m[K [01;31m[Kerror: [m[Krequest for member ‘[01m[Kmode_RF_1[m[K’ in ‘[01m[K* msg_[m[K’, which is of non-class type ‘[01m[Kint[m[K’
        motor_RF_s1.mode = msg_-> [01;31m[Kmode_RF_1[m[K;

                                  [01;31m[K^~~~~~~~~[m[K
[01m[K/home/orthrus1-1/orthrus1-1/src/motor/src/motor_carryout.cpp:138:37:[m[K [01;31m[Kerror: [m[Krequest for member ‘[01m[KT_RF_1[m[K’ in ‘[01m[K* msg_[m[K’, which is of non-class type ‘[01m[Kint[m[K’
        motor_RF_s1.T    = msg_->    [01;31m[KT_RF_1[m[K;           

                                     [01;31m[K^~~~~~[m[K
[01m[K/home/orthrus1-1/orthrus1-1/src/motor/src/motor_carryout.cpp:139:37:[m[K [01;31m[Kerror: [m[Krequest for member ‘[01m[KW_RF_1[m[K’ in ‘[01m[K* msg_[m[K’, which is of non-class type ‘[01m[Kint[m[K’
        motor_RF_s1.W    = msg_->    [01;31m[KW_RF_1[m[K;             

                                     [01;31m[K^~~~~~[m[K
[01m[K/home/orthrus1-1/orthrus1-1/src/motor/src/motor_carryout.cpp:140:35:[m[K [01;31m[Kerror: [m[Krequest for member ‘[01m[KPos_RF_1[m[K’ in ‘[01m[K* msg_[m[K’, which is of non-class type ‘[01m[Kint[m[K’
        motor_RF_s1.Pos  = msg_->  [01;31m[KPos_RF_1[m[K;       

                                   [01;31m[K^~~~~~~~[m[K
[01m[K/home/orthrus1-1/orthrus1-1/src/motor/src/motor_carryout.cpp:141:35:[m[K [01;31m[Kerror: [m[Krequest for member ‘[01m[KK_P_RF_1[m[K’ in ‘[01m[K* msg_[m[K’, which is of non-class type ‘[01m[Kint[m[K’
        motor_RF_s1.K_P  = msg_->  [01;31m[KK_P_RF_1[m[K;       

                                   [01;31m[K^~~~~~~~[m[K
[01m[K/home/orthrus1-1/orthrus1-1/src/motor/src/motor_carryout.cpp:142:35:[m[K [01;31m[Kerror: [m[Krequest for member ‘[01m[KK_W_RF_1[m[K’ in ‘[01m[K* msg_[m[K’, which is of non-class type ‘[01m[Kint[m[K’
        motor_RF_s1.K_W  = msg_->  [01;31m[KK_W_RF_1[m[K;      

                                   [01;31m[K^~~~~~~~[m[K
[01m[K/home/orthrus1-1/orthrus1-1/src/motor/src/motor_carryout.cpp:148:34:[m[K [01;31m[Kerror: [m[Krequest for member ‘[01m[Kmode_RF_2[m[K’ in ‘[01m[K* msg_[m[K’, which is of non-class type ‘[01m[Kint[m[K’
        motor_RF_s2.mode = msg_-> [01;31m[Kmode_RF_2[m[K;

                                  [01;31m[K^~~~~~~~~[m[K
[01m[K/home/orthrus1-1/orthrus1-1/src/motor/src/motor_carryout.cpp:149:37:[m[K [01;31m[Kerror: [m[Krequest for member ‘[01m[KT_RF_2[m[K’ in ‘[01m[K* msg_[m[K’, which is of non-class type ‘[01m[Kint[m[K’
        motor_RF_s2.T    = msg_->    [01;31m[KT_RF_2[m[K;            

                                     [01;31m[K^~~~~~[m[K
[01m[K/home/orthrus1-1/orthrus1-1/src/motor/src/motor_carryout.cpp:150:37:[m[K [01;31m[Kerror: [m[Krequest for member ‘[01m[KW_RF_2[m[K’ in ‘[01m[K* msg_[m[K’, which is of non-class type ‘[01m[Kint[m[K’
        motor_RF_s2.W    = msg_->    [01;31m[KW_RF_2[m[K;             

                                     [01;31m[K^~~~~~[m[K
[01m[K/home/orthrus1-1/orthrus1-1/src/motor/src/motor_carryout.cpp:151:35:[m[K [01;31m[Kerror: [m[Krequest for member ‘[01m[KPos_RF_2[m[K’ in ‘[01m[K* msg_[m[K’, which is of non-class type ‘[01m[Kint[m[K’
        motor_RF_s2.Pos  = msg_->  [01;31m[KPos_RF_2[m[K;         

                                   [01;31m[K^~~~~~~~[m[K
[01m[K/home/orthrus1-1/orthrus1-1/src/motor/src/motor_carryout.cpp:152:35:[m[K [01;31m[Kerror: [m[Krequest for member ‘[01m[KK_P_RF_2[m[K’ in ‘[01m[K* msg_[m[K’, which is of non-class type ‘[01m[Kint[m[K’
        motor_RF_s2.K_P  = msg_->  [01;31m[KK_P_RF_2[m[K;        

                                   [01;31m[K^~~~~~~~[m[K
[01m[K/home/orthrus1-1/orthrus1-1/src/motor/src/motor_carryout.cpp:153:35:[m[K [01;31m[Kerror: [m[Krequest for member ‘[01m[KK_W_RF_2[m[K’ in ‘[01m[K* msg_[m[K’, which is of non-class type ‘[01m[Kint[m[K’
        motor_RF_s2.K_W  = msg_->  [01;31m[KK_W_RF_2[m[K;     

                                   [01;31m[K^~~~~~~~[m[K
[01m[K/home/orthrus1-1/orthrus1-1/src/motor/src/motor_carryout.cpp:159:34:[m[K [01;31m[Kerror: [m[Krequest for member ‘[01m[Kmode_RF_3[m[K’ in ‘[01m[K* msg_[m[K’, which is of non-class type ‘[01m[Kint[m[K’
        motor_RF_s3.mode = msg_-> [01;31m[Kmode_RF_3[m[K;

                                  [01;31m[K^~~~~~~~~[m[K
[01m[K/home/orthrus1-1/orthrus1-1/src/motor/src/motor_carryout.cpp:160:37:[m[K [01;31m[Kerror: [m[Krequest for member ‘[01m[KT_RF_3[m[K’ in ‘[01m[K* msg_[m[K’, which is of non-class type ‘[01m[Kint[m[K’
        motor_RF_s3.T    = msg_->    [01;31m[KT_RF_3[m[K;             

                                     [01;31m[K^~~~~~[m[K
[01m[K/home/orthrus1-1/orthrus1-1/src/motor/src/motor_carryout.cpp:161:37:[m[K [01;31m[Kerror: [m[Krequest for member ‘[01m[KW_RF_3[m[K’ in ‘[01m[K* msg_[m[K’, which is of non-class type ‘[01m[Kint[m[K’
        motor_RF_s3.W    = msg_->    [01;31m[KW_RF_3[m[K;                

                                     [01;31m[K^~~~~~[m[K
[01m[K/home/orthrus1-1/orthrus1-1/src/motor/src/motor_carryout.cpp:162:35:[m[K [01;31m[Kerror: [m[Krequest for member ‘[01m[KPos_RF_3[m[K’ in ‘[01m[K* msg_[m[K’, which is of non-class type ‘[01m[Kint[m[K’
        motor_RF_s3.Pos  = msg_->  [01;31m[KPos_RF_3[m[K;         

                                   [01;31m[K^~~~~~~~[m[K
[01m[K/home/orthrus1-1/orthrus1-1/src/motor/src/motor_carryout.cpp:163:35:[m[K [01;31m[Kerror: [m[Krequest for member ‘[01m[KK_P_RF_3[m[K’ in ‘[01m[K* msg_[m[K’, which is of non-class type ‘[01m[Kint[m[K’
        motor_RF_s3.K_P  = msg_->  [01;31m[KK_P_RF_3[m[K;        

                                   [01;31m[K^~~~~~~~[m[K
[01m[K/home/orthrus1-1/orthrus1-1/src/motor/src/motor_carryout.cpp:164:35:[m[K [01;31m[Kerror: [m[Krequest for member ‘[01m[KK_W_RF_3[m[K’ in ‘[01m[K* msg_[m[K’, which is of non-class type ‘[01m[Kint[m[K’
        motor_RF_s3.K_W  = msg_->  [01;31m[KK_W_RF_3[m[K;      

                                   [01;31m[K^~~~~~~~[m[K
[01m[K/home/orthrus1-1/orthrus1-1/src/motor/src/motor_carryout.cpp:171:31:[m[K [01;31m[Kerror: [m[Krequest for member ‘[01m[Kmode_LB_1[m[K’ in ‘[01m[K* msg_[m[K’, which is of non-class type ‘[01m[Kint[m[K’
     motor_LB_s1.mode = msg_-> [01;31m[Kmode_LB_1[m[K;

                               [01;31m[K^~~~~~~~~[m[K
[01m[K/home/orthrus1-1/orthrus1-1/src/motor/src/motor_carryout.cpp:172:34:[m[K [01;31m[Kerror: [m[Krequest for member ‘[01m[KT_LB_1[m[K’ in ‘[01m[K* msg_[m[K’, which is of non-class type ‘[01m[Kint[m[K’
     motor_LB_s1.T    = msg_->    [01;31m[KT_LB_1[m[K;            

                                  [01;31m[K^~~~~~[m[K
[01m[K/home/orthrus1-1/orthrus1-1/src/motor/src/motor_carryout.cpp:173:34:[m[K [01;31m[Kerror: [m[Krequest for member ‘[01m[KW_LB_1[m[K’ in ‘[01m[K* msg_[m[K’, which is of non-class type ‘[01m[Kint[m[K’
     motor_LB_s1.W    = msg_->    [01;31m[KW_LB_1[m[K;               

                                  [01;31m[K^~~~~~[m[K
[01m[K/home/orthrus1-1/orthrus1-1/src/motor/src/motor_carryout.cpp:174:32:[m[K [01;31m[Kerror: [m[Krequest for member ‘[01m[KPos_LB_1[m[K’ in ‘[01m[K* msg_[m[K’, which is of non-class type ‘[01m[Kint[m[K’
     motor_LB_s1.Pos  = msg_->  [01;31m[KPos_LB_1[m[K;         

                                [01;31m[K^~~~~~~~[m[K
[01m[K/home/orthrus1-1/orthrus1-1/src/motor/src/motor_carryout.cpp:175:32:[m[K [01;31m[Kerror: [m[Krequest for member ‘[01m[KK_P_LB_1[m[K’ in ‘[01m[K* msg_[m[K’, which is of non-class type ‘[01m[Kint[m[K’
     motor_LB_s1.K_P  = msg_->  [01;31m[KK_P_LB_1[m[K;         

                                [01;31m[K^~~~~~~~[m[K
[01m[K/home/orthrus1-1/orthrus1-1/src/motor/src/motor_carryout.cpp:176:32:[m[K [01;31m[Kerror: [m[Krequest for member ‘[01m[KK_W_LB_1[m[K’ in ‘[01m[K* msg_[m[K’, which is of non-class type ‘[01m[Kint[m[K’
     motor_LB_s1.K_W  = msg_->  [01;31m[KK_W_LB_1[m[K;        

                                [01;31m[K^~~~~~~~[m[K
[01m[K/home/orthrus1-1/orthrus1-1/src/motor/src/motor_carryout.cpp:182:31:[m[K [01;31m[Kerror: [m[Krequest for member ‘[01m[Kmode_LB_2[m[K’ in ‘[01m[K* msg_[m[K’, which is of non-class type ‘[01m[Kint[m[K’
     motor_LB_s2.mode = msg_-> [01;31m[Kmode_LB_2[m[K;

                               [01;31m[K^~~~~~~~~[m[K
[01m[K/home/orthrus1-1/orthrus1-1/src/motor/src/motor_carryout.cpp:183:34:[m[K [01;31m[Kerror: [m[Krequest for member ‘[01m[KT_LB_2[m[K’ in ‘[01m[K* msg_[m[K’, which is of non-class type ‘[01m[Kint[m[K’
     motor_LB_s2.T    = msg_->    [01;31m[KT_LB_2[m[K;             

                                  [01;31m[K^~~~~~[m[K
[01m[K/home/orthrus1-1/orthrus1-1/src/motor/src/motor_carryout.cpp:184:34:[m[K [01;31m[Kerror: [m[Krequest for member ‘[01m[KW_LB_2[m[K’ in ‘[01m[K* msg_[m[K’, which is of non-class type ‘[01m[Kint[m[K’
     motor_LB_s2.W    = msg_->    [01;31m[KW_LB_2[m[K;              

                                  [01;31m[K^~~~~~[m[K
[01m[K/home/orthrus1-1/orthrus1-1/src/motor/src/motor_carryout.cpp:185:32:[m[K [01;31m[Kerror: [m[Krequest for member ‘[01m[KPos_LB_2[m[K’ in ‘[01m[K* msg_[m[K’, which is of non-class type ‘[01m[Kint[m[K’
     motor_LB_s2.Pos  = msg_->  [01;31m[KPos_LB_2[m[K;     

                                [01;31m[K^~~~~~~~[m[K
[01m[K/home/orthrus1-1/orthrus1-1/src/motor/src/motor_carryout.cpp:186:32:[m[K [01;31m[Kerror: [m[Krequest for member ‘[01m[KK_P_LB_2[m[K’ in ‘[01m[K* msg_[m[K’, which is of non-class type ‘[01m[Kint[m[K’
     motor_LB_s2.K_P  = msg_->  [01;31m[KK_P_LB_2[m[K;       

                                [01;31m[K^~~~~~~~[m[K
[01m[K/home/orthrus1-1/orthrus1-1/src/motor/src/motor_carryout.cpp:187:32:[m[K [01;31m[Kerror: [m[Krequest for member ‘[01m[KK_W_LB_2[m[K’ in ‘[01m[K* msg_[m[K’, which is of non-class type ‘[01m[Kint[m[K’
     motor_LB_s2.K_W  = msg_->  [01;31m[KK_W_LB_2[m[K;       

                                [01;31m[K^~~~~~~~[m[K
[01m[K/home/orthrus1-1/orthrus1-1/src/motor/src/motor_carryout.cpp:193:31:[m[K [01;31m[Kerror: [m[Krequest for member ‘[01m[Kmode_LB_3[m[K’ in ‘[01m[K* msg_[m[K’, which is of non-class type ‘[01m[Kint[m[K’
     motor_LB_s3.mode = msg_-> [01;31m[Kmode_LB_3[m[K;

                               [01;31m[K^~~~~~~~~[m[K
[01m[K/home/orthrus1-1/orthrus1-1/src/motor/src/motor_carryout.cpp:194:34:[m[K [01;31m[Kerror: [m[Krequest for member ‘[01m[KT_LB_3[m[K’ in ‘[01m[K* msg_[m[K’, which is of non-class type ‘[01m[Kint[m[K’
     motor_LB_s3.T    = msg_->    [01;31m[KT_LB_3[m[K;             //单位：Nm, T<255.9

                                  [01;31m[K^~~~~~[m[K
[01m[K/home/orthrus1-1/orthrus1-1/src/motor/src/motor_carryout.cpp:195:34:[m[K [01;31m[Kerror: [m[Krequest for member ‘[01m[KW_LB_3[m[K’ in ‘[01m[K* msg_[m[K’, which is of non-class type ‘[01m[Kint[m[K’
     motor_LB_s3.W    = msg_->    [01;31m[KW_LB_3[m[K;                //单位：rad/s, W<511.9

                                  [01;31m[K^~~~~~[m[K
[01m[K/home/orthrus1-1/orthrus1-1/src/motor/src/motor_carryout.cpp:196:32:[m[K [01;31m[Kerror: [m[Krequest for member ‘[01m[KPos_LB_3[m[K’ in ‘[01m[K* msg_[m[K’, which is of non-class type ‘[01m[Kint[m[K’
     motor_LB_s3.Pos  = msg_->  [01;31m[KPos_LB_3[m[K;         //单位：rad, Pos<131071.9

                                [01;31m[K^~~~~~~~[m[K
[01m[K/home/orthrus1-1/orthrus1-1/src/motor/src/motor_carryout.cpp:197:32:[m[K [01;31m[Kerror: [m[Krequest for member ‘[01m[KK_P_LB_3[m[K’ in ‘[01m[K* msg_[m[K’, which is of non-class type ‘[01m[Kint[m[K’
     motor_LB_s3.K_P  = msg_->  [01;31m[KK_P_LB_3[m[K;         //K_P<31.9

                                [01;31m[K^~~~~~~~[m[K
[01m[K/home/orthrus1-1/orthrus1-1/src/motor/src/motor_carryout.cpp:198:32:[m[K [01;31m[Kerror: [m[Krequest for member ‘[01m[KK_W_LB_3[m[K’ in ‘[01m[K* msg_[m[K’, which is of non-class type ‘[01m[Kint[m[K’
     motor_LB_s3.K_W  = msg_->  [01;31m[KK_W_LB_3[m[K;        //K_W<63.9

                                [01;31m[K^~~~~~~~[m[K
[01m[K/home/orthrus1-1/orthrus1-1/src/motor/src/motor_carryout.cpp:204:35:[m[K [01;31m[Kerror: [m[Krequest for member ‘[01m[Kmode_RB_1[m[K’ in ‘[01m[K* msg_[m[K’, which is of non-class type ‘[01m[Kint[m[K’
         motor_RB_s1.mode = msg_-> [01;31m[Kmode_RB_1[m[K;

                                   [01;31m[K^~~~~~~~~[m[K
[01m[K/home/orthrus1-1/orthrus1-1/src/motor/src/motor_carryout.cpp:205:38:[m[K [01;31m[Kerror: [m[Krequest for member ‘[01m[KT_RB_1[m[K’ in ‘[01m[K* msg_[m[K’, which is of non-class type ‘[01m[Kint[m[K’
         motor_RB_s1.T    = msg_->    [01;31m[KT_RB_1[m[K;            

                                      [01;31m[K^~~~~~[m[K
[01m[K/home/orthrus1-1/orthrus1-1/src/motor/src/motor_carryout.cpp:206:38:[m[K [01;31m[Kerror: [m[Krequest for member ‘[01m[KW_RB_1[m[K’ in ‘[01m[K* msg_[m[K’, which is of non-class type ‘[01m[Kint[m[K’
         motor_RB_s1.W    = msg_->    [01;31m[KW_RB_1[m[K;               

                                      [01;31m[K^~~~~~[m[K
[01m[K/home/orthrus1-1/orthrus1-1/src/motor/src/motor_carryout.cpp:207:36:[m[K [01;31m[Kerror: [m[Krequest for member ‘[01m[KPos_RB_1[m[K’ in ‘[01m[K* msg_[m[K’, which is of non-class type ‘[01m[Kint[m[K’
         motor_RB_s1.Pos  = msg_->  [01;31m[KPos_RB_1[m[K;         

                                    [01;31m[K^~~~~~~~[m[K
[01m[K/home/orthrus1-1/orthrus1-1/src/motor/src/motor_carryout.cpp:208:36:[m[K [01;31m[Kerror: [m[Krequest for member ‘[01m[KK_P_RB_1[m[K’ in ‘[01m[K* msg_[m[K’, which is of non-class type ‘[01m[Kint[m[K’
         motor_RB_s1.K_P  = msg_->  [01;31m[KK_P_RB_1[m[K;         

                                    [01;31m[K^~~~~~~~[m[K
[01m[K/home/orthrus1-1/orthrus1-1/src/motor/src/motor_carryout.cpp:209:36:[m[K [01;31m[Kerror: [m[Krequest for member ‘[01m[KK_W_RB_1[m[K’ in ‘[01m[K* msg_[m[K’, which is of non-class type ‘[01m[Kint[m[K’
         motor_RB_s1.K_W  = msg_->  [01;31m[KK_W_RB_1[m[K; 

                                    [01;31m[K^~~~~~~~[m[K
[01m[K/home/orthrus1-1/orthrus1-1/src/motor/src/motor_carryout.cpp:215:35:[m[K [01;31m[Kerror: [m[Krequest for member ‘[01m[Kmode_RB_2[m[K’ in ‘[01m[K* msg_[m[K’, which is of non-class type ‘[01m[Kint[m[K’
         motor_RB_s2.mode = msg_-> [01;31m[Kmode_RB_2[m[K;

                                   [01;31m[K^~~~~~~~~[m[K
[01m[K/home/orthrus1-1/orthrus1-1/src/motor/src/motor_carryout.cpp:216:38:[m[K [01;31m[Kerror: [m[Krequest for member ‘[01m[KT_RB_2[m[K’ in ‘[01m[K* msg_[m[K’, which is of non-class type ‘[01m[Kint[m[K’
         motor_RB_s2.T    = msg_->    [01;31m[KT_RB_2[m[K;            

                                      [01;31m[K^~~~~~[m[K
[01m[K/home/orthrus1-1/orthrus1-1/src/motor/src/motor_carryout.cpp:217:38:[m[K [01;31m[Kerror: [m[Krequest for member ‘[01m[KW_RB_2[m[K’ in ‘[01m[K* msg_[m[K’, which is of non-class type ‘[01m[Kint[m[K’
         motor_RB_s2.W    = msg_->    [01;31m[KW_RB_2[m[K;               

                                      [01;31m[K^~~~~~[m[K
[01m[K/home/orthrus1-1/orthrus1-1/src/motor/src/motor_carryout.cpp:218:36:[m[K [01;31m[Kerror: [m[Krequest for member ‘[01m[KPos_RB_2[m[K’ in ‘[01m[K* msg_[m[K’, which is of non-class type ‘[01m[Kint[m[K’
         motor_RB_s2.Pos  = msg_->  [01;31m[KPos_RB_2[m[K;         

                                    [01;31m[K^~~~~~~~[m[K
[01m[K/home/orthrus1-1/orthrus1-1/src/motor/src/motor_carryout.cpp:219:36:[m[K [01;31m[Kerror: [m[Krequest for member ‘[01m[KK_P_RB_2[m[K’ in ‘[01m[K* msg_[m[K’, which is of non-class type ‘[01m[Kint[m[K’
         motor_RB_s2.K_P  = msg_->  [01;31m[KK_P_RB_2[m[K;         

                                    [01;31m[K^~~~~~~~[m[K
[01m[K/home/orthrus1-1/orthrus1-1/src/motor/src/motor_carryout.cpp:220:36:[m[K [01;31m[Kerror: [m[Krequest for member ‘[01m[KK_W_RB_2[m[K’ in ‘[01m[K* msg_[m[K’, which is of non-class type ‘[01m[Kint[m[K’
         motor_RB_s2.K_W  = msg_->  [01;31m[KK_W_RB_2[m[K; 

                                    [01;31m[K^~~~~~~~[m[K
[01m[K/home/orthrus1-1/orthrus1-1/src/motor/src/motor_carryout.cpp:226:35:[m[K [01;31m[Kerror: [m[Krequest for member ‘[01m[Kmode_RB_3[m[K’ in ‘[01m[K* msg_[m[K’, which is of non-class type ‘[01m[Kint[m[K’
         motor_RB_s3.mode = msg_-> [01;31m[Kmode_RB_3[m[K;

                                   [01;31m[K^~~~~~~~~[m[K
[01m[K/home/orthrus1-1/orthrus1-1/src/motor/src/motor_carryout.cpp:227:38:[m[K [01;31m[Kerror: [m[Krequest for member ‘[01m[KT_RB_3[m[K’ in ‘[01m[K* msg_[m[K’, which is of non-class type ‘[01m[Kint[m[K’
         motor_RB_s3.T    = msg_->    [01;31m[KT_RB_3[m[K;            

                                      [01;31m[K^~~~~~[m[K
[01m[K/home/orthrus1-1/orthrus1-1/src/motor/src/motor_carryout.cpp:228:38:[m[K [01;31m[Kerror: [m[Krequest for member ‘[01m[KW_RB_3[m[K’ in ‘[01m[K* msg_[m[K’, which is of non-class type ‘[01m[Kint[m[K’
         motor_RB_s3.W    = msg_->    [01;31m[KW_RB_3[m[K;               

                                      [01;31m[K^~~~~~[m[K
[01m[K/home/orthrus1-1/orthrus1-1/src/motor/src/motor_carryout.cpp:229:36:[m[K [01;31m[Kerror: [m[Krequest for member ‘[01m[KPos_RB_3[m[K’ in ‘[01m[K* msg_[m[K’, which is of non-class type ‘[01m[Kint[m[K’
         motor_RB_s3.Pos  = msg_->  [01;31m[KPos_RB_3[m[K;         

                                    [01;31m[K^~~~~~~~[m[K
[01m[K/home/orthrus1-1/orthrus1-1/src/motor/src/motor_carryout.cpp:230:36:[m[K [01;31m[Kerror: [m[Krequest for member ‘[01m[KK_P_RB_3[m[K’ in ‘[01m[K* msg_[m[K’, which is of non-class type ‘[01m[Kint[m[K’
         motor_RB_s3.K_P  = msg_->  [01;31m[KK_P_RB_3[m[K;         

                                    [01;31m[K^~~~~~~~[m[K
[01m[K/home/orthrus1-1/orthrus1-1/src/motor/src/motor_carryout.cpp:231:36:[m[K [01;31m[Kerror: [m[Krequest for member ‘[01m[KK_W_RB_3[m[K’ in ‘[01m[K* msg_[m[K’, which is of non-class type ‘[01m[Kint[m[K’
         motor_RB_s3.K_W  = msg_->  [01;31m[KK_W_RB_3[m[K; 

                                    [01;31m[K^~~~~~~~[m[K
[01m[K/home/orthrus1-1/orthrus1-1/src/motor/src/motor_carryout.cpp:[m[K In member function ‘[01m[Kvoid motor_carryout::topic_callback(message::msg::Motorcarryout_<std::allocator<void> >::SharedPtr) const[m[K’:
[01m[K/home/orthrus1-1/orthrus1-1/src/motor/src/motor_carryout.cpp:251:22:[m[K [01;31m[Kerror: [m[Kcannot convert ‘[01m[Kconst SharedPtr* {aka const std::shared_ptr<message::msg::Motorcarryout_<std::allocator<void> > >*}[m[K’ to ‘[01m[Kint*[m[K’ for argument ‘[01m[K1[m[K’ to ‘[01m[Kvoid setup_data(int*)[m[K’
       setup_data(&msg[01;31m[K)[m[K

                      [01;31m[K^[m[K
make[2]: *** [CMakeFiles/motor_carryout.dir/src/motor_carryout.cpp.o] Error 1
make[1]: *** [CMakeFiles/motor_carryout.dir/all] Error 2
make: *** [all] Error 2
