[0.033s] Invoking command in '/home/orthrus1-1/orthrus1-1/build/motor': AMENT_PREFIX_PATH=/home/orthrus1-1/orthrus1-1/install/message:${AMENT_PREFIX_PATH} CMAKE_PREFIX_PATH=/home/orthrus1-1/orthrus1-1/install/message:/opt/ros/dashing LD_LIBRARY_PATH=/home/orthrus1-1/orthrus1-1/install/message/lib:${LD_LIBRARY_PATH} PYTHONPATH=/home/orthrus1-1/orthrus1-1/install/message/lib/python3.6/site-packages:${PYTHONPATH} /usr/bin/cmake --build /home/orthrus1-1/orthrus1-1/build/motor -- -j4 -l4
[0.191s] [35m[1mScanning dependencies of target motor_carryout[0m
[0.244s] [ 50%] Built target check
[0.290s] [ 75%] [32mBuilding CXX object CMakeFiles/motor_carryout.dir/src/motor_carryout.cpp.o[0m
[3.776s] [01m[K/home/orthrus1-1/orthrus1-1/src/motor/src/motor_carryout.cpp:37:1:[m[K [01;31m[Kerror: [m[K‘[01m[Kfd1[m[K’ does not name a type
[3.777s]  [01;31m[Kfd1[m[K = open_set((char*)"/dev/ttyUSB0");
[3.778s] 
[3.779s]  [01;31m[K^~~[m[K
[3.780s] [01m[K/home/orthrus1-1/orthrus1-1/src/motor/src/motor_carryout.cpp:38:1:[m[K [01;31m[Kerror: [m[K‘[01m[Kfd2[m[K’ does not name a type
[3.780s]  [01;31m[Kfd2[m[K = open_set((char*)"/dev/ttyUSB1");
[3.781s] 
[3.782s]  [01;31m[K^~~[m[K
[3.783s] [01m[K/home/orthrus1-1/orthrus1-1/src/motor/src/motor_carryout.cpp:39:1:[m[K [01;31m[Kerror: [m[K‘[01m[Kfd3[m[K’ does not name a type
[3.783s]  [01;31m[Kfd3[m[K = open_set((char*)"/dev/ttyUSB2");
[3.784s] 
[3.784s]  [01;31m[K^~~[m[K
[3.785s] [01m[K/home/orthrus1-1/orthrus1-1/src/motor/src/motor_carryout.cpp:40:1:[m[K [01;31m[Kerror: [m[K‘[01m[Kfd4[m[K’ does not name a type
[3.790s]  [01;31m[Kfd4[m[K = open_set((char*)"/dev/ttyUSB3");
[3.794s] 
[3.794s]  [01;31m[K^~~[m[K
[3.795s] [01m[K/home/orthrus1-1/orthrus1-1/src/motor/src/motor_carryout.cpp:96:53:[m[K [01;31m[Kerror: [m[Kusing typedef-name ‘[01m[Kusing SharedPtr = class std::shared_ptr<message::msg::Motorcarryout_<std::allocator<void> > >[m[K’ after ‘[01m[Kstruct[m[K’
[3.796s]  void setup_data(struct message::msg::Motorcarryout::[01;31m[KSharedPtr[m[K *msg_)
[3.796s] 
[3.797s]                                                      [01;31m[K^~~~~~~~~[m[K
[3.797s] In file included from [01m[K/home/orthrus1-1/orthrus1-1/install/message/include/message/msg/motorcarryout.hpp:7:0[m[K,
[3.798s]                  from [01m[K/home/orthrus1-1/orthrus1-1/src/motor/src/motor_carryout.cpp:18[m[K:
[3.798s] [01m[K/home/orthrus1-1/orthrus1-1/install/message/include/message/msg/motorcarryout__struct.hpp:96:70:[m[K [01;36m[Knote: [m[K‘[01m[Kusing SharedPtr = class std::shared_ptr<message::msg::Motorcarryout_<std::allocator<void> > >[m[K’ has a previous declaration here
[3.799s]      std::shared_ptr<message::msg::Motorcarryout_<ContainerAllocator>>[01;36m[K;[m[K
[3.799s]                                                                       [01;36m[K^[m[K
[3.800s] [01m[K/home/orthrus1-1/orthrus1-1/src/motor/src/motor_carryout.cpp:[m[K In function ‘[01m[Kvoid setup_data(int*)[m[K’:
[3.800s] [01m[K/home/orthrus1-1/orthrus1-1/src/motor/src/motor_carryout.cpp:103:32:[m[K [01;31m[Kerror: [m[Krequest for member ‘[01m[Kmode_LF_1[m[K’ in ‘[01m[K* msg_[m[K’, which is of non-class type ‘[01m[Kint[m[K’
[3.801s]      motor_LF_s1.mode =  msg_-> [01;31m[Kmode_LF_1[m[K;
[3.801s] 
[3.802s]                                 [01;31m[K^~~~~~~~~[m[K
[3.802s] [01m[K/home/orthrus1-1/orthrus1-1/src/motor/src/motor_carryout.cpp:104:35:[m[K [01;31m[Kerror: [m[Krequest for member ‘[01m[KT_LF_1[m[K’ in ‘[01m[K* msg_[m[K’, which is of non-class type ‘[01m[Kint[m[K’
[3.803s]      motor_LF_s1.T    =  msg_->    [01;31m[KT_LF_1[m[K;  //单位：Nm, T<255.9
[3.803s] 
[3.804s]                                    [01;31m[K^~~~~~[m[K
[3.805s] [01m[K/home/orthrus1-1/orthrus1-1/src/motor/src/motor_carryout.cpp:105:35:[m[K [01;31m[Kerror: [m[Krequest for member ‘[01m[KW_LF_1[m[K’ in ‘[01m[K* msg_[m[K’, which is of non-class type ‘[01m[Kint[m[K’
[3.805s]      motor_LF_s1.W    =  msg_->    [01;31m[KW_LF_1[m[K;  //单位：rad/s, W<511.9
[3.806s] 
[3.806s]                                    [01;31m[K^~~~~~[m[K
[3.807s] [01m[K/home/orthrus1-1/orthrus1-1/src/motor/src/motor_carryout.cpp:106:33:[m[K [01;31m[Kerror: [m[Krequest for member ‘[01m[KPos_LF_1[m[K’ in ‘[01m[K* msg_[m[K’, which is of non-class type ‘[01m[Kint[m[K’
[3.807s]      motor_LF_s1.Pos  =  msg_->  [01;31m[KPos_LF_1[m[K;  //单位：rad, Pos<131071.9
[3.808s] 
[3.808s]                                  [01;31m[K^~~~~~~~[m[K
[3.809s] [01m[K/home/orthrus1-1/orthrus1-1/src/motor/src/motor_carryout.cpp:107:33:[m[K [01;31m[Kerror: [m[Krequest for member ‘[01m[KK_P_LF_1[m[K’ in ‘[01m[K* msg_[m[K’, which is of non-class type ‘[01m[Kint[m[K’
[3.809s]      motor_LF_s1.K_P  =  msg_->  [01;31m[KK_P_LF_1[m[K;  //K_P<31.9
[3.810s] 
[3.810s]                                  [01;31m[K^~~~~~~~[m[K
[3.811s] [01m[K/home/orthrus1-1/orthrus1-1/src/motor/src/motor_carryout.cpp:108:33:[m[K [01;31m[Kerror: [m[Krequest for member ‘[01m[KK_W_LF_1[m[K’ in ‘[01m[K* msg_[m[K’, which is of non-class type ‘[01m[Kint[m[K’
[3.811s]      motor_LF_s1.K_W  =  msg_->  [01;31m[KK_W_LF_1[m[K;  //K_W<63.9
[3.812s] 
[3.812s]                                  [01;31m[K^~~~~~~~[m[K
[3.813s] [01m[K/home/orthrus1-1/orthrus1-1/src/motor/src/motor_carryout.cpp:114:30:[m[K [01;31m[Kerror: [m[Krequest for member ‘[01m[Kmode_LF_2[m[K’ in ‘[01m[K* msg_[m[K’, which is of non-class type ‘[01m[Kint[m[K’
[3.813s]     motor_LF_s2.mode = msg_-> [01;31m[Kmode_LF_2[m[K;
[3.814s] 
[3.814s]                               [01;31m[K^~~~~~~~~[m[K
[3.815s] [01m[K/home/orthrus1-1/orthrus1-1/src/motor/src/motor_carryout.cpp:115:33:[m[K [01;31m[Kerror: [m[Krequest for member ‘[01m[KT_LF_2[m[K’ in ‘[01m[K* msg_[m[K’, which is of non-class type ‘[01m[Kint[m[K’
[3.815s]     motor_LF_s2.T    = msg_->    [01;31m[KT_LF_2[m[K;           
[3.816s] 
[3.816s]                                  [01;31m[K^~~~~~[m[K
[3.817s] [01m[K/home/orthrus1-1/orthrus1-1/src/motor/src/motor_carryout.cpp:116:33:[m[K [01;31m[Kerror: [m[Krequest for member ‘[01m[KW_LF_2[m[K’ in ‘[01m[K* msg_[m[K’, which is of non-class type ‘[01m[Kint[m[K’
[3.817s]     motor_LF_s2.W    = msg_->    [01;31m[KW_LF_2[m[K;              
[3.818s] 
[3.818s]                                  [01;31m[K^~~~~~[m[K
[3.819s] [01m[K/home/orthrus1-1/orthrus1-1/src/motor/src/motor_carryout.cpp:117:31:[m[K [01;31m[Kerror: [m[Krequest for member ‘[01m[KPos_LF_2[m[K’ in ‘[01m[K* msg_[m[K’, which is of non-class type ‘[01m[Kint[m[K’
[3.819s]     motor_LF_s2.Pos  = msg_->  [01;31m[KPos_LF_2[m[K;         
[3.820s] 
[3.820s]                                [01;31m[K^~~~~~~~[m[K
[3.821s] [01m[K/home/orthrus1-1/orthrus1-1/src/motor/src/motor_carryout.cpp:118:31:[m[K [01;31m[Kerror: [m[Krequest for member ‘[01m[KK_P_LF_2[m[K’ in ‘[01m[K* msg_[m[K’, which is of non-class type ‘[01m[Kint[m[K’
[3.821s]     motor_LF_s2.K_P  = msg_->  [01;31m[KK_P_LF_2[m[K;      
[3.822s] 
[3.822s]                                [01;31m[K^~~~~~~~[m[K
[3.823s] [01m[K/home/orthrus1-1/orthrus1-1/src/motor/src/motor_carryout.cpp:119:31:[m[K [01;31m[Kerror: [m[Krequest for member ‘[01m[KK_W_LF_2[m[K’ in ‘[01m[K* msg_[m[K’, which is of non-class type ‘[01m[Kint[m[K’
[3.823s]     motor_LF_s2.K_W  = msg_->  [01;31m[KK_W_LF_2[m[K;      
[3.824s] 
[3.824s]                                [01;31m[K^~~~~~~~[m[K
[3.825s] [01m[K/home/orthrus1-1/orthrus1-1/src/motor/src/motor_carryout.cpp:125:31:[m[K [01;31m[Kerror: [m[Krequest for member ‘[01m[Kmode_LF_3[m[K’ in ‘[01m[K* msg_[m[K’, which is of non-class type ‘[01m[Kint[m[K’
[3.825s]      motor_LF_s3.mode = msg_-> [01;31m[Kmode_LF_3[m[K;
[3.826s] 
[3.826s]                                [01;31m[K^~~~~~~~~[m[K
[3.827s] [01m[K/home/orthrus1-1/orthrus1-1/src/motor/src/motor_carryout.cpp:126:34:[m[K [01;31m[Kerror: [m[Krequest for member ‘[01m[KT_LF_3[m[K’ in ‘[01m[K* msg_[m[K’, which is of non-class type ‘[01m[Kint[m[K’
[3.827s]      motor_LF_s3.T    = msg_->    [01;31m[KT_LF_3[m[K;             
[3.828s] 
[3.828s]                                   [01;31m[K^~~~~~[m[K
[3.829s] [01m[K/home/orthrus1-1/orthrus1-1/src/motor/src/motor_carryout.cpp:127:34:[m[K [01;31m[Kerror: [m[Krequest for member ‘[01m[KW_LF_3[m[K’ in ‘[01m[K* msg_[m[K’, which is of non-class type ‘[01m[Kint[m[K’
[3.830s]      motor_LF_s3.W    = msg_->    [01;31m[KW_LF_3[m[K;               
[3.831s] 
[3.831s]                                   [01;31m[K^~~~~~[m[K
[3.832s] [01m[K/home/orthrus1-1/orthrus1-1/src/motor/src/motor_carryout.cpp:128:32:[m[K [01;31m[Kerror: [m[Krequest for member ‘[01m[KPos_LF_3[m[K’ in ‘[01m[K* msg_[m[K’, which is of non-class type ‘[01m[Kint[m[K’
[3.832s]      motor_LF_s3.Pos  = msg_->  [01;31m[KPos_LF_3[m[K;       
[3.833s] 
[3.833s]                                 [01;31m[K^~~~~~~~[m[K
[3.834s] [01m[K/home/orthrus1-1/orthrus1-1/src/motor/src/motor_carryout.cpp:129:32:[m[K [01;31m[Kerror: [m[Krequest for member ‘[01m[KK_P_LF_3[m[K’ in ‘[01m[K* msg_[m[K’, which is of non-class type ‘[01m[Kint[m[K’
[3.835s]      motor_LF_s3.K_P  = msg_->  [01;31m[KK_P_LF_3[m[K;         
[3.835s] 
[3.835s]                                 [01;31m[K^~~~~~~~[m[K
[3.836s] [01m[K/home/orthrus1-1/orthrus1-1/src/motor/src/motor_carryout.cpp:130:32:[m[K [01;31m[Kerror: [m[Krequest for member ‘[01m[KK_W_LF_3[m[K’ in ‘[01m[K* msg_[m[K’, which is of non-class type ‘[01m[Kint[m[K’
[3.837s]      motor_LF_s3.K_W  = msg_->  [01;31m[KK_W_LF_3[m[K;      
[3.837s] 
[3.838s]                                 [01;31m[K^~~~~~~~[m[K
[3.838s] [01m[K/home/orthrus1-1/orthrus1-1/src/motor/src/motor_carryout.cpp:137:34:[m[K [01;31m[Kerror: [m[Krequest for member ‘[01m[Kmode_RF_1[m[K’ in ‘[01m[K* msg_[m[K’, which is of non-class type ‘[01m[Kint[m[K’
[3.839s]         motor_RF_s1.mode = msg_-> [01;31m[Kmode_RF_1[m[K;
[3.839s] 
[3.840s]                                   [01;31m[K^~~~~~~~~[m[K
[3.840s] [01m[K/home/orthrus1-1/orthrus1-1/src/motor/src/motor_carryout.cpp:138:37:[m[K [01;31m[Kerror: [m[Krequest for member ‘[01m[KT_RF_1[m[K’ in ‘[01m[K* msg_[m[K’, which is of non-class type ‘[01m[Kint[m[K’
[3.841s]         motor_RF_s1.T    = msg_->    [01;31m[KT_RF_1[m[K;           
[3.841s] 
[3.842s]                                      [01;31m[K^~~~~~[m[K
[3.842s] [01m[K/home/orthrus1-1/orthrus1-1/src/motor/src/motor_carryout.cpp:139:37:[m[K [01;31m[Kerror: [m[Krequest for member ‘[01m[KW_RF_1[m[K’ in ‘[01m[K* msg_[m[K’, which is of non-class type ‘[01m[Kint[m[K’
[3.843s]         motor_RF_s1.W    = msg_->    [01;31m[KW_RF_1[m[K;             
[3.843s] 
[3.844s]                                      [01;31m[K^~~~~~[m[K
[3.844s] [01m[K/home/orthrus1-1/orthrus1-1/src/motor/src/motor_carryout.cpp:140:35:[m[K [01;31m[Kerror: [m[Krequest for member ‘[01m[KPos_RF_1[m[K’ in ‘[01m[K* msg_[m[K’, which is of non-class type ‘[01m[Kint[m[K’
[3.845s]         motor_RF_s1.Pos  = msg_->  [01;31m[KPos_RF_1[m[K;       
[3.845s] 
[3.846s]                                    [01;31m[K^~~~~~~~[m[K
[3.846s] [01m[K/home/orthrus1-1/orthrus1-1/src/motor/src/motor_carryout.cpp:141:35:[m[K [01;31m[Kerror: [m[Krequest for member ‘[01m[KK_P_RF_1[m[K’ in ‘[01m[K* msg_[m[K’, which is of non-class type ‘[01m[Kint[m[K’
[3.847s]         motor_RF_s1.K_P  = msg_->  [01;31m[KK_P_RF_1[m[K;       
[3.847s] 
[3.848s]                                    [01;31m[K^~~~~~~~[m[K
[3.848s] [01m[K/home/orthrus1-1/orthrus1-1/src/motor/src/motor_carryout.cpp:142:35:[m[K [01;31m[Kerror: [m[Krequest for member ‘[01m[KK_W_RF_1[m[K’ in ‘[01m[K* msg_[m[K’, which is of non-class type ‘[01m[Kint[m[K’
[3.849s]         motor_RF_s1.K_W  = msg_->  [01;31m[KK_W_RF_1[m[K;      
[3.849s] 
[3.850s]                                    [01;31m[K^~~~~~~~[m[K
[3.850s] [01m[K/home/orthrus1-1/orthrus1-1/src/motor/src/motor_carryout.cpp:148:34:[m[K [01;31m[Kerror: [m[Krequest for member ‘[01m[Kmode_RF_2[m[K’ in ‘[01m[K* msg_[m[K’, which is of non-class type ‘[01m[Kint[m[K’
[3.851s]         motor_RF_s2.mode = msg_-> [01;31m[Kmode_RF_2[m[K;
[3.851s] 
[3.852s]                                   [01;31m[K^~~~~~~~~[m[K
[3.852s] [01m[K/home/orthrus1-1/orthrus1-1/src/motor/src/motor_carryout.cpp:149:37:[m[K [01;31m[Kerror: [m[Krequest for member ‘[01m[KT_RF_2[m[K’ in ‘[01m[K* msg_[m[K’, which is of non-class type ‘[01m[Kint[m[K’
[3.853s]         motor_RF_s2.T    = msg_->    [01;31m[KT_RF_2[m[K;            
[3.853s] 
[3.854s]                                      [01;31m[K^~~~~~[m[K
[3.854s] [01m[K/home/orthrus1-1/orthrus1-1/src/motor/src/motor_carryout.cpp:150:37:[m[K [01;31m[Kerror: [m[Krequest for member ‘[01m[KW_RF_2[m[K’ in ‘[01m[K* msg_[m[K’, which is of non-class type ‘[01m[Kint[m[K’
[3.855s]         motor_RF_s2.W    = msg_->    [01;31m[KW_RF_2[m[K;             
[3.855s] 
[3.856s]                                      [01;31m[K^~~~~~[m[K
[3.857s] [01m[K/home/orthrus1-1/orthrus1-1/src/motor/src/motor_carryout.cpp:151:35:[m[K [01;31m[Kerror: [m[Krequest for member ‘[01m[KPos_RF_2[m[K’ in ‘[01m[K* msg_[m[K’, which is of non-class type ‘[01m[Kint[m[K’
[3.857s]         motor_RF_s2.Pos  = msg_->  [01;31m[KPos_RF_2[m[K;         
[3.858s] 
[3.858s]                                    [01;31m[K^~~~~~~~[m[K
[3.859s] [01m[K/home/orthrus1-1/orthrus1-1/src/motor/src/motor_carryout.cpp:152:35:[m[K [01;31m[Kerror: [m[Krequest for member ‘[01m[KK_P_RF_2[m[K’ in ‘[01m[K* msg_[m[K’, which is of non-class type ‘[01m[Kint[m[K’
[3.859s]         motor_RF_s2.K_P  = msg_->  [01;31m[KK_P_RF_2[m[K;        
[3.860s] 
[3.860s]                                    [01;31m[K^~~~~~~~[m[K
[3.861s] [01m[K/home/orthrus1-1/orthrus1-1/src/motor/src/motor_carryout.cpp:153:35:[m[K [01;31m[Kerror: [m[Krequest for member ‘[01m[KK_W_RF_2[m[K’ in ‘[01m[K* msg_[m[K’, which is of non-class type ‘[01m[Kint[m[K’
[3.861s]         motor_RF_s2.K_W  = msg_->  [01;31m[KK_W_RF_2[m[K;     
[3.862s] 
[3.862s]                                    [01;31m[K^~~~~~~~[m[K
[3.863s] [01m[K/home/orthrus1-1/orthrus1-1/src/motor/src/motor_carryout.cpp:159:34:[m[K [01;31m[Kerror: [m[Krequest for member ‘[01m[Kmode_RF_3[m[K’ in ‘[01m[K* msg_[m[K’, which is of non-class type ‘[01m[Kint[m[K’
[3.863s]         motor_RF_s3.mode = msg_-> [01;31m[Kmode_RF_3[m[K;
[3.864s] 
[3.864s]                                   [01;31m[K^~~~~~~~~[m[K
[3.864s] [01m[K/home/orthrus1-1/orthrus1-1/src/motor/src/motor_carryout.cpp:160:37:[m[K [01;31m[Kerror: [m[Krequest for member ‘[01m[KT_RF_3[m[K’ in ‘[01m[K* msg_[m[K’, which is of non-class type ‘[01m[Kint[m[K’
[3.865s]         motor_RF_s3.T    = msg_->    [01;31m[KT_RF_3[m[K;             
[3.865s] 
[3.866s]                                      [01;31m[K^~~~~~[m[K
[3.866s] [01m[K/home/orthrus1-1/orthrus1-1/src/motor/src/motor_carryout.cpp:161:37:[m[K [01;31m[Kerror: [m[Krequest for member ‘[01m[KW_RF_3[m[K’ in ‘[01m[K* msg_[m[K’, which is of non-class type ‘[01m[Kint[m[K’
[3.867s]         motor_RF_s3.W    = msg_->    [01;31m[KW_RF_3[m[K;                
[3.867s] 
[3.868s]                                      [01;31m[K^~~~~~[m[K
[3.868s] [01m[K/home/orthrus1-1/orthrus1-1/src/motor/src/motor_carryout.cpp:162:35:[m[K [01;31m[Kerror: [m[Krequest for member ‘[01m[KPos_RF_3[m[K’ in ‘[01m[K* msg_[m[K’, which is of non-class type ‘[01m[Kint[m[K’
[3.869s]         motor_RF_s3.Pos  = msg_->  [01;31m[KPos_RF_3[m[K;         
[3.870s] 
[3.870s]                                    [01;31m[K^~~~~~~~[m[K
[3.870s] [01m[K/home/orthrus1-1/orthrus1-1/src/motor/src/motor_carryout.cpp:163:35:[m[K [01;31m[Kerror: [m[Krequest for member ‘[01m[KK_P_RF_3[m[K’ in ‘[01m[K* msg_[m[K’, which is of non-class type ‘[01m[Kint[m[K’
[3.871s]         motor_RF_s3.K_P  = msg_->  [01;31m[KK_P_RF_3[m[K;        
[3.872s] 
[3.872s]                                    [01;31m[K^~~~~~~~[m[K
[3.873s] [01m[K/home/orthrus1-1/orthrus1-1/src/motor/src/motor_carryout.cpp:164:35:[m[K [01;31m[Kerror: [m[Krequest for member ‘[01m[KK_W_RF_3[m[K’ in ‘[01m[K* msg_[m[K’, which is of non-class type ‘[01m[Kint[m[K’
[3.873s]         motor_RF_s3.K_W  = msg_->  [01;31m[KK_W_RF_3[m[K;      
[3.874s] 
[3.874s]                                    [01;31m[K^~~~~~~~[m[K
[3.875s] [01m[K/home/orthrus1-1/orthrus1-1/src/motor/src/motor_carryout.cpp:171:31:[m[K [01;31m[Kerror: [m[Krequest for member ‘[01m[Kmode_LB_1[m[K’ in ‘[01m[K* msg_[m[K’, which is of non-class type ‘[01m[Kint[m[K’
[3.875s]      motor_LB_s1.mode = msg_-> [01;31m[Kmode_LB_1[m[K;
[3.876s] 
[3.876s]                                [01;31m[K^~~~~~~~~[m[K
[3.877s] [01m[K/home/orthrus1-1/orthrus1-1/src/motor/src/motor_carryout.cpp:172:34:[m[K [01;31m[Kerror: [m[Krequest for member ‘[01m[KT_LB_1[m[K’ in ‘[01m[K* msg_[m[K’, which is of non-class type ‘[01m[Kint[m[K’
[3.877s]      motor_LB_s1.T    = msg_->    [01;31m[KT_LB_1[m[K;            
[3.878s] 
[3.878s]                                   [01;31m[K^~~~~~[m[K
[3.879s] [01m[K/home/orthrus1-1/orthrus1-1/src/motor/src/motor_carryout.cpp:173:34:[m[K [01;31m[Kerror: [m[Krequest for member ‘[01m[KW_LB_1[m[K’ in ‘[01m[K* msg_[m[K’, which is of non-class type ‘[01m[Kint[m[K’
[3.879s]      motor_LB_s1.W    = msg_->    [01;31m[KW_LB_1[m[K;               
[3.880s] 
[3.880s]                                   [01;31m[K^~~~~~[m[K
[3.881s] [01m[K/home/orthrus1-1/orthrus1-1/src/motor/src/motor_carryout.cpp:174:32:[m[K [01;31m[Kerror: [m[Krequest for member ‘[01m[KPos_LB_1[m[K’ in ‘[01m[K* msg_[m[K’, which is of non-class type ‘[01m[Kint[m[K’
[3.881s]      motor_LB_s1.Pos  = msg_->  [01;31m[KPos_LB_1[m[K;         
[3.882s] 
[3.882s]                                 [01;31m[K^~~~~~~~[m[K
[3.883s] [01m[K/home/orthrus1-1/orthrus1-1/src/motor/src/motor_carryout.cpp:175:32:[m[K [01;31m[Kerror: [m[Krequest for member ‘[01m[KK_P_LB_1[m[K’ in ‘[01m[K* msg_[m[K’, which is of non-class type ‘[01m[Kint[m[K’
[3.883s]      motor_LB_s1.K_P  = msg_->  [01;31m[KK_P_LB_1[m[K;         
[3.884s] 
[3.884s]                                 [01;31m[K^~~~~~~~[m[K
[3.885s] [01m[K/home/orthrus1-1/orthrus1-1/src/motor/src/motor_carryout.cpp:176:32:[m[K [01;31m[Kerror: [m[Krequest for member ‘[01m[KK_W_LB_1[m[K’ in ‘[01m[K* msg_[m[K’, which is of non-class type ‘[01m[Kint[m[K’
[3.885s]      motor_LB_s1.K_W  = msg_->  [01;31m[KK_W_LB_1[m[K;        
[3.886s] 
[3.886s]                                 [01;31m[K^~~~~~~~[m[K
[3.887s] [01m[K/home/orthrus1-1/orthrus1-1/src/motor/src/motor_carryout.cpp:182:31:[m[K [01;31m[Kerror: [m[Krequest for member ‘[01m[Kmode_LB_2[m[K’ in ‘[01m[K* msg_[m[K’, which is of non-class type ‘[01m[Kint[m[K’
[3.887s]      motor_LB_s2.mode = msg_-> [01;31m[Kmode_LB_2[m[K;
[3.888s] 
[3.888s]                                [01;31m[K^~~~~~~~~[m[K
[3.889s] [01m[K/home/orthrus1-1/orthrus1-1/src/motor/src/motor_carryout.cpp:183:34:[m[K [01;31m[Kerror: [m[Krequest for member ‘[01m[KT_LB_2[m[K’ in ‘[01m[K* msg_[m[K’, which is of non-class type ‘[01m[Kint[m[K’
[3.889s]      motor_LB_s2.T    = msg_->    [01;31m[KT_LB_2[m[K;             
[3.890s] 
[3.890s]                                   [01;31m[K^~~~~~[m[K
[3.891s] [01m[K/home/orthrus1-1/orthrus1-1/src/motor/src/motor_carryout.cpp:184:34:[m[K [01;31m[Kerror: [m[Krequest for member ‘[01m[KW_LB_2[m[K’ in ‘[01m[K* msg_[m[K’, which is of non-class type ‘[01m[Kint[m[K’
[3.891s]      motor_LB_s2.W    = msg_->    [01;31m[KW_LB_2[m[K;              
[3.892s] 
[3.892s]                                   [01;31m[K^~~~~~[m[K
[3.893s] [01m[K/home/orthrus1-1/orthrus1-1/src/motor/src/motor_carryout.cpp:185:32:[m[K [01;31m[Kerror: [m[Krequest for member ‘[01m[KPos_LB_2[m[K’ in ‘[01m[K* msg_[m[K’, which is of non-class type ‘[01m[Kint[m[K’
[3.893s]      motor_LB_s2.Pos  = msg_->  [01;31m[KPos_LB_2[m[K;     
[3.894s] 
[3.894s]                                 [01;31m[K^~~~~~~~[m[K
[3.895s] [01m[K/home/orthrus1-1/orthrus1-1/src/motor/src/motor_carryout.cpp:186:32:[m[K [01;31m[Kerror: [m[Krequest for member ‘[01m[KK_P_LB_2[m[K’ in ‘[01m[K* msg_[m[K’, which is of non-class type ‘[01m[Kint[m[K’
[3.895s]      motor_LB_s2.K_P  = msg_->  [01;31m[KK_P_LB_2[m[K;       
[3.896s] 
[3.896s]                                 [01;31m[K^~~~~~~~[m[K
[3.897s] [01m[K/home/orthrus1-1/orthrus1-1/src/motor/src/motor_carryout.cpp:187:32:[m[K [01;31m[Kerror: [m[Krequest for member ‘[01m[KK_W_LB_2[m[K’ in ‘[01m[K* msg_[m[K’, which is of non-class type ‘[01m[Kint[m[K’
[3.897s]      motor_LB_s2.K_W  = msg_->  [01;31m[KK_W_LB_2[m[K;       
[3.898s] 
[3.898s]                                 [01;31m[K^~~~~~~~[m[K
[3.899s] [01m[K/home/orthrus1-1/orthrus1-1/src/motor/src/motor_carryout.cpp:193:31:[m[K [01;31m[Kerror: [m[Krequest for member ‘[01m[Kmode_LB_3[m[K’ in ‘[01m[K* msg_[m[K’, which is of non-class type ‘[01m[Kint[m[K’
[3.900s]      motor_LB_s3.mode = msg_-> [01;31m[Kmode_LB_3[m[K;
[3.900s] 
[3.901s]                                [01;31m[K^~~~~~~~~[m[K
[3.901s] [01m[K/home/orthrus1-1/orthrus1-1/src/motor/src/motor_carryout.cpp:194:34:[m[K [01;31m[Kerror: [m[Krequest for member ‘[01m[KT_LB_3[m[K’ in ‘[01m[K* msg_[m[K’, which is of non-class type ‘[01m[Kint[m[K’
[3.902s]      motor_LB_s3.T    = msg_->    [01;31m[KT_LB_3[m[K;             //单位：Nm, T<255.9
[3.902s] 
[3.903s]                                   [01;31m[K^~~~~~[m[K
[3.903s] [01m[K/home/orthrus1-1/orthrus1-1/src/motor/src/motor_carryout.cpp:195:34:[m[K [01;31m[Kerror: [m[Krequest for member ‘[01m[KW_LB_3[m[K’ in ‘[01m[K* msg_[m[K’, which is of non-class type ‘[01m[Kint[m[K’
[3.904s]      motor_LB_s3.W    = msg_->    [01;31m[KW_LB_3[m[K;                //单位：rad/s, W<511.9
[3.904s] 
[3.905s]                                   [01;31m[K^~~~~~[m[K
[3.905s] [01m[K/home/orthrus1-1/orthrus1-1/src/motor/src/motor_carryout.cpp:196:32:[m[K [01;31m[Kerror: [m[Krequest for member ‘[01m[KPos_LB_3[m[K’ in ‘[01m[K* msg_[m[K’, which is of non-class type ‘[01m[Kint[m[K’
[3.906s]      motor_LB_s3.Pos  = msg_->  [01;31m[KPos_LB_3[m[K;         //单位：rad, Pos<131071.9
[3.906s] 
[3.907s]                                 [01;31m[K^~~~~~~~[m[K
[3.907s] [01m[K/home/orthrus1-1/orthrus1-1/src/motor/src/motor_carryout.cpp:197:32:[m[K [01;31m[Kerror: [m[Krequest for member ‘[01m[KK_P_LB_3[m[K’ in ‘[01m[K* msg_[m[K’, which is of non-class type ‘[01m[Kint[m[K’
[3.907s]      motor_LB_s3.K_P  = msg_->  [01;31m[KK_P_LB_3[m[K;         //K_P<31.9
[3.908s] 
[3.908s]                                 [01;31m[K^~~~~~~~[m[K
[3.909s] [01m[K/home/orthrus1-1/orthrus1-1/src/motor/src/motor_carryout.cpp:198:32:[m[K [01;31m[Kerror: [m[Krequest for member ‘[01m[KK_W_LB_3[m[K’ in ‘[01m[K* msg_[m[K’, which is of non-class type ‘[01m[Kint[m[K’
[3.910s]      motor_LB_s3.K_W  = msg_->  [01;31m[KK_W_LB_3[m[K;        //K_W<63.9
[3.910s] 
[3.911s]                                 [01;31m[K^~~~~~~~[m[K
[3.911s] [01m[K/home/orthrus1-1/orthrus1-1/src/motor/src/motor_carryout.cpp:204:35:[m[K [01;31m[Kerror: [m[Krequest for member ‘[01m[Kmode_RB_1[m[K’ in ‘[01m[K* msg_[m[K’, which is of non-class type ‘[01m[Kint[m[K’
[3.912s]          motor_RB_s1.mode = msg_-> [01;31m[Kmode_RB_1[m[K;
[3.912s] 
[3.913s]                                    [01;31m[K^~~~~~~~~[m[K
[3.913s] [01m[K/home/orthrus1-1/orthrus1-1/src/motor/src/motor_carryout.cpp:205:38:[m[K [01;31m[Kerror: [m[Krequest for member ‘[01m[KT_RB_1[m[K’ in ‘[01m[K* msg_[m[K’, which is of non-class type ‘[01m[Kint[m[K’
[3.914s]          motor_RB_s1.T    = msg_->    [01;31m[KT_RB_1[m[K;            
[3.914s] 
[3.915s]                                       [01;31m[K^~~~~~[m[K
[3.915s] [01m[K/home/orthrus1-1/orthrus1-1/src/motor/src/motor_carryout.cpp:206:38:[m[K [01;31m[Kerror: [m[Krequest for member ‘[01m[KW_RB_1[m[K’ in ‘[01m[K* msg_[m[K’, which is of non-class type ‘[01m[Kint[m[K’
[3.915s]          motor_RB_s1.W    = msg_->    [01;31m[KW_RB_1[m[K;               
[3.916s] 
[3.916s]                                       [01;31m[K^~~~~~[m[K
[3.917s] [01m[K/home/orthrus1-1/orthrus1-1/src/motor/src/motor_carryout.cpp:207:36:[m[K [01;31m[Kerror: [m[Krequest for member ‘[01m[KPos_RB_1[m[K’ in ‘[01m[K* msg_[m[K’, which is of non-class type ‘[01m[Kint[m[K’
[3.917s]          motor_RB_s1.Pos  = msg_->  [01;31m[KPos_RB_1[m[K;         
[3.918s] 
[3.918s]                                     [01;31m[K^~~~~~~~[m[K
[3.919s] [01m[K/home/orthrus1-1/orthrus1-1/src/motor/src/motor_carryout.cpp:208:36:[m[K [01;31m[Kerror: [m[Krequest for member ‘[01m[KK_P_RB_1[m[K’ in ‘[01m[K* msg_[m[K’, which is of non-class type ‘[01m[Kint[m[K’
[3.919s]          motor_RB_s1.K_P  = msg_->  [01;31m[KK_P_RB_1[m[K;         
[3.920s] 
[3.920s]                                     [01;31m[K^~~~~~~~[m[K
[3.921s] [01m[K/home/orthrus1-1/orthrus1-1/src/motor/src/motor_carryout.cpp:209:36:[m[K [01;31m[Kerror: [m[Krequest for member ‘[01m[KK_W_RB_1[m[K’ in ‘[01m[K* msg_[m[K’, which is of non-class type ‘[01m[Kint[m[K’
[3.921s]          motor_RB_s1.K_W  = msg_->  [01;31m[KK_W_RB_1[m[K; 
[3.922s] 
[3.922s]                                     [01;31m[K^~~~~~~~[m[K
[3.923s] [01m[K/home/orthrus1-1/orthrus1-1/src/motor/src/motor_carryout.cpp:215:35:[m[K [01;31m[Kerror: [m[Krequest for member ‘[01m[Kmode_RB_2[m[K’ in ‘[01m[K* msg_[m[K’, which is of non-class type ‘[01m[Kint[m[K’
[3.923s]          motor_RB_s2.mode = msg_-> [01;31m[Kmode_RB_2[m[K;
[3.924s] 
[3.924s]                                    [01;31m[K^~~~~~~~~[m[K
[3.925s] [01m[K/home/orthrus1-1/orthrus1-1/src/motor/src/motor_carryout.cpp:216:38:[m[K [01;31m[Kerror: [m[Krequest for member ‘[01m[KT_RB_2[m[K’ in ‘[01m[K* msg_[m[K’, which is of non-class type ‘[01m[Kint[m[K’
[3.925s]          motor_RB_s2.T    = msg_->    [01;31m[KT_RB_2[m[K;            
[3.926s] 
[3.926s]                                       [01;31m[K^~~~~~[m[K
[3.927s] [01m[K/home/orthrus1-1/orthrus1-1/src/motor/src/motor_carryout.cpp:217:38:[m[K [01;31m[Kerror: [m[Krequest for member ‘[01m[KW_RB_2[m[K’ in ‘[01m[K* msg_[m[K’, which is of non-class type ‘[01m[Kint[m[K’
[3.927s]          motor_RB_s2.W    = msg_->    [01;31m[KW_RB_2[m[K;               
[3.928s] 
[3.928s]                                       [01;31m[K^~~~~~[m[K
[3.929s] [01m[K/home/orthrus1-1/orthrus1-1/src/motor/src/motor_carryout.cpp:218:36:[m[K [01;31m[Kerror: [m[Krequest for member ‘[01m[KPos_RB_2[m[K’ in ‘[01m[K* msg_[m[K’, which is of non-class type ‘[01m[Kint[m[K’
[3.930s]          motor_RB_s2.Pos  = msg_->  [01;31m[KPos_RB_2[m[K;         
[3.931s] 
[3.931s]                                     [01;31m[K^~~~~~~~[m[K
[3.932s] [01m[K/home/orthrus1-1/orthrus1-1/src/motor/src/motor_carryout.cpp:219:36:[m[K [01;31m[Kerror: [m[Krequest for member ‘[01m[KK_P_RB_2[m[K’ in ‘[01m[K* msg_[m[K’, which is of non-class type ‘[01m[Kint[m[K’
[3.933s]          motor_RB_s2.K_P  = msg_->  [01;31m[KK_P_RB_2[m[K;         
[3.933s] 
[3.934s]                                     [01;31m[K^~~~~~~~[m[K
[3.934s] [01m[K/home/orthrus1-1/orthrus1-1/src/motor/src/motor_carryout.cpp:220:36:[m[K [01;31m[Kerror: [m[Krequest for member ‘[01m[KK_W_RB_2[m[K’ in ‘[01m[K* msg_[m[K’, which is of non-class type ‘[01m[Kint[m[K’
[3.935s]          motor_RB_s2.K_W  = msg_->  [01;31m[KK_W_RB_2[m[K; 
[3.935s] 
[3.936s]                                     [01;31m[K^~~~~~~~[m[K
[3.937s] [01m[K/home/orthrus1-1/orthrus1-1/src/motor/src/motor_carryout.cpp:226:35:[m[K [01;31m[Kerror: [m[Krequest for member ‘[01m[Kmode_RB_3[m[K’ in ‘[01m[K* msg_[m[K’, which is of non-class type ‘[01m[Kint[m[K’
[3.937s]          motor_RB_s3.mode = msg_-> [01;31m[Kmode_RB_3[m[K;
[3.938s] 
[3.938s]                                    [01;31m[K^~~~~~~~~[m[K
[3.939s] [01m[K/home/orthrus1-1/orthrus1-1/src/motor/src/motor_carryout.cpp:227:38:[m[K [01;31m[Kerror: [m[Krequest for member ‘[01m[KT_RB_3[m[K’ in ‘[01m[K* msg_[m[K’, which is of non-class type ‘[01m[Kint[m[K’
[3.939s]          motor_RB_s3.T    = msg_->    [01;31m[KT_RB_3[m[K;            
[3.940s] 
[3.940s]                                       [01;31m[K^~~~~~[m[K
[3.941s] [01m[K/home/orthrus1-1/orthrus1-1/src/motor/src/motor_carryout.cpp:228:38:[m[K [01;31m[Kerror: [m[Krequest for member ‘[01m[KW_RB_3[m[K’ in ‘[01m[K* msg_[m[K’, which is of non-class type ‘[01m[Kint[m[K’
[3.941s]          motor_RB_s3.W    = msg_->    [01;31m[KW_RB_3[m[K;               
[3.942s] 
[3.942s]                                       [01;31m[K^~~~~~[m[K
[3.943s] [01m[K/home/orthrus1-1/orthrus1-1/src/motor/src/motor_carryout.cpp:229:36:[m[K [01;31m[Kerror: [m[Krequest for member ‘[01m[KPos_RB_3[m[K’ in ‘[01m[K* msg_[m[K’, which is of non-class type ‘[01m[Kint[m[K’
[3.943s]          motor_RB_s3.Pos  = msg_->  [01;31m[KPos_RB_3[m[K;         
[3.944s] 
[3.944s]                                     [01;31m[K^~~~~~~~[m[K
[3.945s] [01m[K/home/orthrus1-1/orthrus1-1/src/motor/src/motor_carryout.cpp:230:36:[m[K [01;31m[Kerror: [m[Krequest for member ‘[01m[KK_P_RB_3[m[K’ in ‘[01m[K* msg_[m[K’, which is of non-class type ‘[01m[Kint[m[K’
[3.945s]          motor_RB_s3.K_P  = msg_->  [01;31m[KK_P_RB_3[m[K;         
[3.946s] 
[3.946s]                                     [01;31m[K^~~~~~~~[m[K
[3.947s] [01m[K/home/orthrus1-1/orthrus1-1/src/motor/src/motor_carryout.cpp:231:36:[m[K [01;31m[Kerror: [m[Krequest for member ‘[01m[KK_W_RB_3[m[K’ in ‘[01m[K* msg_[m[K’, which is of non-class type ‘[01m[Kint[m[K’
[3.947s]          motor_RB_s3.K_W  = msg_->  [01;31m[KK_W_RB_3[m[K; 
[3.948s] 
[3.948s]                                     [01;31m[K^~~~~~~~[m[K
[3.949s] [01m[K/home/orthrus1-1/orthrus1-1/src/motor/src/motor_carryout.cpp:[m[K In member function ‘[01m[Kvoid motor_carryout::topic_callback(message::msg::Motorcarryout_<std::allocator<void> >::SharedPtr) const[m[K’:
[3.949s] [01m[K/home/orthrus1-1/orthrus1-1/src/motor/src/motor_carryout.cpp:251:22:[m[K [01;31m[Kerror: [m[Kcannot convert ‘[01m[Kconst SharedPtr* {aka const std::shared_ptr<message::msg::Motorcarryout_<std::allocator<void> > >*}[m[K’ to ‘[01m[Kint*[m[K’ for argument ‘[01m[K1[m[K’ to ‘[01m[Kvoid setup_data(int*)[m[K’
[3.950s]        setup_data(&msg[01;31m[K)[m[K
[3.950s] 
[3.951s]                       [01;31m[K^[m[K
[6.291s] CMakeFiles/motor_carryout.dir/build.make:62: recipe for target 'CMakeFiles/motor_carryout.dir/src/motor_carryout.cpp.o' failed
[6.292s] make[2]: *** [CMakeFiles/motor_carryout.dir/src/motor_carryout.cpp.o] Error 1
[6.293s] CMakeFiles/Makefile2:136: recipe for target 'CMakeFiles/motor_carryout.dir/all' failed
[6.293s] make[1]: *** [CMakeFiles/motor_carryout.dir/all] Error 2
[6.294s] Makefile:140: recipe for target 'all' failed
[6.295s] make: *** [all] Error 2
[6.299s] Invoked command in '/home/orthrus1-1/orthrus1-1/build/motor' returned '2': AMENT_PREFIX_PATH=/home/orthrus1-1/orthrus1-1/install/message:${AMENT_PREFIX_PATH} CMAKE_PREFIX_PATH=/home/orthrus1-1/orthrus1-1/install/message:/opt/ros/dashing LD_LIBRARY_PATH=/home/orthrus1-1/orthrus1-1/install/message/lib:${LD_LIBRARY_PATH} PYTHONPATH=/home/orthrus1-1/orthrus1-1/install/message/lib/python3.6/site-packages:${PYTHONPATH} /usr/bin/cmake --build /home/orthrus1-1/orthrus1-1/build/motor -- -j4 -l4
