-- The C compiler identification is GNU 7.5.0
-- The CXX compiler identification is GNU 7.5.0
-- Check for working C compiler: /usr/bin/cc
-- Check for working C compiler: /usr/bin/cc -- works
-- Detecting C compiler ABI info
-- Detecting C compiler ABI info - done
-- Detecting C compile features
-- Detecting C compile features - done
-- Check for working CXX compiler: /usr/bin/c++
-- Check for working CXX compiler: /usr/bin/c++ -- works
-- Detecting CXX compiler ABI info
-- Detecting CXX compiler ABI info - done
-- Detecting CXX compile features
-- Detecting CXX compile features - done
-- Found ament_cmake: 0.7.5 (/opt/ros/dashing/share/ament_cmake/cmake)
-- Found PythonInterp: /usr/bin/python3 (found suitable version "3.6.9", minimum required is "3") 
-- Using PYTHON_EXECUTABLE: /usr/bin/python3
-- Found ament_lint_auto: 0.7.12 (/opt/ros/dashing/share/ament_lint_auto/cmake)
-- Added test 'lint_cmake' to check CMake code style
-- Added test 'xmllint' to check XML markup files
-- Configuring done
-- Generating done
-- Build files have been written to: /home/orthrus1-1/orthrus1-1/build/message
[36mInstall the project...[0m
-- Install configuration: ""
-- Installing: /home/orthrus1-1/orthrus1-1/install/message/share/ament_index/resource_index/package_run_dependencies/message
-- Installing: /home/orthrus1-1/orthrus1-1/install/message/share/ament_index/resource_index/parent_prefix_path/message
-- Installing: /home/orthrus1-1/orthrus1-1/install/message/share/message/environment/ament_prefix_path.sh
-- Installing: /home/orthrus1-1/orthrus1-1/install/message/share/message/environment/path.sh
-- Installing: /home/orthrus1-1/orthrus1-1/install/message/share/message/local_setup.bash
-- Installing: /home/orthrus1-1/orthrus1-1/install/message/share/message/local_setup.sh
-- Installing: /home/orthrus1-1/orthrus1-1/install/message/share/message/local_setup.zsh
-- Installing: /home/orthrus1-1/orthrus1-1/install/message/share/ament_index/resource_index/packages/message
-- Installing: /home/orthrus1-1/orthrus1-1/install/message/share/message/cmake/messageConfig.cmake
-- Installing: /home/orthrus1-1/orthrus1-1/install/message/share/message/cmake/messageConfig-version.cmake
-- Installing: /home/orthrus1-1/orthrus1-1/install/message/share/message/package.xml
