[0.059s] Invoking command in '/home/orthrus1-1/orthrus1-1/build/motor': CMAKE_PREFIX_PATH=/opt/ros/dashing /usr/bin/cmake /home/orthrus1-1/orthrus1-1/src/motor -DCMAKE_INSTALL_PREFIX=/home/orthrus1-1/orthrus1-1/install/motor
[0.254s] -- The C compiler identification is GNU 7.5.0
[0.438s] -- The CXX compiler identification is GNU 7.5.0
[0.449s] -- Check for working C compiler: /usr/bin/cc
[0.702s] -- Check for working C compiler: /usr/bin/cc -- works
[0.704s] -- Detecting C compiler ABI info
[0.960s] -- Detecting C compiler ABI info - done
[0.981s] -- Detecting C compile features
[1.745s] -- Detecting C compile features - done
[1.753s] -- Check for working CXX compiler: /usr/bin/c++
[2.039s] -- Check for working CXX compiler: /usr/bin/c++ -- works
[2.041s] -- Detecting CXX compiler ABI info
[2.330s] -- Detecting CXX compiler ABI info - done
[2.349s] -- Detecting CXX compile features
[3.589s] -- Detecting CXX compile features - done
[3.600s] -- Found ament_cmake: 0.7.5 (/opt/ros/dashing/share/ament_cmake/cmake)
[3.728s] -- Found PythonInterp: /usr/bin/python3 (found suitable version "3.6.9", minimum required is "3") 
[3.729s] -- Using PYTHON_EXECUTABLE: /usr/bin/python3
[4.758s] -- Found ament_lint_auto: 0.7.12 (/opt/ros/dashing/share/ament_lint_auto/cmake)
[5.138s] -- Added test 'lint_cmake' to check CMake code style
[5.142s] -- Added test 'xmllint' to check XML markup files
[5.151s] -- Configuring done
[5.158s] -- Generating done
[5.163s] -- Build files have been written to: /home/orthrus1-1/orthrus1-1/build/motor
[5.191s] Invoked command in '/home/orthrus1-1/orthrus1-1/build/motor' returned '0': CMAKE_PREFIX_PATH=/opt/ros/dashing /usr/bin/cmake /home/orthrus1-1/orthrus1-1/src/motor -DCMAKE_INSTALL_PREFIX=/home/orthrus1-1/orthrus1-1/install/motor
[5.199s] Invoking command in '/home/orthrus1-1/orthrus1-1/build/motor': CMAKE_PREFIX_PATH=/opt/ros/dashing /usr/bin/cmake --build /home/orthrus1-1/orthrus1-1/build/motor -- -j4 -l4
[5.359s] Invoked command in '/home/orthrus1-1/orthrus1-1/build/motor' returned '0': CMAKE_PREFIX_PATH=/opt/ros/dashing /usr/bin/cmake --build /home/orthrus1-1/orthrus1-1/build/motor -- -j4 -l4
[5.479s] Invoking command in '/home/orthrus1-1/orthrus1-1/build/motor': CMAKE_PREFIX_PATH=/opt/ros/dashing /usr/bin/cmake --build /home/orthrus1-1/orthrus1-1/build/motor --target install -- -j4 -l4
[5.667s] [36mInstall the project...[0m
[5.703s] -- Install configuration: ""
[5.704s] -- Installing: /home/orthrus1-1/orthrus1-1/install/motor/share/ament_index/resource_index/package_run_dependencies/motor
[5.705s] -- Installing: /home/orthrus1-1/orthrus1-1/install/motor/share/ament_index/resource_index/parent_prefix_path/motor
[5.706s] -- Installing: /home/orthrus1-1/orthrus1-1/install/motor/share/motor/environment/ament_prefix_path.sh
[5.709s] -- Installing: /home/orthrus1-1/orthrus1-1/install/motor/share/motor/environment/path.sh
[5.713s] -- Installing: /home/orthrus1-1/orthrus1-1/install/motor/share/motor/local_setup.bash
[5.714s] -- Installing: /home/orthrus1-1/orthrus1-1/install/motor/share/motor/local_setup.sh
[5.715s] -- Installing: /home/orthrus1-1/orthrus1-1/install/motor/share/motor/local_setup.zsh
[5.715s] -- Installing: /home/orthrus1-1/orthrus1-1/install/motor/share/ament_index/resource_index/packages/motor
[5.718s] -- Installing: /home/orthrus1-1/orthrus1-1/install/motor/share/motor/cmake/motorConfig.cmake
[5.719s] -- Installing: /home/orthrus1-1/orthrus1-1/install/motor/share/motor/cmake/motorConfig-version.cmake
[5.720s] -- Installing: /home/orthrus1-1/orthrus1-1/install/motor/share/motor/package.xml
[5.799s] Invoked command in '/home/orthrus1-1/orthrus1-1/build/motor' returned '0': CMAKE_PREFIX_PATH=/opt/ros/dashing /usr/bin/cmake --build /home/orthrus1-1/orthrus1-1/build/motor --target install -- -j4 -l4
