[0.060s] Invoking command in '/home/orthrus1-1/orthrus1-1/build/message': CMAKE_PREFIX_PATH=/opt/ros/dashing /usr/bin/cmake --build /home/orthrus1-1/orthrus1-1/build/message -- -j4 -l4
[0.275s] [  1%] Built target message__cpp
[0.277s] [  2%] Built target message__dds_opensplice_idl
[0.291s] [  8%] Built target message__rosidl_generator_c
[0.382s] [ 14%] Built target message__rosidl_typesupport_introspection_cpp
[0.395s] [ 20%] Built target message__rosidl_typesupport_cpp
[0.423s] [ 26%] Built target message__rosidl_typesupport_fastrtps_cpp
[0.500s] [ 32%] Built target message__rosidl_typesupport_c
[0.506s] [ 52%] Built target message__rosidl_typesupport_opensplice_cpp
[0.512s] [ 58%] Built target message__rosidl_typesupport_introspection_c
[0.561s] [ 64%] Built target message__rosidl_typesupport_fastrtps_c
[0.699s] [ 85%] Built target message__rosidl_typesupport_opensplice_c
[0.779s] [ 85%] Built target message
[0.862s] [ 86%] Built target message__py
[0.976s] [ 91%] Built target message__python
[1.098s] [100%] Built target message__rosidl_typesupport_fastrtps_c__pyext
[1.098s] [100%] Built target message__rosidl_typesupport_opensplice_c__pyext
[1.099s] [100%] Built target message__rosidl_typesupport_c__pyext
[1.145s] Invoked command in '/home/orthrus1-1/orthrus1-1/build/message' returned '0': CMAKE_PREFIX_PATH=/opt/ros/dashing /usr/bin/cmake --build /home/orthrus1-1/orthrus1-1/build/message -- -j4 -l4
[1.487s] Invoking command in '/home/orthrus1-1/orthrus1-1/build/message': CMAKE_PREFIX_PATH=/opt/ros/dashing /usr/bin/cmake --build /home/orthrus1-1/orthrus1-1/build/message --target install -- -j4 -l4
[1.700s] [  2%] Built target message__cpp
[1.700s] [  2%] Built target message__dds_opensplice_idl
[1.709s] [  8%] Built target message__rosidl_generator_c
[1.810s] [ 14%] Built target message__rosidl_typesupport_cpp
[1.813s] [ 20%] Built target message__rosidl_typesupport_introspection_cpp
[1.846s] [ 26%] Built target message__rosidl_typesupport_fastrtps_cpp
[1.904s] [ 46%] Built target message__rosidl_typesupport_opensplice_cpp
[1.925s] [ 52%] Built target message__rosidl_typesupport_c
[1.932s] [ 58%] Built target message__rosidl_typesupport_introspection_c
[1.990s] [ 64%] Built target message__rosidl_typesupport_fastrtps_c
[2.108s] [ 85%] Built target message__rosidl_typesupport_opensplice_c
[2.189s] [ 85%] Built target message
[2.271s] [ 86%] Built target message__py
[2.384s] [ 91%] Built target message__python
[2.505s] [ 94%] Built target message__rosidl_typesupport_opensplice_c__pyext
[2.506s] [100%] Built target message__rosidl_typesupport_c__pyext
[2.506s] [100%] Built target message__rosidl_typesupport_fastrtps_c__pyext
[2.582s] [36mInstall the project...[0m
[2.617s] -- Install configuration: ""
[2.618s] -- Up-to-date: /home/orthrus1-1/orthrus1-1/install/message/share/ament_index/resource_index/rosidl_interfaces/message
[2.619s] -- Up-to-date: /home/orthrus1-1/orthrus1-1/install/message/include/message
[2.619s] -- Up-to-date: /home/orthrus1-1/orthrus1-1/install/message/include/message/srv
[2.620s] -- Up-to-date: /home/orthrus1-1/orthrus1-1/install/message/include/message/srv/motorsend.hpp
[2.621s] -- Up-to-date: /home/orthrus1-1/orthrus1-1/install/message/include/message/srv/motorsend__struct.hpp
[2.621s] -- Up-to-date: /home/orthrus1-1/orthrus1-1/install/message/include/message/srv/motorsend__traits.hpp
[2.622s] -- Up-to-date: /home/orthrus1-1/orthrus1-1/install/message/include/message/msg
[2.622s] -- Up-to-date: /home/orthrus1-1/orthrus1-1/install/message/include/message/msg/motorcarryout.hpp
[2.623s] -- Up-to-date: /home/orthrus1-1/orthrus1-1/install/message/include/message/msg/motorcarryout__struct.hpp
[2.623s] -- Up-to-date: /home/orthrus1-1/orthrus1-1/install/message/include/message/msg/motorcarryout__traits.hpp
[2.624s] -- Up-to-date: /home/orthrus1-1/orthrus1-1/install/message/include/message
[2.624s] -- Up-to-date: /home/orthrus1-1/orthrus1-1/install/message/include/message/srv
[2.625s] -- Up-to-date: /home/orthrus1-1/orthrus1-1/install/message/include/message/srv/motorsend__functions.c
[2.626s] -- Up-to-date: /home/orthrus1-1/orthrus1-1/install/message/include/message/srv/motorsend__type_support.h
[2.626s] -- Up-to-date: /home/orthrus1-1/orthrus1-1/install/message/include/message/srv/motorsend__struct.h
[2.627s] -- Up-to-date: /home/orthrus1-1/orthrus1-1/install/message/include/message/srv/motorsend.h
[2.627s] -- Up-to-date: /home/orthrus1-1/orthrus1-1/install/message/include/message/srv/motorsend__functions.h
[2.628s] -- Up-to-date: /home/orthrus1-1/orthrus1-1/install/message/include/message/msg
[2.629s] -- Up-to-date: /home/orthrus1-1/orthrus1-1/install/message/include/message/msg/motorcarryout__functions.c
[2.629s] -- Up-to-date: /home/orthrus1-1/orthrus1-1/install/message/include/message/msg/motorcarryout__type_support.h
[2.630s] -- Up-to-date: /home/orthrus1-1/orthrus1-1/install/message/include/message/msg/motorcarryout__functions.h
[2.630s] -- Up-to-date: /home/orthrus1-1/orthrus1-1/install/message/include/message/msg/motorcarryout__struct.h
[2.631s] -- Up-to-date: /home/orthrus1-1/orthrus1-1/install/message/include/message/msg/rosidl_generator_c__visibility_control.h
[2.631s] -- Up-to-date: /home/orthrus1-1/orthrus1-1/install/message/include/message/msg/motorcarryout.h
[2.632s] -- Up-to-date: /home/orthrus1-1/orthrus1-1/install/message/share/message/environment/library_path.sh
[2.633s] -- Up-to-date: /home/orthrus1-1/orthrus1-1/install/message/lib/libmessage__rosidl_generator_c.so
[2.633s] -- Up-to-date: /home/orthrus1-1/orthrus1-1/install/message/lib/libmessage__rosidl_typesupport_c.so
[2.634s] -- Up-to-date: /home/orthrus1-1/orthrus1-1/install/message/lib/libmessage__rosidl_typesupport_cpp.so
[2.634s] -- Up-to-date: /home/orthrus1-1/orthrus1-1/install/message/include/message
[2.635s] -- Up-to-date: /home/orthrus1-1/orthrus1-1/install/message/include/message/srv
[2.636s] -- Up-to-date: /home/orthrus1-1/orthrus1-1/install/message/include/message/srv/motorsend__rosidl_typesupport_introspection_c.h
[2.636s] -- Up-to-date: /home/orthrus1-1/orthrus1-1/install/message/include/message/srv/motorsend__type_support.c
[2.637s] -- Up-to-date: /home/orthrus1-1/orthrus1-1/install/message/include/message/msg
[2.637s] -- Up-to-date: /home/orthrus1-1/orthrus1-1/install/message/include/message/msg/motorcarryout__rosidl_typesupport_introspection_c.h
[2.638s] -- Up-to-date: /home/orthrus1-1/orthrus1-1/install/message/include/message/msg/rosidl_typesupport_introspection_c__visibility_control.h
[2.638s] -- Up-to-date: /home/orthrus1-1/orthrus1-1/install/message/include/message/msg/motorcarryout__type_support.c
[2.639s] -- Up-to-date: /home/orthrus1-1/orthrus1-1/install/message/lib/libmessage__rosidl_typesupport_introspection_c.so
[2.640s] -- Up-to-date: /home/orthrus1-1/orthrus1-1/install/message/include/message
[2.641s] -- Up-to-date: /home/orthrus1-1/orthrus1-1/install/message/include/message/srv
[2.641s] -- Up-to-date: /home/orthrus1-1/orthrus1-1/install/message/include/message/srv/motorsend__rosidl_typesupport_introspection_cpp.hpp
[2.642s] -- Up-to-date: /home/orthrus1-1/orthrus1-1/install/message/include/message/srv/motorsend__type_support.cpp
[2.642s] -- Up-to-date: /home/orthrus1-1/orthrus1-1/install/message/include/message/msg
[2.643s] -- Up-to-date: /home/orthrus1-1/orthrus1-1/install/message/include/message/msg/motorcarryout__type_support.cpp
[2.643s] -- Up-to-date: /home/orthrus1-1/orthrus1-1/install/message/include/message/msg/motorcarryout__rosidl_typesupport_introspection_cpp.hpp
[2.644s] -- Up-to-date: /home/orthrus1-1/orthrus1-1/install/message/lib/libmessage__rosidl_typesupport_introspection_cpp.so
[2.644s] -- Up-to-date: /home/orthrus1-1/orthrus1-1/install/message/include/message
[2.645s] -- Up-to-date: /home/orthrus1-1/orthrus1-1/install/message/include/message/srv
[2.645s] -- Up-to-date: /home/orthrus1-1/orthrus1-1/install/message/include/message/srv/motorsend__rosidl_typesupport_fastrtps_c.h
[2.646s] -- Up-to-date: /home/orthrus1-1/orthrus1-1/install/message/include/message/msg
[2.646s] -- Up-to-date: /home/orthrus1-1/orthrus1-1/install/message/include/message/msg/rosidl_typesupport_fastrtps_c__visibility_control.h
[2.647s] -- Up-to-date: /home/orthrus1-1/orthrus1-1/install/message/include/message/msg/motorcarryout__rosidl_typesupport_fastrtps_c.h
[2.647s] -- Up-to-date: /home/orthrus1-1/orthrus1-1/install/message/lib/libmessage__rosidl_typesupport_fastrtps_c.so
[2.648s] -- Up-to-date: /home/orthrus1-1/orthrus1-1/install/message/include/message
[2.648s] -- Up-to-date: /home/orthrus1-1/orthrus1-1/install/message/include/message/srv
[2.649s] -- Up-to-date: /home/orthrus1-1/orthrus1-1/install/message/include/message/srv/motorsend__rosidl_typesupport_fastrtps_cpp.hpp
[2.649s] -- Up-to-date: /home/orthrus1-1/orthrus1-1/install/message/include/message/srv/dds_fastrtps
[2.650s] -- Up-to-date: /home/orthrus1-1/orthrus1-1/install/message/include/message/msg
[2.650s] -- Up-to-date: /home/orthrus1-1/orthrus1-1/install/message/include/message/msg/dds_fastrtps
[2.651s] -- Up-to-date: /home/orthrus1-1/orthrus1-1/install/message/include/message/msg/rosidl_typesupport_fastrtps_cpp__visibility_control.h
[2.651s] -- Up-to-date: /home/orthrus1-1/orthrus1-1/install/message/include/message/msg/motorcarryout__rosidl_typesupport_fastrtps_cpp.hpp
[2.652s] -- Up-to-date: /home/orthrus1-1/orthrus1-1/install/message/lib/libmessage__rosidl_typesupport_fastrtps_cpp.so
[2.652s] -- Up-to-date: /home/orthrus1-1/orthrus1-1/install/message/include/message
[2.653s] -- Up-to-date: /home/orthrus1-1/orthrus1-1/install/message/include/message/srv
[2.653s] -- Up-to-date: /home/orthrus1-1/orthrus1-1/install/message/include/message/srv/motorsend__rosidl_typesupport_opensplice_c.h
[2.654s] -- Up-to-date: /home/orthrus1-1/orthrus1-1/install/message/include/message/srv/dds_opensplice_c
[2.654s] -- Up-to-date: /home/orthrus1-1/orthrus1-1/install/message/include/message/msg
[2.655s] -- Up-to-date: /home/orthrus1-1/orthrus1-1/install/message/include/message/msg/rosidl_typesupport_opensplice_c__visibility_control.h
[2.655s] -- Up-to-date: /home/orthrus1-1/orthrus1-1/install/message/include/message/msg/motorcarryout__rosidl_typesupport_opensplice_c.h
[2.656s] -- Up-to-date: /home/orthrus1-1/orthrus1-1/install/message/include/message/msg/dds_opensplice_c
[2.656s] -- Up-to-date: /home/orthrus1-1/orthrus1-1/install/message/lib/libmessage__rosidl_typesupport_opensplice_c.so
[2.657s] -- Up-to-date: /home/orthrus1-1/orthrus1-1/install/message/share/message/msg/dds_opensplice
[2.657s] -- Up-to-date: /home/orthrus1-1/orthrus1-1/install/message/share/message/msg/dds_opensplice/Motorcarryout_.idl
[2.658s] -- Up-to-date: /home/orthrus1-1/orthrus1-1/install/message/share/message/srv/dds_opensplice
[2.658s] -- Up-to-date: /home/orthrus1-1/orthrus1-1/install/message/share/message/srv/dds_opensplice/Motorsend_.idl
[2.659s] -- Up-to-date: /home/orthrus1-1/orthrus1-1/install/message/include/message
[2.659s] -- Up-to-date: /home/orthrus1-1/orthrus1-1/install/message/include/message/srv
[2.660s] -- Up-to-date: /home/orthrus1-1/orthrus1-1/install/message/include/message/srv/dds_opensplice
[2.660s] -- Up-to-date: /home/orthrus1-1/orthrus1-1/install/message/include/message/srv/dds_opensplice/Motorsend_.h
[2.661s] -- Up-to-date: /home/orthrus1-1/orthrus1-1/install/message/include/message/srv/dds_opensplice/ccpp_Motorsend_.h
[2.661s] -- Up-to-date: /home/orthrus1-1/orthrus1-1/install/message/include/message/srv/dds_opensplice/Motorsend_SplDcps.h
[2.662s] -- Up-to-date: /home/orthrus1-1/orthrus1-1/install/message/include/message/srv/dds_opensplice/Motorsend_Dcps.h
[2.662s] -- Up-to-date: /home/orthrus1-1/orthrus1-1/install/message/include/message/srv/dds_opensplice/Motorsend_Dcps_impl.h
[2.663s] -- Up-to-date: /home/orthrus1-1/orthrus1-1/install/message/include/message/srv/motorsend__rosidl_typesupport_opensplice_cpp.hpp
[2.663s] -- Up-to-date: /home/orthrus1-1/orthrus1-1/install/message/include/message/msg
[2.664s] -- Up-to-date: /home/orthrus1-1/orthrus1-1/install/message/include/message/msg/dds_opensplice
[2.664s] -- Up-to-date: /home/orthrus1-1/orthrus1-1/install/message/include/message/msg/dds_opensplice/Motorcarryout_Dcps_impl.h
[2.665s] -- Up-to-date: /home/orthrus1-1/orthrus1-1/install/message/include/message/msg/dds_opensplice/Motorcarryout_Dcps.h
[2.665s] -- Up-to-date: /home/orthrus1-1/orthrus1-1/install/message/include/message/msg/dds_opensplice/Motorcarryout_SplDcps.h
[2.666s] -- Up-to-date: /home/orthrus1-1/orthrus1-1/install/message/include/message/msg/dds_opensplice/Motorcarryout_.h
[2.666s] -- Up-to-date: /home/orthrus1-1/orthrus1-1/install/message/include/message/msg/dds_opensplice/ccpp_Motorcarryout_.h
[2.667s] -- Up-to-date: /home/orthrus1-1/orthrus1-1/install/message/include/message/msg/motorcarryout__rosidl_typesupport_opensplice_cpp.hpp
[2.667s] -- Up-to-date: /home/orthrus1-1/orthrus1-1/install/message/include/message/msg/rosidl_typesupport_opensplice_cpp__visibility_control.h
[2.667s] -- Up-to-date: /home/orthrus1-1/orthrus1-1/install/message/lib/libmessage__rosidl_typesupport_opensplice_cpp.so
[2.668s] -- Up-to-date: /home/orthrus1-1/orthrus1-1/install/message/share/message/environment/pythonpath.sh
[2.668s] -- Up-to-date: /home/orthrus1-1/orthrus1-1/install/message/lib/python3.6/site-packages/message/__init__.py
[2.803s] -- Up-to-date: /home/orthrus1-1/orthrus1-1/install/message/lib/python3.6/site-packages/message/msg
[2.804s] -- Up-to-date: /home/orthrus1-1/orthrus1-1/install/message/lib/python3.6/site-packages/message/msg/__init__.py
[2.804s] -- Up-to-date: /home/orthrus1-1/orthrus1-1/install/message/lib/python3.6/site-packages/message/msg/_motorcarryout_s.c
[2.805s] -- Up-to-date: /home/orthrus1-1/orthrus1-1/install/message/lib/python3.6/site-packages/message/msg/_motorcarryout.py
[2.805s] -- Up-to-date: /home/orthrus1-1/orthrus1-1/install/message/lib/python3.6/site-packages/message/srv
[2.806s] -- Up-to-date: /home/orthrus1-1/orthrus1-1/install/message/lib/python3.6/site-packages/message/srv/_motorsend_s.c
[2.806s] -- Up-to-date: /home/orthrus1-1/orthrus1-1/install/message/lib/python3.6/site-packages/message/srv/__init__.py
[2.807s] -- Up-to-date: /home/orthrus1-1/orthrus1-1/install/message/lib/python3.6/site-packages/message/srv/_motorsend.py
[2.807s] -- Up-to-date: /home/orthrus1-1/orthrus1-1/install/message/lib/python3.6/site-packages/message/message_s__rosidl_typesupport_c.cpython-36m-aarch64-linux-gnu.so
[2.808s] -- Up-to-date: /home/orthrus1-1/orthrus1-1/install/message/lib/python3.6/site-packages/message/message_s__rosidl_typesupport_fastrtps_c.cpython-36m-aarch64-linux-gnu.so
[2.809s] -- Up-to-date: /home/orthrus1-1/orthrus1-1/install/message/lib/python3.6/site-packages/message/message_s__rosidl_typesupport_opensplice_c.cpython-36m-aarch64-linux-gnu.so
[2.810s] -- Up-to-date: /home/orthrus1-1/orthrus1-1/install/message/lib/libmessage__python.so
[2.811s] -- Up-to-date: /home/orthrus1-1/orthrus1-1/install/message/share/message/msg/Motorcarryout.idl
[2.812s] -- Up-to-date: /home/orthrus1-1/orthrus1-1/install/message/share/message/srv/Motorsend.idl
[2.813s] -- Up-to-date: /home/orthrus1-1/orthrus1-1/install/message/share/message/msg/Motorcarryout.msg
[2.813s] -- Up-to-date: /home/orthrus1-1/orthrus1-1/install/message/share/message/srv/Motorsend.srv
[2.814s] -- Up-to-date: /home/orthrus1-1/orthrus1-1/install/message/share/message/srv/Motorsend_Request.msg
[2.815s] -- Up-to-date: /home/orthrus1-1/orthrus1-1/install/message/share/message/srv/Motorsend_Response.msg
[2.815s] -- Up-to-date: /home/orthrus1-1/orthrus1-1/install/message/share/ament_index/resource_index/package_run_dependencies/message
[2.816s] -- Up-to-date: /home/orthrus1-1/orthrus1-1/install/message/share/ament_index/resource_index/parent_prefix_path/message
[2.816s] -- Up-to-date: /home/orthrus1-1/orthrus1-1/install/message/share/message/environment/ament_prefix_path.sh
[2.817s] -- Up-to-date: /home/orthrus1-1/orthrus1-1/install/message/share/message/environment/path.sh
[2.818s] -- Up-to-date: /home/orthrus1-1/orthrus1-1/install/message/share/message/local_setup.bash
[2.818s] -- Up-to-date: /home/orthrus1-1/orthrus1-1/install/message/share/message/local_setup.sh
[2.819s] -- Up-to-date: /home/orthrus1-1/orthrus1-1/install/message/share/message/local_setup.zsh
[2.819s] -- Up-to-date: /home/orthrus1-1/orthrus1-1/install/message/share/ament_index/resource_index/packages/message
[2.820s] -- Up-to-date: /home/orthrus1-1/orthrus1-1/install/message/share/message/cmake/rosidl_cmake-extras.cmake
[2.820s] -- Up-to-date: /home/orthrus1-1/orthrus1-1/install/message/share/message/cmake/ament_cmake_export_dependencies-extras.cmake
[2.821s] -- Up-to-date: /home/orthrus1-1/orthrus1-1/install/message/share/message/cmake/ament_cmake_export_include_directories-extras.cmake
[2.821s] -- Up-to-date: /home/orthrus1-1/orthrus1-1/install/message/share/message/cmake/ament_cmake_export_libraries-extras.cmake
[2.822s] -- Up-to-date: /home/orthrus1-1/orthrus1-1/install/message/share/message/cmake/rosidl_cmake_export_typesupport_libraries-extras.cmake
[2.822s] -- Up-to-date: /home/orthrus1-1/orthrus1-1/install/message/share/message/cmake/messageConfig.cmake
[2.823s] -- Up-to-date: /home/orthrus1-1/orthrus1-1/install/message/share/message/cmake/messageConfig-version.cmake
[2.824s] -- Up-to-date: /home/orthrus1-1/orthrus1-1/install/message/share/message/package.xml
[2.830s] Invoked command in '/home/orthrus1-1/orthrus1-1/build/message' returned '0': CMAKE_PREFIX_PATH=/opt/ros/dashing /usr/bin/cmake --build /home/orthrus1-1/orthrus1-1/build/message --target install -- -j4 -l4
