[01m[K/home/orthrus1-1/orthrus1-1/src/motor/src/motor_carryout.cpp:[m[K In member function ‘[01m[Kvoid motor_carryout::topic_callback(message::msg::Motorcarryout_<std::allocator<void> >::SharedPtr) const[m[K’:
[01m[K/home/orthrus1-1/orthrus1-1/src/motor/src/motor_carryout.cpp:117:39:[m[K [01;31m[Kerror: [m[K‘[01m[Kusing element_type = struct message::msg::Motorcarryout_<std::allocator<void> > {aka struct message::msg::Motorcarryout_<std::allocator<void> >}[m[K’ has no member named ‘[01m[KT_lf_1[m[K’; did you mean ‘[01m[Kmode_lf_1[m[K’?
         motor_LF_s1.T    =  msg ->    [01;31m[KT_lf_1[m[K;  //单位：Nm, T<255.9

                                       [01;31m[K^~~~~~[m[K
                                       [32m[Kmode_lf_1[m[K
[01m[K/home/orthrus1-1/orthrus1-1/src/motor/src/motor_carryout.cpp:118:39:[m[K [01;31m[Kerror: [m[K‘[01m[Kusing element_type = struct message::msg::Motorcarryout_<std::allocator<void> > {aka struct message::msg::Motorcarryout_<std::allocator<void> >}[m[K’ has no member named ‘[01m[KW_lf_1[m[K’; did you mean ‘[01m[Kmode_lf_1[m[K’?
         motor_LF_s1.W    =  msg ->    [01;31m[KW_lf_1[m[K;  //单位：rad/s, W<511.9

                                       [01;31m[K^~~~~~[m[K
                                       [32m[Kmode_lf_1[m[K
[01m[K/home/orthrus1-1/orthrus1-1/src/motor/src/motor_carryout.cpp:119:37:[m[K [01;31m[Kerror: [m[K‘[01m[Kusing element_type = struct message::msg::Motorcarryout_<std::allocator<void> > {aka struct message::msg::Motorcarryout_<std::allocator<void> >}[m[K’ has no member named ‘[01m[KPos_lf_1[m[K’; did you mean ‘[01m[Kmode_lf_1[m[K’?
         motor_LF_s1.Pos  =  msg ->  [01;31m[KPos_lf_1[m[K;  //单位：rad, Pos<131071.9

                                     [01;31m[K^~~~~~~~[m[K
                                     [32m[Kmode_lf_1[m[K
[01m[K/home/orthrus1-1/orthrus1-1/src/motor/src/motor_carryout.cpp:120:37:[m[K [01;31m[Kerror: [m[K‘[01m[Kusing element_type = struct message::msg::Motorcarryout_<std::allocator<void> > {aka struct message::msg::Motorcarryout_<std::allocator<void> >}[m[K’ has no member named ‘[01m[KK_P_lf_1[m[K’; did you mean ‘[01m[Kmode_lf_1[m[K’?
         motor_LF_s1.K_P  =  msg ->  [01;31m[KK_P_lf_1[m[K;  //K_P<31.9

                                     [01;31m[K^~~~~~~~[m[K
                                     [32m[Kmode_lf_1[m[K
[01m[K/home/orthrus1-1/orthrus1-1/src/motor/src/motor_carryout.cpp:121:37:[m[K [01;31m[Kerror: [m[K‘[01m[Kusing element_type = struct message::msg::Motorcarryout_<std::allocator<void> > {aka struct message::msg::Motorcarryout_<std::allocator<void> >}[m[K’ has no member named ‘[01m[KK_W_lf_1[m[K’; did you mean ‘[01m[Kmode_lf_1[m[K’?
         motor_LF_s1.K_W  =  msg ->  [01;31m[KK_W_lf_1[m[K;  //K_W<63.9

                                     [01;31m[K^~~~~~~~[m[K
                                     [32m[Kmode_lf_1[m[K
[01m[K/home/orthrus1-1/orthrus1-1/src/motor/src/motor_carryout.cpp:127:34:[m[K [01;31m[Kerror: [m[K‘[01m[Kusing element_type = struct message::msg::Motorcarryout_<std::allocator<void> > {aka struct message::msg::Motorcarryout_<std::allocator<void> >}[m[K’ has no member named ‘[01m[Kmode_lf_2[m[K’; did you mean ‘[01m[Kmode_lf_1[m[K’?
        motor_LF_s2.mode = msg -> [01;31m[Kmode_lf_2[m[K;

                                  [01;31m[K^~~~~~~~~[m[K
                                  [32m[Kmode_lf_1[m[K
[01m[K/home/orthrus1-1/orthrus1-1/src/motor/src/motor_carryout.cpp:128:37:[m[K [01;31m[Kerror: [m[K‘[01m[Kusing element_type = struct message::msg::Motorcarryout_<std::allocator<void> > {aka struct message::msg::Motorcarryout_<std::allocator<void> >}[m[K’ has no member named ‘[01m[KT_lf_2[m[K’
        motor_LF_s2.T    = msg ->    [01;31m[KT_lf_2[m[K;           

                                     [01;31m[K^~~~~~[m[K
[01m[K/home/orthrus1-1/orthrus1-1/src/motor/src/motor_carryout.cpp:129:37:[m[K [01;31m[Kerror: [m[K‘[01m[Kusing element_type = struct message::msg::Motorcarryout_<std::allocator<void> > {aka struct message::msg::Motorcarryout_<std::allocator<void> >}[m[K’ has no member named ‘[01m[KW_lf_2[m[K’
        motor_LF_s2.W    = msg ->    [01;31m[KW_lf_2[m[K;              

                                     [01;31m[K^~~~~~[m[K
[01m[K/home/orthrus1-1/orthrus1-1/src/motor/src/motor_carryout.cpp:130:35:[m[K [01;31m[Kerror: [m[K‘[01m[Kusing element_type = struct message::msg::Motorcarryout_<std::allocator<void> > {aka struct message::msg::Motorcarryout_<std::allocator<void> >}[m[K’ has no member named ‘[01m[KPos_lf_2[m[K’; did you mean ‘[01m[Kmode_lf_1[m[K’?
        motor_LF_s2.Pos  = msg ->  [01;31m[KPos_lf_2[m[K;         

                                   [01;31m[K^~~~~~~~[m[K
                                   [32m[Kmode_lf_1[m[K
[01m[K/home/orthrus1-1/orthrus1-1/src/motor/src/motor_carryout.cpp:131:35:[m[K [01;31m[Kerror: [m[K‘[01m[Kusing element_type = struct message::msg::Motorcarryout_<std::allocator<void> > {aka struct message::msg::Motorcarryout_<std::allocator<void> >}[m[K’ has no member named ‘[01m[KK_P_lf_2[m[K’
        motor_LF_s2.K_P  = msg ->  [01;31m[KK_P_lf_2[m[K;      

                                   [01;31m[K^~~~~~~~[m[K
[01m[K/home/orthrus1-1/orthrus1-1/src/motor/src/motor_carryout.cpp:132:35:[m[K [01;31m[Kerror: [m[K‘[01m[Kusing element_type = struct message::msg::Motorcarryout_<std::allocator<void> > {aka struct message::msg::Motorcarryout_<std::allocator<void> >}[m[K’ has no member named ‘[01m[KK_W_lf_2[m[K’
        motor_LF_s2.K_W  = msg ->  [01;31m[KK_W_lf_2[m[K;      

                                   [01;31m[K^~~~~~~~[m[K
[01m[K/home/orthrus1-1/orthrus1-1/src/motor/src/motor_carryout.cpp:138:35:[m[K [01;31m[Kerror: [m[K‘[01m[Kusing element_type = struct message::msg::Motorcarryout_<std::allocator<void> > {aka struct message::msg::Motorcarryout_<std::allocator<void> >}[m[K’ has no member named ‘[01m[Kmode_lf_3[m[K’; did you mean ‘[01m[Kmode_lf_1[m[K’?
         motor_LF_s3.mode = msg -> [01;31m[Kmode_lf_3[m[K;

                                   [01;31m[K^~~~~~~~~[m[K
                                   [32m[Kmode_lf_1[m[K
[01m[K/home/orthrus1-1/orthrus1-1/src/motor/src/motor_carryout.cpp:139:38:[m[K [01;31m[Kerror: [m[K‘[01m[Kusing element_type = struct message::msg::Motorcarryout_<std::allocator<void> > {aka struct message::msg::Motorcarryout_<std::allocator<void> >}[m[K’ has no member named ‘[01m[KT_lf_3[m[K’
         motor_LF_s3.T    = msg ->    [01;31m[KT_lf_3[m[K;             

                                      [01;31m[K^~~~~~[m[K
[01m[K/home/orthrus1-1/orthrus1-1/src/motor/src/motor_carryout.cpp:140:38:[m[K [01;31m[Kerror: [m[K‘[01m[Kusing element_type = struct message::msg::Motorcarryout_<std::allocator<void> > {aka struct message::msg::Motorcarryout_<std::allocator<void> >}[m[K’ has no member named ‘[01m[KW_lf_3[m[K’
         motor_LF_s3.W    = msg ->    [01;31m[KW_lf_3[m[K;               

                                      [01;31m[K^~~~~~[m[K
[01m[K/home/orthrus1-1/orthrus1-1/src/motor/src/motor_carryout.cpp:141:36:[m[K [01;31m[Kerror: [m[K‘[01m[Kusing element_type = struct message::msg::Motorcarryout_<std::allocator<void> > {aka struct message::msg::Motorcarryout_<std::allocator<void> >}[m[K’ has no member named ‘[01m[KPos_lf_3[m[K’; did you mean ‘[01m[Kmode_lf_1[m[K’?
         motor_LF_s3.Pos  = msg ->  [01;31m[KPos_lf_3[m[K;       

                                    [01;31m[K^~~~~~~~[m[K
                                    [32m[Kmode_lf_1[m[K
[01m[K/home/orthrus1-1/orthrus1-1/src/motor/src/motor_carryout.cpp:142:36:[m[K [01;31m[Kerror: [m[K‘[01m[Kusing element_type = struct message::msg::Motorcarryout_<std::allocator<void> > {aka struct message::msg::Motorcarryout_<std::allocator<void> >}[m[K’ has no member named ‘[01m[KK_P_lf_3[m[K’
         motor_LF_s3.K_P  = msg ->  [01;31m[KK_P_lf_3[m[K;         

                                    [01;31m[K^~~~~~~~[m[K
[01m[K/home/orthrus1-1/orthrus1-1/src/motor/src/motor_carryout.cpp:143:36:[m[K [01;31m[Kerror: [m[K‘[01m[Kusing element_type = struct message::msg::Motorcarryout_<std::allocator<void> > {aka struct message::msg::Motorcarryout_<std::allocator<void> >}[m[K’ has no member named ‘[01m[KK_W_lf_3[m[K’
         motor_LF_s3.K_W  = msg ->  [01;31m[KK_W_lf_3[m[K;      

                                    [01;31m[K^~~~~~~~[m[K
[01m[K/home/orthrus1-1/orthrus1-1/src/motor/src/motor_carryout.cpp:150:38:[m[K [01;31m[Kerror: [m[K‘[01m[Kusing element_type = struct message::msg::Motorcarryout_<std::allocator<void> > {aka struct message::msg::Motorcarryout_<std::allocator<void> >}[m[K’ has no member named ‘[01m[Kmode_rf_1[m[K’; did you mean ‘[01m[Kmode_lf_1[m[K’?
            motor_RF_s1.mode = msg -> [01;31m[Kmode_rf_1[m[K;

                                      [01;31m[K^~~~~~~~~[m[K
                                      [32m[Kmode_lf_1[m[K
[01m[K/home/orthrus1-1/orthrus1-1/src/motor/src/motor_carryout.cpp:151:41:[m[K [01;31m[Kerror: [m[K‘[01m[Kusing element_type = struct message::msg::Motorcarryout_<std::allocator<void> > {aka struct message::msg::Motorcarryout_<std::allocator<void> >}[m[K’ has no member named ‘[01m[KT_rf_1[m[K’
            motor_RF_s1.T    = msg ->    [01;31m[KT_rf_1[m[K;           

                                         [01;31m[K^~~~~~[m[K
[01m[K/home/orthrus1-1/orthrus1-1/src/motor/src/motor_carryout.cpp:152:41:[m[K [01;31m[Kerror: [m[K‘[01m[Kusing element_type = struct message::msg::Motorcarryout_<std::allocator<void> > {aka struct message::msg::Motorcarryout_<std::allocator<void> >}[m[K’ has no member named ‘[01m[KW_rf_1[m[K’
            motor_RF_s1.W    = msg ->    [01;31m[KW_rf_1[m[K;             

                                         [01;31m[K^~~~~~[m[K
[01m[K/home/orthrus1-1/orthrus1-1/src/motor/src/motor_carryout.cpp:153:39:[m[K [01;31m[Kerror: [m[K‘[01m[Kusing element_type = struct message::msg::Motorcarryout_<std::allocator<void> > {aka struct message::msg::Motorcarryout_<std::allocator<void> >}[m[K’ has no member named ‘[01m[KPos_rf_1[m[K’; did you mean ‘[01m[Kmode_lf_1[m[K’?
            motor_RF_s1.Pos  = msg ->  [01;31m[KPos_rf_1[m[K;       

                                       [01;31m[K^~~~~~~~[m[K
                                       [32m[Kmode_lf_1[m[K
[01m[K/home/orthrus1-1/orthrus1-1/src/motor/src/motor_carryout.cpp:154:39:[m[K [01;31m[Kerror: [m[K‘[01m[Kusing element_type = struct message::msg::Motorcarryout_<std::allocator<void> > {aka struct message::msg::Motorcarryout_<std::allocator<void> >}[m[K’ has no member named ‘[01m[KK_P_rf_1[m[K’
            motor_RF_s1.K_P  = msg ->  [01;31m[KK_P_rf_1[m[K;       

                                       [01;31m[K^~~~~~~~[m[K
[01m[K/home/orthrus1-1/orthrus1-1/src/motor/src/motor_carryout.cpp:155:39:[m[K [01;31m[Kerror: [m[K‘[01m[Kusing element_type = struct message::msg::Motorcarryout_<std::allocator<void> > {aka struct message::msg::Motorcarryout_<std::allocator<void> >}[m[K’ has no member named ‘[01m[KK_W_rf_1[m[K’
            motor_RF_s1.K_W  = msg ->  [01;31m[KK_W_rf_1[m[K;      

                                       [01;31m[K^~~~~~~~[m[K
[01m[K/home/orthrus1-1/orthrus1-1/src/motor/src/motor_carryout.cpp:161:38:[m[K [01;31m[Kerror: [m[K‘[01m[Kusing element_type = struct message::msg::Motorcarryout_<std::allocator<void> > {aka struct message::msg::Motorcarryout_<std::allocator<void> >}[m[K’ has no member named ‘[01m[Kmode_rf_2[m[K’; did you mean ‘[01m[Kmode_lf_1[m[K’?
            motor_RF_s2.mode = msg -> [01;31m[Kmode_rf_2[m[K;

                                      [01;31m[K^~~~~~~~~[m[K
                                      [32m[Kmode_lf_1[m[K
[01m[K/home/orthrus1-1/orthrus1-1/src/motor/src/motor_carryout.cpp:162:41:[m[K [01;31m[Kerror: [m[K‘[01m[Kusing element_type = struct message::msg::Motorcarryout_<std::allocator<void> > {aka struct message::msg::Motorcarryout_<std::allocator<void> >}[m[K’ has no member named ‘[01m[KT_rf_2[m[K’
            motor_RF_s2.T    = msg ->    [01;31m[KT_rf_2[m[K;            

                                         [01;31m[K^~~~~~[m[K
[01m[K/home/orthrus1-1/orthrus1-1/src/motor/src/motor_carryout.cpp:163:41:[m[K [01;31m[Kerror: [m[K‘[01m[Kusing element_type = struct message::msg::Motorcarryout_<std::allocator<void> > {aka struct message::msg::Motorcarryout_<std::allocator<void> >}[m[K’ has no member named ‘[01m[KW_rf_2[m[K’
            motor_RF_s2.W    = msg ->    [01;31m[KW_rf_2[m[K;             

                                         [01;31m[K^~~~~~[m[K
[01m[K/home/orthrus1-1/orthrus1-1/src/motor/src/motor_carryout.cpp:164:39:[m[K [01;31m[Kerror: [m[K‘[01m[Kusing element_type = struct message::msg::Motorcarryout_<std::allocator<void> > {aka struct message::msg::Motorcarryout_<std::allocator<void> >}[m[K’ has no member named ‘[01m[KPos_rf_2[m[K’
            motor_RF_s2.Pos  = msg ->  [01;31m[KPos_rf_2[m[K;         

                                       [01;31m[K^~~~~~~~[m[K
[01m[K/home/orthrus1-1/orthrus1-1/src/motor/src/motor_carryout.cpp:165:39:[m[K [01;31m[Kerror: [m[K‘[01m[Kusing element_type = struct message::msg::Motorcarryout_<std::allocator<void> > {aka struct message::msg::Motorcarryout_<std::allocator<void> >}[m[K’ has no member named ‘[01m[KK_P_rf_2[m[K’
            motor_RF_s2.K_P  = msg ->  [01;31m[KK_P_rf_2[m[K;        

                                       [01;31m[K^~~~~~~~[m[K
[01m[K/home/orthrus1-1/orthrus1-1/src/motor/src/motor_carryout.cpp:166:39:[m[K [01;31m[Kerror: [m[K‘[01m[Kusing element_type = struct message::msg::Motorcarryout_<std::allocator<void> > {aka struct message::msg::Motorcarryout_<std::allocator<void> >}[m[K’ has no member named ‘[01m[KK_W_rf_2[m[K’
            motor_RF_s2.K_W  = msg ->  [01;31m[KK_W_rf_2[m[K;     

                                       [01;31m[K^~~~~~~~[m[K
[01m[K/home/orthrus1-1/orthrus1-1/src/motor/src/motor_carryout.cpp:172:38:[m[K [01;31m[Kerror: [m[K‘[01m[Kusing element_type = struct message::msg::Motorcarryout_<std::allocator<void> > {aka struct message::msg::Motorcarryout_<std::allocator<void> >}[m[K’ has no member named ‘[01m[Kmode_rf_3[m[K’; did you mean ‘[01m[Kmode_lf_1[m[K’?
            motor_RF_s3.mode = msg -> [01;31m[Kmode_rf_3[m[K;

                                      [01;31m[K^~~~~~~~~[m[K
                                      [32m[Kmode_lf_1[m[K
[01m[K/home/orthrus1-1/orthrus1-1/src/motor/src/motor_carryout.cpp:173:41:[m[K [01;31m[Kerror: [m[K‘[01m[Kusing element_type = struct message::msg::Motorcarryout_<std::allocator<void> > {aka struct message::msg::Motorcarryout_<std::allocator<void> >}[m[K’ has no member named ‘[01m[KT_rf_3[m[K’
            motor_RF_s3.T    = msg ->    [01;31m[KT_rf_3[m[K;             

                                         [01;31m[K^~~~~~[m[K
[01m[K/home/orthrus1-1/orthrus1-1/src/motor/src/motor_carryout.cpp:174:41:[m[K [01;31m[Kerror: [m[K‘[01m[Kusing element_type = struct message::msg::Motorcarryout_<std::allocator<void> > {aka struct message::msg::Motorcarryout_<std::allocator<void> >}[m[K’ has no member named ‘[01m[KW_rf_3[m[K’
            motor_RF_s3.W    = msg ->    [01;31m[KW_rf_3[m[K;                

                                         [01;31m[K^~~~~~[m[K
[01m[K/home/orthrus1-1/orthrus1-1/src/motor/src/motor_carryout.cpp:175:39:[m[K [01;31m[Kerror: [m[K‘[01m[Kusing element_type = struct message::msg::Motorcarryout_<std::allocator<void> > {aka struct message::msg::Motorcarryout_<std::allocator<void> >}[m[K’ has no member named ‘[01m[KPos_rf_3[m[K’
            motor_RF_s3.Pos  = msg ->  [01;31m[KPos_rf_3[m[K;         

                                       [01;31m[K^~~~~~~~[m[K
[01m[K/home/orthrus1-1/orthrus1-1/src/motor/src/motor_carryout.cpp:176:39:[m[K [01;31m[Kerror: [m[K‘[01m[Kusing element_type = struct message::msg::Motorcarryout_<std::allocator<void> > {aka struct message::msg::Motorcarryout_<std::allocator<void> >}[m[K’ has no member named ‘[01m[KK_P_rf_3[m[K’
            motor_RF_s3.K_P  = msg ->  [01;31m[KK_P_rf_3[m[K;        

                                       [01;31m[K^~~~~~~~[m[K
[01m[K/home/orthrus1-1/orthrus1-1/src/motor/src/motor_carryout.cpp:177:39:[m[K [01;31m[Kerror: [m[K‘[01m[Kusing element_type = struct message::msg::Motorcarryout_<std::allocator<void> > {aka struct message::msg::Motorcarryout_<std::allocator<void> >}[m[K’ has no member named ‘[01m[KK_W_rf_3[m[K’
            motor_RF_s3.K_W  = msg ->  [01;31m[KK_W_rf_3[m[K;      

                                       [01;31m[K^~~~~~~~[m[K
[01m[K/home/orthrus1-1/orthrus1-1/src/motor/src/motor_carryout.cpp:184:35:[m[K [01;31m[Kerror: [m[K‘[01m[Kusing element_type = struct message::msg::Motorcarryout_<std::allocator<void> > {aka struct message::msg::Motorcarryout_<std::allocator<void> >}[m[K’ has no member named ‘[01m[Kmode_lb_1[m[K’; did you mean ‘[01m[Kmode_lf_1[m[K’?
         motor_LB_s1.mode = msg -> [01;31m[Kmode_lb_1[m[K;

                                   [01;31m[K^~~~~~~~~[m[K
                                   [32m[Kmode_lf_1[m[K
[01m[K/home/orthrus1-1/orthrus1-1/src/motor/src/motor_carryout.cpp:185:38:[m[K [01;31m[Kerror: [m[K‘[01m[Kusing element_type = struct message::msg::Motorcarryout_<std::allocator<void> > {aka struct message::msg::Motorcarryout_<std::allocator<void> >}[m[K’ has no member named ‘[01m[KT_lb_1[m[K’
         motor_LB_s1.T    = msg ->    [01;31m[KT_lb_1[m[K;            

                                      [01;31m[K^~~~~~[m[K
[01m[K/home/orthrus1-1/orthrus1-1/src/motor/src/motor_carryout.cpp:186:38:[m[K [01;31m[Kerror: [m[K‘[01m[Kusing element_type = struct message::msg::Motorcarryout_<std::allocator<void> > {aka struct message::msg::Motorcarryout_<std::allocator<void> >}[m[K’ has no member named ‘[01m[KW_lb_1[m[K’
         motor_LB_s1.W    = msg ->    [01;31m[KW_lb_1[m[K;               

                                      [01;31m[K^~~~~~[m[K
[01m[K/home/orthrus1-1/orthrus1-1/src/motor/src/motor_carryout.cpp:187:36:[m[K [01;31m[Kerror: [m[K‘[01m[Kusing element_type = struct message::msg::Motorcarryout_<std::allocator<void> > {aka struct message::msg::Motorcarryout_<std::allocator<void> >}[m[K’ has no member named ‘[01m[KPos_lb_1[m[K’; did you mean ‘[01m[Kmode_lf_1[m[K’?
         motor_LB_s1.Pos  = msg ->  [01;31m[KPos_lb_1[m[K;         

                                    [01;31m[K^~~~~~~~[m[K
                                    [32m[Kmode_lf_1[m[K
[01m[K/home/orthrus1-1/orthrus1-1/src/motor/src/motor_carryout.cpp:188:36:[m[K [01;31m[Kerror: [m[K‘[01m[Kusing element_type = struct message::msg::Motorcarryout_<std::allocator<void> > {aka struct message::msg::Motorcarryout_<std::allocator<void> >}[m[K’ has no member named ‘[01m[KK_P_lb_1[m[K’
         motor_LB_s1.K_P  = msg ->  [01;31m[KK_P_lb_1[m[K;         

                                    [01;31m[K^~~~~~~~[m[K
[01m[K/home/orthrus1-1/orthrus1-1/src/motor/src/motor_carryout.cpp:189:36:[m[K [01;31m[Kerror: [m[K‘[01m[Kusing element_type = struct message::msg::Motorcarryout_<std::allocator<void> > {aka struct message::msg::Motorcarryout_<std::allocator<void> >}[m[K’ has no member named ‘[01m[KK_W_lb_1[m[K’
         motor_LB_s1.K_W  = msg ->  [01;31m[KK_W_lb_1[m[K;        

                                    [01;31m[K^~~~~~~~[m[K
[01m[K/home/orthrus1-1/orthrus1-1/src/motor/src/motor_carryout.cpp:195:35:[m[K [01;31m[Kerror: [m[K‘[01m[Kusing element_type = struct message::msg::Motorcarryout_<std::allocator<void> > {aka struct message::msg::Motorcarryout_<std::allocator<void> >}[m[K’ has no member named ‘[01m[Kmode_lb_2[m[K’; did you mean ‘[01m[Kmode_lf_1[m[K’?
         motor_LB_s2.mode = msg -> [01;31m[Kmode_lb_2[m[K;

                                   [01;31m[K^~~~~~~~~[m[K
                                   [32m[Kmode_lf_1[m[K
[01m[K/home/orthrus1-1/orthrus1-1/src/motor/src/motor_carryout.cpp:196:38:[m[K [01;31m[Kerror: [m[K‘[01m[Kusing element_type = struct message::msg::Motorcarryout_<std::allocator<void> > {aka struct message::msg::Motorcarryout_<std::allocator<void> >}[m[K’ has no member named ‘[01m[KT_lb_2[m[K’
         motor_LB_s2.T    = msg ->    [01;31m[KT_lb_2[m[K;             

                                      [01;31m[K^~~~~~[m[K
[01m[K/home/orthrus1-1/orthrus1-1/src/motor/src/motor_carryout.cpp:197:38:[m[K [01;31m[Kerror: [m[K‘[01m[Kusing element_type = struct message::msg::Motorcarryout_<std::allocator<void> > {aka struct message::msg::Motorcarryout_<std::allocator<void> >}[m[K’ has no member named ‘[01m[KW_lb_2[m[K’
         motor_LB_s2.W    = msg ->    [01;31m[KW_lb_2[m[K;              

                                      [01;31m[K^~~~~~[m[K
[01m[K/home/orthrus1-1/orthrus1-1/src/motor/src/motor_carryout.cpp:198:36:[m[K [01;31m[Kerror: [m[K‘[01m[Kusing element_type = struct message::msg::Motorcarryout_<std::allocator<void> > {aka struct message::msg::Motorcarryout_<std::allocator<void> >}[m[K’ has no member named ‘[01m[KPos_lb_2[m[K’
         motor_LB_s2.Pos  = msg ->  [01;31m[KPos_lb_2[m[K;     

                                    [01;31m[K^~~~~~~~[m[K
[01m[K/home/orthrus1-1/orthrus1-1/src/motor/src/motor_carryout.cpp:199:36:[m[K [01;31m[Kerror: [m[K‘[01m[Kusing element_type = struct message::msg::Motorcarryout_<std::allocator<void> > {aka struct message::msg::Motorcarryout_<std::allocator<void> >}[m[K’ has no member named ‘[01m[KK_P_lb_2[m[K’
         motor_LB_s2.K_P  = msg ->  [01;31m[KK_P_lb_2[m[K;       

                                    [01;31m[K^~~~~~~~[m[K
[01m[K/home/orthrus1-1/orthrus1-1/src/motor/src/motor_carryout.cpp:200:36:[m[K [01;31m[Kerror: [m[K‘[01m[Kusing element_type = struct message::msg::Motorcarryout_<std::allocator<void> > {aka struct message::msg::Motorcarryout_<std::allocator<void> >}[m[K’ has no member named ‘[01m[KK_W_lb_2[m[K’
         motor_LB_s2.K_W  = msg ->  [01;31m[KK_W_lb_2[m[K;       

                                    [01;31m[K^~~~~~~~[m[K
[01m[K/home/orthrus1-1/orthrus1-1/src/motor/src/motor_carryout.cpp:206:35:[m[K [01;31m[Kerror: [m[K‘[01m[Kusing element_type = struct message::msg::Motorcarryout_<std::allocator<void> > {aka struct message::msg::Motorcarryout_<std::allocator<void> >}[m[K’ has no member named ‘[01m[Kmode_lb_3[m[K’; did you mean ‘[01m[Kmode_lf_1[m[K’?
         motor_LB_s3.mode = msg -> [01;31m[Kmode_lb_3[m[K;

                                   [01;31m[K^~~~~~~~~[m[K
                                   [32m[Kmode_lf_1[m[K
[01m[K/home/orthrus1-1/orthrus1-1/src/motor/src/motor_carryout.cpp:207:38:[m[K [01;31m[Kerror: [m[K‘[01m[Kusing element_type = struct message::msg::Motorcarryout_<std::allocator<void> > {aka struct message::msg::Motorcarryout_<std::allocator<void> >}[m[K’ has no member named ‘[01m[KT_lb_3[m[K’
         motor_LB_s3.T    = msg ->    [01;31m[KT_lb_3[m[K;             //单位：Nm, T<255.9

                                      [01;31m[K^~~~~~[m[K
[01m[K/home/orthrus1-1/orthrus1-1/src/motor/src/motor_carryout.cpp:208:38:[m[K [01;31m[Kerror: [m[K‘[01m[Kusing element_type = struct message::msg::Motorcarryout_<std::allocator<void> > {aka struct message::msg::Motorcarryout_<std::allocator<void> >}[m[K’ has no member named ‘[01m[KW_lb_3[m[K’
         motor_LB_s3.W    = msg ->    [01;31m[KW_lb_3[m[K;                //单位：rad/s, W<511.9

                                      [01;31m[K^~~~~~[m[K
[01m[K/home/orthrus1-1/orthrus1-1/src/motor/src/motor_carryout.cpp:209:36:[m[K [01;31m[Kerror: [m[K‘[01m[Kusing element_type = struct message::msg::Motorcarryout_<std::allocator<void> > {aka struct message::msg::Motorcarryout_<std::allocator<void> >}[m[K’ has no member named ‘[01m[KPos_lb_3[m[K’
         motor_LB_s3.Pos  = msg ->  [01;31m[KPos_lb_3[m[K;         //单位：rad, Pos<131071.9

                                    [01;31m[K^~~~~~~~[m[K
[01m[K/home/orthrus1-1/orthrus1-1/src/motor/src/motor_carryout.cpp:210:36:[m[K [01;31m[Kerror: [m[K‘[01m[Kusing element_type = struct message::msg::Motorcarryout_<std::allocator<void> > {aka struct message::msg::Motorcarryout_<std::allocator<void> >}[m[K’ has no member named ‘[01m[KK_P_lb_3[m[K’
         motor_LB_s3.K_P  = msg ->  [01;31m[KK_P_lb_3[m[K;         //K_P<31.9

                                    [01;31m[K^~~~~~~~[m[K
[01m[K/home/orthrus1-1/orthrus1-1/src/motor/src/motor_carryout.cpp:211:36:[m[K [01;31m[Kerror: [m[K‘[01m[Kusing element_type = struct message::msg::Motorcarryout_<std::allocator<void> > {aka struct message::msg::Motorcarryout_<std::allocator<void> >}[m[K’ has no member named ‘[01m[KK_W_lb_3[m[K’
         motor_LB_s3.K_W  = msg ->  [01;31m[KK_W_lb_3[m[K;        //K_W<63.9

                                    [01;31m[K^~~~~~~~[m[K
[01m[K/home/orthrus1-1/orthrus1-1/src/motor/src/motor_carryout.cpp:217:39:[m[K [01;31m[Kerror: [m[K‘[01m[Kusing element_type = struct message::msg::Motorcarryout_<std::allocator<void> > {aka struct message::msg::Motorcarryout_<std::allocator<void> >}[m[K’ has no member named ‘[01m[Kmode_rb_1[m[K’; did you mean ‘[01m[Kmode_lf_1[m[K’?
             motor_RB_s1.mode = msg -> [01;31m[Kmode_rb_1[m[K;

                                       [01;31m[K^~~~~~~~~[m[K
                                       [32m[Kmode_lf_1[m[K
[01m[K/home/orthrus1-1/orthrus1-1/src/motor/src/motor_carryout.cpp:218:42:[m[K [01;31m[Kerror: [m[K‘[01m[Kusing element_type = struct message::msg::Motorcarryout_<std::allocator<void> > {aka struct message::msg::Motorcarryout_<std::allocator<void> >}[m[K’ has no member named ‘[01m[KT_rb_1[m[K’
             motor_RB_s1.T    = msg ->    [01;31m[KT_rb_1[m[K;            

                                          [01;31m[K^~~~~~[m[K
[01m[K/home/orthrus1-1/orthrus1-1/src/motor/src/motor_carryout.cpp:219:42:[m[K [01;31m[Kerror: [m[K‘[01m[Kusing element_type = struct message::msg::Motorcarryout_<std::allocator<void> > {aka struct message::msg::Motorcarryout_<std::allocator<void> >}[m[K’ has no member named ‘[01m[KW_rb_1[m[K’
             motor_RB_s1.W    = msg ->    [01;31m[KW_rb_1[m[K;               

                                          [01;31m[K^~~~~~[m[K
[01m[K/home/orthrus1-1/orthrus1-1/src/motor/src/motor_carryout.cpp:220:40:[m[K [01;31m[Kerror: [m[K‘[01m[Kusing element_type = struct message::msg::Motorcarryout_<std::allocator<void> > {aka struct message::msg::Motorcarryout_<std::allocator<void> >}[m[K’ has no member named ‘[01m[KPos_rb_1[m[K’
             motor_RB_s1.Pos  = msg ->  [01;31m[KPos_rb_1[m[K;         

                                        [01;31m[K^~~~~~~~[m[K
[01m[K/home/orthrus1-1/orthrus1-1/src/motor/src/motor_carryout.cpp:221:40:[m[K [01;31m[Kerror: [m[K‘[01m[Kusing element_type = struct message::msg::Motorcarryout_<std::allocator<void> > {aka struct message::msg::Motorcarryout_<std::allocator<void> >}[m[K’ has no member named ‘[01m[KK_P_rb_1[m[K’
             motor_RB_s1.K_P  = msg ->  [01;31m[KK_P_rb_1[m[K;         

                                        [01;31m[K^~~~~~~~[m[K
[01m[K/home/orthrus1-1/orthrus1-1/src/motor/src/motor_carryout.cpp:222:40:[m[K [01;31m[Kerror: [m[K‘[01m[Kusing element_type = struct message::msg::Motorcarryout_<std::allocator<void> > {aka struct message::msg::Motorcarryout_<std::allocator<void> >}[m[K’ has no member named ‘[01m[KK_W_rb_1[m[K’
             motor_RB_s1.K_W  = msg ->  [01;31m[KK_W_rb_1[m[K; 

                                        [01;31m[K^~~~~~~~[m[K
[01m[K/home/orthrus1-1/orthrus1-1/src/motor/src/motor_carryout.cpp:228:39:[m[K [01;31m[Kerror: [m[K‘[01m[Kusing element_type = struct message::msg::Motorcarryout_<std::allocator<void> > {aka struct message::msg::Motorcarryout_<std::allocator<void> >}[m[K’ has no member named ‘[01m[Kmode_rb_2[m[K’; did you mean ‘[01m[Kmode_lf_1[m[K’?
             motor_RB_s2.mode = msg -> [01;31m[Kmode_rb_2[m[K;

                                       [01;31m[K^~~~~~~~~[m[K
                                       [32m[Kmode_lf_1[m[K
[01m[K/home/orthrus1-1/orthrus1-1/src/motor/src/motor_carryout.cpp:229:42:[m[K [01;31m[Kerror: [m[K‘[01m[Kusing element_type = struct message::msg::Motorcarryout_<std::allocator<void> > {aka struct message::msg::Motorcarryout_<std::allocator<void> >}[m[K’ has no member named ‘[01m[KT_rb_2[m[K’
             motor_RB_s2.T    = msg ->    [01;31m[KT_rb_2[m[K;            

                                          [01;31m[K^~~~~~[m[K
[01m[K/home/orthrus1-1/orthrus1-1/src/motor/src/motor_carryout.cpp:230:42:[m[K [01;31m[Kerror: [m[K‘[01m[Kusing element_type = struct message::msg::Motorcarryout_<std::allocator<void> > {aka struct message::msg::Motorcarryout_<std::allocator<void> >}[m[K’ has no member named ‘[01m[KW_rb_2[m[K’
             motor_RB_s2.W    = msg ->    [01;31m[KW_rb_2[m[K;               

                                          [01;31m[K^~~~~~[m[K
[01m[K/home/orthrus1-1/orthrus1-1/src/motor/src/motor_carryout.cpp:231:40:[m[K [01;31m[Kerror: [m[K‘[01m[Kusing element_type = struct message::msg::Motorcarryout_<std::allocator<void> > {aka struct message::msg::Motorcarryout_<std::allocator<void> >}[m[K’ has no member named ‘[01m[KPos_rb_2[m[K’
             motor_RB_s2.Pos  = msg ->  [01;31m[KPos_rb_2[m[K;         

                                        [01;31m[K^~~~~~~~[m[K
[01m[K/home/orthrus1-1/orthrus1-1/src/motor/src/motor_carryout.cpp:232:40:[m[K [01;31m[Kerror: [m[K‘[01m[Kusing element_type = struct message::msg::Motorcarryout_<std::allocator<void> > {aka struct message::msg::Motorcarryout_<std::allocator<void> >}[m[K’ has no member named ‘[01m[KK_P_rb_2[m[K’
             motor_RB_s2.K_P  = msg ->  [01;31m[KK_P_rb_2[m[K;         

                                        [01;31m[K^~~~~~~~[m[K
[01m[K/home/orthrus1-1/orthrus1-1/src/motor/src/motor_carryout.cpp:233:40:[m[K [01;31m[Kerror: [m[K‘[01m[Kusing element_type = struct message::msg::Motorcarryout_<std::allocator<void> > {aka struct message::msg::Motorcarryout_<std::allocator<void> >}[m[K’ has no member named ‘[01m[KK_W_rb_2[m[K’
             motor_RB_s2.K_W  = msg ->  [01;31m[KK_W_rb_2[m[K; 

                                        [01;31m[K^~~~~~~~[m[K
[01m[K/home/orthrus1-1/orthrus1-1/src/motor/src/motor_carryout.cpp:239:39:[m[K [01;31m[Kerror: [m[K‘[01m[Kusing element_type = struct message::msg::Motorcarryout_<std::allocator<void> > {aka struct message::msg::Motorcarryout_<std::allocator<void> >}[m[K’ has no member named ‘[01m[Kmode_lb_3[m[K’; did you mean ‘[01m[Kmode_lf_1[m[K’?
             motor_RB_s3.mode = msg -> [01;31m[Kmode_lb_3[m[K;

                                       [01;31m[K^~~~~~~~~[m[K
                                       [32m[Kmode_lf_1[m[K
[01m[K/home/orthrus1-1/orthrus1-1/src/motor/src/motor_carryout.cpp:240:42:[m[K [01;31m[Kerror: [m[K‘[01m[Kusing element_type = struct message::msg::Motorcarryout_<std::allocator<void> > {aka struct message::msg::Motorcarryout_<std::allocator<void> >}[m[K’ has no member named ‘[01m[KT_lb_3[m[K’
             motor_RB_s3.T    = msg ->    [01;31m[KT_lb_3[m[K;            

                                          [01;31m[K^~~~~~[m[K
[01m[K/home/orthrus1-1/orthrus1-1/src/motor/src/motor_carryout.cpp:241:42:[m[K [01;31m[Kerror: [m[K‘[01m[Kusing element_type = struct message::msg::Motorcarryout_<std::allocator<void> > {aka struct message::msg::Motorcarryout_<std::allocator<void> >}[m[K’ has no member named ‘[01m[KW_lb_3[m[K’
             motor_RB_s3.W    = msg ->    [01;31m[KW_lb_3[m[K;               

                                          [01;31m[K^~~~~~[m[K
[01m[K/home/orthrus1-1/orthrus1-1/src/motor/src/motor_carryout.cpp:242:40:[m[K [01;31m[Kerror: [m[K‘[01m[Kusing element_type = struct message::msg::Motorcarryout_<std::allocator<void> > {aka struct message::msg::Motorcarryout_<std::allocator<void> >}[m[K’ has no member named ‘[01m[KPos_lb_3[m[K’
             motor_RB_s3.Pos  = msg ->  [01;31m[KPos_lb_3[m[K;         

                                        [01;31m[K^~~~~~~~[m[K
[01m[K/home/orthrus1-1/orthrus1-1/src/motor/src/motor_carryout.cpp:243:40:[m[K [01;31m[Kerror: [m[K‘[01m[Kusing element_type = struct message::msg::Motorcarryout_<std::allocator<void> > {aka struct message::msg::Motorcarryout_<std::allocator<void> >}[m[K’ has no member named ‘[01m[KK_P_lb_3[m[K’
             motor_RB_s3.K_P  = msg ->  [01;31m[KK_P_lb_3[m[K;         

                                        [01;31m[K^~~~~~~~[m[K
[01m[K/home/orthrus1-1/orthrus1-1/src/motor/src/motor_carryout.cpp:244:40:[m[K [01;31m[Kerror: [m[K‘[01m[Kusing element_type = struct message::msg::Motorcarryout_<std::allocator<void> > {aka struct message::msg::Motorcarryout_<std::allocator<void> >}[m[K’ has no member named ‘[01m[KK_W_lb_3[m[K’
             motor_RB_s3.K_W  = msg ->  [01;31m[KK_W_lb_3[m[K; 

                                        [01;31m[K^~~~~~~~[m[K
make[2]: *** [CMakeFiles/motor_carryout.dir/src/motor_carryout.cpp.o] Error 1
make[1]: *** [CMakeFiles/motor_carryout.dir/all] Error 2
make: *** [all] Error 2
