-- Found ament_cmake: 0.7.6 (/opt/ros/dashing/share/ament_cmake/cmake)
-- Using PYTHON_EXECUTABLE: /usr/bin/python3
-- Found rclcpp: 0.7.15 (/opt/ros/dashing/share/rclcpp/cmake)
-- Found rosidl_adapter: 0.7.10 (/opt/ros/dashing/share/rosidl_adapter/cmake)
-- Found rmw_implementation_cmake: 0.7.2 (/opt/ros/dashing/share/rmw_implementation_cmake/cmake)
-- Using RMW implementation 'rmw_fastrtps_cpp' as default
-- Found std_msgs: 0.7.0 (/opt/ros/dashing/share/std_msgs/cmake)
-- Found message: 0.0.0 (/home/orthrus1-1/orthrus1-1/install/message/share/message/cmake)
-- Found ament_lint_auto: 0.7.12 (/opt/ros/dashing/share/ament_lint_auto/cmake)
-- Added test 'copyright' to check for copyright in CMake / C / C++ / Python code
-- Added test 'cppcheck' to perform static code analysis on C / C++ code
-- Configured cppcheck include dirs: /home/orthrus1-1/orthrus1-1/src/motor/include/unitree_motor_ctrl
-- Added test 'cpplint' to check C / C++ code against the Google style
-- Added test 'lint_cmake' to check CMake code style
-- Added test 'uncrustify' to check C / C++ code style
-- Added test 'xmllint' to check XML markup files
-- Configuring done
-- Generating done
-- Build files have been written to: /home/orthrus1-1/orthrus1-1/build/motor
[35m[1mScanning dependencies of target motor_carryout[0m
[ 50%] Built target check
[ 75%] [32mBuilding CXX object CMakeFiles/motor_carryout.dir/src/motor_carryout.cpp.o[0m
[100%] [32m[1mLinking CXX executable motor_carryout[0m
[100%] Built target motor_carryout
[100%] Built target motor_carryout
[100%] Built target check
[36mInstall the project...[0m
-- Install configuration: ""
-- Up-to-date: /home/orthrus1-1/orthrus1-1/install/motor/include
-- Up-to-date: /home/orthrus1-1/orthrus1-1/install/motor/include/unitree_motor_ctrl
-- Up-to-date: /home/orthrus1-1/orthrus1-1/install/motor/include/unitree_motor_ctrl/motor_ctrl.h
-- Up-to-date: /home/orthrus1-1/orthrus1-1/install/motor/include/unitree_motor_ctrl/motor_msg.h
-- Up-to-date: /home/orthrus1-1/orthrus1-1/install/motor/include/unitree_motor_ctrl/LSerial.h
-- Up-to-date: /home/orthrus1-1/orthrus1-1/install/motor/include/motor
-- Up-to-date: /home/orthrus1-1/orthrus1-1/install/motor/include/kinetics
-- Up-to-date: /home/orthrus1-1/orthrus1-1/install/motor/include/kinetics/leg_NN.cpp
-- Up-to-date: /home/orthrus1-1/orthrus1-1/install/motor/include/kinetics/leg_NN.h
-- Up-to-date: /home/orthrus1-1/orthrus1-1/install/motor/include/kinetics/retroduction.h
-- Up-to-date: /home/orthrus1-1/orthrus1-1/install/motor/include/kinetics/predict_foot.h
-- Up-to-date: /home/orthrus1-1/orthrus1-1/install/motor/include/kinetics/predict_foot.cpp
-- Up-to-date: /home/orthrus1-1/orthrus1-1/install/motor/include/kinetics/retroduction.cpp
-- Up-to-date: /home/orthrus1-1/orthrus1-1/install/motor/lib
-- Up-to-date: /home/orthrus1-1/orthrus1-1/install/motor/lib/libUnitree_motor_SDK_ARM64.so
-- Up-to-date: /home/orthrus1-1/orthrus1-1/install/motor/lib/motor/check
-- Installing: /home/orthrus1-1/orthrus1-1/install/motor/lib/motor/motor_carryout
-- Set runtime path of "/home/orthrus1-1/orthrus1-1/install/motor/lib/motor/motor_carryout" to ""
-- Up-to-date: /home/orthrus1-1/orthrus1-1/install/motor/share/ament_index/resource_index/package_run_dependencies/motor
-- Installing: /home/orthrus1-1/orthrus1-1/install/motor/share/ament_index/resource_index/parent_prefix_path/motor
-- Up-to-date: /home/orthrus1-1/orthrus1-1/install/motor/share/motor/environment/ament_prefix_path.sh
-- Up-to-date: /home/orthrus1-1/orthrus1-1/install/motor/share/motor/environment/path.sh
-- Up-to-date: /home/orthrus1-1/orthrus1-1/install/motor/share/motor/local_setup.bash
-- Up-to-date: /home/orthrus1-1/orthrus1-1/install/motor/share/motor/local_setup.sh
-- Up-to-date: /home/orthrus1-1/orthrus1-1/install/motor/share/motor/local_setup.zsh
-- Up-to-date: /home/orthrus1-1/orthrus1-1/install/motor/share/ament_index/resource_index/packages/motor
-- Up-to-date: /home/orthrus1-1/orthrus1-1/install/motor/share/motor/cmake/motorConfig.cmake
-- Up-to-date: /home/orthrus1-1/orthrus1-1/install/motor/share/motor/cmake/motorConfig-version.cmake
-- Up-to-date: /home/orthrus1-1/orthrus1-1/install/motor/share/motor/package.xml
