[0.900s] DEBUG:colcon:Command line arguments: ['/usr/bin/colcon', 'build']
[0.900s] DEBUG:colcon:Parsed command line arguments: Namespace(ament_cmake_args=None, base_paths=['.'], build_base='build', catkin_cmake_args=None, catkin_skip_building_tests=False, cmake_args=None, cmake_clean_cache=False, cmake_clean_first=False, cmake_force_configure=False, cmake_target=None, cmake_target_skip_unavailable=False, continue_on_error=False, event_handlers=None, executor='parallel', ignore_user_meta=False, install_base='install', log_base=None, log_level=None, main=<bound method BuildVerb.main of <colcon_core.verb.build.BuildVerb object at 0x7fae8c1eb8>>, merge_install=False, metas=['./colcon.meta'], packages_above=None, packages_above_and_dependencies=None, packages_above_depth=None, packages_end=None, packages_ignore=None, packages_ignore_regex=None, packages_select=None, packages_select_build_failed=False, packages_select_by_dep=None, packages_select_regex=None, packages_select_test_failures=False, packages_skip=None, packages_skip_build_finished=False, packages_skip_by_dep=None, packages_skip_regex=None, packages_skip_test_passed=False, packages_skip_up_to=None, packages_start=None, packages_up_to=None, packages_up_to_regex=None, parallel_workers=4, paths=None, symlink_install=False, test_result_base=None, verb_extension=<colcon_core.verb.build.BuildVerb object at 0x7fae8c1eb8>, verb_name='build', verb_parser=<colcon_defaults.argument_parser.defaults.DefaultArgumentsDecorator object at 0x7fae8cb390>)
[0.928s] Level 1:colcon.colcon_core.package_discovery:discover_packages(colcon_meta) check parameters
[0.928s] Level 1:colcon.colcon_core.package_discovery:discover_packages(recursive) check parameters
[0.928s] Level 1:colcon.colcon_core.package_discovery:discover_packages(ignore) check parameters
[0.929s] Level 1:colcon.colcon_core.package_discovery:discover_packages(path) check parameters
[0.929s] Level 1:colcon.colcon_core.package_discovery:discover_packages(colcon_meta) discover
[0.930s] Level 1:colcon.colcon_core.package_discovery:discover_packages(recursive) discover
[0.930s] INFO:colcon.colcon_core.package_discovery:Crawling recursively for packages in '/home/orthrus1-1/orthrus1-1'
[0.931s] Level 1:colcon.colcon_core.package_identification:_identify(.) by extensions ['ignore', 'ignore_ament_install']
[0.931s] Level 1:colcon.colcon_core.package_identification:_identify(.) by extension 'ignore'
[0.932s] Level 1:colcon.colcon_core.package_identification:_identify(.) by extension 'ignore_ament_install'
[0.932s] Level 1:colcon.colcon_core.package_identification:_identify(.) by extensions ['colcon_pkg']
[0.932s] Level 1:colcon.colcon_core.package_identification:_identify(.) by extension 'colcon_pkg'
[0.932s] Level 1:colcon.colcon_core.package_identification:_identify(.) by extensions ['colcon_meta']
[0.933s] Level 1:colcon.colcon_core.package_identification:_identify(.) by extension 'colcon_meta'
[0.933s] Level 1:colcon.colcon_core.package_identification:_identify(.) by extensions ['ros']
[0.933s] Level 1:colcon.colcon_core.package_identification:_identify(.) by extension 'ros'
[0.990s] Level 1:colcon.colcon_core.package_identification:_identify(.) by extensions ['cmake', 'python']
[0.990s] Level 1:colcon.colcon_core.package_identification:_identify(.) by extension 'cmake'
[0.990s] Level 1:colcon.colcon_core.package_identification:_identify(.) by extension 'python'
[0.991s] Level 1:colcon.colcon_core.package_identification:_identify(.) by extensions ['python_setup_py']
[0.991s] Level 1:colcon.colcon_core.package_identification:_identify(.) by extension 'python_setup_py'
[0.991s] Level 1:colcon.colcon_core.package_identification:_identify(build) by extensions ['ignore', 'ignore_ament_install']
[0.992s] Level 1:colcon.colcon_core.package_identification:_identify(build) by extension 'ignore'
[0.992s] Level 1:colcon.colcon_core.package_identification:_identify(build) ignored
[0.994s] Level 1:colcon.colcon_core.package_identification:_identify(install) by extensions ['ignore', 'ignore_ament_install']
[0.995s] Level 1:colcon.colcon_core.package_identification:_identify(install) by extension 'ignore'
[0.995s] Level 1:colcon.colcon_core.package_identification:_identify(install) ignored
[0.996s] Level 1:colcon.colcon_core.package_identification:_identify(log) by extensions ['ignore', 'ignore_ament_install']
[0.996s] Level 1:colcon.colcon_core.package_identification:_identify(log) by extension 'ignore'
[0.997s] Level 1:colcon.colcon_core.package_identification:_identify(log) ignored
[0.997s] Level 1:colcon.colcon_core.package_identification:_identify(src) by extensions ['ignore', 'ignore_ament_install']
[0.998s] Level 1:colcon.colcon_core.package_identification:_identify(src) by extension 'ignore'
[0.998s] Level 1:colcon.colcon_core.package_identification:_identify(src) by extension 'ignore_ament_install'
[0.998s] Level 1:colcon.colcon_core.package_identification:_identify(src) by extensions ['colcon_pkg']
[0.998s] Level 1:colcon.colcon_core.package_identification:_identify(src) by extension 'colcon_pkg'
[0.999s] Level 1:colcon.colcon_core.package_identification:_identify(src) by extensions ['colcon_meta']
[0.999s] Level 1:colcon.colcon_core.package_identification:_identify(src) by extension 'colcon_meta'
[0.999s] Level 1:colcon.colcon_core.package_identification:_identify(src) by extensions ['ros']
[0.999s] Level 1:colcon.colcon_core.package_identification:_identify(src) by extension 'ros'
[1.000s] Level 1:colcon.colcon_core.package_identification:_identify(src) by extensions ['cmake', 'python']
[1.000s] Level 1:colcon.colcon_core.package_identification:_identify(src) by extension 'cmake'
[1.000s] Level 1:colcon.colcon_core.package_identification:_identify(src) by extension 'python'
[1.000s] Level 1:colcon.colcon_core.package_identification:_identify(src) by extensions ['python_setup_py']
[1.001s] Level 1:colcon.colcon_core.package_identification:_identify(src) by extension 'python_setup_py'
[1.001s] Level 1:colcon.colcon_core.package_identification:_identify(src/message) by extensions ['ignore', 'ignore_ament_install']
[1.002s] Level 1:colcon.colcon_core.package_identification:_identify(src/message) by extension 'ignore'
[1.002s] Level 1:colcon.colcon_core.package_identification:_identify(src/message) by extension 'ignore_ament_install'
[1.002s] Level 1:colcon.colcon_core.package_identification:_identify(src/message) by extensions ['colcon_pkg']
[1.002s] Level 1:colcon.colcon_core.package_identification:_identify(src/message) by extension 'colcon_pkg'
[1.003s] Level 1:colcon.colcon_core.package_identification:_identify(src/message) by extensions ['colcon_meta']
[1.003s] Level 1:colcon.colcon_core.package_identification:_identify(src/message) by extension 'colcon_meta'
[1.003s] Level 1:colcon.colcon_core.package_identification:_identify(src/message) by extensions ['ros']
[1.003s] Level 1:colcon.colcon_core.package_identification:_identify(src/message) by extension 'ros'
[1.015s] DEBUG:colcon.colcon_core.package_identification:Package 'src/message' with type 'ros.ament_cmake' and name 'message'
[1.016s] Level 1:colcon.colcon_core.package_identification:_identify(src/motor) by extensions ['ignore', 'ignore_ament_install']
[1.017s] Level 1:colcon.colcon_core.package_identification:_identify(src/motor) by extension 'ignore'
[1.017s] Level 1:colcon.colcon_core.package_identification:_identify(src/motor) by extension 'ignore_ament_install'
[1.017s] Level 1:colcon.colcon_core.package_identification:_identify(src/motor) by extensions ['colcon_pkg']
[1.018s] Level 1:colcon.colcon_core.package_identification:_identify(src/motor) by extension 'colcon_pkg'
[1.018s] Level 1:colcon.colcon_core.package_identification:_identify(src/motor) by extensions ['colcon_meta']
[1.018s] Level 1:colcon.colcon_core.package_identification:_identify(src/motor) by extension 'colcon_meta'
[1.018s] Level 1:colcon.colcon_core.package_identification:_identify(src/motor) by extensions ['ros']
[1.018s] Level 1:colcon.colcon_core.package_identification:_identify(src/motor) by extension 'ros'
[1.021s] DEBUG:colcon.colcon_core.package_identification:Package 'src/motor' with type 'ros.ament_cmake' and name 'motor'
[1.022s] Level 1:colcon.colcon_core.package_discovery:discover_packages(recursive) using defaults
[1.023s] Level 1:colcon.colcon_core.package_discovery:discover_packages(ignore) discover
[1.023s] Level 1:colcon.colcon_core.package_discovery:discover_packages(ignore) using defaults
[1.023s] Level 1:colcon.colcon_core.package_discovery:discover_packages(path) discover
[1.024s] Level 1:colcon.colcon_core.package_discovery:discover_packages(path) using defaults
[1.135s] Level 5:colcon.colcon_core.verb:set package 'message' build argument 'cmake_args' from command line to 'None'
[1.135s] Level 5:colcon.colcon_core.verb:set package 'message' build argument 'cmake_target' from command line to 'None'
[1.135s] Level 5:colcon.colcon_core.verb:set package 'message' build argument 'cmake_target_skip_unavailable' from command line to 'False'
[1.135s] Level 5:colcon.colcon_core.verb:set package 'message' build argument 'cmake_clean_cache' from command line to 'False'
[1.136s] Level 5:colcon.colcon_core.verb:set package 'message' build argument 'cmake_clean_first' from command line to 'False'
[1.136s] Level 5:colcon.colcon_core.verb:set package 'message' build argument 'cmake_force_configure' from command line to 'False'
[1.136s] Level 5:colcon.colcon_core.verb:set package 'message' build argument 'ament_cmake_args' from command line to 'None'
[1.136s] Level 5:colcon.colcon_core.verb:set package 'message' build argument 'catkin_cmake_args' from command line to 'None'
[1.136s] Level 5:colcon.colcon_core.verb:set package 'message' build argument 'catkin_skip_building_tests' from command line to 'False'
[1.137s] DEBUG:colcon.colcon_core.verb:Building package 'message' with the following arguments: {'ament_cmake_args': None, 'build_base': '/home/orthrus1-1/orthrus1-1/build/message', 'catkin_cmake_args': None, 'catkin_skip_building_tests': False, 'cmake_args': None, 'cmake_clean_cache': False, 'cmake_clean_first': False, 'cmake_force_configure': False, 'cmake_target': None, 'cmake_target_skip_unavailable': False, 'install_base': '/home/orthrus1-1/orthrus1-1/install/message', 'merge_install': False, 'path': '/home/orthrus1-1/orthrus1-1/src/message', 'symlink_install': False, 'test_result_base': None}
[1.154s] Level 5:colcon.colcon_core.verb:set package 'motor' build argument 'cmake_args' from command line to 'None'
[1.154s] Level 5:colcon.colcon_core.verb:set package 'motor' build argument 'cmake_target' from command line to 'None'
[1.154s] Level 5:colcon.colcon_core.verb:set package 'motor' build argument 'cmake_target_skip_unavailable' from command line to 'False'
[1.155s] Level 5:colcon.colcon_core.verb:set package 'motor' build argument 'cmake_clean_cache' from command line to 'False'
[1.155s] Level 5:colcon.colcon_core.verb:set package 'motor' build argument 'cmake_clean_first' from command line to 'False'
[1.155s] Level 5:colcon.colcon_core.verb:set package 'motor' build argument 'cmake_force_configure' from command line to 'False'
[1.155s] Level 5:colcon.colcon_core.verb:set package 'motor' build argument 'ament_cmake_args' from command line to 'None'
[1.155s] Level 5:colcon.colcon_core.verb:set package 'motor' build argument 'catkin_cmake_args' from command line to 'None'
[1.155s] Level 5:colcon.colcon_core.verb:set package 'motor' build argument 'catkin_skip_building_tests' from command line to 'False'
[1.156s] DEBUG:colcon.colcon_core.verb:Building package 'motor' with the following arguments: {'ament_cmake_args': None, 'build_base': '/home/orthrus1-1/orthrus1-1/build/motor', 'catkin_cmake_args': None, 'catkin_skip_building_tests': False, 'cmake_args': None, 'cmake_clean_cache': False, 'cmake_clean_first': False, 'cmake_force_configure': False, 'cmake_target': None, 'cmake_target_skip_unavailable': False, 'install_base': '/home/orthrus1-1/orthrus1-1/install/motor', 'merge_install': False, 'path': '/home/orthrus1-1/orthrus1-1/src/motor', 'symlink_install': False, 'test_result_base': None}
[1.157s] INFO:colcon.colcon_core.executor:Executing jobs using 'parallel' executor
[1.167s] DEBUG:colcon.colcon_parallel_executor.executor.parallel:run_until_complete
[1.168s] INFO:colcon.colcon_ros.task.ament_cmake.build:Building ROS package in '/home/orthrus1-1/orthrus1-1/src/message' with build type 'ament_cmake'
[1.168s] INFO:colcon.colcon_cmake.task.cmake.build:Building CMake package in '/home/orthrus1-1/orthrus1-1/src/message'
[1.186s] INFO:colcon.colcon_core.plugin_system:Skipping extension 'colcon_core.shell.bat': Not used on non-Windows systems
[1.188s] INFO:colcon.colcon_core.shell:Skip shell extension 'powershell' for command environment: Not usable outside of PowerShell
[1.188s] DEBUG:colcon.colcon_core.shell:Skip shell extension 'dsv' for command environment
[1.200s] DEBUG:colcon.colcon_core.shell:Ignoring prefix path '/opt/ros/dashing'
[1.230s] DEBUG:colcon.colcon_core.event_handler.log_command:Invoking command in '/home/orthrus1-1/orthrus1-1/build/message': CMAKE_PREFIX_PATH=/opt/ros/dashing /usr/bin/cmake --build /home/orthrus1-1/orthrus1-1/build/message -- -j4 -l4
[2.303s] DEBUG:colcon.colcon_core.event_handler.log_command:Invoked command in '/home/orthrus1-1/orthrus1-1/build/message' returned '0': CMAKE_PREFIX_PATH=/opt/ros/dashing /usr/bin/cmake --build /home/orthrus1-1/orthrus1-1/build/message -- -j4 -l4
[2.649s] DEBUG:colcon.colcon_core.event_handler.log_command:Invoking command in '/home/orthrus1-1/orthrus1-1/build/message': CMAKE_PREFIX_PATH=/opt/ros/dashing /usr/bin/cmake --build /home/orthrus1-1/orthrus1-1/build/message --target install -- -j4 -l4
[4.008s] Level 1:colcon.colcon_core.environment:create_environment_scripts_only(message)
[4.012s] DEBUG:colcon.colcon_core.event_handler.log_command:Invoked command in '/home/orthrus1-1/orthrus1-1/build/message' returned '0': CMAKE_PREFIX_PATH=/opt/ros/dashing /usr/bin/cmake --build /home/orthrus1-1/orthrus1-1/build/message --target install -- -j4 -l4
[4.025s] Level 1:colcon.colcon_core.environment:checking '/home/orthrus1-1/orthrus1-1/install/message' for CMake module files
[4.029s] Level 1:colcon.colcon_core.environment:checking '/home/orthrus1-1/orthrus1-1/install/message' for CMake config files
[4.030s] Level 1:colcon.colcon_core.shell:create_environment_hook('message', 'cmake_prefix_path')
[4.033s] INFO:colcon.colcon_core.shell:Creating environment hook '/home/orthrus1-1/orthrus1-1/install/message/share/message/hook/cmake_prefix_path.ps1'
[4.036s] INFO:colcon.colcon_core.shell:Creating environment descriptor '/home/orthrus1-1/orthrus1-1/install/message/share/message/hook/cmake_prefix_path.dsv'
[4.039s] INFO:colcon.colcon_core.shell:Creating environment hook '/home/orthrus1-1/orthrus1-1/install/message/share/message/hook/cmake_prefix_path.sh'
[4.045s] Level 1:colcon.colcon_core.environment:checking '/home/orthrus1-1/orthrus1-1/install/message/lib'
[4.045s] Level 1:colcon.colcon_core.shell:create_environment_hook('message', 'ld_library_path_lib')
[4.048s] INFO:colcon.colcon_core.shell:Creating environment hook '/home/orthrus1-1/orthrus1-1/install/message/share/message/hook/ld_library_path_lib.ps1'
[4.050s] INFO:colcon.colcon_core.shell:Creating environment descriptor '/home/orthrus1-1/orthrus1-1/install/message/share/message/hook/ld_library_path_lib.dsv'
[4.052s] INFO:colcon.colcon_core.shell:Creating environment hook '/home/orthrus1-1/orthrus1-1/install/message/share/message/hook/ld_library_path_lib.sh'
[4.053s] Level 1:colcon.colcon_core.environment:checking '/home/orthrus1-1/orthrus1-1/install/message/bin'
[4.054s] Level 1:colcon.colcon_core.environment:checking '/home/orthrus1-1/orthrus1-1/install/message/lib/pkgconfig/message.pc'
[4.054s] Level 1:colcon.colcon_core.environment:checking '/home/orthrus1-1/orthrus1-1/install/message/lib/python3.6/site-packages'
[4.054s] Level 1:colcon.colcon_core.shell:create_environment_hook('message', 'pythonpath')
[4.057s] INFO:colcon.colcon_core.shell:Creating environment hook '/home/orthrus1-1/orthrus1-1/install/message/share/message/hook/pythonpath.ps1'
[4.063s] INFO:colcon.colcon_core.shell:Creating environment descriptor '/home/orthrus1-1/orthrus1-1/install/message/share/message/hook/pythonpath.dsv'
[4.065s] INFO:colcon.colcon_core.shell:Creating environment hook '/home/orthrus1-1/orthrus1-1/install/message/share/message/hook/pythonpath.sh'
[4.070s] INFO:colcon.colcon_core.shell:Creating package script '/home/orthrus1-1/orthrus1-1/install/message/share/message/package.ps1'
[4.075s] INFO:colcon.colcon_core.shell:Creating package descriptor '/home/orthrus1-1/orthrus1-1/install/message/share/message/package.dsv'
[4.080s] INFO:colcon.colcon_core.shell:Creating package script '/home/orthrus1-1/orthrus1-1/install/message/share/message/package.sh'
[4.085s] INFO:colcon.colcon_core.shell:Creating package script '/home/orthrus1-1/orthrus1-1/install/message/share/message/package.bash'
[4.089s] INFO:colcon.colcon_core.shell:Creating package script '/home/orthrus1-1/orthrus1-1/install/message/share/message/package.zsh'
[4.093s] Level 1:colcon.colcon_core.environment:create_file_with_runtime_dependencies(/home/orthrus1-1/orthrus1-1/install/message/share/colcon-core/packages/message)
[4.399s] Level 1:colcon.colcon_core.environment:create_environment_scripts_only(message)
[4.404s] Level 1:colcon.colcon_core.environment:checking '/home/orthrus1-1/orthrus1-1/install/message' for CMake module files
[4.407s] Level 1:colcon.colcon_core.environment:checking '/home/orthrus1-1/orthrus1-1/install/message' for CMake config files
[4.408s] Level 1:colcon.colcon_core.shell:create_environment_hook('message', 'cmake_prefix_path')
[4.411s] INFO:colcon.colcon_core.shell:Creating environment hook '/home/orthrus1-1/orthrus1-1/install/message/share/message/hook/cmake_prefix_path.ps1'
[4.413s] INFO:colcon.colcon_core.shell:Creating environment descriptor '/home/orthrus1-1/orthrus1-1/install/message/share/message/hook/cmake_prefix_path.dsv'
[4.415s] INFO:colcon.colcon_core.shell:Creating environment hook '/home/orthrus1-1/orthrus1-1/install/message/share/message/hook/cmake_prefix_path.sh'
[4.419s] Level 1:colcon.colcon_core.environment:checking '/home/orthrus1-1/orthrus1-1/install/message/lib'
[4.419s] Level 1:colcon.colcon_core.shell:create_environment_hook('message', 'ld_library_path_lib')
[4.422s] INFO:colcon.colcon_core.shell:Creating environment hook '/home/orthrus1-1/orthrus1-1/install/message/share/message/hook/ld_library_path_lib.ps1'
[4.424s] INFO:colcon.colcon_core.shell:Creating environment descriptor '/home/orthrus1-1/orthrus1-1/install/message/share/message/hook/ld_library_path_lib.dsv'
[4.425s] INFO:colcon.colcon_core.shell:Creating environment hook '/home/orthrus1-1/orthrus1-1/install/message/share/message/hook/ld_library_path_lib.sh'
[4.427s] Level 1:colcon.colcon_core.environment:checking '/home/orthrus1-1/orthrus1-1/install/message/bin'
[4.427s] Level 1:colcon.colcon_core.environment:checking '/home/orthrus1-1/orthrus1-1/install/message/lib/pkgconfig/message.pc'
[4.428s] Level 1:colcon.colcon_core.environment:checking '/home/orthrus1-1/orthrus1-1/install/message/lib/python3.6/site-packages'
[4.428s] Level 1:colcon.colcon_core.shell:create_environment_hook('message', 'pythonpath')
[4.431s] INFO:colcon.colcon_core.shell:Creating environment hook '/home/orthrus1-1/orthrus1-1/install/message/share/message/hook/pythonpath.ps1'
[4.433s] INFO:colcon.colcon_core.shell:Creating environment descriptor '/home/orthrus1-1/orthrus1-1/install/message/share/message/hook/pythonpath.dsv'
[4.434s] INFO:colcon.colcon_core.shell:Creating environment hook '/home/orthrus1-1/orthrus1-1/install/message/share/message/hook/pythonpath.sh'
[4.439s] INFO:colcon.colcon_core.shell:Creating package script '/home/orthrus1-1/orthrus1-1/install/message/share/message/package.ps1'
[4.442s] INFO:colcon.colcon_core.shell:Creating package descriptor '/home/orthrus1-1/orthrus1-1/install/message/share/message/package.dsv'
[4.445s] INFO:colcon.colcon_core.shell:Creating package script '/home/orthrus1-1/orthrus1-1/install/message/share/message/package.sh'
[4.447s] INFO:colcon.colcon_core.shell:Creating package script '/home/orthrus1-1/orthrus1-1/install/message/share/message/package.bash'
[4.449s] INFO:colcon.colcon_core.shell:Creating package script '/home/orthrus1-1/orthrus1-1/install/message/share/message/package.zsh'
[4.451s] Level 1:colcon.colcon_core.environment:create_file_with_runtime_dependencies(/home/orthrus1-1/orthrus1-1/install/message/share/colcon-core/packages/message)
[4.453s] INFO:colcon.colcon_ros.task.ament_cmake.build:Building ROS package in '/home/orthrus1-1/orthrus1-1/src/motor' with build type 'ament_cmake'
[4.453s] INFO:colcon.colcon_cmake.task.cmake.build:Building CMake package in '/home/orthrus1-1/orthrus1-1/src/motor'
[4.457s] INFO:colcon.colcon_core.shell:Skip shell extension 'powershell' for command environment: Not usable outside of PowerShell
[4.457s] DEBUG:colcon.colcon_core.shell:Skip shell extension 'dsv' for command environment
[4.511s] DEBUG:colcon.colcon_core.shell:Ignoring prefix path '/opt/ros/dashing'
[4.546s] DEBUG:colcon.colcon_core.event_handler.log_command:Invoking command in '/home/orthrus1-1/orthrus1-1/build/motor': AMENT_PREFIX_PATH=/home/orthrus1-1/orthrus1-1/install/message:${AMENT_PREFIX_PATH} CMAKE_PREFIX_PATH=/home/orthrus1-1/orthrus1-1/install/message:/opt/ros/dashing LD_LIBRARY_PATH=/home/orthrus1-1/orthrus1-1/install/message/lib:${LD_LIBRARY_PATH} PYTHONPATH=/home/orthrus1-1/orthrus1-1/install/message/lib/python3.6/site-packages:${PYTHONPATH} /usr/bin/cmake --build /home/orthrus1-1/orthrus1-1/build/motor -- -j4 -l4
[13.710s] DEBUG:colcon.colcon_core.event_handler.log_command:Invoked command in '/home/orthrus1-1/orthrus1-1/build/motor' returned '0': AMENT_PREFIX_PATH=/home/orthrus1-1/orthrus1-1/install/message:${AMENT_PREFIX_PATH} CMAKE_PREFIX_PATH=/home/orthrus1-1/orthrus1-1/install/message:/opt/ros/dashing LD_LIBRARY_PATH=/home/orthrus1-1/orthrus1-1/install/message/lib:${LD_LIBRARY_PATH} PYTHONPATH=/home/orthrus1-1/orthrus1-1/install/message/lib/python3.6/site-packages:${PYTHONPATH} /usr/bin/cmake --build /home/orthrus1-1/orthrus1-1/build/motor -- -j4 -l4
[13.806s] DEBUG:colcon.colcon_core.event_handler.log_command:Invoking command in '/home/orthrus1-1/orthrus1-1/build/motor': AMENT_PREFIX_PATH=/home/orthrus1-1/orthrus1-1/install/message:${AMENT_PREFIX_PATH} CMAKE_PREFIX_PATH=/home/orthrus1-1/orthrus1-1/install/message:/opt/ros/dashing LD_LIBRARY_PATH=/home/orthrus1-1/orthrus1-1/install/message/lib:${LD_LIBRARY_PATH} PYTHONPATH=/home/orthrus1-1/orthrus1-1/install/message/lib/python3.6/site-packages:${PYTHONPATH} /usr/bin/cmake --build /home/orthrus1-1/orthrus1-1/build/motor --target install -- -j4 -l4
[14.146s] Level 1:colcon.colcon_core.environment:create_environment_scripts_only(motor)
[14.153s] Level 1:colcon.colcon_core.environment:checking '/home/orthrus1-1/orthrus1-1/install/motor' for CMake module files
[14.155s] DEBUG:colcon.colcon_core.event_handler.log_command:Invoked command in '/home/orthrus1-1/orthrus1-1/build/motor' returned '0': AMENT_PREFIX_PATH=/home/orthrus1-1/orthrus1-1/install/message:${AMENT_PREFIX_PATH} CMAKE_PREFIX_PATH=/home/orthrus1-1/orthrus1-1/install/message:/opt/ros/dashing LD_LIBRARY_PATH=/home/orthrus1-1/orthrus1-1/install/message/lib:${LD_LIBRARY_PATH} PYTHONPATH=/home/orthrus1-1/orthrus1-1/install/message/lib/python3.6/site-packages:${PYTHONPATH} /usr/bin/cmake --build /home/orthrus1-1/orthrus1-1/build/motor --target install -- -j4 -l4
[14.157s] Level 1:colcon.colcon_core.environment:checking '/home/orthrus1-1/orthrus1-1/install/motor' for CMake config files
[14.159s] Level 1:colcon.colcon_core.shell:create_environment_hook('motor', 'cmake_prefix_path')
[14.162s] INFO:colcon.colcon_core.shell:Creating environment hook '/home/orthrus1-1/orthrus1-1/install/motor/share/motor/hook/cmake_prefix_path.ps1'
[14.164s] INFO:colcon.colcon_core.shell:Creating environment descriptor '/home/orthrus1-1/orthrus1-1/install/motor/share/motor/hook/cmake_prefix_path.dsv'
[14.166s] INFO:colcon.colcon_core.shell:Creating environment hook '/home/orthrus1-1/orthrus1-1/install/motor/share/motor/hook/cmake_prefix_path.sh'
[14.169s] Level 1:colcon.colcon_core.environment:checking '/home/orthrus1-1/orthrus1-1/install/motor/lib'
[14.170s] Level 1:colcon.colcon_core.shell:create_environment_hook('motor', 'ld_library_path_lib')
[14.173s] INFO:colcon.colcon_core.shell:Creating environment hook '/home/orthrus1-1/orthrus1-1/install/motor/share/motor/hook/ld_library_path_lib.ps1'
[14.175s] INFO:colcon.colcon_core.shell:Creating environment descriptor '/home/orthrus1-1/orthrus1-1/install/motor/share/motor/hook/ld_library_path_lib.dsv'
[14.176s] INFO:colcon.colcon_core.shell:Creating environment hook '/home/orthrus1-1/orthrus1-1/install/motor/share/motor/hook/ld_library_path_lib.sh'
[14.178s] Level 1:colcon.colcon_core.environment:checking '/home/orthrus1-1/orthrus1-1/install/motor/bin'
[14.178s] Level 1:colcon.colcon_core.environment:checking '/home/orthrus1-1/orthrus1-1/install/motor/lib/pkgconfig/motor.pc'
[14.178s] Level 1:colcon.colcon_core.environment:checking '/home/orthrus1-1/orthrus1-1/install/motor/lib/python3.6/site-packages'
[14.182s] INFO:colcon.colcon_core.shell:Creating package script '/home/orthrus1-1/orthrus1-1/install/motor/share/motor/package.ps1'
[14.184s] INFO:colcon.colcon_core.shell:Creating package descriptor '/home/orthrus1-1/orthrus1-1/install/motor/share/motor/package.dsv'
[14.187s] INFO:colcon.colcon_core.shell:Creating package script '/home/orthrus1-1/orthrus1-1/install/motor/share/motor/package.sh'
[14.189s] INFO:colcon.colcon_core.shell:Creating package script '/home/orthrus1-1/orthrus1-1/install/motor/share/motor/package.bash'
[14.190s] INFO:colcon.colcon_core.shell:Creating package script '/home/orthrus1-1/orthrus1-1/install/motor/share/motor/package.zsh'
[14.193s] Level 1:colcon.colcon_core.environment:create_file_with_runtime_dependencies(/home/orthrus1-1/orthrus1-1/install/motor/share/colcon-core/packages/motor)
[14.286s] Level 1:colcon.colcon_core.environment:create_environment_scripts_only(motor)
[14.291s] Level 1:colcon.colcon_core.environment:checking '/home/orthrus1-1/orthrus1-1/install/motor' for CMake module files
[14.296s] Level 1:colcon.colcon_core.environment:checking '/home/orthrus1-1/orthrus1-1/install/motor' for CMake config files
[14.297s] Level 1:colcon.colcon_core.shell:create_environment_hook('motor', 'cmake_prefix_path')
[14.301s] INFO:colcon.colcon_core.shell:Creating environment hook '/home/orthrus1-1/orthrus1-1/install/motor/share/motor/hook/cmake_prefix_path.ps1'
[14.303s] INFO:colcon.colcon_core.shell:Creating environment descriptor '/home/orthrus1-1/orthrus1-1/install/motor/share/motor/hook/cmake_prefix_path.dsv'
[14.305s] INFO:colcon.colcon_core.shell:Creating environment hook '/home/orthrus1-1/orthrus1-1/install/motor/share/motor/hook/cmake_prefix_path.sh'
[14.308s] Level 1:colcon.colcon_core.environment:checking '/home/orthrus1-1/orthrus1-1/install/motor/lib'
[14.309s] Level 1:colcon.colcon_core.shell:create_environment_hook('motor', 'ld_library_path_lib')
[14.312s] INFO:colcon.colcon_core.shell:Creating environment hook '/home/orthrus1-1/orthrus1-1/install/motor/share/motor/hook/ld_library_path_lib.ps1'
[14.314s] INFO:colcon.colcon_core.shell:Creating environment descriptor '/home/orthrus1-1/orthrus1-1/install/motor/share/motor/hook/ld_library_path_lib.dsv'
[14.315s] INFO:colcon.colcon_core.shell:Creating environment hook '/home/orthrus1-1/orthrus1-1/install/motor/share/motor/hook/ld_library_path_lib.sh'
[14.317s] Level 1:colcon.colcon_core.environment:checking '/home/orthrus1-1/orthrus1-1/install/motor/bin'
[14.317s] Level 1:colcon.colcon_core.environment:checking '/home/orthrus1-1/orthrus1-1/install/motor/lib/pkgconfig/motor.pc'
[14.317s] Level 1:colcon.colcon_core.environment:checking '/home/orthrus1-1/orthrus1-1/install/motor/lib/python3.6/site-packages'
[14.321s] INFO:colcon.colcon_core.shell:Creating package script '/home/orthrus1-1/orthrus1-1/install/motor/share/motor/package.ps1'
[14.323s] INFO:colcon.colcon_core.shell:Creating package descriptor '/home/orthrus1-1/orthrus1-1/install/motor/share/motor/package.dsv'
[14.326s] INFO:colcon.colcon_core.shell:Creating package script '/home/orthrus1-1/orthrus1-1/install/motor/share/motor/package.sh'
[14.328s] INFO:colcon.colcon_core.shell:Creating package script '/home/orthrus1-1/orthrus1-1/install/motor/share/motor/package.bash'
[14.330s] INFO:colcon.colcon_core.shell:Creating package script '/home/orthrus1-1/orthrus1-1/install/motor/share/motor/package.zsh'
[14.332s] Level 1:colcon.colcon_core.environment:create_file_with_runtime_dependencies(/home/orthrus1-1/orthrus1-1/install/motor/share/colcon-core/packages/motor)
[14.333s] DEBUG:colcon.colcon_parallel_executor.executor.parallel:closing loop
[14.336s] DEBUG:colcon.colcon_parallel_executor.executor.parallel:loop closed
[14.337s] DEBUG:colcon.colcon_parallel_executor.executor.parallel:run_until_complete finished with '0'
[14.337s] DEBUG:colcon.colcon_core.event_reactor:joining thread
[14.363s] INFO:colcon.colcon_core.plugin_system:Skipping extension 'colcon_notification.desktop_notification.terminal_notifier': Not used on non-Darwin systems
[14.363s] INFO:colcon.colcon_core.plugin_system:Skipping extension 'colcon_notification.desktop_notification.win32': Not used on non-Windows systems
[14.364s] INFO:colcon.colcon_notification.desktop_notification:Sending desktop notification using 'notify2'
[14.440s] DEBUG:colcon.colcon_core.event_reactor:joined thread
[14.444s] INFO:colcon.colcon_core.shell:Creating prefix script '/home/orthrus1-1/orthrus1-1/install/local_setup.ps1'
[14.451s] INFO:colcon.colcon_core.shell:Creating prefix util module '/home/orthrus1-1/orthrus1-1/install/_local_setup_util_ps1.py'
[14.459s] INFO:colcon.colcon_core.shell:Creating prefix chain script '/home/orthrus1-1/orthrus1-1/install/setup.ps1'
[14.473s] INFO:colcon.colcon_core.shell:Creating prefix script '/home/orthrus1-1/orthrus1-1/install/local_setup.sh'
[14.476s] INFO:colcon.colcon_core.shell:Creating prefix util module '/home/orthrus1-1/orthrus1-1/install/_local_setup_util_sh.py'
[14.478s] INFO:colcon.colcon_core.shell:Creating prefix chain script '/home/orthrus1-1/orthrus1-1/install/setup.sh'
[14.493s] INFO:colcon.colcon_core.shell:Creating prefix script '/home/orthrus1-1/orthrus1-1/install/local_setup.bash'
[14.496s] INFO:colcon.colcon_core.shell:Creating prefix chain script '/home/orthrus1-1/orthrus1-1/install/setup.bash'
[14.511s] INFO:colcon.colcon_core.shell:Creating prefix script '/home/orthrus1-1/orthrus1-1/install/local_setup.zsh'
[14.513s] INFO:colcon.colcon_core.shell:Creating prefix chain script '/home/orthrus1-1/orthrus1-1/install/setup.zsh'
