[0.031s] Invoking command in '/home/orthrus1-1/orthrus1-1/build/motor': AMENT_PREFIX_PATH=/home/orthrus1-1/orthrus1-1/install/message:${AMENT_PREFIX_PATH} CMAKE_PREFIX_PATH=/home/orthrus1-1/orthrus1-1/install/message:/opt/ros/dashing LD_LIBRARY_PATH=/home/orthrus1-1/orthrus1-1/install/message/lib:${LD_LIBRARY_PATH} PYTHONPATH=/home/orthrus1-1/orthrus1-1/install/message/lib/python3.6/site-packages:${PYTHONPATH} /usr/bin/cmake --build /home/orthrus1-1/orthrus1-1/build/motor -- -j4 -l4
[0.190s] [35m[1mScanning dependencies of target motor_carryout[0m
[0.243s] [ 50%] Built target check
[0.287s] [ 75%] [32mBuilding CXX object CMakeFiles/motor_carryout.dir/src/motor_carryout.cpp.o[0m
[3.769s] [01m[K/home/orthrus1-1/orthrus1-1/src/motor/src/motor_carryout.cpp:94:52:[m[K [01;31m[Kerror: [m[Kusing typedef-name ‘[01m[Kusing SharedPtr = class std::shared_ptr<message::msg::Motorcarryout_<std::allocator<void> > >[m[K’ after ‘[01m[Kclass[m[K’
[3.772s]  void setup_data(class message::msg::Motorcarryout::[01;31m[KSharedPtr[m[K &msg_)
[3.772s] 
[3.773s]                                                     [01;31m[K^~~~~~~~~[m[K
[3.773s] In file included from [01m[K/home/orthrus1-1/orthrus1-1/install/message/include/message/msg/motorcarryout.hpp:7:0[m[K,
[3.774s]                  from [01m[K/home/orthrus1-1/orthrus1-1/src/motor/src/motor_carryout.cpp:18[m[K:
[3.775s] [01m[K/home/orthrus1-1/orthrus1-1/install/message/include/message/msg/motorcarryout__struct.hpp:96:70:[m[K [01;36m[Knote: [m[K‘[01m[Kusing SharedPtr = class std::shared_ptr<message::msg::Motorcarryout_<std::allocator<void> > >[m[K’ has a previous declaration here
[3.775s]      std::shared_ptr<message::msg::Motorcarryout_<ContainerAllocator>>[01;36m[K;[m[K
[3.776s]                                                                       [01;36m[K^[m[K
[3.776s] [01m[K/home/orthrus1-1/orthrus1-1/src/motor/src/motor_carryout.cpp:[m[K In function ‘[01m[Kvoid setup_data(int&)[m[K’:
[3.777s] [01m[K/home/orthrus1-1/orthrus1-1/src/motor/src/motor_carryout.cpp:101:29:[m[K [01;31m[Kerror: [m[Kbase operand of ‘[01m[K->[m[K’ is not a pointer
[3.777s]      motor_LF_s1.mode =  msg_[01;31m[K->[m[K mode_LF_1;
[3.778s] 
[3.778s]                              [01;31m[K^~[m[K
[3.779s] [01m[K/home/orthrus1-1/orthrus1-1/src/motor/src/motor_carryout.cpp:102:29:[m[K [01;31m[Kerror: [m[Kbase operand of ‘[01m[K->[m[K’ is not a pointer
[3.779s]      motor_LF_s1.T    =  msg_[01;31m[K->[m[K    T_LF_1;  //单位：Nm, T<255.9
[3.780s] 
[3.780s]                              [01;31m[K^~[m[K
[3.781s] [01m[K/home/orthrus1-1/orthrus1-1/src/motor/src/motor_carryout.cpp:103:29:[m[K [01;31m[Kerror: [m[Kbase operand of ‘[01m[K->[m[K’ is not a pointer
[3.781s]      motor_LF_s1.W    =  msg_[01;31m[K->[m[K    W_LF_1;  //单位：rad/s, W<511.9
[3.782s] 
[3.783s]                              [01;31m[K^~[m[K
[3.783s] [01m[K/home/orthrus1-1/orthrus1-1/src/motor/src/motor_carryout.cpp:104:29:[m[K [01;31m[Kerror: [m[Kbase operand of ‘[01m[K->[m[K’ is not a pointer
[3.784s]      motor_LF_s1.Pos  =  msg_[01;31m[K->[m[K  Pos_LF_1;  //单位：rad, Pos<131071.9
[3.784s] 
[3.785s]                              [01;31m[K^~[m[K
[3.785s] [01m[K/home/orthrus1-1/orthrus1-1/src/motor/src/motor_carryout.cpp:105:29:[m[K [01;31m[Kerror: [m[Kbase operand of ‘[01m[K->[m[K’ is not a pointer
[3.786s]      motor_LF_s1.K_P  =  msg_[01;31m[K->[m[K  K_P_LF_1;  //K_P<31.9
[3.786s] 
[3.787s]                              [01;31m[K^~[m[K
[3.787s] [01m[K/home/orthrus1-1/orthrus1-1/src/motor/src/motor_carryout.cpp:106:29:[m[K [01;31m[Kerror: [m[Kbase operand of ‘[01m[K->[m[K’ is not a pointer
[3.788s]      motor_LF_s1.K_W  =  msg_[01;31m[K->[m[K  K_W_LF_1;  //K_W<63.9
[3.788s] 
[3.789s]                              [01;31m[K^~[m[K
[3.789s] [01m[K/home/orthrus1-1/orthrus1-1/src/motor/src/motor_carryout.cpp:112:27:[m[K [01;31m[Kerror: [m[Kbase operand of ‘[01m[K->[m[K’ is not a pointer
[3.790s]     motor_LF_s2.mode = msg_[01;31m[K->[m[K mode_LF_2;
[3.790s] 
[3.791s]                            [01;31m[K^~[m[K
[3.791s] [01m[K/home/orthrus1-1/orthrus1-1/src/motor/src/motor_carryout.cpp:113:27:[m[K [01;31m[Kerror: [m[Kbase operand of ‘[01m[K->[m[K’ is not a pointer
[3.792s]     motor_LF_s2.T    = msg_[01;31m[K->[m[K    T_LF_2;           
[3.792s] 
[3.793s]                            [01;31m[K^~[m[K
[3.793s] [01m[K/home/orthrus1-1/orthrus1-1/src/motor/src/motor_carryout.cpp:114:27:[m[K [01;31m[Kerror: [m[Kbase operand of ‘[01m[K->[m[K’ is not a pointer
[3.794s]     motor_LF_s2.W    = msg_[01;31m[K->[m[K    W_LF_2;              
[3.794s] 
[3.795s]                            [01;31m[K^~[m[K
[3.796s] [01m[K/home/orthrus1-1/orthrus1-1/src/motor/src/motor_carryout.cpp:115:27:[m[K [01;31m[Kerror: [m[Kbase operand of ‘[01m[K->[m[K’ is not a pointer
[3.796s]     motor_LF_s2.Pos  = msg_[01;31m[K->[m[K  Pos_LF_2;         
[3.797s] 
[3.797s]                            [01;31m[K^~[m[K
[3.798s] [01m[K/home/orthrus1-1/orthrus1-1/src/motor/src/motor_carryout.cpp:116:27:[m[K [01;31m[Kerror: [m[Kbase operand of ‘[01m[K->[m[K’ is not a pointer
[3.798s]     motor_LF_s2.K_P  = msg_[01;31m[K->[m[K  K_P_LF_2;      
[3.799s] 
[3.799s]                            [01;31m[K^~[m[K
[3.800s] [01m[K/home/orthrus1-1/orthrus1-1/src/motor/src/motor_carryout.cpp:117:27:[m[K [01;31m[Kerror: [m[Kbase operand of ‘[01m[K->[m[K’ is not a pointer
[3.800s]     motor_LF_s2.K_W  = msg_[01;31m[K->[m[K  K_W_LF_2;      
[3.801s] 
[3.801s]                            [01;31m[K^~[m[K
[3.802s] [01m[K/home/orthrus1-1/orthrus1-1/src/motor/src/motor_carryout.cpp:123:28:[m[K [01;31m[Kerror: [m[Kbase operand of ‘[01m[K->[m[K’ is not a pointer
[3.802s]      motor_LF_s3.mode = msg_[01;31m[K->[m[K mode_LF_3;
[3.803s] 
[3.803s]                             [01;31m[K^~[m[K
[3.804s] [01m[K/home/orthrus1-1/orthrus1-1/src/motor/src/motor_carryout.cpp:124:28:[m[K [01;31m[Kerror: [m[Kbase operand of ‘[01m[K->[m[K’ is not a pointer
[3.804s]      motor_LF_s3.T    = msg_[01;31m[K->[m[K    T_LF_3;             
[3.805s] 
[3.805s]                             [01;31m[K^~[m[K
[3.806s] [01m[K/home/orthrus1-1/orthrus1-1/src/motor/src/motor_carryout.cpp:125:28:[m[K [01;31m[Kerror: [m[Kbase operand of ‘[01m[K->[m[K’ is not a pointer
[3.806s]      motor_LF_s3.W    = msg_[01;31m[K->[m[K    W_LF_3;               
[3.807s] 
[3.807s]                             [01;31m[K^~[m[K
[3.808s] [01m[K/home/orthrus1-1/orthrus1-1/src/motor/src/motor_carryout.cpp:126:28:[m[K [01;31m[Kerror: [m[Kbase operand of ‘[01m[K->[m[K’ is not a pointer
[3.808s]      motor_LF_s3.Pos  = msg_[01;31m[K->[m[K  Pos_LF_3;       
[3.809s] 
[3.809s]                             [01;31m[K^~[m[K
[3.810s] [01m[K/home/orthrus1-1/orthrus1-1/src/motor/src/motor_carryout.cpp:127:28:[m[K [01;31m[Kerror: [m[Kbase operand of ‘[01m[K->[m[K’ is not a pointer
[3.810s]      motor_LF_s3.K_P  = msg_[01;31m[K->[m[K  K_P_LF_3;         
[3.811s] 
[3.811s]                             [01;31m[K^~[m[K
[3.812s] [01m[K/home/orthrus1-1/orthrus1-1/src/motor/src/motor_carryout.cpp:128:28:[m[K [01;31m[Kerror: [m[Kbase operand of ‘[01m[K->[m[K’ is not a pointer
[3.812s]      motor_LF_s3.K_W  = msg_[01;31m[K->[m[K  K_W_LF_3;      
[3.813s] 
[3.813s]                             [01;31m[K^~[m[K
[3.814s] [01m[K/home/orthrus1-1/orthrus1-1/src/motor/src/motor_carryout.cpp:135:31:[m[K [01;31m[Kerror: [m[Kbase operand of ‘[01m[K->[m[K’ is not a pointer
[3.814s]         motor_RF_s1.mode = msg_[01;31m[K->[m[K mode_RF_1;
[3.815s] 
[3.816s]                                [01;31m[K^~[m[K
[3.816s] [01m[K/home/orthrus1-1/orthrus1-1/src/motor/src/motor_carryout.cpp:136:31:[m[K [01;31m[Kerror: [m[Kbase operand of ‘[01m[K->[m[K’ is not a pointer
[3.817s]         motor_RF_s1.T    = msg_[01;31m[K->[m[K    T_RF_1;           
[3.817s] 
[3.818s]                                [01;31m[K^~[m[K
[3.818s] [01m[K/home/orthrus1-1/orthrus1-1/src/motor/src/motor_carryout.cpp:137:31:[m[K [01;31m[Kerror: [m[Kbase operand of ‘[01m[K->[m[K’ is not a pointer
[3.819s]         motor_RF_s1.W    = msg_[01;31m[K->[m[K    W_RF_1;             
[3.819s] 
[3.820s]                                [01;31m[K^~[m[K
[3.820s] [01m[K/home/orthrus1-1/orthrus1-1/src/motor/src/motor_carryout.cpp:138:31:[m[K [01;31m[Kerror: [m[Kbase operand of ‘[01m[K->[m[K’ is not a pointer
[3.821s]         motor_RF_s1.Pos  = msg_[01;31m[K->[m[K  Pos_RF_1;       
[3.821s] 
[3.822s]                                [01;31m[K^~[m[K
[3.822s] [01m[K/home/orthrus1-1/orthrus1-1/src/motor/src/motor_carryout.cpp:139:31:[m[K [01;31m[Kerror: [m[Kbase operand of ‘[01m[K->[m[K’ is not a pointer
[3.823s]         motor_RF_s1.K_P  = msg_[01;31m[K->[m[K  K_P_RF_1;       
[3.823s] 
[3.824s]                                [01;31m[K^~[m[K
[3.824s] [01m[K/home/orthrus1-1/orthrus1-1/src/motor/src/motor_carryout.cpp:140:31:[m[K [01;31m[Kerror: [m[Kbase operand of ‘[01m[K->[m[K’ is not a pointer
[3.825s]         motor_RF_s1.K_W  = msg_[01;31m[K->[m[K  K_W_RF_1;      
[3.825s] 
[3.826s]                                [01;31m[K^~[m[K
[3.826s] [01m[K/home/orthrus1-1/orthrus1-1/src/motor/src/motor_carryout.cpp:146:31:[m[K [01;31m[Kerror: [m[Kbase operand of ‘[01m[K->[m[K’ is not a pointer
[3.827s]         motor_RF_s2.mode = msg_[01;31m[K->[m[K mode_RF_2;
[3.828s] 
[3.828s]                                [01;31m[K^~[m[K
[3.829s] [01m[K/home/orthrus1-1/orthrus1-1/src/motor/src/motor_carryout.cpp:147:31:[m[K [01;31m[Kerror: [m[Kbase operand of ‘[01m[K->[m[K’ is not a pointer
[3.829s]         motor_RF_s2.T    = msg_[01;31m[K->[m[K    T_RF_2;            
[3.830s] 
[3.830s]                                [01;31m[K^~[m[K
[3.831s] [01m[K/home/orthrus1-1/orthrus1-1/src/motor/src/motor_carryout.cpp:148:31:[m[K [01;31m[Kerror: [m[Kbase operand of ‘[01m[K->[m[K’ is not a pointer
[3.831s]         motor_RF_s2.W    = msg_[01;31m[K->[m[K    W_RF_2;             
[3.832s] 
[3.832s]                                [01;31m[K^~[m[K
[3.833s] [01m[K/home/orthrus1-1/orthrus1-1/src/motor/src/motor_carryout.cpp:149:31:[m[K [01;31m[Kerror: [m[Kbase operand of ‘[01m[K->[m[K’ is not a pointer
[3.833s]         motor_RF_s2.Pos  = msg_[01;31m[K->[m[K  Pos_RF_2;         
[3.834s] 
[3.834s]                                [01;31m[K^~[m[K
[3.835s] [01m[K/home/orthrus1-1/orthrus1-1/src/motor/src/motor_carryout.cpp:150:31:[m[K [01;31m[Kerror: [m[Kbase operand of ‘[01m[K->[m[K’ is not a pointer
[3.835s]         motor_RF_s2.K_P  = msg_[01;31m[K->[m[K  K_P_RF_2;        
[3.836s] 
[3.836s]                                [01;31m[K^~[m[K
[3.837s] [01m[K/home/orthrus1-1/orthrus1-1/src/motor/src/motor_carryout.cpp:151:31:[m[K [01;31m[Kerror: [m[Kbase operand of ‘[01m[K->[m[K’ is not a pointer
[3.837s]         motor_RF_s2.K_W  = msg_[01;31m[K->[m[K  K_W_RF_2;     
[3.838s] 
[3.838s]                                [01;31m[K^~[m[K
[3.839s] [01m[K/home/orthrus1-1/orthrus1-1/src/motor/src/motor_carryout.cpp:157:31:[m[K [01;31m[Kerror: [m[Kbase operand of ‘[01m[K->[m[K’ is not a pointer
[3.839s]         motor_RF_s3.mode = msg_[01;31m[K->[m[K mode_RF_3;
[3.840s] 
[3.840s]                                [01;31m[K^~[m[K
[3.841s] [01m[K/home/orthrus1-1/orthrus1-1/src/motor/src/motor_carryout.cpp:158:31:[m[K [01;31m[Kerror: [m[Kbase operand of ‘[01m[K->[m[K’ is not a pointer
[3.841s]         motor_RF_s3.T    = msg_[01;31m[K->[m[K    T_RF_3;             
[3.842s] 
[3.842s]                                [01;31m[K^~[m[K
[3.843s] [01m[K/home/orthrus1-1/orthrus1-1/src/motor/src/motor_carryout.cpp:159:31:[m[K [01;31m[Kerror: [m[Kbase operand of ‘[01m[K->[m[K’ is not a pointer
[3.843s]         motor_RF_s3.W    = msg_[01;31m[K->[m[K    W_RF_3;                
[3.844s] 
[3.844s]                                [01;31m[K^~[m[K
[3.845s] [01m[K/home/orthrus1-1/orthrus1-1/src/motor/src/motor_carryout.cpp:160:31:[m[K [01;31m[Kerror: [m[Kbase operand of ‘[01m[K->[m[K’ is not a pointer
[3.845s]         motor_RF_s3.Pos  = msg_[01;31m[K->[m[K  Pos_RF_3;         
[3.846s] 
[3.846s]                                [01;31m[K^~[m[K
[3.847s] [01m[K/home/orthrus1-1/orthrus1-1/src/motor/src/motor_carryout.cpp:161:31:[m[K [01;31m[Kerror: [m[Kbase operand of ‘[01m[K->[m[K’ is not a pointer
[3.848s]         motor_RF_s3.K_P  = msg_[01;31m[K->[m[K  K_P_RF_3;        
[3.849s] 
[3.849s]                                [01;31m[K^~[m[K
[3.850s] [01m[K/home/orthrus1-1/orthrus1-1/src/motor/src/motor_carryout.cpp:162:31:[m[K [01;31m[Kerror: [m[Kbase operand of ‘[01m[K->[m[K’ is not a pointer
[3.850s]         motor_RF_s3.K_W  = msg_[01;31m[K->[m[K  K_W_RF_3;      
[3.851s] 
[3.851s]                                [01;31m[K^~[m[K
[3.852s] [01m[K/home/orthrus1-1/orthrus1-1/src/motor/src/motor_carryout.cpp:169:28:[m[K [01;31m[Kerror: [m[Kbase operand of ‘[01m[K->[m[K’ is not a pointer
[3.852s]      motor_LB_s1.mode = msg_[01;31m[K->[m[K mode_LB_1;
[3.853s] 
[3.854s]                             [01;31m[K^~[m[K
[3.854s] [01m[K/home/orthrus1-1/orthrus1-1/src/motor/src/motor_carryout.cpp:170:28:[m[K [01;31m[Kerror: [m[Kbase operand of ‘[01m[K->[m[K’ is not a pointer
[3.855s]      motor_LB_s1.T    = msg_[01;31m[K->[m[K    T_LB_1;            
[3.855s] 
[3.856s]                             [01;31m[K^~[m[K
[3.856s] [01m[K/home/orthrus1-1/orthrus1-1/src/motor/src/motor_carryout.cpp:171:28:[m[K [01;31m[Kerror: [m[Kbase operand of ‘[01m[K->[m[K’ is not a pointer
[3.857s]      motor_LB_s1.W    = msg_[01;31m[K->[m[K    W_LB_1;               
[3.857s] 
[3.858s]                             [01;31m[K^~[m[K
[3.858s] [01m[K/home/orthrus1-1/orthrus1-1/src/motor/src/motor_carryout.cpp:172:28:[m[K [01;31m[Kerror: [m[Kbase operand of ‘[01m[K->[m[K’ is not a pointer
[3.859s]      motor_LB_s1.Pos  = msg_[01;31m[K->[m[K  Pos_LB_1;         
[3.859s] 
[3.859s]                             [01;31m[K^~[m[K
[3.860s] [01m[K/home/orthrus1-1/orthrus1-1/src/motor/src/motor_carryout.cpp:173:28:[m[K [01;31m[Kerror: [m[Kbase operand of ‘[01m[K->[m[K’ is not a pointer
[3.860s]      motor_LB_s1.K_P  = msg_[01;31m[K->[m[K  K_P_LB_1;         
[3.861s] 
[3.861s]                             [01;31m[K^~[m[K
[3.862s] [01m[K/home/orthrus1-1/orthrus1-1/src/motor/src/motor_carryout.cpp:174:28:[m[K [01;31m[Kerror: [m[Kbase operand of ‘[01m[K->[m[K’ is not a pointer
[3.862s]      motor_LB_s1.K_W  = msg_[01;31m[K->[m[K  K_W_LB_1;        
[3.863s] 
[3.863s]                             [01;31m[K^~[m[K
[3.864s] [01m[K/home/orthrus1-1/orthrus1-1/src/motor/src/motor_carryout.cpp:180:28:[m[K [01;31m[Kerror: [m[Kbase operand of ‘[01m[K->[m[K’ is not a pointer
[3.864s]      motor_LB_s2.mode = msg_[01;31m[K->[m[K mode_LB_2;
[3.865s] 
[3.865s]                             [01;31m[K^~[m[K
[3.866s] [01m[K/home/orthrus1-1/orthrus1-1/src/motor/src/motor_carryout.cpp:181:28:[m[K [01;31m[Kerror: [m[Kbase operand of ‘[01m[K->[m[K’ is not a pointer
[3.866s]      motor_LB_s2.T    = msg_[01;31m[K->[m[K    T_LB_2;             
[3.867s] 
[3.867s]                             [01;31m[K^~[m[K
[3.868s] [01m[K/home/orthrus1-1/orthrus1-1/src/motor/src/motor_carryout.cpp:182:28:[m[K [01;31m[Kerror: [m[Kbase operand of ‘[01m[K->[m[K’ is not a pointer
[3.869s]      motor_LB_s2.W    = msg_[01;31m[K->[m[K    W_LB_2;              
[3.869s] 
[3.870s]                             [01;31m[K^~[m[K
[3.870s] [01m[K/home/orthrus1-1/orthrus1-1/src/motor/src/motor_carryout.cpp:183:28:[m[K [01;31m[Kerror: [m[Kbase operand of ‘[01m[K->[m[K’ is not a pointer
[3.871s]      motor_LB_s2.Pos  = msg_[01;31m[K->[m[K  Pos_LB_2;     
[3.871s] 
[3.872s]                             [01;31m[K^~[m[K
[3.872s] [01m[K/home/orthrus1-1/orthrus1-1/src/motor/src/motor_carryout.cpp:184:28:[m[K [01;31m[Kerror: [m[Kbase operand of ‘[01m[K->[m[K’ is not a pointer
[3.873s]      motor_LB_s2.K_P  = msg_[01;31m[K->[m[K  K_P_LB_2;       
[3.873s] 
[3.874s]                             [01;31m[K^~[m[K
[3.874s] [01m[K/home/orthrus1-1/orthrus1-1/src/motor/src/motor_carryout.cpp:185:28:[m[K [01;31m[Kerror: [m[Kbase operand of ‘[01m[K->[m[K’ is not a pointer
[3.875s]      motor_LB_s2.K_W  = msg_[01;31m[K->[m[K  K_W_LB_2;       
[3.875s] 
[3.876s]                             [01;31m[K^~[m[K
[3.876s] [01m[K/home/orthrus1-1/orthrus1-1/src/motor/src/motor_carryout.cpp:191:28:[m[K [01;31m[Kerror: [m[Kbase operand of ‘[01m[K->[m[K’ is not a pointer
[3.877s]      motor_LB_s3.mode = msg_[01;31m[K->[m[K mode_LB_3;
[3.877s] 
[3.878s]                             [01;31m[K^~[m[K
[3.878s] [01m[K/home/orthrus1-1/orthrus1-1/src/motor/src/motor_carryout.cpp:192:28:[m[K [01;31m[Kerror: [m[Kbase operand of ‘[01m[K->[m[K’ is not a pointer
[3.879s]      motor_LB_s3.T    = msg_[01;31m[K->[m[K    T_LB_3;             //单位：Nm, T<255.9
[3.879s] 
[3.880s]                             [01;31m[K^~[m[K
[3.881s] [01m[K/home/orthrus1-1/orthrus1-1/src/motor/src/motor_carryout.cpp:193:28:[m[K [01;31m[Kerror: [m[Kbase operand of ‘[01m[K->[m[K’ is not a pointer
[3.881s]      motor_LB_s3.W    = msg_[01;31m[K->[m[K    W_LB_3;                //单位：rad/s, W<511.9
[3.882s] 
[3.882s]                             [01;31m[K^~[m[K
[3.883s] [01m[K/home/orthrus1-1/orthrus1-1/src/motor/src/motor_carryout.cpp:194:28:[m[K [01;31m[Kerror: [m[Kbase operand of ‘[01m[K->[m[K’ is not a pointer
[3.883s]      motor_LB_s3.Pos  = msg_[01;31m[K->[m[K  Pos_LB_3;         //单位：rad, Pos<131071.9
[3.884s] 
[3.884s]                             [01;31m[K^~[m[K
[3.885s] [01m[K/home/orthrus1-1/orthrus1-1/src/motor/src/motor_carryout.cpp:195:28:[m[K [01;31m[Kerror: [m[Kbase operand of ‘[01m[K->[m[K’ is not a pointer
[3.885s]      motor_LB_s3.K_P  = msg_[01;31m[K->[m[K  K_P_LB_3;         //K_P<31.9
[3.886s] 
[3.886s]                             [01;31m[K^~[m[K
[3.887s] [01m[K/home/orthrus1-1/orthrus1-1/src/motor/src/motor_carryout.cpp:196:28:[m[K [01;31m[Kerror: [m[Kbase operand of ‘[01m[K->[m[K’ is not a pointer
[3.887s]      motor_LB_s3.K_W  = msg_[01;31m[K->[m[K  K_W_LB_3;        //K_W<63.9
[3.888s] 
[3.888s]                             [01;31m[K^~[m[K
[3.889s] [01m[K/home/orthrus1-1/orthrus1-1/src/motor/src/motor_carryout.cpp:202:32:[m[K [01;31m[Kerror: [m[Kbase operand of ‘[01m[K->[m[K’ is not a pointer
[3.890s]          motor_RB_s1.mode = msg_[01;31m[K->[m[K mode_RB_1;
[3.890s] 
[3.891s]                                 [01;31m[K^~[m[K
[3.891s] [01m[K/home/orthrus1-1/orthrus1-1/src/motor/src/motor_carryout.cpp:203:32:[m[K [01;31m[Kerror: [m[Kbase operand of ‘[01m[K->[m[K’ is not a pointer
[3.892s]          motor_RB_s1.T    = msg_[01;31m[K->[m[K    T_RB_1;            
[3.892s] 
[3.893s]                                 [01;31m[K^~[m[K
[3.893s] [01m[K/home/orthrus1-1/orthrus1-1/src/motor/src/motor_carryout.cpp:204:32:[m[K [01;31m[Kerror: [m[Kbase operand of ‘[01m[K->[m[K’ is not a pointer
[3.894s]          motor_RB_s1.W    = msg_[01;31m[K->[m[K    W_RB_1;               
[3.894s] 
[3.895s]                                 [01;31m[K^~[m[K
[3.895s] [01m[K/home/orthrus1-1/orthrus1-1/src/motor/src/motor_carryout.cpp:205:32:[m[K [01;31m[Kerror: [m[Kbase operand of ‘[01m[K->[m[K’ is not a pointer
[3.896s]          motor_RB_s1.Pos  = msg_[01;31m[K->[m[K  Pos_RB_1;         
[3.896s] 
[3.897s]                                 [01;31m[K^~[m[K
[3.897s] [01m[K/home/orthrus1-1/orthrus1-1/src/motor/src/motor_carryout.cpp:206:32:[m[K [01;31m[Kerror: [m[Kbase operand of ‘[01m[K->[m[K’ is not a pointer
[3.898s]          motor_RB_s1.K_P  = msg_[01;31m[K->[m[K  K_P_RB_1;         
[3.898s] 
[3.899s]                                 [01;31m[K^~[m[K
[3.899s] [01m[K/home/orthrus1-1/orthrus1-1/src/motor/src/motor_carryout.cpp:207:32:[m[K [01;31m[Kerror: [m[Kbase operand of ‘[01m[K->[m[K’ is not a pointer
[3.900s]          motor_RB_s1.K_W  = msg_[01;31m[K->[m[K  K_W_RB_1; 
[3.900s] 
[3.901s]                                 [01;31m[K^~[m[K
[3.901s] [01m[K/home/orthrus1-1/orthrus1-1/src/motor/src/motor_carryout.cpp:213:32:[m[K [01;31m[Kerror: [m[Kbase operand of ‘[01m[K->[m[K’ is not a pointer
[3.902s]          motor_RB_s2.mode = msg_[01;31m[K->[m[K mode_RB_2;
[3.902s] 
[3.903s]                                 [01;31m[K^~[m[K
[3.903s] [01m[K/home/orthrus1-1/orthrus1-1/src/motor/src/motor_carryout.cpp:214:32:[m[K [01;31m[Kerror: [m[Kbase operand of ‘[01m[K->[m[K’ is not a pointer
[3.904s]          motor_RB_s2.T    = msg_[01;31m[K->[m[K    T_RB_2;            
[3.904s] 
[3.905s]                                 [01;31m[K^~[m[K
[3.905s] [01m[K/home/orthrus1-1/orthrus1-1/src/motor/src/motor_carryout.cpp:215:32:[m[K [01;31m[Kerror: [m[Kbase operand of ‘[01m[K->[m[K’ is not a pointer
[3.906s]          motor_RB_s2.W    = msg_[01;31m[K->[m[K    W_RB_2;               
[3.906s] 
[3.907s]                                 [01;31m[K^~[m[K
[3.907s] [01m[K/home/orthrus1-1/orthrus1-1/src/motor/src/motor_carryout.cpp:216:32:[m[K [01;31m[Kerror: [m[Kbase operand of ‘[01m[K->[m[K’ is not a pointer
[3.908s]          motor_RB_s2.Pos  = msg_[01;31m[K->[m[K  Pos_RB_2;         
[3.908s] 
[3.909s]                                 [01;31m[K^~[m[K
[3.909s] [01m[K/home/orthrus1-1/orthrus1-1/src/motor/src/motor_carryout.cpp:217:32:[m[K [01;31m[Kerror: [m[Kbase operand of ‘[01m[K->[m[K’ is not a pointer
[3.910s]          motor_RB_s2.K_P  = msg_[01;31m[K->[m[K  K_P_RB_2;         
[3.910s] 
[3.911s]                                 [01;31m[K^~[m[K
[3.912s] [01m[K/home/orthrus1-1/orthrus1-1/src/motor/src/motor_carryout.cpp:218:32:[m[K [01;31m[Kerror: [m[Kbase operand of ‘[01m[K->[m[K’ is not a pointer
[3.912s]          motor_RB_s2.K_W  = msg_[01;31m[K->[m[K  K_W_RB_2; 
[3.913s] 
[3.914s]                                 [01;31m[K^~[m[K
[3.914s] [01m[K/home/orthrus1-1/orthrus1-1/src/motor/src/motor_carryout.cpp:224:32:[m[K [01;31m[Kerror: [m[Kbase operand of ‘[01m[K->[m[K’ is not a pointer
[3.915s]          motor_RB_s3.mode = msg_[01;31m[K->[m[K mode_RB_3;
[3.915s] 
[3.916s]                                 [01;31m[K^~[m[K
[3.916s] [01m[K/home/orthrus1-1/orthrus1-1/src/motor/src/motor_carryout.cpp:225:32:[m[K [01;31m[Kerror: [m[Kbase operand of ‘[01m[K->[m[K’ is not a pointer
[3.917s]          motor_RB_s3.T    = msg_[01;31m[K->[m[K    T_RB_3;            
[3.917s] 
[3.918s]                                 [01;31m[K^~[m[K
[3.918s] [01m[K/home/orthrus1-1/orthrus1-1/src/motor/src/motor_carryout.cpp:226:32:[m[K [01;31m[Kerror: [m[Kbase operand of ‘[01m[K->[m[K’ is not a pointer
[3.919s]          motor_RB_s3.W    = msg_[01;31m[K->[m[K    W_RB_3;               
[3.920s] 
[3.920s]                                 [01;31m[K^~[m[K
[3.921s] [01m[K/home/orthrus1-1/orthrus1-1/src/motor/src/motor_carryout.cpp:227:32:[m[K [01;31m[Kerror: [m[Kbase operand of ‘[01m[K->[m[K’ is not a pointer
[3.921s]          motor_RB_s3.Pos  = msg_[01;31m[K->[m[K  Pos_RB_3;         
[3.922s] 
[3.922s]                                 [01;31m[K^~[m[K
[3.923s] [01m[K/home/orthrus1-1/orthrus1-1/src/motor/src/motor_carryout.cpp:228:32:[m[K [01;31m[Kerror: [m[Kbase operand of ‘[01m[K->[m[K’ is not a pointer
[3.923s]          motor_RB_s3.K_P  = msg_[01;31m[K->[m[K  K_P_RB_3;         
[3.924s] 
[3.924s]                                 [01;31m[K^~[m[K
[3.925s] [01m[K/home/orthrus1-1/orthrus1-1/src/motor/src/motor_carryout.cpp:229:32:[m[K [01;31m[Kerror: [m[Kbase operand of ‘[01m[K->[m[K’ is not a pointer
[3.925s]          motor_RB_s3.K_W  = msg_[01;31m[K->[m[K  K_W_RB_3; 
[3.926s] 
[3.926s]                                 [01;31m[K^~[m[K
[3.927s] [01m[K/home/orthrus1-1/orthrus1-1/src/motor/src/motor_carryout.cpp:[m[K In member function ‘[01m[Kvoid motor_carryout::topic_callback(message::msg::Motorcarryout_<std::allocator<void> >::SharedPtr) const[m[K’:
[3.927s] [01m[K/home/orthrus1-1/orthrus1-1/src/motor/src/motor_carryout.cpp:249:18:[m[K [01;31m[Kerror: [m[Kinvalid conversion from ‘[01m[Kconst SharedPtr* {aka const std::shared_ptr<message::msg::Motorcarryout_<std::allocator<void> > >*}[m[K’ to ‘[01m[Kint[m[K’ [[01;31m[K-fpermissive[m[K]
[3.928s]        setup_data([01;31m[K&msg[m[K);
[3.928s] 
[3.929s]                   [01;31m[K^~~~[m[K
[3.929s] [01m[K/home/orthrus1-1/orthrus1-1/src/motor/src/motor_carryout.cpp:94:6:[m[K [01;36m[Knote: [m[K  initializing argument 1 of ‘[01m[Kvoid setup_data(int&)[m[K’
[3.930s]  void [01;36m[Ksetup_data[m[K(class message::msg::Motorcarryout::SharedPtr &msg_)
[3.930s] 
[3.931s]       [01;36m[K^~~~~~~~~~[m[K
[3.931s] [01m[K/home/orthrus1-1/orthrus1-1/src/motor/src/motor_carryout.cpp:249:18:[m[K [01;31m[Kerror: [m[Kcannot bind rvalue ‘[01m[K(int)(& msg)[m[K’ to ‘[01m[Kint&[m[K’
[3.932s]        setup_data([01;31m[K&msg[m[K);
[3.932s] 
[3.933s]                   [01;31m[K^~~~[m[K
[6.276s] CMakeFiles/motor_carryout.dir/build.make:62: recipe for target 'CMakeFiles/motor_carryout.dir/src/motor_carryout.cpp.o' failed
[6.277s] make[2]: *** [CMakeFiles/motor_carryout.dir/src/motor_carryout.cpp.o] Error 1
[6.278s] make[1]: *** [CMakeFiles/motor_carryout.dir/all] Error 2
[6.278s] CMakeFiles/Makefile2:136: recipe for target 'CMakeFiles/motor_carryout.dir/all' failed
[6.279s] Makefile:140: recipe for target 'all' failed
[6.280s] make: *** [all] Error 2
[6.284s] Invoked command in '/home/orthrus1-1/orthrus1-1/build/motor' returned '2': AMENT_PREFIX_PATH=/home/orthrus1-1/orthrus1-1/install/message:${AMENT_PREFIX_PATH} CMAKE_PREFIX_PATH=/home/orthrus1-1/orthrus1-1/install/message:/opt/ros/dashing LD_LIBRARY_PATH=/home/orthrus1-1/orthrus1-1/install/message/lib:${LD_LIBRARY_PATH} PYTHONPATH=/home/orthrus1-1/orthrus1-1/install/message/lib/python3.6/site-packages:${PYTHONPATH} /usr/bin/cmake --build /home/orthrus1-1/orthrus1-1/build/motor -- -j4 -l4
