[0.047s] Invoking command in '/home/orthrus1-1/orthrus1-1/build/motor': AMENT_PREFIX_PATH=/home/orthrus1-1/orthrus1-1/install/message:${AMENT_PREFIX_PATH} CMAKE_PREFIX_PATH=/home/orthrus1-1/orthrus1-1/install/message:/opt/ros/dashing LD_LIBRARY_PATH=/home/orthrus1-1/orthrus1-1/install/message/lib:${LD_LIBRARY_PATH} PYTHONPATH=/home/orthrus1-1/orthrus1-1/install/message/lib/python3.6/site-packages:${PYTHONPATH} /usr/bin/cmake --build /home/orthrus1-1/orthrus1-1/build/motor -- -j4 -l4
[0.136s] -- Found ament_cmake: 0.7.6 (/opt/ros/dashing/share/ament_cmake/cmake)
[0.243s] -- Using PYTHON_EXECUTABLE: /usr/bin/python3
[1.164s] -- Found rclcpp: 0.7.15 (/opt/ros/dashing/share/rclcpp/cmake)
[1.211s] -- Found rosidl_adapter: 0.7.10 (/opt/ros/dashing/share/rosidl_adapter/cmake)
[1.332s] -- Found rmw_implementation_cmake: 0.7.2 (/opt/ros/dashing/share/rmw_implementation_cmake/cmake)
[1.337s] -- Using RMW implementation 'rmw_fastrtps_cpp' as default
[1.429s] -- Found std_msgs: 0.7.0 (/opt/ros/dashing/share/std_msgs/cmake)
[1.449s] -- Found message: 0.0.0 (/home/orthrus1-1/orthrus1-1/install/message/share/message/cmake)
[1.563s] -- Found ament_lint_auto: 0.7.12 (/opt/ros/dashing/share/ament_lint_auto/cmake)
[2.390s] -- Added test 'copyright' to check for copyright in CMake / C / C++ / Python code
[2.395s] -- Added test 'cppcheck' to perform static code analysis on C / C++ code
[2.396s] -- Configured cppcheck include dirs: /home/orthrus1-1/orthrus1-1/src/motor/include/unitree_motor_ctrl
[2.400s] -- Added test 'cpplint' to check C / C++ code against the Google style
[2.403s] -- Added test 'lint_cmake' to check CMake code style
[2.408s] -- Added test 'uncrustify' to check C / C++ code style
[2.409s] -- Added test 'xmllint' to check XML markup files
[2.420s] -- Configuring done
[2.467s] -- Generating done
[2.473s] -- Build files have been written to: /home/orthrus1-1/orthrus1-1/build/motor
[2.622s] [100%] Built target check
[2.663s] Invoked command in '/home/orthrus1-1/orthrus1-1/build/motor' returned '0': AMENT_PREFIX_PATH=/home/orthrus1-1/orthrus1-1/install/message:${AMENT_PREFIX_PATH} CMAKE_PREFIX_PATH=/home/orthrus1-1/orthrus1-1/install/message:/opt/ros/dashing LD_LIBRARY_PATH=/home/orthrus1-1/orthrus1-1/install/message/lib:${LD_LIBRARY_PATH} PYTHONPATH=/home/orthrus1-1/orthrus1-1/install/message/lib/python3.6/site-packages:${PYTHONPATH} /usr/bin/cmake --build /home/orthrus1-1/orthrus1-1/build/motor -- -j4 -l4
[2.749s] Invoking command in '/home/orthrus1-1/orthrus1-1/build/motor': AMENT_PREFIX_PATH=/home/orthrus1-1/orthrus1-1/install/message:${AMENT_PREFIX_PATH} CMAKE_PREFIX_PATH=/home/orthrus1-1/orthrus1-1/install/message:/opt/ros/dashing LD_LIBRARY_PATH=/home/orthrus1-1/orthrus1-1/install/message/lib:${LD_LIBRARY_PATH} PYTHONPATH=/home/orthrus1-1/orthrus1-1/install/message/lib/python3.6/site-packages:${PYTHONPATH} /usr/bin/cmake --build /home/orthrus1-1/orthrus1-1/build/motor --target install -- -j4 -l4
[2.958s] [100%] Built target check
[3.029s] [36mInstall the project...[0m
[3.062s] -- Install configuration: ""
[3.063s] -- Up-to-date: /home/orthrus1-1/orthrus1-1/install/motor/include
[3.064s] -- Up-to-date: /home/orthrus1-1/orthrus1-1/install/motor/include/unitree_motor_ctrl
[3.064s] -- Up-to-date: /home/orthrus1-1/orthrus1-1/install/motor/include/unitree_motor_ctrl/motor_ctrl.h
[3.065s] -- Up-to-date: /home/orthrus1-1/orthrus1-1/install/motor/include/unitree_motor_ctrl/motor_msg.h
[3.065s] -- Up-to-date: /home/orthrus1-1/orthrus1-1/install/motor/include/unitree_motor_ctrl/LSerial.h
[3.066s] -- Up-to-date: /home/orthrus1-1/orthrus1-1/install/motor/include/motor
[3.066s] -- Up-to-date: /home/orthrus1-1/orthrus1-1/install/motor/lib
[3.067s] -- Up-to-date: /home/orthrus1-1/orthrus1-1/install/motor/lib/libUnitree_motor_SDK_ARM64.so
[3.068s] -- Up-to-date: /home/orthrus1-1/orthrus1-1/install/motor/lib/motor/check
[3.068s] -- Installing: /home/orthrus1-1/orthrus1-1/install/motor/share/ament_index/resource_index/package_run_dependencies/motor
[3.069s] -- Installing: /home/orthrus1-1/orthrus1-1/install/motor/share/ament_index/resource_index/parent_prefix_path/motor
[3.069s] -- Up-to-date: /home/orthrus1-1/orthrus1-1/install/motor/share/motor/environment/ament_prefix_path.sh
[3.070s] -- Up-to-date: /home/orthrus1-1/orthrus1-1/install/motor/share/motor/environment/path.sh
[3.071s] -- Up-to-date: /home/orthrus1-1/orthrus1-1/install/motor/share/motor/local_setup.bash
[3.071s] -- Up-to-date: /home/orthrus1-1/orthrus1-1/install/motor/share/motor/local_setup.sh
[3.072s] -- Up-to-date: /home/orthrus1-1/orthrus1-1/install/motor/share/motor/local_setup.zsh
[3.072s] -- Up-to-date: /home/orthrus1-1/orthrus1-1/install/motor/share/ament_index/resource_index/packages/motor
[3.073s] -- Up-to-date: /home/orthrus1-1/orthrus1-1/install/motor/share/motor/cmake/motorConfig.cmake
[3.073s] -- Up-to-date: /home/orthrus1-1/orthrus1-1/install/motor/share/motor/cmake/motorConfig-version.cmake
[3.074s] -- Installing: /home/orthrus1-1/orthrus1-1/install/motor/share/motor/package.xml
[3.084s] Invoked command in '/home/orthrus1-1/orthrus1-1/build/motor' returned '0': AMENT_PREFIX_PATH=/home/orthrus1-1/orthrus1-1/install/message:${AMENT_PREFIX_PATH} CMAKE_PREFIX_PATH=/home/orthrus1-1/orthrus1-1/install/message:/opt/ros/dashing LD_LIBRARY_PATH=/home/orthrus1-1/orthrus1-1/install/message/lib:${LD_LIBRARY_PATH} PYTHONPATH=/home/orthrus1-1/orthrus1-1/install/message/lib/python3.6/site-packages:${PYTHONPATH} /usr/bin/cmake --build /home/orthrus1-1/orthrus1-1/build/motor --target install -- -j4 -l4
