[0.031s] Invoking command in '/home/orthrus1-1/orthrus1-1/build/motor': AMENT_PREFIX_PATH=/home/orthrus1-1/orthrus1-1/install/message:${AMENT_PREFIX_PATH} CMAKE_PREFIX_PATH=/home/orthrus1-1/orthrus1-1/install/message:/opt/ros/dashing LD_LIBRARY_PATH=/home/orthrus1-1/orthrus1-1/install/message/lib:${LD_LIBRARY_PATH} PYTHONPATH=/home/orthrus1-1/orthrus1-1/install/message/lib/python3.6/site-packages:${PYTHONPATH} /usr/bin/cmake --build /home/orthrus1-1/orthrus1-1/build/motor -- -j4 -l4
[0.192s] [35m[1mScanning dependencies of target motor_carryout[0m
[0.244s] [ 50%] Built target check
[0.289s] [ 75%] [32mBuilding CXX object CMakeFiles/motor_carryout.dir/src/motor_carryout.cpp.o[0m
[0.562s] [01m[K/home/orthrus1-1/orthrus1-1/src/motor/src/motor_carryout.cpp:61:8:[m[K [01;35m[Kwarning: [m[K"/*" within comment [[01;35m[K-Wcomment[m[K]
[0.563s]        //* auto message = std_msgs::msg::String();
[0.563s] 
[0.564s]          
[0.564s] [01m[K/home/orthrus1-1/orthrus1-1/src/motor/src/motor_carryout.cpp:62:8:[m[K [01;35m[Kwarning: [m[K"/*" within comment [[01;35m[K-Wcomment[m[K]
[0.565s]        //* message.data = "Hello, world! " + std::to_string(count_++);
[0.565s] 
[0.566s]          
[0.566s] [01m[K/home/orthrus1-1/orthrus1-1/src/motor/src/motor_carryout.cpp:63:8:[m[K [01;35m[Kwarning: [m[K"/*" within comment [[01;35m[K-Wcomment[m[K]
[0.567s]        //* RCLCPP_INFO(this->get_logger(), "Publishing: '%s'", message.data.c_str());
[0.567s] 
[0.568s]          
[0.568s] [01m[K/home/orthrus1-1/orthrus1-1/src/motor/src/motor_carryout.cpp:64:8:[m[K [01;35m[Kwarning: [m[K"/*" within comment [[01;35m[K-Wcomment[m[K]
[0.569s]        //* publisher_->publish(message);
[0.569s] 
[0.570s]          
[3.804s] [01m[K/home/orthrus1-1/orthrus1-1/src/motor/src/motor_carryout.cpp:38:26:[m[K [01;31m[Kerror: [m[K‘[01m[Kstd_msgs[m[K’ was not declared in this scope
[3.804s]      rclcpp::Subscription<[01;31m[Kstd_msgs[m[K::msg::Motor_carryout>::SharedPtr subscription_;};
[3.805s] 
[3.806s]                           [01;31m[K^~~~~~~~[m[K
[3.810s] [01m[K/home/orthrus1-1/orthrus1-1/src/motor/src/motor_carryout.cpp:38:55:[m[K [01;31m[Kerror: [m[Ktemplate argument 1 is invalid
[3.810s]      rclcpp::Subscription<std_msgs::msg::Motor_carryout[01;31m[K>[m[K::SharedPtr subscription_;};
[3.811s] 
[3.811s]                                                        [01;31m[K^[m[K
[3.812s] [01m[K/home/orthrus1-1/orthrus1-1/src/motor/src/motor_carryout.cpp:38:58:[m[K [01;31m[Kerror: [m[Kexpected ‘[01m[K;[m[K’ at end of member declaration
[3.813s]      rclcpp::Subscription<std_msgs::msg::Motor_carryout>::[01;31m[KSharedPtr[m[K subscription_;};
[3.813s] 
[3.814s]                                                           [01;31m[K^~~~~~~~~[m[K
[3.818s] [01m[K/home/orthrus1-1/orthrus1-1/src/motor/src/motor_carryout.cpp:38:68:[m[K [01;31m[Kerror: [m[K‘[01m[Ksubscription_[m[K’ does not name a type; did you mean ‘[01m[Krcl_subscription_t[m[K’?
[3.819s]      rclcpp::Subscription<std_msgs::msg::Motor_carryout>::SharedPtr [01;31m[Ksubscription_[m[K;};
[3.820s] 
[3.820s]                                                                     [01;31m[K^~~~~~~~~~~~~[m[K
[3.821s]                                                                     [32m[Krcl_subscription_t[m[K
[3.821s] [01m[K/home/orthrus1-1/orthrus1-1/src/motor/src/motor_carryout.cpp:[m[K In constructor ‘[01m[Kmotor_carryout::motor_carryout()[m[K’:
[3.822s] [01m[K/home/orthrus1-1/orthrus1-1/src/motor/src/motor_carryout.cpp:26:7:[m[K [01;31m[Kerror: [m[K‘[01m[Ksubscription_[m[K’ was not declared in this scope
[3.822s]        [01;31m[Ksubscription_[m[K = this->create_subscription<message::msg::Motorcarryout>(
[3.823s] 
[3.824s]        [01;31m[K^~~~~~~~~~~~~[m[K
[3.828s] [01m[K/home/orthrus1-1/orthrus1-1/src/motor/src/motor_carryout.cpp:26:7:[m[K [01;36m[Knote: [m[Ksuggested alternative: ‘[01m[Krcl_subscription_t[m[K’
[3.829s]        [01;36m[Ksubscription_[m[K = this->create_subscription<message::msg::Motorcarryout>(
[3.830s] 
[3.831s]        [01;36m[K^~~~~~~~~~~~~[m[K
[3.831s]        [32m[Krcl_subscription_t[m[K
[3.832s] [01m[K/home/orthrus1-1/orthrus1-1/src/motor/src/motor_carryout.cpp:27:77:[m[K [01;31m[Kerror: [m[K‘[01m[K_1[m[K’ was not declared in this scope
[3.832s]        "motor_carryout", 2, std::bind(&motor_carryout::topic_callback, this, [01;31m[K_1[m[K));
[3.833s] 
[3.833s]                                                                              [01;31m[K^~[m[K
[3.834s] [01m[K/home/orthrus1-1/orthrus1-1/src/motor/src/motor_carryout.cpp:27:77:[m[K [01;36m[Knote: [m[Ksuggested alternative:
[3.834s] In file included from [01m[K/home/orthrus1-1/orthrus1-1/src/motor/src/motor_carryout.cpp:12:0[m[K:
[3.835s] [01m[K/usr/include/c++/7/functional:275:34:[m[K [01;36m[Knote: [m[K  ‘[01m[Kstd::placeholders::_1[m[K’
[3.835s]      extern const _Placeholder<1> [01;36m[K_1[m[K;
[3.836s]                                   [01;36m[K^~[m[K
[4.445s] CMakeFiles/motor_carryout.dir/build.make:62: recipe for target 'CMakeFiles/motor_carryout.dir/src/motor_carryout.cpp.o' failed
[4.445s] make[2]: *** [CMakeFiles/motor_carryout.dir/src/motor_carryout.cpp.o] Error 1
[4.446s] CMakeFiles/Makefile2:136: recipe for target 'CMakeFiles/motor_carryout.dir/all' failed
[4.447s] make[1]: *** [CMakeFiles/motor_carryout.dir/all] Error 2
[4.447s] Makefile:140: recipe for target 'all' failed
[4.448s] make: *** [all] Error 2
[4.452s] Invoked command in '/home/orthrus1-1/orthrus1-1/build/motor' returned '2': AMENT_PREFIX_PATH=/home/orthrus1-1/orthrus1-1/install/message:${AMENT_PREFIX_PATH} CMAKE_PREFIX_PATH=/home/orthrus1-1/orthrus1-1/install/message:/opt/ros/dashing LD_LIBRARY_PATH=/home/orthrus1-1/orthrus1-1/install/message/lib:${LD_LIBRARY_PATH} PYTHONPATH=/home/orthrus1-1/orthrus1-1/install/message/lib/python3.6/site-packages:${PYTHONPATH} /usr/bin/cmake --build /home/orthrus1-1/orthrus1-1/build/motor -- -j4 -l4
