[35m[1mScanning dependencies of target motor_carryout[0m
[ 50%] Built target check
[ 75%] [32mBuilding CXX object CMakeFiles/motor_carryout.dir/src/motor_carryout.cpp.o[0m
[01m[K/home/orthrus1-1/orthrus1-1/src/motor/src/motor_carryout.cpp:61:8:[m[K [01;35m[Kwarning: [m[K"/*" within comment [[01;35m[K-Wcomment[m[K]
       //* auto message = std_msgs::msg::String();

         
[01m[K/home/orthrus1-1/orthrus1-1/src/motor/src/motor_carryout.cpp:62:8:[m[K [01;35m[Kwarning: [m[K"/*" within comment [[01;35m[K-Wcomment[m[K]
       //* message.data = "Hello, world! " + std::to_string(count_++);

         
[01m[K/home/orthrus1-1/orthrus1-1/src/motor/src/motor_carryout.cpp:63:8:[m[K [01;35m[Kwarning: [m[K"/*" within comment [[01;35m[K-Wcomment[m[K]
       //* RCLCPP_INFO(this->get_logger(), "Publishing: '%s'", message.data.c_str());

         
[01m[K/home/orthrus1-1/orthrus1-1/src/motor/src/motor_carryout.cpp:64:8:[m[K [01;35m[Kwarning: [m[K"/*" within comment [[01;35m[K-Wcomment[m[K]
       //* publisher_->publish(message);

         
[01m[K/home/orthrus1-1/orthrus1-1/src/motor/src/motor_carryout.cpp:38:26:[m[K [01;31m[Kerror: [m[K‘[01m[Kstd_msgs[m[K’ was not declared in this scope
     rclcpp::Subscription<[01;31m[Kstd_msgs[m[K::msg::Motor_carryout>::SharedPtr subscription_;};

                          [01;31m[K^~~~~~~~[m[K
[01m[K/home/orthrus1-1/orthrus1-1/src/motor/src/motor_carryout.cpp:38:55:[m[K [01;31m[Kerror: [m[Ktemplate argument 1 is invalid
     rclcpp::Subscription<std_msgs::msg::Motor_carryout[01;31m[K>[m[K::SharedPtr subscription_;};

                                                       [01;31m[K^[m[K
[01m[K/home/orthrus1-1/orthrus1-1/src/motor/src/motor_carryout.cpp:38:58:[m[K [01;31m[Kerror: [m[Kexpected ‘[01m[K;[m[K’ at end of member declaration
     rclcpp::Subscription<std_msgs::msg::Motor_carryout>::[01;31m[KSharedPtr[m[K subscription_;};

                                                          [01;31m[K^~~~~~~~~[m[K
[01m[K/home/orthrus1-1/orthrus1-1/src/motor/src/motor_carryout.cpp:38:68:[m[K [01;31m[Kerror: [m[K‘[01m[Ksubscription_[m[K’ does not name a type; did you mean ‘[01m[Krcl_subscription_t[m[K’?
     rclcpp::Subscription<std_msgs::msg::Motor_carryout>::SharedPtr [01;31m[Ksubscription_[m[K;};

                                                                    [01;31m[K^~~~~~~~~~~~~[m[K
                                                                    [32m[Krcl_subscription_t[m[K
[01m[K/home/orthrus1-1/orthrus1-1/src/motor/src/motor_carryout.cpp:[m[K In constructor ‘[01m[Kmotor_carryout::motor_carryout()[m[K’:
[01m[K/home/orthrus1-1/orthrus1-1/src/motor/src/motor_carryout.cpp:26:7:[m[K [01;31m[Kerror: [m[K‘[01m[Ksubscription_[m[K’ was not declared in this scope
       [01;31m[Ksubscription_[m[K = this->create_subscription<message::msg::Motorcarryout>(

       [01;31m[K^~~~~~~~~~~~~[m[K
[01m[K/home/orthrus1-1/orthrus1-1/src/motor/src/motor_carryout.cpp:26:7:[m[K [01;36m[Knote: [m[Ksuggested alternative: ‘[01m[Krcl_subscription_t[m[K’
       [01;36m[Ksubscription_[m[K = this->create_subscription<message::msg::Motorcarryout>(

       [01;36m[K^~~~~~~~~~~~~[m[K
       [32m[Krcl_subscription_t[m[K
[01m[K/home/orthrus1-1/orthrus1-1/src/motor/src/motor_carryout.cpp:27:77:[m[K [01;31m[Kerror: [m[K‘[01m[K_1[m[K’ was not declared in this scope
       "motor_carryout", 2, std::bind(&motor_carryout::topic_callback, this, [01;31m[K_1[m[K));

                                                                             [01;31m[K^~[m[K
[01m[K/home/orthrus1-1/orthrus1-1/src/motor/src/motor_carryout.cpp:27:77:[m[K [01;36m[Knote: [m[Ksuggested alternative:
In file included from [01m[K/home/orthrus1-1/orthrus1-1/src/motor/src/motor_carryout.cpp:12:0[m[K:
[01m[K/usr/include/c++/7/functional:275:34:[m[K [01;36m[Knote: [m[K  ‘[01m[Kstd::placeholders::_1[m[K’
     extern const _Placeholder<1> [01;36m[K_1[m[K;
                                  [01;36m[K^~[m[K
In file included from [01m[K/opt/ros/dashing/include/rclcpp/client.hpp:39:0[m[K,
                 from [01m[K/opt/ros/dashing/include/rclcpp/callback_group.hpp:23[m[K,
                 from [01m[K/opt/ros/dashing/include/rclcpp/any_executable.hpp:20[m[K,
                 from [01m[K/opt/ros/dashing/include/rclcpp/memory_strategy.hpp:24[m[K,
                 from [01m[K/opt/ros/dashing/include/rclcpp/memory_strategies.hpp:18[m[K,
                 from [01m[K/opt/ros/dashing/include/rclcpp/executor.hpp:33[m[K,
                 from [01m[K/opt/ros/dashing/include/rclcpp/executors/multi_threaded_executor.hpp:24[m[K,
                 from [01m[K/opt/ros/dashing/include/rclcpp/executors.hpp:21[m[K,
                 from [01m[K/opt/ros/dashing/include/rclcpp/rclcpp.hpp:144[m[K,
                 from [01m[K/home/orthrus1-1/orthrus1-1/src/motor/src/motor_carryout.cpp:15[m[K:
[01m[K/home/orthrus1-1/orthrus1-1/src/motor/src/motor_carryout.cpp:[m[K In member function ‘[01m[Kvoid motor_carryout::topic_callback(message::msg::Motorcarryout_<std::allocator<void> >::SharedPtr) const[m[K’:
[01m[K/home/orthrus1-1/orthrus1-1/src/motor/src/motor_carryout.cpp:36:63:[m[K [01;31m[Kerror: [m[Krequest for member ‘[01m[Kc_str[m[K’ in ‘[01m[K((const std::__shared_ptr_access<message::msg::Motorcarryout_<std::allocator<void> >, (__gnu_cxx::_Lock_policy)2, false, false>*)(& msg))->std::__shared_ptr_access<message::msg::Motorcarryout_<std::allocator<void> >, (__gnu_cxx::_Lock_policy)2, false, false>::operator->()->message::msg::Motorcarryout_<std::allocator<void> >::mode[m[K’, which is of non-class type ‘[01m[Kmessage::msg::Motorcarryout_<std::allocator<void> >::_mode_type {aka int}[m[K’
       RCLCPP_INFO(this->get_logger(), "mode: '%d'", msg->mode.[01;31m[Kc[m[K_str());

                                                               [01;31m[K^[m[K
[01m[K/opt/ros/dashing/include/rcutils/logging_macros.h:72:64:[m[K [01;36m[Knote: [m[Kin definition of macro ‘[01m[KRCUTILS_LOG_COND_NAMED[m[K’
       rcutils_log(&__rcutils_logging_location, severity, name, [01;36m[K__VA_ARGS__[m[K); \
                                                                [01;36m[K^~~~~~~~~~~[m[K
[01m[K/opt/ros/dashing/include/rclcpp/logging.hpp:218:5:[m[K [01;36m[Knote: [m[Kin expansion of macro ‘[01m[KRCUTILS_LOG_INFO_NAMED[m[K’
     [01;36m[KRCUTILS_LOG_INFO_NAMED[m[K( \
     [01;36m[K^~~~~~~~~~~~~~~~~~~~~~[m[K
[01m[K/opt/ros/dashing/include/rclcpp/logging.hpp:221:9:[m[K [01;36m[Knote: [m[Kin expansion of macro ‘[01m[KRCLCPP_ALL_BUT_FIRST_ARGS[m[K’
         [01;36m[KRCLCPP_ALL_BUT_FIRST_ARGS[m[K(__VA_ARGS__,"")); \
         [01;36m[K^~~~~~~~~~~~~~~~~~~~~~~~~[m[K
[01m[K/home/orthrus1-1/orthrus1-1/src/motor/src/motor_carryout.cpp:36:7:[m[K [01;36m[Knote: [m[Kin expansion of macro ‘[01m[KRCLCPP_INFO[m[K’
       [01;36m[KRCLCPP_INFO[m[K(this->get_logger(), "mode: '%d'", msg->mode.c_str());

       [01;36m[K^~~~~~~~~~~[m[K
CMakeFiles/motor_carryout.dir/build.make:62: recipe for target 'CMakeFiles/motor_carryout.dir/src/motor_carryout.cpp.o' failed
make[2]: *** [CMakeFiles/motor_carryout.dir/src/motor_carryout.cpp.o] Error 1
CMakeFiles/Makefile2:136: recipe for target 'CMakeFiles/motor_carryout.dir/all' failed
make[1]: *** [CMakeFiles/motor_carryout.dir/all] Error 2
Makefile:140: recipe for target 'all' failed
make: *** [all] Error 2
