[0.070s] Invoking command in '/home/orthrus1-1/orthrus1-1/build/motor': CMAKE_PREFIX_PATH=/opt/ros/dashing /usr/bin/cmake --build /home/orthrus1-1/orthrus1-1/build/motor -- -j4 -l4
[0.161s] -- Found ament_cmake: 0.7.5 (/opt/ros/dashing/share/ament_cmake/cmake)
[0.282s] -- Using PYTHON_EXECUTABLE: /usr/bin/python3
[1.247s] -- Found rclcpp: 0.7.14 (/opt/ros/dashing/share/rclcpp/cmake)
[1.294s] -- Found rosidl_adapter: 0.7.9 (/opt/ros/dashing/share/rosidl_adapter/cmake)
[1.413s] -- Found rmw_implementation_cmake: 0.7.2 (/opt/ros/dashing/share/rmw_implementation_cmake/cmake)
[1.418s] -- Using RMW implementation 'rmw_fastrtps_cpp' as default
[1.511s] -- Found std_msgs: 0.7.0 (/opt/ros/dashing/share/std_msgs/cmake)
[1.569s] -- Found ament_lint_auto: 0.7.12 (/opt/ros/dashing/share/ament_lint_auto/cmake)
[1.867s] -- Added test 'copyright' to check for copyright in CMake / C / C++ / Python code
[1.872s] -- Added test 'cppcheck' to perform static code analysis on C / C++ code
[1.873s] -- Configured cppcheck include dirs: /home/orthrus1-1/orthrus1-1/src/motor/include/unitree_motor_ctrl
[1.877s] -- Added test 'cpplint' to check C / C++ code against the Google style
[1.880s] -- Added test 'lint_cmake' to check CMake code style
[1.885s] -- Added test 'uncrustify' to check C / C++ code style
[1.887s] -- Added test 'xmllint' to check XML markup files
[1.895s] -- Configuring done
[1.933s] -- Generating done
[1.939s] -- Build files have been written to: /home/orthrus1-1/orthrus1-1/build/motor
[2.074s] [ 50%] [32m[1mLinking CXX executable check[0m
[2.459s] [100%] Built target check
[2.501s] Invoked command in '/home/orthrus1-1/orthrus1-1/build/motor' returned '0': CMAKE_PREFIX_PATH=/opt/ros/dashing /usr/bin/cmake --build /home/orthrus1-1/orthrus1-1/build/motor -- -j4 -l4
[2.587s] Invoking command in '/home/orthrus1-1/orthrus1-1/build/motor': CMAKE_PREFIX_PATH=/opt/ros/dashing /usr/bin/cmake --build /home/orthrus1-1/orthrus1-1/build/motor --target install -- -j4 -l4
[2.795s] [100%] Built target check
[2.865s] [36mInstall the project...[0m
[2.899s] -- Install configuration: ""
[2.900s] -- Installing: /home/orthrus1-1/orthrus1-1/install/motor/include
[2.900s] -- Installing: /home/orthrus1-1/orthrus1-1/install/motor/include/unitree_motor_ctrl
[2.901s] -- Installing: /home/orthrus1-1/orthrus1-1/install/motor/include/unitree_motor_ctrl/motor_ctrl.h
[2.901s] -- Installing: /home/orthrus1-1/orthrus1-1/install/motor/include/unitree_motor_ctrl/motor_msg.h
[2.902s] -- Installing: /home/orthrus1-1/orthrus1-1/install/motor/include/unitree_motor_ctrl/LSerial.h
[2.902s] -- Installing: /home/orthrus1-1/orthrus1-1/install/motor/include/motor
[2.903s] -- Installing: /home/orthrus1-1/orthrus1-1/install/motor/lib
[2.903s] -- Installing: /home/orthrus1-1/orthrus1-1/install/motor/lib/libUnitree_motor_SDK_ARM64.so
[2.904s] -- Installing: /home/orthrus1-1/orthrus1-1/install/motor/lib/motor/check
[2.905s] -- Set runtime path of "/home/orthrus1-1/orthrus1-1/install/motor/lib/motor/check" to ""
[2.905s] -- Up-to-date: /home/orthrus1-1/orthrus1-1/install/motor/share/ament_index/resource_index/package_run_dependencies/motor
[2.906s] -- Up-to-date: /home/orthrus1-1/orthrus1-1/install/motor/share/ament_index/resource_index/parent_prefix_path/motor
[2.906s] -- Up-to-date: /home/orthrus1-1/orthrus1-1/install/motor/share/motor/environment/ament_prefix_path.sh
[2.907s] -- Up-to-date: /home/orthrus1-1/orthrus1-1/install/motor/share/motor/environment/path.sh
[2.908s] -- Up-to-date: /home/orthrus1-1/orthrus1-1/install/motor/share/motor/local_setup.bash
[2.908s] -- Up-to-date: /home/orthrus1-1/orthrus1-1/install/motor/share/motor/local_setup.sh
[2.909s] -- Up-to-date: /home/orthrus1-1/orthrus1-1/install/motor/share/motor/local_setup.zsh
[2.909s] -- Up-to-date: /home/orthrus1-1/orthrus1-1/install/motor/share/ament_index/resource_index/packages/motor
[2.910s] -- Up-to-date: /home/orthrus1-1/orthrus1-1/install/motor/share/motor/cmake/motorConfig.cmake
[2.910s] -- Up-to-date: /home/orthrus1-1/orthrus1-1/install/motor/share/motor/cmake/motorConfig-version.cmake
[2.911s] -- Up-to-date: /home/orthrus1-1/orthrus1-1/install/motor/share/motor/package.xml
[2.923s] Invoked command in '/home/orthrus1-1/orthrus1-1/build/motor' returned '0': CMAKE_PREFIX_PATH=/opt/ros/dashing /usr/bin/cmake --build /home/orthrus1-1/orthrus1-1/build/motor --target install -- -j4 -l4
