[0.057s] Invoking command in '/home/orthrus1-1/orthrus1-1/build/message': CMAKE_PREFIX_PATH=/opt/ros/dashing /usr/bin/cmake --build /home/orthrus1-1/orthrus1-1/build/message -- -j4 -l4
[0.159s] -- Found ament_cmake: 0.7.6 (/opt/ros/dashing/share/ament_cmake/cmake)
[0.263s] -- Found PythonInterp: /usr/bin/python3 (found suitable version "3.6.9", minimum required is "3") 
[0.264s] -- Using PYTHON_EXECUTABLE: /usr/bin/python3
[1.183s] -- Found rosidl_default_generators: 0.7.0 (/opt/ros/dashing/share/rosidl_default_generators/cmake)
[1.470s] -- Found rosidl_adapter: 0.7.10 (/opt/ros/dashing/share/rosidl_adapter/cmake)
[1.732s] -- Found PrismTech OpenSplice: /usr/share/opensplice/cmake
[1.945s] -- Found PythonInterp: /usr/bin/python3 (found version "3.6.9") 
[2.318s] CMake Error at /opt/ros/dashing/share/rosidl_cmake/cmake/rosidl_generate_interfaces.cmake:162 (message):
[2.318s]   rosidl_generate_interfaces() the passed dependency 'builtin_interfaces' has
[2.319s]   not been found before using find_package()
[2.319s] Call Stack (most recent call first):
[2.320s]   CMakeLists.txt:26 (rosidl_generate_interfaces)
[2.320s] 
[2.321s] 
[2.323s] -- Configuring incomplete, errors occurred!
[2.323s] See also "/home/orthrus1-1/orthrus1-1/build/message/CMakeFiles/CMakeOutput.log".
[2.335s] make: *** [cmake_check_build_system] Error 1
[2.336s] Makefile:968: recipe for target 'cmake_check_build_system' failed
[2.342s] Invoked command in '/home/orthrus1-1/orthrus1-1/build/message' returned '2': CMAKE_PREFIX_PATH=/opt/ros/dashing /usr/bin/cmake --build /home/orthrus1-1/orthrus1-1/build/message -- -j4 -l4
