[0.032s] Invoking command in '/home/orthrus1-1/orthrus1-1/build/motor': AMENT_PREFIX_PATH=/home/orthrus1-1/orthrus1-1/install/message:${AMENT_PREFIX_PATH} CMAKE_PREFIX_PATH=/home/orthrus1-1/orthrus1-1/install/message:/opt/ros/dashing LD_LIBRARY_PATH=/home/orthrus1-1/orthrus1-1/install/message/lib:${LD_LIBRARY_PATH} PYTHONPATH=/home/orthrus1-1/orthrus1-1/install/message/lib/python3.6/site-packages:${PYTHONPATH} /usr/bin/cmake --build /home/orthrus1-1/orthrus1-1/build/motor -- -j4 -l4
[0.243s] [ 25%] [32mBuilding CXX object CMakeFiles/motor_carryout.dir/src/motor_carryout.cpp.o[0m
[0.245s] [ 75%] Built target check
[3.734s] [01m[K/home/orthrus1-1/orthrus1-1/src/motor/src/motor_carryout.cpp:[m[K In function ‘[01m[Kvoid setup_data(message::msg::Motorcarryout_<std::allocator<void> >::SharedPtr*)[m[K’:
[3.736s] [01m[K/home/orthrus1-1/orthrus1-1/src/motor/src/motor_carryout.cpp:101:32:[m[K [01;31m[Kerror: [m[K‘[01m[Kusing SharedPtr = class std::shared_ptr<message::msg::Motorcarryout_<std::allocator<void> > > {aka class std::shared_ptr<message::msg::Motorcarryout_<std::allocator<void> > >}[m[K’ has no member named ‘[01m[Kmode_LF_1[m[K’
[3.741s]      motor_LF_s1.mode =  msg_-> [01;31m[Kmode_LF_1[m[K;
[3.742s] 
[3.743s]                                 [01;31m[K^~~~~~~~~[m[K
[3.743s] [01m[K/home/orthrus1-1/orthrus1-1/src/motor/src/motor_carryout.cpp:102:35:[m[K [01;31m[Kerror: [m[K‘[01m[Kusing SharedPtr = class std::shared_ptr<message::msg::Motorcarryout_<std::allocator<void> > > {aka class std::shared_ptr<message::msg::Motorcarryout_<std::allocator<void> > >}[m[K’ has no member named ‘[01m[KT_LF_1[m[K’
[3.744s]      motor_LF_s1.T    =  msg_->    [01;31m[KT_LF_1[m[K;  //单位：Nm, T<255.9
[3.744s] 
[3.745s]                                    [01;31m[K^~~~~~[m[K
[3.745s] [01m[K/home/orthrus1-1/orthrus1-1/src/motor/src/motor_carryout.cpp:103:35:[m[K [01;31m[Kerror: [m[K‘[01m[Kusing SharedPtr = class std::shared_ptr<message::msg::Motorcarryout_<std::allocator<void> > > {aka class std::shared_ptr<message::msg::Motorcarryout_<std::allocator<void> > >}[m[K’ has no member named ‘[01m[KW_LF_1[m[K’
[3.746s]      motor_LF_s1.W    =  msg_->    [01;31m[KW_LF_1[m[K;  //单位：rad/s, W<511.9
[3.746s] 
[3.747s]                                    [01;31m[K^~~~~~[m[K
[3.747s] [01m[K/home/orthrus1-1/orthrus1-1/src/motor/src/motor_carryout.cpp:104:33:[m[K [01;31m[Kerror: [m[K‘[01m[Kusing SharedPtr = class std::shared_ptr<message::msg::Motorcarryout_<std::allocator<void> > > {aka class std::shared_ptr<message::msg::Motorcarryout_<std::allocator<void> > >}[m[K’ has no member named ‘[01m[KPos_LF_1[m[K’
[3.748s]      motor_LF_s1.Pos  =  msg_->  [01;31m[KPos_LF_1[m[K;  //单位：rad, Pos<131071.9
[3.748s] 
[3.749s]                                  [01;31m[K^~~~~~~~[m[K
[3.749s] [01m[K/home/orthrus1-1/orthrus1-1/src/motor/src/motor_carryout.cpp:105:33:[m[K [01;31m[Kerror: [m[K‘[01m[Kusing SharedPtr = class std::shared_ptr<message::msg::Motorcarryout_<std::allocator<void> > > {aka class std::shared_ptr<message::msg::Motorcarryout_<std::allocator<void> > >}[m[K’ has no member named ‘[01m[KK_P_LF_1[m[K’
[3.750s]      motor_LF_s1.K_P  =  msg_->  [01;31m[KK_P_LF_1[m[K;  //K_P<31.9
[3.750s] 
[3.751s]                                  [01;31m[K^~~~~~~~[m[K
[3.752s] [01m[K/home/orthrus1-1/orthrus1-1/src/motor/src/motor_carryout.cpp:106:33:[m[K [01;31m[Kerror: [m[K‘[01m[Kusing SharedPtr = class std::shared_ptr<message::msg::Motorcarryout_<std::allocator<void> > > {aka class std::shared_ptr<message::msg::Motorcarryout_<std::allocator<void> > >}[m[K’ has no member named ‘[01m[KK_W_LF_1[m[K’
[3.752s]      motor_LF_s1.K_W  =  msg_->  [01;31m[KK_W_LF_1[m[K;  //K_W<63.9
[3.753s] 
[3.753s]                                  [01;31m[K^~~~~~~~[m[K
[3.754s] [01m[K/home/orthrus1-1/orthrus1-1/src/motor/src/motor_carryout.cpp:112:30:[m[K [01;31m[Kerror: [m[K‘[01m[Kusing SharedPtr = class std::shared_ptr<message::msg::Motorcarryout_<std::allocator<void> > > {aka class std::shared_ptr<message::msg::Motorcarryout_<std::allocator<void> > >}[m[K’ has no member named ‘[01m[Kmode_LF_2[m[K’
[3.754s]     motor_LF_s2.mode = msg_-> [01;31m[Kmode_LF_2[m[K;
[3.755s] 
[3.755s]                               [01;31m[K^~~~~~~~~[m[K
[3.756s] [01m[K/home/orthrus1-1/orthrus1-1/src/motor/src/motor_carryout.cpp:113:33:[m[K [01;31m[Kerror: [m[K‘[01m[Kusing SharedPtr = class std::shared_ptr<message::msg::Motorcarryout_<std::allocator<void> > > {aka class std::shared_ptr<message::msg::Motorcarryout_<std::allocator<void> > >}[m[K’ has no member named ‘[01m[KT_LF_2[m[K’
[3.756s]     motor_LF_s2.T    = msg_->    [01;31m[KT_LF_2[m[K;           
[3.757s] 
[3.757s]                                  [01;31m[K^~~~~~[m[K
[3.758s] [01m[K/home/orthrus1-1/orthrus1-1/src/motor/src/motor_carryout.cpp:114:33:[m[K [01;31m[Kerror: [m[K‘[01m[Kusing SharedPtr = class std::shared_ptr<message::msg::Motorcarryout_<std::allocator<void> > > {aka class std::shared_ptr<message::msg::Motorcarryout_<std::allocator<void> > >}[m[K’ has no member named ‘[01m[KW_LF_2[m[K’
[3.758s]     motor_LF_s2.W    = msg_->    [01;31m[KW_LF_2[m[K;              
[3.759s] 
[3.759s]                                  [01;31m[K^~~~~~[m[K
[3.760s] [01m[K/home/orthrus1-1/orthrus1-1/src/motor/src/motor_carryout.cpp:115:31:[m[K [01;31m[Kerror: [m[K‘[01m[Kusing SharedPtr = class std::shared_ptr<message::msg::Motorcarryout_<std::allocator<void> > > {aka class std::shared_ptr<message::msg::Motorcarryout_<std::allocator<void> > >}[m[K’ has no member named ‘[01m[KPos_LF_2[m[K’
[3.760s]     motor_LF_s2.Pos  = msg_->  [01;31m[KPos_LF_2[m[K;         
[3.761s] 
[3.761s]                                [01;31m[K^~~~~~~~[m[K
[3.762s] [01m[K/home/orthrus1-1/orthrus1-1/src/motor/src/motor_carryout.cpp:116:31:[m[K [01;31m[Kerror: [m[K‘[01m[Kusing SharedPtr = class std::shared_ptr<message::msg::Motorcarryout_<std::allocator<void> > > {aka class std::shared_ptr<message::msg::Motorcarryout_<std::allocator<void> > >}[m[K’ has no member named ‘[01m[KK_P_LF_2[m[K’
[3.762s]     motor_LF_s2.K_P  = msg_->  [01;31m[KK_P_LF_2[m[K;      
[3.763s] 
[3.763s]                                [01;31m[K^~~~~~~~[m[K
[3.764s] [01m[K/home/orthrus1-1/orthrus1-1/src/motor/src/motor_carryout.cpp:117:31:[m[K [01;31m[Kerror: [m[K‘[01m[Kusing SharedPtr = class std::shared_ptr<message::msg::Motorcarryout_<std::allocator<void> > > {aka class std::shared_ptr<message::msg::Motorcarryout_<std::allocator<void> > >}[m[K’ has no member named ‘[01m[KK_W_LF_2[m[K’
[3.764s]     motor_LF_s2.K_W  = msg_->  [01;31m[KK_W_LF_2[m[K;      
[3.765s] 
[3.765s]                                [01;31m[K^~~~~~~~[m[K
[3.766s] [01m[K/home/orthrus1-1/orthrus1-1/src/motor/src/motor_carryout.cpp:123:31:[m[K [01;31m[Kerror: [m[K‘[01m[Kusing SharedPtr = class std::shared_ptr<message::msg::Motorcarryout_<std::allocator<void> > > {aka class std::shared_ptr<message::msg::Motorcarryout_<std::allocator<void> > >}[m[K’ has no member named ‘[01m[Kmode_LF_3[m[K’
[3.766s]      motor_LF_s3.mode = msg_-> [01;31m[Kmode_LF_3[m[K;
[3.767s] 
[3.767s]                                [01;31m[K^~~~~~~~~[m[K
[3.768s] [01m[K/home/orthrus1-1/orthrus1-1/src/motor/src/motor_carryout.cpp:124:34:[m[K [01;31m[Kerror: [m[K‘[01m[Kusing SharedPtr = class std::shared_ptr<message::msg::Motorcarryout_<std::allocator<void> > > {aka class std::shared_ptr<message::msg::Motorcarryout_<std::allocator<void> > >}[m[K’ has no member named ‘[01m[KT_LF_3[m[K’
[3.768s]      motor_LF_s3.T    = msg_->    [01;31m[KT_LF_3[m[K;             
[3.769s] 
[3.769s]                                   [01;31m[K^~~~~~[m[K
[3.770s] [01m[K/home/orthrus1-1/orthrus1-1/src/motor/src/motor_carryout.cpp:125:34:[m[K [01;31m[Kerror: [m[K‘[01m[Kusing SharedPtr = class std::shared_ptr<message::msg::Motorcarryout_<std::allocator<void> > > {aka class std::shared_ptr<message::msg::Motorcarryout_<std::allocator<void> > >}[m[K’ has no member named ‘[01m[KW_LF_3[m[K’
[3.770s]      motor_LF_s3.W    = msg_->    [01;31m[KW_LF_3[m[K;               
[3.771s] 
[3.771s]                                   [01;31m[K^~~~~~[m[K
[3.772s] [01m[K/home/orthrus1-1/orthrus1-1/src/motor/src/motor_carryout.cpp:126:32:[m[K [01;31m[Kerror: [m[K‘[01m[Kusing SharedPtr = class std::shared_ptr<message::msg::Motorcarryout_<std::allocator<void> > > {aka class std::shared_ptr<message::msg::Motorcarryout_<std::allocator<void> > >}[m[K’ has no member named ‘[01m[KPos_LF_3[m[K’
[3.773s]      motor_LF_s3.Pos  = msg_->  [01;31m[KPos_LF_3[m[K;       
[3.773s] 
[3.774s]                                 [01;31m[K^~~~~~~~[m[K
[3.774s] [01m[K/home/orthrus1-1/orthrus1-1/src/motor/src/motor_carryout.cpp:127:32:[m[K [01;31m[Kerror: [m[K‘[01m[Kusing SharedPtr = class std::shared_ptr<message::msg::Motorcarryout_<std::allocator<void> > > {aka class std::shared_ptr<message::msg::Motorcarryout_<std::allocator<void> > >}[m[K’ has no member named ‘[01m[KK_P_LF_3[m[K’
[3.775s]      motor_LF_s3.K_P  = msg_->  [01;31m[KK_P_LF_3[m[K;         
[3.775s] 
[3.776s]                                 [01;31m[K^~~~~~~~[m[K
[3.776s] [01m[K/home/orthrus1-1/orthrus1-1/src/motor/src/motor_carryout.cpp:128:32:[m[K [01;31m[Kerror: [m[K‘[01m[Kusing SharedPtr = class std::shared_ptr<message::msg::Motorcarryout_<std::allocator<void> > > {aka class std::shared_ptr<message::msg::Motorcarryout_<std::allocator<void> > >}[m[K’ has no member named ‘[01m[KK_W_LF_3[m[K’
[3.777s]      motor_LF_s3.K_W  = msg_->  [01;31m[KK_W_LF_3[m[K;      
[3.777s] 
[3.778s]                                 [01;31m[K^~~~~~~~[m[K
[3.778s] [01m[K/home/orthrus1-1/orthrus1-1/src/motor/src/motor_carryout.cpp:135:34:[m[K [01;31m[Kerror: [m[K‘[01m[Kusing SharedPtr = class std::shared_ptr<message::msg::Motorcarryout_<std::allocator<void> > > {aka class std::shared_ptr<message::msg::Motorcarryout_<std::allocator<void> > >}[m[K’ has no member named ‘[01m[Kmode_RF_1[m[K’
[3.779s]         motor_RF_s1.mode = msg_-> [01;31m[Kmode_RF_1[m[K;
[3.779s] 
[3.780s]                                   [01;31m[K^~~~~~~~~[m[K
[3.780s] [01m[K/home/orthrus1-1/orthrus1-1/src/motor/src/motor_carryout.cpp:136:37:[m[K [01;31m[Kerror: [m[K‘[01m[Kusing SharedPtr = class std::shared_ptr<message::msg::Motorcarryout_<std::allocator<void> > > {aka class std::shared_ptr<message::msg::Motorcarryout_<std::allocator<void> > >}[m[K’ has no member named ‘[01m[KT_RF_1[m[K’
[3.781s]         motor_RF_s1.T    = msg_->    [01;31m[KT_RF_1[m[K;           
[3.781s] 
[3.782s]                                      [01;31m[K^~~~~~[m[K
[3.782s] [01m[K/home/orthrus1-1/orthrus1-1/src/motor/src/motor_carryout.cpp:137:37:[m[K [01;31m[Kerror: [m[K‘[01m[Kusing SharedPtr = class std::shared_ptr<message::msg::Motorcarryout_<std::allocator<void> > > {aka class std::shared_ptr<message::msg::Motorcarryout_<std::allocator<void> > >}[m[K’ has no member named ‘[01m[KW_RF_1[m[K’
[3.783s]         motor_RF_s1.W    = msg_->    [01;31m[KW_RF_1[m[K;             
[3.783s] 
[3.784s]                                      [01;31m[K^~~~~~[m[K
[3.784s] [01m[K/home/orthrus1-1/orthrus1-1/src/motor/src/motor_carryout.cpp:138:35:[m[K [01;31m[Kerror: [m[K‘[01m[Kusing SharedPtr = class std::shared_ptr<message::msg::Motorcarryout_<std::allocator<void> > > {aka class std::shared_ptr<message::msg::Motorcarryout_<std::allocator<void> > >}[m[K’ has no member named ‘[01m[KPos_RF_1[m[K’
[3.785s]         motor_RF_s1.Pos  = msg_->  [01;31m[KPos_RF_1[m[K;       
[3.785s] 
[3.786s]                                    [01;31m[K^~~~~~~~[m[K
[3.786s] [01m[K/home/orthrus1-1/orthrus1-1/src/motor/src/motor_carryout.cpp:139:35:[m[K [01;31m[Kerror: [m[K‘[01m[Kusing SharedPtr = class std::shared_ptr<message::msg::Motorcarryout_<std::allocator<void> > > {aka class std::shared_ptr<message::msg::Motorcarryout_<std::allocator<void> > >}[m[K’ has no member named ‘[01m[KK_P_RF_1[m[K’
[3.787s]         motor_RF_s1.K_P  = msg_->  [01;31m[KK_P_RF_1[m[K;       
[3.787s] 
[3.788s]                                    [01;31m[K^~~~~~~~[m[K
[3.789s] [01m[K/home/orthrus1-1/orthrus1-1/src/motor/src/motor_carryout.cpp:140:35:[m[K [01;31m[Kerror: [m[K‘[01m[Kusing SharedPtr = class std::shared_ptr<message::msg::Motorcarryout_<std::allocator<void> > > {aka class std::shared_ptr<message::msg::Motorcarryout_<std::allocator<void> > >}[m[K’ has no member named ‘[01m[KK_W_RF_1[m[K’
[3.789s]         motor_RF_s1.K_W  = msg_->  [01;31m[KK_W_RF_1[m[K;      
[3.790s] 
[3.790s]                                    [01;31m[K^~~~~~~~[m[K
[3.791s] [01m[K/home/orthrus1-1/orthrus1-1/src/motor/src/motor_carryout.cpp:146:34:[m[K [01;31m[Kerror: [m[K‘[01m[Kusing SharedPtr = class std::shared_ptr<message::msg::Motorcarryout_<std::allocator<void> > > {aka class std::shared_ptr<message::msg::Motorcarryout_<std::allocator<void> > >}[m[K’ has no member named ‘[01m[Kmode_RF_2[m[K’
[3.791s]         motor_RF_s2.mode = msg_-> [01;31m[Kmode_RF_2[m[K;
[3.792s] 
[3.792s]                                   [01;31m[K^~~~~~~~~[m[K
[3.793s] [01m[K/home/orthrus1-1/orthrus1-1/src/motor/src/motor_carryout.cpp:147:37:[m[K [01;31m[Kerror: [m[K‘[01m[Kusing SharedPtr = class std::shared_ptr<message::msg::Motorcarryout_<std::allocator<void> > > {aka class std::shared_ptr<message::msg::Motorcarryout_<std::allocator<void> > >}[m[K’ has no member named ‘[01m[KT_RF_2[m[K’
[3.793s]         motor_RF_s2.T    = msg_->    [01;31m[KT_RF_2[m[K;            
[3.794s] 
[3.794s]                                      [01;31m[K^~~~~~[m[K
[3.795s] [01m[K/home/orthrus1-1/orthrus1-1/src/motor/src/motor_carryout.cpp:148:37:[m[K [01;31m[Kerror: [m[K‘[01m[Kusing SharedPtr = class std::shared_ptr<message::msg::Motorcarryout_<std::allocator<void> > > {aka class std::shared_ptr<message::msg::Motorcarryout_<std::allocator<void> > >}[m[K’ has no member named ‘[01m[KW_RF_2[m[K’
[3.795s]         motor_RF_s2.W    = msg_->    [01;31m[KW_RF_2[m[K;             
[3.796s] 
[3.796s]                                      [01;31m[K^~~~~~[m[K
[3.797s] [01m[K/home/orthrus1-1/orthrus1-1/src/motor/src/motor_carryout.cpp:149:35:[m[K [01;31m[Kerror: [m[K‘[01m[Kusing SharedPtr = class std::shared_ptr<message::msg::Motorcarryout_<std::allocator<void> > > {aka class std::shared_ptr<message::msg::Motorcarryout_<std::allocator<void> > >}[m[K’ has no member named ‘[01m[KPos_RF_2[m[K’
[3.797s]         motor_RF_s2.Pos  = msg_->  [01;31m[KPos_RF_2[m[K;         
[3.798s] 
[3.798s]                                    [01;31m[K^~~~~~~~[m[K
[3.799s] [01m[K/home/orthrus1-1/orthrus1-1/src/motor/src/motor_carryout.cpp:150:35:[m[K [01;31m[Kerror: [m[K‘[01m[Kusing SharedPtr = class std::shared_ptr<message::msg::Motorcarryout_<std::allocator<void> > > {aka class std::shared_ptr<message::msg::Motorcarryout_<std::allocator<void> > >}[m[K’ has no member named ‘[01m[KK_P_RF_2[m[K’
[3.800s]         motor_RF_s2.K_P  = msg_->  [01;31m[KK_P_RF_2[m[K;        
[3.800s] 
[3.801s]                                    [01;31m[K^~~~~~~~[m[K
[3.801s] [01m[K/home/orthrus1-1/orthrus1-1/src/motor/src/motor_carryout.cpp:151:35:[m[K [01;31m[Kerror: [m[K‘[01m[Kusing SharedPtr = class std::shared_ptr<message::msg::Motorcarryout_<std::allocator<void> > > {aka class std::shared_ptr<message::msg::Motorcarryout_<std::allocator<void> > >}[m[K’ has no member named ‘[01m[KK_W_RF_2[m[K’
[3.802s]         motor_RF_s2.K_W  = msg_->  [01;31m[KK_W_RF_2[m[K;     
[3.802s] 
[3.803s]                                    [01;31m[K^~~~~~~~[m[K
[3.803s] [01m[K/home/orthrus1-1/orthrus1-1/src/motor/src/motor_carryout.cpp:157:34:[m[K [01;31m[Kerror: [m[K‘[01m[Kusing SharedPtr = class std::shared_ptr<message::msg::Motorcarryout_<std::allocator<void> > > {aka class std::shared_ptr<message::msg::Motorcarryout_<std::allocator<void> > >}[m[K’ has no member named ‘[01m[Kmode_RF_3[m[K’
[3.804s]         motor_RF_s3.mode = msg_-> [01;31m[Kmode_RF_3[m[K;
[3.804s] 
[3.805s]                                   [01;31m[K^~~~~~~~~[m[K
[3.805s] [01m[K/home/orthrus1-1/orthrus1-1/src/motor/src/motor_carryout.cpp:158:37:[m[K [01;31m[Kerror: [m[K‘[01m[Kusing SharedPtr = class std::shared_ptr<message::msg::Motorcarryout_<std::allocator<void> > > {aka class std::shared_ptr<message::msg::Motorcarryout_<std::allocator<void> > >}[m[K’ has no member named ‘[01m[KT_RF_3[m[K’
[3.806s]         motor_RF_s3.T    = msg_->    [01;31m[KT_RF_3[m[K;             
[3.806s] 
[3.807s]                                      [01;31m[K^~~~~~[m[K
[3.807s] [01m[K/home/orthrus1-1/orthrus1-1/src/motor/src/motor_carryout.cpp:159:37:[m[K [01;31m[Kerror: [m[K‘[01m[Kusing SharedPtr = class std::shared_ptr<message::msg::Motorcarryout_<std::allocator<void> > > {aka class std::shared_ptr<message::msg::Motorcarryout_<std::allocator<void> > >}[m[K’ has no member named ‘[01m[KW_RF_3[m[K’
[3.808s]         motor_RF_s3.W    = msg_->    [01;31m[KW_RF_3[m[K;                
[3.808s] 
[3.809s]                                      [01;31m[K^~~~~~[m[K
[3.809s] [01m[K/home/orthrus1-1/orthrus1-1/src/motor/src/motor_carryout.cpp:160:35:[m[K [01;31m[Kerror: [m[K‘[01m[Kusing SharedPtr = class std::shared_ptr<message::msg::Motorcarryout_<std::allocator<void> > > {aka class std::shared_ptr<message::msg::Motorcarryout_<std::allocator<void> > >}[m[K’ has no member named ‘[01m[KPos_RF_3[m[K’
[3.810s]         motor_RF_s3.Pos  = msg_->  [01;31m[KPos_RF_3[m[K;         
[3.810s] 
[3.811s]                                    [01;31m[K^~~~~~~~[m[K
[3.811s] [01m[K/home/orthrus1-1/orthrus1-1/src/motor/src/motor_carryout.cpp:161:35:[m[K [01;31m[Kerror: [m[K‘[01m[Kusing SharedPtr = class std::shared_ptr<message::msg::Motorcarryout_<std::allocator<void> > > {aka class std::shared_ptr<message::msg::Motorcarryout_<std::allocator<void> > >}[m[K’ has no member named ‘[01m[KK_P_RF_3[m[K’
[3.812s]         motor_RF_s3.K_P  = msg_->  [01;31m[KK_P_RF_3[m[K;        
[3.812s] 
[3.813s]                                    [01;31m[K^~~~~~~~[m[K
[3.813s] [01m[K/home/orthrus1-1/orthrus1-1/src/motor/src/motor_carryout.cpp:162:35:[m[K [01;31m[Kerror: [m[K‘[01m[Kusing SharedPtr = class std::shared_ptr<message::msg::Motorcarryout_<std::allocator<void> > > {aka class std::shared_ptr<message::msg::Motorcarryout_<std::allocator<void> > >}[m[K’ has no member named ‘[01m[KK_W_RF_3[m[K’
[3.814s]         motor_RF_s3.K_W  = msg_->  [01;31m[KK_W_RF_3[m[K;      
[3.814s] 
[3.815s]                                    [01;31m[K^~~~~~~~[m[K
[3.815s] [01m[K/home/orthrus1-1/orthrus1-1/src/motor/src/motor_carryout.cpp:169:31:[m[K [01;31m[Kerror: [m[K‘[01m[Kusing SharedPtr = class std::shared_ptr<message::msg::Motorcarryout_<std::allocator<void> > > {aka class std::shared_ptr<message::msg::Motorcarryout_<std::allocator<void> > >}[m[K’ has no member named ‘[01m[Kmode_LB_1[m[K’
[3.816s]      motor_LB_s1.mode = msg_-> [01;31m[Kmode_LB_1[m[K;
[3.816s] 
[3.817s]                                [01;31m[K^~~~~~~~~[m[K
[3.817s] [01m[K/home/orthrus1-1/orthrus1-1/src/motor/src/motor_carryout.cpp:170:34:[m[K [01;31m[Kerror: [m[K‘[01m[Kusing SharedPtr = class std::shared_ptr<message::msg::Motorcarryout_<std::allocator<void> > > {aka class std::shared_ptr<message::msg::Motorcarryout_<std::allocator<void> > >}[m[K’ has no member named ‘[01m[KT_LB_1[m[K’
[3.818s]      motor_LB_s1.T    = msg_->    [01;31m[KT_LB_1[m[K;            
[3.818s] 
[3.819s]                                   [01;31m[K^~~~~~[m[K
[3.819s] [01m[K/home/orthrus1-1/orthrus1-1/src/motor/src/motor_carryout.cpp:171:34:[m[K [01;31m[Kerror: [m[K‘[01m[Kusing SharedPtr = class std::shared_ptr<message::msg::Motorcarryout_<std::allocator<void> > > {aka class std::shared_ptr<message::msg::Motorcarryout_<std::allocator<void> > >}[m[K’ has no member named ‘[01m[KW_LB_1[m[K’
[3.820s]      motor_LB_s1.W    = msg_->    [01;31m[KW_LB_1[m[K;               
[3.820s] 
[3.821s]                                   [01;31m[K^~~~~~[m[K
[3.821s] [01m[K/home/orthrus1-1/orthrus1-1/src/motor/src/motor_carryout.cpp:172:32:[m[K [01;31m[Kerror: [m[K‘[01m[Kusing SharedPtr = class std::shared_ptr<message::msg::Motorcarryout_<std::allocator<void> > > {aka class std::shared_ptr<message::msg::Motorcarryout_<std::allocator<void> > >}[m[K’ has no member named ‘[01m[KPos_LB_1[m[K’
[3.822s]      motor_LB_s1.Pos  = msg_->  [01;31m[KPos_LB_1[m[K;         
[3.822s] 
[3.823s]                                 [01;31m[K^~~~~~~~[m[K
[3.823s] [01m[K/home/orthrus1-1/orthrus1-1/src/motor/src/motor_carryout.cpp:173:32:[m[K [01;31m[Kerror: [m[K‘[01m[Kusing SharedPtr = class std::shared_ptr<message::msg::Motorcarryout_<std::allocator<void> > > {aka class std::shared_ptr<message::msg::Motorcarryout_<std::allocator<void> > >}[m[K’ has no member named ‘[01m[KK_P_LB_1[m[K’
[3.824s]      motor_LB_s1.K_P  = msg_->  [01;31m[KK_P_LB_1[m[K;         
[3.824s] 
[3.825s]                                 [01;31m[K^~~~~~~~[m[K
[3.825s] [01m[K/home/orthrus1-1/orthrus1-1/src/motor/src/motor_carryout.cpp:174:32:[m[K [01;31m[Kerror: [m[K‘[01m[Kusing SharedPtr = class std::shared_ptr<message::msg::Motorcarryout_<std::allocator<void> > > {aka class std::shared_ptr<message::msg::Motorcarryout_<std::allocator<void> > >}[m[K’ has no member named ‘[01m[KK_W_LB_1[m[K’
[3.826s]      motor_LB_s1.K_W  = msg_->  [01;31m[KK_W_LB_1[m[K;        
[3.826s] 
[3.827s]                                 [01;31m[K^~~~~~~~[m[K
[3.827s] [01m[K/home/orthrus1-1/orthrus1-1/src/motor/src/motor_carryout.cpp:180:31:[m[K [01;31m[Kerror: [m[K‘[01m[Kusing SharedPtr = class std::shared_ptr<message::msg::Motorcarryout_<std::allocator<void> > > {aka class std::shared_ptr<message::msg::Motorcarryout_<std::allocator<void> > >}[m[K’ has no member named ‘[01m[Kmode_LB_2[m[K’
[3.828s]      motor_LB_s2.mode = msg_-> [01;31m[Kmode_LB_2[m[K;
[3.828s] 
[3.829s]                                [01;31m[K^~~~~~~~~[m[K
[3.830s] [01m[K/home/orthrus1-1/orthrus1-1/src/motor/src/motor_carryout.cpp:181:34:[m[K [01;31m[Kerror: [m[K‘[01m[Kusing SharedPtr = class std::shared_ptr<message::msg::Motorcarryout_<std::allocator<void> > > {aka class std::shared_ptr<message::msg::Motorcarryout_<std::allocator<void> > >}[m[K’ has no member named ‘[01m[KT_LB_2[m[K’
[3.831s]      motor_LB_s2.T    = msg_->    [01;31m[KT_LB_2[m[K;             
[3.831s] 
[3.832s]                                   [01;31m[K^~~~~~[m[K
[3.832s] [01m[K/home/orthrus1-1/orthrus1-1/src/motor/src/motor_carryout.cpp:182:34:[m[K [01;31m[Kerror: [m[K‘[01m[Kusing SharedPtr = class std::shared_ptr<message::msg::Motorcarryout_<std::allocator<void> > > {aka class std::shared_ptr<message::msg::Motorcarryout_<std::allocator<void> > >}[m[K’ has no member named ‘[01m[KW_LB_2[m[K’
[3.833s]      motor_LB_s2.W    = msg_->    [01;31m[KW_LB_2[m[K;              
[3.833s] 
[3.833s]                                   [01;31m[K^~~~~~[m[K
[3.834s] [01m[K/home/orthrus1-1/orthrus1-1/src/motor/src/motor_carryout.cpp:183:32:[m[K [01;31m[Kerror: [m[K‘[01m[Kusing SharedPtr = class std::shared_ptr<message::msg::Motorcarryout_<std::allocator<void> > > {aka class std::shared_ptr<message::msg::Motorcarryout_<std::allocator<void> > >}[m[K’ has no member named ‘[01m[KPos_LB_2[m[K’
[3.834s]      motor_LB_s2.Pos  = msg_->  [01;31m[KPos_LB_2[m[K;     
[3.835s] 
[3.835s]                                 [01;31m[K^~~~~~~~[m[K
[3.836s] [01m[K/home/orthrus1-1/orthrus1-1/src/motor/src/motor_carryout.cpp:184:32:[m[K [01;31m[Kerror: [m[K‘[01m[Kusing SharedPtr = class std::shared_ptr<message::msg::Motorcarryout_<std::allocator<void> > > {aka class std::shared_ptr<message::msg::Motorcarryout_<std::allocator<void> > >}[m[K’ has no member named ‘[01m[KK_P_LB_2[m[K’
[3.837s]      motor_LB_s2.K_P  = msg_->  [01;31m[KK_P_LB_2[m[K;       
[3.837s] 
[3.838s]                                 [01;31m[K^~~~~~~~[m[K
[3.838s] [01m[K/home/orthrus1-1/orthrus1-1/src/motor/src/motor_carryout.cpp:185:32:[m[K [01;31m[Kerror: [m[K‘[01m[Kusing SharedPtr = class std::shared_ptr<message::msg::Motorcarryout_<std::allocator<void> > > {aka class std::shared_ptr<message::msg::Motorcarryout_<std::allocator<void> > >}[m[K’ has no member named ‘[01m[KK_W_LB_2[m[K’
[3.839s]      motor_LB_s2.K_W  = msg_->  [01;31m[KK_W_LB_2[m[K;       
[3.839s] 
[3.840s]                                 [01;31m[K^~~~~~~~[m[K
[3.840s] [01m[K/home/orthrus1-1/orthrus1-1/src/motor/src/motor_carryout.cpp:191:31:[m[K [01;31m[Kerror: [m[K‘[01m[Kusing SharedPtr = class std::shared_ptr<message::msg::Motorcarryout_<std::allocator<void> > > {aka class std::shared_ptr<message::msg::Motorcarryout_<std::allocator<void> > >}[m[K’ has no member named ‘[01m[Kmode_LB_3[m[K’
[3.841s]      motor_LB_s3.mode = msg_-> [01;31m[Kmode_LB_3[m[K;
[3.841s] 
[3.842s]                                [01;31m[K^~~~~~~~~[m[K
[3.842s] [01m[K/home/orthrus1-1/orthrus1-1/src/motor/src/motor_carryout.cpp:192:34:[m[K [01;31m[Kerror: [m[K‘[01m[Kusing SharedPtr = class std::shared_ptr<message::msg::Motorcarryout_<std::allocator<void> > > {aka class std::shared_ptr<message::msg::Motorcarryout_<std::allocator<void> > >}[m[K’ has no member named ‘[01m[KT_LB_3[m[K’
[3.843s]      motor_LB_s3.T    = msg_->    [01;31m[KT_LB_3[m[K;             //单位：Nm, T<255.9
[3.843s] 
[3.844s]                                   [01;31m[K^~~~~~[m[K
[3.844s] [01m[K/home/orthrus1-1/orthrus1-1/src/motor/src/motor_carryout.cpp:193:34:[m[K [01;31m[Kerror: [m[K‘[01m[Kusing SharedPtr = class std::shared_ptr<message::msg::Motorcarryout_<std::allocator<void> > > {aka class std::shared_ptr<message::msg::Motorcarryout_<std::allocator<void> > >}[m[K’ has no member named ‘[01m[KW_LB_3[m[K’
[3.845s]      motor_LB_s3.W    = msg_->    [01;31m[KW_LB_3[m[K;                //单位：rad/s, W<511.9
[3.845s] 
[3.846s]                                   [01;31m[K^~~~~~[m[K
[3.846s] [01m[K/home/orthrus1-1/orthrus1-1/src/motor/src/motor_carryout.cpp:194:32:[m[K [01;31m[Kerror: [m[K‘[01m[Kusing SharedPtr = class std::shared_ptr<message::msg::Motorcarryout_<std::allocator<void> > > {aka class std::shared_ptr<message::msg::Motorcarryout_<std::allocator<void> > >}[m[K’ has no member named ‘[01m[KPos_LB_3[m[K’
[3.847s]      motor_LB_s3.Pos  = msg_->  [01;31m[KPos_LB_3[m[K;         //单位：rad, Pos<131071.9
[3.847s] 
[3.848s]                                 [01;31m[K^~~~~~~~[m[K
[3.848s] [01m[K/home/orthrus1-1/orthrus1-1/src/motor/src/motor_carryout.cpp:195:32:[m[K [01;31m[Kerror: [m[K‘[01m[Kusing SharedPtr = class std::shared_ptr<message::msg::Motorcarryout_<std::allocator<void> > > {aka class std::shared_ptr<message::msg::Motorcarryout_<std::allocator<void> > >}[m[K’ has no member named ‘[01m[KK_P_LB_3[m[K’
[3.849s]      motor_LB_s3.K_P  = msg_->  [01;31m[KK_P_LB_3[m[K;         //K_P<31.9
[3.849s] 
[3.850s]                                 [01;31m[K^~~~~~~~[m[K
[3.850s] [01m[K/home/orthrus1-1/orthrus1-1/src/motor/src/motor_carryout.cpp:196:32:[m[K [01;31m[Kerror: [m[K‘[01m[Kusing SharedPtr = class std::shared_ptr<message::msg::Motorcarryout_<std::allocator<void> > > {aka class std::shared_ptr<message::msg::Motorcarryout_<std::allocator<void> > >}[m[K’ has no member named ‘[01m[KK_W_LB_3[m[K’
[3.851s]      motor_LB_s3.K_W  = msg_->  [01;31m[KK_W_LB_3[m[K;        //K_W<63.9
[3.851s] 
[3.852s]                                 [01;31m[K^~~~~~~~[m[K
[3.852s] [01m[K/home/orthrus1-1/orthrus1-1/src/motor/src/motor_carryout.cpp:202:35:[m[K [01;31m[Kerror: [m[K‘[01m[Kusing SharedPtr = class std::shared_ptr<message::msg::Motorcarryout_<std::allocator<void> > > {aka class std::shared_ptr<message::msg::Motorcarryout_<std::allocator<void> > >}[m[K’ has no member named ‘[01m[Kmode_RB_1[m[K’
[3.853s]          motor_RB_s1.mode = msg_-> [01;31m[Kmode_RB_1[m[K;
[3.853s] 
[3.854s]                                    [01;31m[K^~~~~~~~~[m[K
[3.854s] [01m[K/home/orthrus1-1/orthrus1-1/src/motor/src/motor_carryout.cpp:203:38:[m[K [01;31m[Kerror: [m[K‘[01m[Kusing SharedPtr = class std::shared_ptr<message::msg::Motorcarryout_<std::allocator<void> > > {aka class std::shared_ptr<message::msg::Motorcarryout_<std::allocator<void> > >}[m[K’ has no member named ‘[01m[KT_RB_1[m[K’
[3.855s]          motor_RB_s1.T    = msg_->    [01;31m[KT_RB_1[m[K;            
[3.855s] 
[3.856s]                                       [01;31m[K^~~~~~[m[K
[3.856s] [01m[K/home/orthrus1-1/orthrus1-1/src/motor/src/motor_carryout.cpp:204:38:[m[K [01;31m[Kerror: [m[K‘[01m[Kusing SharedPtr = class std::shared_ptr<message::msg::Motorcarryout_<std::allocator<void> > > {aka class std::shared_ptr<message::msg::Motorcarryout_<std::allocator<void> > >}[m[K’ has no member named ‘[01m[KW_RB_1[m[K’
[3.857s]          motor_RB_s1.W    = msg_->    [01;31m[KW_RB_1[m[K;               
[3.858s] 
[3.858s]                                       [01;31m[K^~~~~~[m[K
[3.859s] [01m[K/home/orthrus1-1/orthrus1-1/src/motor/src/motor_carryout.cpp:205:36:[m[K [01;31m[Kerror: [m[K‘[01m[Kusing SharedPtr = class std::shared_ptr<message::msg::Motorcarryout_<std::allocator<void> > > {aka class std::shared_ptr<message::msg::Motorcarryout_<std::allocator<void> > >}[m[K’ has no member named ‘[01m[KPos_RB_1[m[K’
[3.859s]          motor_RB_s1.Pos  = msg_->  [01;31m[KPos_RB_1[m[K;         
[3.860s] 
[3.860s]                                     [01;31m[K^~~~~~~~[m[K
[3.861s] [01m[K/home/orthrus1-1/orthrus1-1/src/motor/src/motor_carryout.cpp:206:36:[m[K [01;31m[Kerror: [m[K‘[01m[Kusing SharedPtr = class std::shared_ptr<message::msg::Motorcarryout_<std::allocator<void> > > {aka class std::shared_ptr<message::msg::Motorcarryout_<std::allocator<void> > >}[m[K’ has no member named ‘[01m[KK_P_RB_1[m[K’
[3.861s]          motor_RB_s1.K_P  = msg_->  [01;31m[KK_P_RB_1[m[K;         
[3.862s] 
[3.862s]                                     [01;31m[K^~~~~~~~[m[K
[3.863s] [01m[K/home/orthrus1-1/orthrus1-1/src/motor/src/motor_carryout.cpp:207:36:[m[K [01;31m[Kerror: [m[K‘[01m[Kusing SharedPtr = class std::shared_ptr<message::msg::Motorcarryout_<std::allocator<void> > > {aka class std::shared_ptr<message::msg::Motorcarryout_<std::allocator<void> > >}[m[K’ has no member named ‘[01m[KK_W_RB_1[m[K’
[3.863s]          motor_RB_s1.K_W  = msg_->  [01;31m[KK_W_RB_1[m[K; 
[3.864s] 
[3.864s]                                     [01;31m[K^~~~~~~~[m[K
[3.865s] [01m[K/home/orthrus1-1/orthrus1-1/src/motor/src/motor_carryout.cpp:213:35:[m[K [01;31m[Kerror: [m[K‘[01m[Kusing SharedPtr = class std::shared_ptr<message::msg::Motorcarryout_<std::allocator<void> > > {aka class std::shared_ptr<message::msg::Motorcarryout_<std::allocator<void> > >}[m[K’ has no member named ‘[01m[Kmode_RB_2[m[K’
[3.865s]          motor_RB_s2.mode = msg_-> [01;31m[Kmode_RB_2[m[K;
[3.866s] 
[3.866s]                                    [01;31m[K^~~~~~~~~[m[K
[3.867s] [01m[K/home/orthrus1-1/orthrus1-1/src/motor/src/motor_carryout.cpp:214:38:[m[K [01;31m[Kerror: [m[K‘[01m[Kusing SharedPtr = class std::shared_ptr<message::msg::Motorcarryout_<std::allocator<void> > > {aka class std::shared_ptr<message::msg::Motorcarryout_<std::allocator<void> > >}[m[K’ has no member named ‘[01m[KT_RB_2[m[K’
[3.867s]          motor_RB_s2.T    = msg_->    [01;31m[KT_RB_2[m[K;            
[3.868s] 
[3.868s]                                       [01;31m[K^~~~~~[m[K
[3.869s] [01m[K/home/orthrus1-1/orthrus1-1/src/motor/src/motor_carryout.cpp:215:38:[m[K [01;31m[Kerror: [m[K‘[01m[Kusing SharedPtr = class std::shared_ptr<message::msg::Motorcarryout_<std::allocator<void> > > {aka class std::shared_ptr<message::msg::Motorcarryout_<std::allocator<void> > >}[m[K’ has no member named ‘[01m[KW_RB_2[m[K’
[3.869s]          motor_RB_s2.W    = msg_->    [01;31m[KW_RB_2[m[K;               
[3.870s] 
[3.870s]                                       [01;31m[K^~~~~~[m[K
[3.871s] [01m[K/home/orthrus1-1/orthrus1-1/src/motor/src/motor_carryout.cpp:216:36:[m[K [01;31m[Kerror: [m[K‘[01m[Kusing SharedPtr = class std::shared_ptr<message::msg::Motorcarryout_<std::allocator<void> > > {aka class std::shared_ptr<message::msg::Motorcarryout_<std::allocator<void> > >}[m[K’ has no member named ‘[01m[KPos_RB_2[m[K’
[3.871s]          motor_RB_s2.Pos  = msg_->  [01;31m[KPos_RB_2[m[K;         
[3.872s] 
[3.873s]                                     [01;31m[K^~~~~~~~[m[K
[3.873s] [01m[K/home/orthrus1-1/orthrus1-1/src/motor/src/motor_carryout.cpp:217:36:[m[K [01;31m[Kerror: [m[K‘[01m[Kusing SharedPtr = class std::shared_ptr<message::msg::Motorcarryout_<std::allocator<void> > > {aka class std::shared_ptr<message::msg::Motorcarryout_<std::allocator<void> > >}[m[K’ has no member named ‘[01m[KK_P_RB_2[m[K’
[3.874s]          motor_RB_s2.K_P  = msg_->  [01;31m[KK_P_RB_2[m[K;         
[3.875s] 
[3.875s]                                     [01;31m[K^~~~~~~~[m[K
[3.876s] [01m[K/home/orthrus1-1/orthrus1-1/src/motor/src/motor_carryout.cpp:218:36:[m[K [01;31m[Kerror: [m[K‘[01m[Kusing SharedPtr = class std::shared_ptr<message::msg::Motorcarryout_<std::allocator<void> > > {aka class std::shared_ptr<message::msg::Motorcarryout_<std::allocator<void> > >}[m[K’ has no member named ‘[01m[KK_W_RB_2[m[K’
[3.876s]          motor_RB_s2.K_W  = msg_->  [01;31m[KK_W_RB_2[m[K; 
[3.877s] 
[3.877s]                                     [01;31m[K^~~~~~~~[m[K
[3.878s] [01m[K/home/orthrus1-1/orthrus1-1/src/motor/src/motor_carryout.cpp:224:35:[m[K [01;31m[Kerror: [m[K‘[01m[Kusing SharedPtr = class std::shared_ptr<message::msg::Motorcarryout_<std::allocator<void> > > {aka class std::shared_ptr<message::msg::Motorcarryout_<std::allocator<void> > >}[m[K’ has no member named ‘[01m[Kmode_RB_3[m[K’
[3.878s]          motor_RB_s3.mode = msg_-> [01;31m[Kmode_RB_3[m[K;
[3.879s] 
[3.879s]                                    [01;31m[K^~~~~~~~~[m[K
[3.880s] [01m[K/home/orthrus1-1/orthrus1-1/src/motor/src/motor_carryout.cpp:225:38:[m[K [01;31m[Kerror: [m[K‘[01m[Kusing SharedPtr = class std::shared_ptr<message::msg::Motorcarryout_<std::allocator<void> > > {aka class std::shared_ptr<message::msg::Motorcarryout_<std::allocator<void> > >}[m[K’ has no member named ‘[01m[KT_RB_3[m[K’
[3.880s]          motor_RB_s3.T    = msg_->    [01;31m[KT_RB_3[m[K;            
[3.881s] 
[3.881s]                                       [01;31m[K^~~~~~[m[K
[3.882s] [01m[K/home/orthrus1-1/orthrus1-1/src/motor/src/motor_carryout.cpp:226:38:[m[K [01;31m[Kerror: [m[K‘[01m[Kusing SharedPtr = class std::shared_ptr<message::msg::Motorcarryout_<std::allocator<void> > > {aka class std::shared_ptr<message::msg::Motorcarryout_<std::allocator<void> > >}[m[K’ has no member named ‘[01m[KW_RB_3[m[K’
[3.882s]          motor_RB_s3.W    = msg_->    [01;31m[KW_RB_3[m[K;               
[3.883s] 
[3.883s]                                       [01;31m[K^~~~~~[m[K
[3.884s] [01m[K/home/orthrus1-1/orthrus1-1/src/motor/src/motor_carryout.cpp:227:36:[m[K [01;31m[Kerror: [m[K‘[01m[Kusing SharedPtr = class std::shared_ptr<message::msg::Motorcarryout_<std::allocator<void> > > {aka class std::shared_ptr<message::msg::Motorcarryout_<std::allocator<void> > >}[m[K’ has no member named ‘[01m[KPos_RB_3[m[K’
[3.885s]          motor_RB_s3.Pos  = msg_->  [01;31m[KPos_RB_3[m[K;         
[3.885s] 
[3.886s]                                     [01;31m[K^~~~~~~~[m[K
[3.886s] [01m[K/home/orthrus1-1/orthrus1-1/src/motor/src/motor_carryout.cpp:228:36:[m[K [01;31m[Kerror: [m[K‘[01m[Kusing SharedPtr = class std::shared_ptr<message::msg::Motorcarryout_<std::allocator<void> > > {aka class std::shared_ptr<message::msg::Motorcarryout_<std::allocator<void> > >}[m[K’ has no member named ‘[01m[KK_P_RB_3[m[K’
[3.887s]          motor_RB_s3.K_P  = msg_->  [01;31m[KK_P_RB_3[m[K;         
[3.887s] 
[3.888s]                                     [01;31m[K^~~~~~~~[m[K
[3.888s] [01m[K/home/orthrus1-1/orthrus1-1/src/motor/src/motor_carryout.cpp:229:36:[m[K [01;31m[Kerror: [m[K‘[01m[Kusing SharedPtr = class std::shared_ptr<message::msg::Motorcarryout_<std::allocator<void> > > {aka class std::shared_ptr<message::msg::Motorcarryout_<std::allocator<void> > >}[m[K’ has no member named ‘[01m[KK_W_RB_3[m[K’
[3.889s]          motor_RB_s3.K_W  = msg_->  [01;31m[KK_W_RB_3[m[K; 
[3.889s] 
[3.890s]                                     [01;31m[K^~~~~~~~[m[K
[3.890s] [01m[K/home/orthrus1-1/orthrus1-1/src/motor/src/motor_carryout.cpp:[m[K In member function ‘[01m[Kvoid motor_carryout::topic_callback(message::msg::Motorcarryout_<std::allocator<void> >::SharedPtr) const[m[K’:
[3.891s] [01m[K/home/orthrus1-1/orthrus1-1/src/motor/src/motor_carryout.cpp:249:18:[m[K [01;31m[Kerror: [m[Kinvalid conversion from ‘[01m[Kconst SharedPtr* {aka const std::shared_ptr<message::msg::Motorcarryout_<std::allocator<void> > >*}[m[K’ to ‘[01m[Kmessage::msg::Motorcarryout_<std::allocator<void> >::SharedPtr* {aka std::shared_ptr<message::msg::Motorcarryout_<std::allocator<void> > >*}[m[K’ [[01;31m[K-fpermissive[m[K]
[3.891s]        setup_data([01;31m[K&msg[m[K);
[3.892s] 
[3.892s]                   [01;31m[K^~~~[m[K
[3.893s] [01m[K/home/orthrus1-1/orthrus1-1/src/motor/src/motor_carryout.cpp:94:6:[m[K [01;36m[Knote: [m[K  initializing argument 1 of ‘[01m[Kvoid setup_data(message::msg::Motorcarryout_<std::allocator<void> >::SharedPtr*)[m[K’
[3.893s]  void [01;36m[Ksetup_data[m[K(message::msg::Motorcarryout::SharedPtr *msg_)
[3.894s] 
[3.894s]       [01;36m[K^~~~~~~~~~[m[K
[6.237s] CMakeFiles/motor_carryout.dir/build.make:62: recipe for target 'CMakeFiles/motor_carryout.dir/src/motor_carryout.cpp.o' failed
[6.238s] make[2]: *** [CMakeFiles/motor_carryout.dir/src/motor_carryout.cpp.o] Error 1
[6.238s] CMakeFiles/Makefile2:136: recipe for target 'CMakeFiles/motor_carryout.dir/all' failed
[6.239s] make[1]: *** [CMakeFiles/motor_carryout.dir/all] Error 2
[6.240s] Makefile:140: recipe for target 'all' failed
[6.240s] make: *** [all] Error 2
[6.244s] Invoked command in '/home/orthrus1-1/orthrus1-1/build/motor' returned '2': AMENT_PREFIX_PATH=/home/orthrus1-1/orthrus1-1/install/message:${AMENT_PREFIX_PATH} CMAKE_PREFIX_PATH=/home/orthrus1-1/orthrus1-1/install/message:/opt/ros/dashing LD_LIBRARY_PATH=/home/orthrus1-1/orthrus1-1/install/message/lib:${LD_LIBRARY_PATH} PYTHONPATH=/home/orthrus1-1/orthrus1-1/install/message/lib/python3.6/site-packages:${PYTHONPATH} /usr/bin/cmake --build /home/orthrus1-1/orthrus1-1/build/motor -- -j4 -l4
