[0.892s] DEBUG:colcon:Command line arguments: ['/usr/bin/colcon', 'build']
[0.893s] DEBUG:colcon:Parsed command line arguments: Namespace(ament_cmake_args=None, base_paths=['.'], build_base='build', catkin_cmake_args=None, catkin_skip_building_tests=False, cmake_args=None, cmake_clean_cache=False, cmake_clean_first=False, cmake_force_configure=False, cmake_target=None, cmake_target_skip_unavailable=False, continue_on_error=False, event_handlers=None, executor='parallel', ignore_user_meta=False, install_base='install', log_base=None, log_level=None, main=<bound method BuildVerb.main of <colcon_core.verb.build.BuildVerb object at 0x7f83782f98>>, merge_install=False, metas=['./colcon.meta'], packages_above=None, packages_above_and_dependencies=None, packages_above_depth=None, packages_end=None, packages_ignore=None, packages_ignore_regex=None, packages_select=None, packages_select_build_failed=False, packages_select_by_dep=None, packages_select_regex=None, packages_select_test_failures=False, packages_skip=None, packages_skip_build_finished=False, packages_skip_by_dep=None, packages_skip_regex=None, packages_skip_test_passed=False, packages_skip_up_to=None, packages_start=None, packages_up_to=None, packages_up_to_regex=None, parallel_workers=4, paths=None, symlink_install=False, test_result_base=None, verb_extension=<colcon_core.verb.build.BuildVerb object at 0x7f83782f98>, verb_name='build', verb_parser=<colcon_defaults.argument_parser.defaults.DefaultArgumentsDecorator object at 0x7f8378f320>)
[0.920s] Level 1:colcon.colcon_core.package_discovery:discover_packages(colcon_meta) check parameters
[0.921s] Level 1:colcon.colcon_core.package_discovery:discover_packages(recursive) check parameters
[0.921s] Level 1:colcon.colcon_core.package_discovery:discover_packages(ignore) check parameters
[0.921s] Level 1:colcon.colcon_core.package_discovery:discover_packages(path) check parameters
[0.921s] Level 1:colcon.colcon_core.package_discovery:discover_packages(colcon_meta) discover
[0.923s] Level 1:colcon.colcon_core.package_discovery:discover_packages(recursive) discover
[0.923s] INFO:colcon.colcon_core.package_discovery:Crawling recursively for packages in '/home/orthrus1-1/orthrus1-1'
[0.923s] Level 1:colcon.colcon_core.package_identification:_identify(.) by extensions ['ignore', 'ignore_ament_install']
[0.924s] Level 1:colcon.colcon_core.package_identification:_identify(.) by extension 'ignore'
[0.924s] Level 1:colcon.colcon_core.package_identification:_identify(.) by extension 'ignore_ament_install'
[0.925s] Level 1:colcon.colcon_core.package_identification:_identify(.) by extensions ['colcon_pkg']
[0.925s] Level 1:colcon.colcon_core.package_identification:_identify(.) by extension 'colcon_pkg'
[0.925s] Level 1:colcon.colcon_core.package_identification:_identify(.) by extensions ['colcon_meta']
[0.925s] Level 1:colcon.colcon_core.package_identification:_identify(.) by extension 'colcon_meta'
[0.925s] Level 1:colcon.colcon_core.package_identification:_identify(.) by extensions ['ros']
[0.926s] Level 1:colcon.colcon_core.package_identification:_identify(.) by extension 'ros'
[0.982s] Level 1:colcon.colcon_core.package_identification:_identify(.) by extensions ['cmake', 'python']
[0.983s] Level 1:colcon.colcon_core.package_identification:_identify(.) by extension 'cmake'
[0.983s] Level 1:colcon.colcon_core.package_identification:_identify(.) by extension 'python'
[0.983s] Level 1:colcon.colcon_core.package_identification:_identify(.) by extensions ['python_setup_py']
[0.984s] Level 1:colcon.colcon_core.package_identification:_identify(.) by extension 'python_setup_py'
[0.984s] Level 1:colcon.colcon_core.package_identification:_identify(build) by extensions ['ignore', 'ignore_ament_install']
[0.985s] Level 1:colcon.colcon_core.package_identification:_identify(build) by extension 'ignore'
[0.985s] Level 1:colcon.colcon_core.package_identification:_identify(build) ignored
[0.987s] Level 1:colcon.colcon_core.package_identification:_identify(install) by extensions ['ignore', 'ignore_ament_install']
[0.987s] Level 1:colcon.colcon_core.package_identification:_identify(install) by extension 'ignore'
[0.988s] Level 1:colcon.colcon_core.package_identification:_identify(install) ignored
[0.988s] Level 1:colcon.colcon_core.package_identification:_identify(log) by extensions ['ignore', 'ignore_ament_install']
[0.989s] Level 1:colcon.colcon_core.package_identification:_identify(log) by extension 'ignore'
[0.989s] Level 1:colcon.colcon_core.package_identification:_identify(log) ignored
[0.989s] Level 1:colcon.colcon_core.package_identification:_identify(src) by extensions ['ignore', 'ignore_ament_install']
[0.990s] Level 1:colcon.colcon_core.package_identification:_identify(src) by extension 'ignore'
[0.990s] Level 1:colcon.colcon_core.package_identification:_identify(src) by extension 'ignore_ament_install'
[0.990s] Level 1:colcon.colcon_core.package_identification:_identify(src) by extensions ['colcon_pkg']
[0.991s] Level 1:colcon.colcon_core.package_identification:_identify(src) by extension 'colcon_pkg'
[0.991s] Level 1:colcon.colcon_core.package_identification:_identify(src) by extensions ['colcon_meta']
[0.991s] Level 1:colcon.colcon_core.package_identification:_identify(src) by extension 'colcon_meta'
[0.991s] Level 1:colcon.colcon_core.package_identification:_identify(src) by extensions ['ros']
[0.992s] Level 1:colcon.colcon_core.package_identification:_identify(src) by extension 'ros'
[0.992s] Level 1:colcon.colcon_core.package_identification:_identify(src) by extensions ['cmake', 'python']
[0.992s] Level 1:colcon.colcon_core.package_identification:_identify(src) by extension 'cmake'
[0.992s] Level 1:colcon.colcon_core.package_identification:_identify(src) by extension 'python'
[0.993s] Level 1:colcon.colcon_core.package_identification:_identify(src) by extensions ['python_setup_py']
[0.993s] Level 1:colcon.colcon_core.package_identification:_identify(src) by extension 'python_setup_py'
[0.993s] Level 1:colcon.colcon_core.package_identification:_identify(src/message) by extensions ['ignore', 'ignore_ament_install']
[0.994s] Level 1:colcon.colcon_core.package_identification:_identify(src/message) by extension 'ignore'
[0.994s] Level 1:colcon.colcon_core.package_identification:_identify(src/message) by extension 'ignore_ament_install'
[0.994s] Level 1:colcon.colcon_core.package_identification:_identify(src/message) by extensions ['colcon_pkg']
[0.995s] Level 1:colcon.colcon_core.package_identification:_identify(src/message) by extension 'colcon_pkg'
[0.995s] Level 1:colcon.colcon_core.package_identification:_identify(src/message) by extensions ['colcon_meta']
[0.995s] Level 1:colcon.colcon_core.package_identification:_identify(src/message) by extension 'colcon_meta'
[0.995s] Level 1:colcon.colcon_core.package_identification:_identify(src/message) by extensions ['ros']
[0.996s] Level 1:colcon.colcon_core.package_identification:_identify(src/message) by extension 'ros'
[1.007s] DEBUG:colcon.colcon_core.package_identification:Package 'src/message' with type 'ros.ament_cmake' and name 'message'
[1.007s] Level 1:colcon.colcon_core.package_identification:_identify(src/motor) by extensions ['ignore', 'ignore_ament_install']
[1.008s] Level 1:colcon.colcon_core.package_identification:_identify(src/motor) by extension 'ignore'
[1.008s] Level 1:colcon.colcon_core.package_identification:_identify(src/motor) by extension 'ignore_ament_install'
[1.009s] Level 1:colcon.colcon_core.package_identification:_identify(src/motor) by extensions ['colcon_pkg']
[1.009s] Level 1:colcon.colcon_core.package_identification:_identify(src/motor) by extension 'colcon_pkg'
[1.009s] Level 1:colcon.colcon_core.package_identification:_identify(src/motor) by extensions ['colcon_meta']
[1.009s] Level 1:colcon.colcon_core.package_identification:_identify(src/motor) by extension 'colcon_meta'
[1.010s] Level 1:colcon.colcon_core.package_identification:_identify(src/motor) by extensions ['ros']
[1.010s] Level 1:colcon.colcon_core.package_identification:_identify(src/motor) by extension 'ros'
[1.012s] DEBUG:colcon.colcon_core.package_identification:Package 'src/motor' with type 'ros.ament_cmake' and name 'motor'
[1.012s] Level 1:colcon.colcon_core.package_discovery:discover_packages(recursive) using defaults
[1.014s] Level 1:colcon.colcon_core.package_discovery:discover_packages(ignore) discover
[1.014s] Level 1:colcon.colcon_core.package_discovery:discover_packages(ignore) using defaults
[1.014s] Level 1:colcon.colcon_core.package_discovery:discover_packages(path) discover
[1.014s] Level 1:colcon.colcon_core.package_discovery:discover_packages(path) using defaults
[1.124s] Level 5:colcon.colcon_core.verb:set package 'message' build argument 'cmake_args' from command line to 'None'
[1.124s] Level 5:colcon.colcon_core.verb:set package 'message' build argument 'cmake_target' from command line to 'None'
[1.124s] Level 5:colcon.colcon_core.verb:set package 'message' build argument 'cmake_target_skip_unavailable' from command line to 'False'
[1.125s] Level 5:colcon.colcon_core.verb:set package 'message' build argument 'cmake_clean_cache' from command line to 'False'
[1.125s] Level 5:colcon.colcon_core.verb:set package 'message' build argument 'cmake_clean_first' from command line to 'False'
[1.125s] Level 5:colcon.colcon_core.verb:set package 'message' build argument 'cmake_force_configure' from command line to 'False'
[1.125s] Level 5:colcon.colcon_core.verb:set package 'message' build argument 'ament_cmake_args' from command line to 'None'
[1.125s] Level 5:colcon.colcon_core.verb:set package 'message' build argument 'catkin_cmake_args' from command line to 'None'
[1.126s] Level 5:colcon.colcon_core.verb:set package 'message' build argument 'catkin_skip_building_tests' from command line to 'False'
[1.126s] DEBUG:colcon.colcon_core.verb:Building package 'message' with the following arguments: {'ament_cmake_args': None, 'build_base': '/home/orthrus1-1/orthrus1-1/build/message', 'catkin_cmake_args': None, 'catkin_skip_building_tests': False, 'cmake_args': None, 'cmake_clean_cache': False, 'cmake_clean_first': False, 'cmake_force_configure': False, 'cmake_target': None, 'cmake_target_skip_unavailable': False, 'install_base': '/home/orthrus1-1/orthrus1-1/install/message', 'merge_install': False, 'path': '/home/orthrus1-1/orthrus1-1/src/message', 'symlink_install': False, 'test_result_base': None}
[1.143s] Level 5:colcon.colcon_core.verb:set package 'motor' build argument 'cmake_args' from command line to 'None'
[1.143s] Level 5:colcon.colcon_core.verb:set package 'motor' build argument 'cmake_target' from command line to 'None'
[1.143s] Level 5:colcon.colcon_core.verb:set package 'motor' build argument 'cmake_target_skip_unavailable' from command line to 'False'
[1.144s] Level 5:colcon.colcon_core.verb:set package 'motor' build argument 'cmake_clean_cache' from command line to 'False'
[1.144s] Level 5:colcon.colcon_core.verb:set package 'motor' build argument 'cmake_clean_first' from command line to 'False'
[1.144s] Level 5:colcon.colcon_core.verb:set package 'motor' build argument 'cmake_force_configure' from command line to 'False'
[1.144s] Level 5:colcon.colcon_core.verb:set package 'motor' build argument 'ament_cmake_args' from command line to 'None'
[1.144s] Level 5:colcon.colcon_core.verb:set package 'motor' build argument 'catkin_cmake_args' from command line to 'None'
[1.145s] Level 5:colcon.colcon_core.verb:set package 'motor' build argument 'catkin_skip_building_tests' from command line to 'False'
[1.145s] DEBUG:colcon.colcon_core.verb:Building package 'motor' with the following arguments: {'ament_cmake_args': None, 'build_base': '/home/orthrus1-1/orthrus1-1/build/motor', 'catkin_cmake_args': None, 'catkin_skip_building_tests': False, 'cmake_args': None, 'cmake_clean_cache': False, 'cmake_clean_first': False, 'cmake_force_configure': False, 'cmake_target': None, 'cmake_target_skip_unavailable': False, 'install_base': '/home/orthrus1-1/orthrus1-1/install/motor', 'merge_install': False, 'path': '/home/orthrus1-1/orthrus1-1/src/motor', 'symlink_install': False, 'test_result_base': None}
[1.146s] INFO:colcon.colcon_core.executor:Executing jobs using 'parallel' executor
[1.157s] DEBUG:colcon.colcon_parallel_executor.executor.parallel:run_until_complete
[1.158s] INFO:colcon.colcon_ros.task.ament_cmake.build:Building ROS package in '/home/orthrus1-1/orthrus1-1/src/message' with build type 'ament_cmake'
[1.159s] INFO:colcon.colcon_cmake.task.cmake.build:Building CMake package in '/home/orthrus1-1/orthrus1-1/src/message'
[1.175s] INFO:colcon.colcon_core.plugin_system:Skipping extension 'colcon_core.shell.bat': Not used on non-Windows systems
[1.176s] INFO:colcon.colcon_core.shell:Skip shell extension 'powershell' for command environment: Not usable outside of PowerShell
[1.177s] DEBUG:colcon.colcon_core.shell:Skip shell extension 'dsv' for command environment
[1.189s] DEBUG:colcon.colcon_core.shell:Ignoring prefix path '/opt/ros/dashing'
[1.198s] INFO:colcon.colcon_ros.task.ament_cmake.build:Building ROS package in '/home/orthrus1-1/orthrus1-1/src/motor' with build type 'ament_cmake'
[1.200s] INFO:colcon.colcon_cmake.task.cmake.build:Building CMake package in '/home/orthrus1-1/orthrus1-1/src/motor'
[1.203s] INFO:colcon.colcon_core.shell:Skip shell extension 'powershell' for command environment: Not usable outside of PowerShell
[1.204s] DEBUG:colcon.colcon_core.shell:Skip shell extension 'dsv' for command environment
[1.213s] DEBUG:colcon.colcon_core.shell:Ignoring prefix path '/opt/ros/dashing'
[1.240s] DEBUG:colcon.colcon_core.event_handler.log_command:Invoking command in '/home/orthrus1-1/orthrus1-1/build/message': CMAKE_PREFIX_PATH=/opt/ros/dashing /usr/bin/cmake --build /home/orthrus1-1/orthrus1-1/build/message -- -j4 -l4
[1.271s] DEBUG:colcon.colcon_core.event_handler.log_command:Invoking command in '/home/orthrus1-1/orthrus1-1/build/motor': CMAKE_PREFIX_PATH=/opt/ros/dashing /usr/bin/cmake --build /home/orthrus1-1/orthrus1-1/build/motor -- -j4 -l4
[1.524s] DEBUG:colcon.colcon_core.event_handler.log_command:Invoked command in '/home/orthrus1-1/orthrus1-1/build/motor' returned '0': CMAKE_PREFIX_PATH=/opt/ros/dashing /usr/bin/cmake --build /home/orthrus1-1/orthrus1-1/build/motor -- -j4 -l4
[1.655s] DEBUG:colcon.colcon_core.event_handler.log_command:Invoking command in '/home/orthrus1-1/orthrus1-1/build/motor': CMAKE_PREFIX_PATH=/opt/ros/dashing /usr/bin/cmake --build /home/orthrus1-1/orthrus1-1/build/motor --target install -- -j4 -l4
[1.994s] Level 1:colcon.colcon_core.environment:create_environment_scripts_only(motor)
[1.999s] DEBUG:colcon.colcon_core.event_handler.log_command:Invoked command in '/home/orthrus1-1/orthrus1-1/build/motor' returned '0': CMAKE_PREFIX_PATH=/opt/ros/dashing /usr/bin/cmake --build /home/orthrus1-1/orthrus1-1/build/motor --target install -- -j4 -l4
[2.012s] Level 1:colcon.colcon_core.environment:checking '/home/orthrus1-1/orthrus1-1/install/motor' for CMake module files
[2.016s] Level 1:colcon.colcon_core.environment:checking '/home/orthrus1-1/orthrus1-1/install/motor' for CMake config files
[2.017s] Level 1:colcon.colcon_core.shell:create_environment_hook('motor', 'cmake_prefix_path')
[2.021s] INFO:colcon.colcon_core.shell:Creating environment hook '/home/orthrus1-1/orthrus1-1/install/motor/share/motor/hook/cmake_prefix_path.ps1'
[2.028s] INFO:colcon.colcon_core.shell:Creating environment descriptor '/home/orthrus1-1/orthrus1-1/install/motor/share/motor/hook/cmake_prefix_path.dsv'
[2.030s] INFO:colcon.colcon_core.shell:Creating environment hook '/home/orthrus1-1/orthrus1-1/install/motor/share/motor/hook/cmake_prefix_path.sh'
[2.036s] Level 1:colcon.colcon_core.environment:checking '/home/orthrus1-1/orthrus1-1/install/motor/lib'
[2.037s] Level 1:colcon.colcon_core.shell:create_environment_hook('motor', 'ld_library_path_lib')
[2.041s] INFO:colcon.colcon_core.shell:Creating environment hook '/home/orthrus1-1/orthrus1-1/install/motor/share/motor/hook/ld_library_path_lib.ps1'
[2.043s] INFO:colcon.colcon_core.shell:Creating environment descriptor '/home/orthrus1-1/orthrus1-1/install/motor/share/motor/hook/ld_library_path_lib.dsv'
[2.044s] INFO:colcon.colcon_core.shell:Creating environment hook '/home/orthrus1-1/orthrus1-1/install/motor/share/motor/hook/ld_library_path_lib.sh'
[2.046s] Level 1:colcon.colcon_core.environment:checking '/home/orthrus1-1/orthrus1-1/install/motor/bin'
[2.046s] Level 1:colcon.colcon_core.environment:checking '/home/orthrus1-1/orthrus1-1/install/motor/lib/pkgconfig/motor.pc'
[2.047s] Level 1:colcon.colcon_core.environment:checking '/home/orthrus1-1/orthrus1-1/install/motor/lib/python3.6/site-packages'
[2.050s] INFO:colcon.colcon_core.shell:Creating package script '/home/orthrus1-1/orthrus1-1/install/motor/share/motor/package.ps1'
[2.055s] INFO:colcon.colcon_core.shell:Creating package descriptor '/home/orthrus1-1/orthrus1-1/install/motor/share/motor/package.dsv'
[2.058s] INFO:colcon.colcon_core.shell:Creating package script '/home/orthrus1-1/orthrus1-1/install/motor/share/motor/package.sh'
[2.064s] INFO:colcon.colcon_core.shell:Creating package script '/home/orthrus1-1/orthrus1-1/install/motor/share/motor/package.bash'
[2.069s] INFO:colcon.colcon_core.shell:Creating package script '/home/orthrus1-1/orthrus1-1/install/motor/share/motor/package.zsh'
[2.073s] Level 1:colcon.colcon_core.environment:create_file_with_runtime_dependencies(/home/orthrus1-1/orthrus1-1/install/motor/share/colcon-core/packages/motor)
[2.157s] Level 1:colcon.colcon_core.environment:create_environment_scripts_only(motor)
[2.163s] Level 1:colcon.colcon_core.environment:checking '/home/orthrus1-1/orthrus1-1/install/motor' for CMake module files
[2.167s] Level 1:colcon.colcon_core.environment:checking '/home/orthrus1-1/orthrus1-1/install/motor' for CMake config files
[2.168s] Level 1:colcon.colcon_core.shell:create_environment_hook('motor', 'cmake_prefix_path')
[2.172s] INFO:colcon.colcon_core.shell:Creating environment hook '/home/orthrus1-1/orthrus1-1/install/motor/share/motor/hook/cmake_prefix_path.ps1'
[2.175s] INFO:colcon.colcon_core.shell:Creating environment descriptor '/home/orthrus1-1/orthrus1-1/install/motor/share/motor/hook/cmake_prefix_path.dsv'
[2.176s] INFO:colcon.colcon_core.shell:Creating environment hook '/home/orthrus1-1/orthrus1-1/install/motor/share/motor/hook/cmake_prefix_path.sh'
[2.180s] Level 1:colcon.colcon_core.environment:checking '/home/orthrus1-1/orthrus1-1/install/motor/lib'
[2.180s] Level 1:colcon.colcon_core.shell:create_environment_hook('motor', 'ld_library_path_lib')
[2.228s] INFO:colcon.colcon_core.shell:Creating environment hook '/home/orthrus1-1/orthrus1-1/install/motor/share/motor/hook/ld_library_path_lib.ps1'
[2.230s] INFO:colcon.colcon_core.shell:Creating environment descriptor '/home/orthrus1-1/orthrus1-1/install/motor/share/motor/hook/ld_library_path_lib.dsv'
[2.232s] INFO:colcon.colcon_core.shell:Creating environment hook '/home/orthrus1-1/orthrus1-1/install/motor/share/motor/hook/ld_library_path_lib.sh'
[2.233s] Level 1:colcon.colcon_core.environment:checking '/home/orthrus1-1/orthrus1-1/install/motor/bin'
[2.234s] Level 1:colcon.colcon_core.environment:checking '/home/orthrus1-1/orthrus1-1/install/motor/lib/pkgconfig/motor.pc'
[2.234s] Level 1:colcon.colcon_core.environment:checking '/home/orthrus1-1/orthrus1-1/install/motor/lib/python3.6/site-packages'
[2.238s] INFO:colcon.colcon_core.shell:Creating package script '/home/orthrus1-1/orthrus1-1/install/motor/share/motor/package.ps1'
[2.241s] INFO:colcon.colcon_core.shell:Creating package descriptor '/home/orthrus1-1/orthrus1-1/install/motor/share/motor/package.dsv'
[2.243s] INFO:colcon.colcon_core.shell:Creating package script '/home/orthrus1-1/orthrus1-1/install/motor/share/motor/package.sh'
[2.245s] INFO:colcon.colcon_core.shell:Creating package script '/home/orthrus1-1/orthrus1-1/install/motor/share/motor/package.bash'
[2.247s] INFO:colcon.colcon_core.shell:Creating package script '/home/orthrus1-1/orthrus1-1/install/motor/share/motor/package.zsh'
[2.249s] Level 1:colcon.colcon_core.environment:create_file_with_runtime_dependencies(/home/orthrus1-1/orthrus1-1/install/motor/share/colcon-core/packages/motor)
[30.444s] DEBUG:colcon.colcon_core.event_handler.log_command:Invoked command in '/home/orthrus1-1/orthrus1-1/build/message' returned '0': CMAKE_PREFIX_PATH=/opt/ros/dashing /usr/bin/cmake --build /home/orthrus1-1/orthrus1-1/build/message -- -j4 -l4
[30.659s] DEBUG:colcon.colcon_core.event_handler.log_command:Invoking command in '/home/orthrus1-1/orthrus1-1/build/message': CMAKE_PREFIX_PATH=/opt/ros/dashing /usr/bin/cmake --build /home/orthrus1-1/orthrus1-1/build/message --target install -- -j4 -l4
[31.919s] Level 1:colcon.colcon_core.environment:create_environment_scripts_only(message)
[31.926s] Level 1:colcon.colcon_core.environment:checking '/home/orthrus1-1/orthrus1-1/install/message' for CMake module files
[31.928s] DEBUG:colcon.colcon_core.event_handler.log_command:Invoked command in '/home/orthrus1-1/orthrus1-1/build/message' returned '0': CMAKE_PREFIX_PATH=/opt/ros/dashing /usr/bin/cmake --build /home/orthrus1-1/orthrus1-1/build/message --target install -- -j4 -l4
[31.930s] Level 1:colcon.colcon_core.environment:checking '/home/orthrus1-1/orthrus1-1/install/message' for CMake config files
[31.931s] Level 1:colcon.colcon_core.shell:create_environment_hook('message', 'cmake_prefix_path')
[31.934s] INFO:colcon.colcon_core.shell:Creating environment hook '/home/orthrus1-1/orthrus1-1/install/message/share/message/hook/cmake_prefix_path.ps1'
[31.938s] INFO:colcon.colcon_core.shell:Creating environment descriptor '/home/orthrus1-1/orthrus1-1/install/message/share/message/hook/cmake_prefix_path.dsv'
[31.939s] INFO:colcon.colcon_core.shell:Creating environment hook '/home/orthrus1-1/orthrus1-1/install/message/share/message/hook/cmake_prefix_path.sh'
[31.943s] Level 1:colcon.colcon_core.environment:checking '/home/orthrus1-1/orthrus1-1/install/message/lib'
[31.943s] Level 1:colcon.colcon_core.shell:create_environment_hook('message', 'ld_library_path_lib')
[31.946s] INFO:colcon.colcon_core.shell:Creating environment hook '/home/orthrus1-1/orthrus1-1/install/message/share/message/hook/ld_library_path_lib.ps1'
[31.948s] INFO:colcon.colcon_core.shell:Creating environment descriptor '/home/orthrus1-1/orthrus1-1/install/message/share/message/hook/ld_library_path_lib.dsv'
[31.949s] INFO:colcon.colcon_core.shell:Creating environment hook '/home/orthrus1-1/orthrus1-1/install/message/share/message/hook/ld_library_path_lib.sh'
[31.950s] Level 1:colcon.colcon_core.environment:checking '/home/orthrus1-1/orthrus1-1/install/message/bin'
[31.951s] Level 1:colcon.colcon_core.environment:checking '/home/orthrus1-1/orthrus1-1/install/message/lib/pkgconfig/message.pc'
[31.951s] Level 1:colcon.colcon_core.environment:checking '/home/orthrus1-1/orthrus1-1/install/message/lib/python3.6/site-packages'
[31.951s] Level 1:colcon.colcon_core.shell:create_environment_hook('message', 'pythonpath')
[31.954s] INFO:colcon.colcon_core.shell:Creating environment hook '/home/orthrus1-1/orthrus1-1/install/message/share/message/hook/pythonpath.ps1'
[31.956s] INFO:colcon.colcon_core.shell:Creating environment descriptor '/home/orthrus1-1/orthrus1-1/install/message/share/message/hook/pythonpath.dsv'
[31.957s] INFO:colcon.colcon_core.shell:Creating environment hook '/home/orthrus1-1/orthrus1-1/install/message/share/message/hook/pythonpath.sh'
[31.962s] INFO:colcon.colcon_core.shell:Creating package script '/home/orthrus1-1/orthrus1-1/install/message/share/message/package.ps1'
[31.964s] INFO:colcon.colcon_core.shell:Creating package descriptor '/home/orthrus1-1/orthrus1-1/install/message/share/message/package.dsv'
[31.967s] INFO:colcon.colcon_core.shell:Creating package script '/home/orthrus1-1/orthrus1-1/install/message/share/message/package.sh'
[31.969s] INFO:colcon.colcon_core.shell:Creating package script '/home/orthrus1-1/orthrus1-1/install/message/share/message/package.bash'
[31.970s] INFO:colcon.colcon_core.shell:Creating package script '/home/orthrus1-1/orthrus1-1/install/message/share/message/package.zsh'
[31.972s] Level 1:colcon.colcon_core.environment:create_file_with_runtime_dependencies(/home/orthrus1-1/orthrus1-1/install/message/share/colcon-core/packages/message)
[32.183s] Level 1:colcon.colcon_core.environment:create_environment_scripts_only(message)
[32.188s] Level 1:colcon.colcon_core.environment:checking '/home/orthrus1-1/orthrus1-1/install/message' for CMake module files
[32.192s] Level 1:colcon.colcon_core.environment:checking '/home/orthrus1-1/orthrus1-1/install/message' for CMake config files
[32.193s] Level 1:colcon.colcon_core.shell:create_environment_hook('message', 'cmake_prefix_path')
[32.196s] INFO:colcon.colcon_core.shell:Creating environment hook '/home/orthrus1-1/orthrus1-1/install/message/share/message/hook/cmake_prefix_path.ps1'
[32.198s] INFO:colcon.colcon_core.shell:Creating environment descriptor '/home/orthrus1-1/orthrus1-1/install/message/share/message/hook/cmake_prefix_path.dsv'
[32.200s] INFO:colcon.colcon_core.shell:Creating environment hook '/home/orthrus1-1/orthrus1-1/install/message/share/message/hook/cmake_prefix_path.sh'
[32.204s] Level 1:colcon.colcon_core.environment:checking '/home/orthrus1-1/orthrus1-1/install/message/lib'
[32.204s] Level 1:colcon.colcon_core.shell:create_environment_hook('message', 'ld_library_path_lib')
[32.208s] INFO:colcon.colcon_core.shell:Creating environment hook '/home/orthrus1-1/orthrus1-1/install/message/share/message/hook/ld_library_path_lib.ps1'
[32.209s] INFO:colcon.colcon_core.shell:Creating environment descriptor '/home/orthrus1-1/orthrus1-1/install/message/share/message/hook/ld_library_path_lib.dsv'
[32.211s] INFO:colcon.colcon_core.shell:Creating environment hook '/home/orthrus1-1/orthrus1-1/install/message/share/message/hook/ld_library_path_lib.sh'
[32.212s] Level 1:colcon.colcon_core.environment:checking '/home/orthrus1-1/orthrus1-1/install/message/bin'
[32.213s] Level 1:colcon.colcon_core.environment:checking '/home/orthrus1-1/orthrus1-1/install/message/lib/pkgconfig/message.pc'
[32.213s] Level 1:colcon.colcon_core.environment:checking '/home/orthrus1-1/orthrus1-1/install/message/lib/python3.6/site-packages'
[32.214s] Level 1:colcon.colcon_core.shell:create_environment_hook('message', 'pythonpath')
[32.217s] INFO:colcon.colcon_core.shell:Creating environment hook '/home/orthrus1-1/orthrus1-1/install/message/share/message/hook/pythonpath.ps1'
[32.218s] INFO:colcon.colcon_core.shell:Creating environment descriptor '/home/orthrus1-1/orthrus1-1/install/message/share/message/hook/pythonpath.dsv'
[32.219s] INFO:colcon.colcon_core.shell:Creating environment hook '/home/orthrus1-1/orthrus1-1/install/message/share/message/hook/pythonpath.sh'
[32.225s] INFO:colcon.colcon_core.shell:Creating package script '/home/orthrus1-1/orthrus1-1/install/message/share/message/package.ps1'
[32.227s] INFO:colcon.colcon_core.shell:Creating package descriptor '/home/orthrus1-1/orthrus1-1/install/message/share/message/package.dsv'
[32.230s] INFO:colcon.colcon_core.shell:Creating package script '/home/orthrus1-1/orthrus1-1/install/message/share/message/package.sh'
[32.232s] INFO:colcon.colcon_core.shell:Creating package script '/home/orthrus1-1/orthrus1-1/install/message/share/message/package.bash'
[32.234s] INFO:colcon.colcon_core.shell:Creating package script '/home/orthrus1-1/orthrus1-1/install/message/share/message/package.zsh'
[32.236s] Level 1:colcon.colcon_core.environment:create_file_with_runtime_dependencies(/home/orthrus1-1/orthrus1-1/install/message/share/colcon-core/packages/message)
[32.237s] DEBUG:colcon.colcon_parallel_executor.executor.parallel:closing loop
[32.239s] DEBUG:colcon.colcon_parallel_executor.executor.parallel:loop closed
[32.240s] DEBUG:colcon.colcon_parallel_executor.executor.parallel:run_until_complete finished with '0'
[32.240s] DEBUG:colcon.colcon_core.event_reactor:joining thread
[32.266s] INFO:colcon.colcon_core.plugin_system:Skipping extension 'colcon_notification.desktop_notification.terminal_notifier': Not used on non-Darwin systems
[32.267s] INFO:colcon.colcon_core.plugin_system:Skipping extension 'colcon_notification.desktop_notification.win32': Not used on non-Windows systems
[32.267s] INFO:colcon.colcon_notification.desktop_notification:Sending desktop notification using 'notify2'
[32.344s] DEBUG:colcon.colcon_core.event_reactor:joined thread
[32.349s] INFO:colcon.colcon_core.shell:Creating prefix script '/home/orthrus1-1/orthrus1-1/install/local_setup.ps1'
[32.355s] INFO:colcon.colcon_core.shell:Creating prefix util module '/home/orthrus1-1/orthrus1-1/install/_local_setup_util_ps1.py'
[32.364s] INFO:colcon.colcon_core.shell:Creating prefix chain script '/home/orthrus1-1/orthrus1-1/install/setup.ps1'
[32.379s] INFO:colcon.colcon_core.shell:Creating prefix script '/home/orthrus1-1/orthrus1-1/install/local_setup.sh'
[32.382s] INFO:colcon.colcon_core.shell:Creating prefix util module '/home/orthrus1-1/orthrus1-1/install/_local_setup_util_sh.py'
[32.385s] INFO:colcon.colcon_core.shell:Creating prefix chain script '/home/orthrus1-1/orthrus1-1/install/setup.sh'
[32.400s] INFO:colcon.colcon_core.shell:Creating prefix script '/home/orthrus1-1/orthrus1-1/install/local_setup.bash'
[32.403s] INFO:colcon.colcon_core.shell:Creating prefix chain script '/home/orthrus1-1/orthrus1-1/install/setup.bash'
[32.417s] INFO:colcon.colcon_core.shell:Creating prefix script '/home/orthrus1-1/orthrus1-1/install/local_setup.zsh'
[32.420s] INFO:colcon.colcon_core.shell:Creating prefix chain script '/home/orthrus1-1/orthrus1-1/install/setup.zsh'
