-- Found ament_cmake: 0.7.5 (/opt/ros/dashing/share/ament_cmake/cmake)
-- Using PYTHON_EXECUTABLE: /usr/bin/python3
-- Found rclcpp: 0.7.14 (/opt/ros/dashing/share/rclcpp/cmake)
-- Found rosidl_adapter: 0.7.9 (/opt/ros/dashing/share/rosidl_adapter/cmake)
-- Found rmw_implementation_cmake: 0.7.2 (/opt/ros/dashing/share/rmw_implementation_cmake/cmake)
-- Using RMW implementation 'rmw_fastrtps_cpp' as default
-- Found std_msgs: 0.7.0 (/opt/ros/dashing/share/std_msgs/cmake)
CMake Error at CMakeLists.txt:31 (target_include_directories):
  Cannot specify include directories for target "motor_send" which is not
  built by this project.


-- Found ament_lint_auto: 0.7.12 (/opt/ros/dashing/share/ament_lint_auto/cmake)
-- Added test 'copyright' to check for copyright in CMake / C / C++ / Python code
-- Added test 'cppcheck' to perform static code analysis on C / C++ code
-- Configured cppcheck include dirs: 
-- Added test 'cpplint' to check C / C++ code against the Google style
-- Added test 'lint_cmake' to check CMake code style
-- Added test 'uncrustify' to check C / C++ code style
-- Added test 'xmllint' to check XML markup files
-- Configuring incomplete, errors occurred!
See also "/home/orthrus1-1/orthrus1-1/build/motor/CMakeFiles/CMakeOutput.log".
See also "/home/orthrus1-1/orthrus1-1/build/motor/CMakeFiles/CMakeError.log".
make: *** [cmake_check_build_system] Error 1
Makefile:252: recipe for target 'cmake_check_build_system' failed
