[0.064s] Invoking command in '/home/orthrus1-1/orthrus1-1/build/motor': CMAKE_PREFIX_PATH=/opt/ros/dashing /usr/bin/cmake --build /home/orthrus1-1/orthrus1-1/build/motor -- -j4 -l4
[0.157s] -- Found ament_cmake: 0.7.5 (/opt/ros/dashing/share/ament_cmake/cmake)
[0.277s] -- Using PYTHON_EXECUTABLE: /usr/bin/python3
[1.241s] -- Found rclcpp: 0.7.14 (/opt/ros/dashing/share/rclcpp/cmake)
[1.287s] -- Found rosidl_adapter: 0.7.9 (/opt/ros/dashing/share/rosidl_adapter/cmake)
[1.407s] -- Found rmw_implementation_cmake: 0.7.2 (/opt/ros/dashing/share/rmw_implementation_cmake/cmake)
[1.412s] -- Using RMW implementation 'rmw_fastrtps_cpp' as default
[1.503s] -- Found std_msgs: 0.7.0 (/opt/ros/dashing/share/std_msgs/cmake)
[1.520s] CMake Error at CMakeLists.txt:31 (target_include_directories):
[1.520s]   Cannot specify include directories for target "motor_send" which is not
[1.521s]   built by this project.
[1.521s] 
[1.522s] 
[1.560s] -- Found ament_lint_auto: 0.7.12 (/opt/ros/dashing/share/ament_lint_auto/cmake)
[1.861s] -- Added test 'copyright' to check for copyright in CMake / C / C++ / Python code
[1.867s] -- Added test 'cppcheck' to perform static code analysis on C / C++ code
[1.867s] -- Configured cppcheck include dirs: 
[1.871s] -- Added test 'cpplint' to check C / C++ code against the Google style
[1.874s] -- Added test 'lint_cmake' to check CMake code style
[1.879s] -- Added test 'uncrustify' to check C / C++ code style
[1.880s] -- Added test 'xmllint' to check XML markup files
[1.888s] -- Configuring incomplete, errors occurred!
[1.889s] See also "/home/orthrus1-1/orthrus1-1/build/motor/CMakeFiles/CMakeOutput.log".
[1.890s] See also "/home/orthrus1-1/orthrus1-1/build/motor/CMakeFiles/CMakeError.log".
[1.897s] make: *** [cmake_check_build_system] Error 1
[1.897s] Makefile:252: recipe for target 'cmake_check_build_system' failed
[1.903s] Invoked command in '/home/orthrus1-1/orthrus1-1/build/motor' returned '2': CMAKE_PREFIX_PATH=/opt/ros/dashing /usr/bin/cmake --build /home/orthrus1-1/orthrus1-1/build/motor -- -j4 -l4
