[0.037s] Invoking command in '/home/orthrus1-1/orthrus1-1/build/motor': CMAKE_PREFIX_PATH=/home/orthrus1-1/orthrus1-1/install/message:/home/orthrus1-1/orthrus1-1/install/motor:/opt/ros/dashing LD_LIBRARY_PATH=/home/orthrus1-1/orthrus1-1/install/message/lib:/home/orthrus1-1/orthrus1-1/install/motor/lib:/opt/ros/dashing/opt/yaml_cpp_vendor/lib:/opt/ros/dashing/opt/rviz_ogre_vendor/lib:/usr/lib:/opt/ros/dashing/lib /usr/bin/cmake --build /home/orthrus1-1/orthrus1-1/build/motor -- -j4 -l4
[0.195s] [35m[1mScanning dependencies of target motor_carryout[0m
[0.250s] [ 50%] Built target check
[0.292s] [ 75%] [32mBuilding CXX object CMakeFiles/motor_carryout.dir/src/motor_carryout.cpp.o[0m
[0.567s] [01m[K/home/orthrus1-1/orthrus1-1/src/motor/src/motor_carryout.cpp:61:8:[m[K [01;35m[Kwarning: [m[K"/*" within comment [[01;35m[K-Wcomment[m[K]
[0.567s]        //* auto message = std_msgs::msg::String();
[0.568s] 
[0.568s]          
[0.569s] [01m[K/home/orthrus1-1/orthrus1-1/src/motor/src/motor_carryout.cpp:62:8:[m[K [01;35m[Kwarning: [m[K"/*" within comment [[01;35m[K-Wcomment[m[K]
[0.569s]        //* message.data = "Hello, world! " + std::to_string(count_++);
[0.570s] 
[0.570s]          
[0.571s] [01m[K/home/orthrus1-1/orthrus1-1/src/motor/src/motor_carryout.cpp:63:8:[m[K [01;35m[Kwarning: [m[K"/*" within comment [[01;35m[K-Wcomment[m[K]
[0.571s]        //* RCLCPP_INFO(this->get_logger(), "Publishing: '%s'", message.data.c_str());
[0.572s] 
[0.572s]          
[0.573s] [01m[K/home/orthrus1-1/orthrus1-1/src/motor/src/motor_carryout.cpp:64:8:[m[K [01;35m[Kwarning: [m[K"/*" within comment [[01;35m[K-Wcomment[m[K]
[0.573s]        //* publisher_->publish(message);
[0.574s] 
[0.574s]          
[3.763s] [01m[K/home/orthrus1-1/orthrus1-1/src/motor/src/motor_carryout.cpp:34:31:[m[K [01;31m[Kerror: [m[K‘[01m[Kstd_msgs[m[K’ does not name a type
[3.763s]      void topic_callback(const [01;31m[Kstd_msgs[m[K::msg::String::SharedPtr msg) const
[3.764s] 
[3.765s]                                [01;31m[K^~~~~~~~[m[K
[3.765s] [01m[K/home/orthrus1-1/orthrus1-1/src/motor/src/motor_carryout.cpp:34:44:[m[K [01;31m[Kerror: [m[Kexpected unqualified-id before ‘[01m[K::[m[K’ token
[3.766s]      void topic_callback(const std_msgs::msg[01;31m[K::[m[KString::SharedPtr msg) const
[3.766s] 
[3.767s]                                             [01;31m[K^~[m[K
[3.767s] [01m[K/home/orthrus1-1/orthrus1-1/src/motor/src/motor_carryout.cpp:34:44:[m[K [01;31m[Kerror: [m[Kexpected ‘[01m[K)[m[K’ before ‘[01m[K::[m[K’ token
[3.768s] [01m[K/home/orthrus1-1/orthrus1-1/src/motor/src/motor_carryout.cpp:34:41:[m[K [01;31m[Kerror: [m[Kexpected ‘[01m[K;[m[K’ at end of member declaration
[3.769s]      void topic_callback(const std_msgs::[01;31m[Kmsg[m[K::String::SharedPtr msg) const
[3.770s] 
[3.770s]                                          [01;31m[K^~~[m[K
[3.771s] [01m[K/home/orthrus1-1/orthrus1-1/src/motor/src/motor_carryout.cpp:34:46:[m[K [01;31m[Kerror: [m[K‘[01m[KString[m[K’ in namespace ‘[01m[K::[m[K’ does not name a type
[3.771s]      void topic_callback(const std_msgs::msg::[01;31m[KString[m[K::SharedPtr msg) const
[3.772s] 
[3.773s]                                               [01;31m[K^~~~~~[m[K
[3.773s] [01m[K/home/orthrus1-1/orthrus1-1/src/motor/src/motor_carryout.cpp:38:26:[m[K [01;31m[Kerror: [m[K‘[01m[Kstd_msgs[m[K’ was not declared in this scope
[3.774s]      rclcpp::Subscription<[01;31m[Kstd_msgs[m[K::msg::Motor_carryout>::SharedPtr subscription_;};
[3.774s] 
[3.775s]                           [01;31m[K^~~~~~~~[m[K
[3.775s] [01m[K/home/orthrus1-1/orthrus1-1/src/motor/src/motor_carryout.cpp:38:55:[m[K [01;31m[Kerror: [m[Ktemplate argument 1 is invalid
[3.776s]      rclcpp::Subscription<std_msgs::msg::Motor_carryout[01;31m[K>[m[K::SharedPtr subscription_;};
[3.777s] 
[3.778s]                                                        [01;31m[K^[m[K
[3.778s] [01m[K/home/orthrus1-1/orthrus1-1/src/motor/src/motor_carryout.cpp:38:58:[m[K [01;31m[Kerror: [m[Kexpected ‘[01m[K;[m[K’ at end of member declaration
[3.779s]      rclcpp::Subscription<std_msgs::msg::Motor_carryout>::[01;31m[KSharedPtr[m[K subscription_;};
[3.780s] 
[3.780s]                                                           [01;31m[K^~~~~~~~~[m[K
[3.781s] [01m[K/home/orthrus1-1/orthrus1-1/src/motor/src/motor_carryout.cpp:38:68:[m[K [01;31m[Kerror: [m[K‘[01m[Ksubscription_[m[K’ does not name a type; did you mean ‘[01m[Krcl_subscription_t[m[K’?
[3.781s]      rclcpp::Subscription<std_msgs::msg::Motor_carryout>::SharedPtr [01;31m[Ksubscription_[m[K;};
[3.782s] 
[3.782s]                                                                     [01;31m[K^~~~~~~~~~~~~[m[K
[3.783s]                                                                     [32m[Krcl_subscription_t[m[K
[3.783s] [01m[K/home/orthrus1-1/orthrus1-1/src/motor/src/motor_carryout.cpp:[m[K In constructor ‘[01m[Kmotor_carryout::motor_carryout()[m[K’:
[3.784s] [01m[K/home/orthrus1-1/orthrus1-1/src/motor/src/motor_carryout.cpp:26:7:[m[K [01;31m[Kerror: [m[K‘[01m[Ksubscription_[m[K’ was not declared in this scope
[3.784s]        [01;31m[Ksubscription_[m[K = this->create_subscription<std_msgs::msg::Motor_carryout>(
[3.785s] 
[3.785s]        [01;31m[K^~~~~~~~~~~~~[m[K
[3.787s] [01m[K/home/orthrus1-1/orthrus1-1/src/motor/src/motor_carryout.cpp:26:7:[m[K [01;36m[Knote: [m[Ksuggested alternative: ‘[01m[Krcl_subscription_t[m[K’
[3.787s]        [01;36m[Ksubscription_[m[K = this->create_subscription<std_msgs::msg::Motor_carryout>(
[3.788s] 
[3.788s]        [01;36m[K^~~~~~~~~~~~~[m[K
[3.789s]        [32m[Krcl_subscription_t[m[K
[3.789s] [01m[K/home/orthrus1-1/orthrus1-1/src/motor/src/motor_carryout.cpp:26:49:[m[K [01;31m[Kerror: [m[K‘[01m[Kstd_msgs[m[K’ was not declared in this scope
[3.790s]        subscription_ = this->create_subscription<[01;31m[Kstd_msgs[m[K::msg::Motor_carryout>(
[3.791s] 
[3.791s]                                                  [01;31m[K^~~~~~~~[m[K
[3.793s] [01m[K/home/orthrus1-1/orthrus1-1/src/motor/src/motor_carryout.cpp:26:29:[m[K [01;31m[Kerror: [m[Kparse error in template argument list
[3.794s]        subscription_ = this->[01;31m[Kcreate_subscription<std_msgs::msg::Motor_carryout>[m[K(
[3.794s] 
[3.795s]                              [01;31m[K^~~~~~~~~~~~~~~~~~~~~~~~~~~~~~~~~~~~~~~~~~~~~~~~~~[m[K
[3.795s] [01m[K/home/orthrus1-1/orthrus1-1/src/motor/src/motor_carryout.cpp:27:77:[m[K [01;31m[Kerror: [m[K‘[01m[K_1[m[K’ was not declared in this scope
[3.796s]        "motor_carryout", 2, std::bind(&motor_carryout::topic_callback, this, [01;31m[K_1[m[K));
[3.796s] 
[3.797s]                                                                              [01;31m[K^~[m[K
[3.797s] [01m[K/home/orthrus1-1/orthrus1-1/src/motor/src/motor_carryout.cpp:27:77:[m[K [01;36m[Knote: [m[Ksuggested alternative:
[3.798s] In file included from [01m[K/home/orthrus1-1/orthrus1-1/src/motor/src/motor_carryout.cpp:12:0[m[K:
[3.798s] [01m[K/usr/include/c++/7/functional:275:34:[m[K [01;36m[Knote: [m[K  ‘[01m[Kstd::placeholders::_1[m[K’
[3.799s]      extern const _Placeholder<1> [01;36m[K_1[m[K;
[3.799s]                                   [01;36m[K^~[m[K
[4.381s] CMakeFiles/motor_carryout.dir/build.make:62: recipe for target 'CMakeFiles/motor_carryout.dir/src/motor_carryout.cpp.o' failed
[4.382s] make[2]: *** [CMakeFiles/motor_carryout.dir/src/motor_carryout.cpp.o] Error 1
[4.383s] CMakeFiles/Makefile2:136: recipe for target 'CMakeFiles/motor_carryout.dir/all' failed
[4.383s] make[1]: *** [CMakeFiles/motor_carryout.dir/all] Error 2
[4.384s] Makefile:140: recipe for target 'all' failed
[4.384s] make: *** [all] Error 2
[4.389s] Invoked command in '/home/orthrus1-1/orthrus1-1/build/motor' returned '2': CMAKE_PREFIX_PATH=/home/orthrus1-1/orthrus1-1/install/message:/home/orthrus1-1/orthrus1-1/install/motor:/opt/ros/dashing LD_LIBRARY_PATH=/home/orthrus1-1/orthrus1-1/install/message/lib:/home/orthrus1-1/orthrus1-1/install/motor/lib:/opt/ros/dashing/opt/yaml_cpp_vendor/lib:/opt/ros/dashing/opt/rviz_ogre_vendor/lib:/usr/lib:/opt/ros/dashing/lib /usr/bin/cmake --build /home/orthrus1-1/orthrus1-1/build/motor -- -j4 -l4
