[0.032s] Invoking command in '/home/orthrus1-1/orthrus1-1/build/motor': AMENT_PREFIX_PATH=/home/orthrus1-1/orthrus1-1/install/message:${AMENT_PREFIX_PATH} CMAKE_PREFIX_PATH=/home/orthrus1-1/orthrus1-1/install/message:/opt/ros/dashing LD_LIBRARY_PATH=/home/orthrus1-1/orthrus1-1/install/message/lib:${LD_LIBRARY_PATH} PYTHONPATH=/home/orthrus1-1/orthrus1-1/install/message/lib/python3.6/site-packages:${PYTHONPATH} /usr/bin/cmake --build /home/orthrus1-1/orthrus1-1/build/motor -- -j4 -l4
[0.193s] [35m[1mScanning dependencies of target motor_carryout[0m
[0.247s] [ 50%] Built target check
[0.291s] [ 75%] [32mBuilding CXX object CMakeFiles/motor_carryout.dir/src/motor_carryout.cpp.o[0m
[3.780s] [01m[K/home/orthrus1-1/orthrus1-1/src/motor/src/motor_carryout.cpp:[m[K In function ‘[01m[Kvoid setup_data(message::msg::Motorcarryout_<std::allocator<void> >::SharedPtr&)[m[K’:
[3.786s] [01m[K/home/orthrus1-1/orthrus1-1/src/motor/src/motor_carryout.cpp:101:32:[m[K [01;31m[Kerror: [m[K‘[01m[Kusing element_type = struct message::msg::Motorcarryout_<std::allocator<void> > {aka struct message::msg::Motorcarryout_<std::allocator<void> >}[m[K’ has no member named ‘[01m[Kmode_LF_1[m[K’; did you mean ‘[01m[K_mode_type[m[K’?
[3.787s]      motor_LF_s1.mode =  msg_-> [01;31m[Kmode_LF_1[m[K;
[3.787s] 
[3.788s]                                 [01;31m[K^~~~~~~~~[m[K
[3.788s]                                 [32m[K_mode_type[m[K
[3.789s] [01m[K/home/orthrus1-1/orthrus1-1/src/motor/src/motor_carryout.cpp:102:35:[m[K [01;31m[Kerror: [m[K‘[01m[Kusing element_type = struct message::msg::Motorcarryout_<std::allocator<void> > {aka struct message::msg::Motorcarryout_<std::allocator<void> >}[m[K’ has no member named ‘[01m[KT_LF_1[m[K’
[3.790s]      motor_LF_s1.T    =  msg_->    [01;31m[KT_LF_1[m[K;  //单位：Nm, T<255.9
[3.790s] 
[3.791s]                                    [01;31m[K^~~~~~[m[K
[3.792s] [01m[K/home/orthrus1-1/orthrus1-1/src/motor/src/motor_carryout.cpp:103:35:[m[K [01;31m[Kerror: [m[K‘[01m[Kusing element_type = struct message::msg::Motorcarryout_<std::allocator<void> > {aka struct message::msg::Motorcarryout_<std::allocator<void> >}[m[K’ has no member named ‘[01m[KW_LF_1[m[K’
[3.793s]      motor_LF_s1.W    =  msg_->    [01;31m[KW_LF_1[m[K;  //单位：rad/s, W<511.9
[3.793s] 
[3.794s]                                    [01;31m[K^~~~~~[m[K
[3.794s] [01m[K/home/orthrus1-1/orthrus1-1/src/motor/src/motor_carryout.cpp:104:33:[m[K [01;31m[Kerror: [m[K‘[01m[Kusing element_type = struct message::msg::Motorcarryout_<std::allocator<void> > {aka struct message::msg::Motorcarryout_<std::allocator<void> >}[m[K’ has no member named ‘[01m[KPos_LF_1[m[K’
[3.795s]      motor_LF_s1.Pos  =  msg_->  [01;31m[KPos_LF_1[m[K;  //单位：rad, Pos<131071.9
[3.795s] 
[3.796s]                                  [01;31m[K^~~~~~~~[m[K
[3.796s] [01m[K/home/orthrus1-1/orthrus1-1/src/motor/src/motor_carryout.cpp:105:33:[m[K [01;31m[Kerror: [m[K‘[01m[Kusing element_type = struct message::msg::Motorcarryout_<std::allocator<void> > {aka struct message::msg::Motorcarryout_<std::allocator<void> >}[m[K’ has no member named ‘[01m[KK_P_LF_1[m[K’
[3.797s]      motor_LF_s1.K_P  =  msg_->  [01;31m[KK_P_LF_1[m[K;  //K_P<31.9
[3.797s] 
[3.798s]                                  [01;31m[K^~~~~~~~[m[K
[3.799s] [01m[K/home/orthrus1-1/orthrus1-1/src/motor/src/motor_carryout.cpp:106:33:[m[K [01;31m[Kerror: [m[K‘[01m[Kusing element_type = struct message::msg::Motorcarryout_<std::allocator<void> > {aka struct message::msg::Motorcarryout_<std::allocator<void> >}[m[K’ has no member named ‘[01m[KK_W_LF_1[m[K’
[3.799s]      motor_LF_s1.K_W  =  msg_->  [01;31m[KK_W_LF_1[m[K;  //K_W<63.9
[3.800s] 
[3.800s]                                  [01;31m[K^~~~~~~~[m[K
[3.801s] [01m[K/home/orthrus1-1/orthrus1-1/src/motor/src/motor_carryout.cpp:112:30:[m[K [01;31m[Kerror: [m[K‘[01m[Kusing element_type = struct message::msg::Motorcarryout_<std::allocator<void> > {aka struct message::msg::Motorcarryout_<std::allocator<void> >}[m[K’ has no member named ‘[01m[Kmode_LF_2[m[K’; did you mean ‘[01m[K_mode_type[m[K’?
[3.801s]     motor_LF_s2.mode = msg_-> [01;31m[Kmode_LF_2[m[K;
[3.802s] 
[3.802s]                               [01;31m[K^~~~~~~~~[m[K
[3.803s]                               [32m[K_mode_type[m[K
[3.803s] [01m[K/home/orthrus1-1/orthrus1-1/src/motor/src/motor_carryout.cpp:113:33:[m[K [01;31m[Kerror: [m[K‘[01m[Kusing element_type = struct message::msg::Motorcarryout_<std::allocator<void> > {aka struct message::msg::Motorcarryout_<std::allocator<void> >}[m[K’ has no member named ‘[01m[KT_LF_2[m[K’
[3.804s]     motor_LF_s2.T    = msg_->    [01;31m[KT_LF_2[m[K;           
[3.805s] 
[3.805s]                                  [01;31m[K^~~~~~[m[K
[3.806s] [01m[K/home/orthrus1-1/orthrus1-1/src/motor/src/motor_carryout.cpp:114:33:[m[K [01;31m[Kerror: [m[K‘[01m[Kusing element_type = struct message::msg::Motorcarryout_<std::allocator<void> > {aka struct message::msg::Motorcarryout_<std::allocator<void> >}[m[K’ has no member named ‘[01m[KW_LF_2[m[K’
[3.806s]     motor_LF_s2.W    = msg_->    [01;31m[KW_LF_2[m[K;              
[3.807s] 
[3.807s]                                  [01;31m[K^~~~~~[m[K
[3.808s] [01m[K/home/orthrus1-1/orthrus1-1/src/motor/src/motor_carryout.cpp:115:31:[m[K [01;31m[Kerror: [m[K‘[01m[Kusing element_type = struct message::msg::Motorcarryout_<std::allocator<void> > {aka struct message::msg::Motorcarryout_<std::allocator<void> >}[m[K’ has no member named ‘[01m[KPos_LF_2[m[K’
[3.808s]     motor_LF_s2.Pos  = msg_->  [01;31m[KPos_LF_2[m[K;         
[3.809s] 
[3.809s]                                [01;31m[K^~~~~~~~[m[K
[3.810s] [01m[K/home/orthrus1-1/orthrus1-1/src/motor/src/motor_carryout.cpp:116:31:[m[K [01;31m[Kerror: [m[K‘[01m[Kusing element_type = struct message::msg::Motorcarryout_<std::allocator<void> > {aka struct message::msg::Motorcarryout_<std::allocator<void> >}[m[K’ has no member named ‘[01m[KK_P_LF_2[m[K’
[3.810s]     motor_LF_s2.K_P  = msg_->  [01;31m[KK_P_LF_2[m[K;      
[3.811s] 
[3.811s]                                [01;31m[K^~~~~~~~[m[K
[3.812s] [01m[K/home/orthrus1-1/orthrus1-1/src/motor/src/motor_carryout.cpp:117:31:[m[K [01;31m[Kerror: [m[K‘[01m[Kusing element_type = struct message::msg::Motorcarryout_<std::allocator<void> > {aka struct message::msg::Motorcarryout_<std::allocator<void> >}[m[K’ has no member named ‘[01m[KK_W_LF_2[m[K’
[3.813s]     motor_LF_s2.K_W  = msg_->  [01;31m[KK_W_LF_2[m[K;      
[3.813s] 
[3.814s]                                [01;31m[K^~~~~~~~[m[K
[3.814s] [01m[K/home/orthrus1-1/orthrus1-1/src/motor/src/motor_carryout.cpp:123:31:[m[K [01;31m[Kerror: [m[K‘[01m[Kusing element_type = struct message::msg::Motorcarryout_<std::allocator<void> > {aka struct message::msg::Motorcarryout_<std::allocator<void> >}[m[K’ has no member named ‘[01m[Kmode_LF_3[m[K’; did you mean ‘[01m[K_mode_type[m[K’?
[3.815s]      motor_LF_s3.mode = msg_-> [01;31m[Kmode_LF_3[m[K;
[3.815s] 
[3.816s]                                [01;31m[K^~~~~~~~~[m[K
[3.816s]                                [32m[K_mode_type[m[K
[3.817s] [01m[K/home/orthrus1-1/orthrus1-1/src/motor/src/motor_carryout.cpp:124:34:[m[K [01;31m[Kerror: [m[K‘[01m[Kusing element_type = struct message::msg::Motorcarryout_<std::allocator<void> > {aka struct message::msg::Motorcarryout_<std::allocator<void> >}[m[K’ has no member named ‘[01m[KT_LF_3[m[K’
[3.817s]      motor_LF_s3.T    = msg_->    [01;31m[KT_LF_3[m[K;             
[3.818s] 
[3.818s]                                   [01;31m[K^~~~~~[m[K
[3.819s] [01m[K/home/orthrus1-1/orthrus1-1/src/motor/src/motor_carryout.cpp:125:34:[m[K [01;31m[Kerror: [m[K‘[01m[Kusing element_type = struct message::msg::Motorcarryout_<std::allocator<void> > {aka struct message::msg::Motorcarryout_<std::allocator<void> >}[m[K’ has no member named ‘[01m[KW_LF_3[m[K’
[3.819s]      motor_LF_s3.W    = msg_->    [01;31m[KW_LF_3[m[K;               
[3.820s] 
[3.820s]                                   [01;31m[K^~~~~~[m[K
[3.821s] [01m[K/home/orthrus1-1/orthrus1-1/src/motor/src/motor_carryout.cpp:126:32:[m[K [01;31m[Kerror: [m[K‘[01m[Kusing element_type = struct message::msg::Motorcarryout_<std::allocator<void> > {aka struct message::msg::Motorcarryout_<std::allocator<void> >}[m[K’ has no member named ‘[01m[KPos_LF_3[m[K’
[3.821s]      motor_LF_s3.Pos  = msg_->  [01;31m[KPos_LF_3[m[K;       
[3.822s] 
[3.822s]                                 [01;31m[K^~~~~~~~[m[K
[3.823s] [01m[K/home/orthrus1-1/orthrus1-1/src/motor/src/motor_carryout.cpp:127:32:[m[K [01;31m[Kerror: [m[K‘[01m[Kusing element_type = struct message::msg::Motorcarryout_<std::allocator<void> > {aka struct message::msg::Motorcarryout_<std::allocator<void> >}[m[K’ has no member named ‘[01m[KK_P_LF_3[m[K’
[3.824s]      motor_LF_s3.K_P  = msg_->  [01;31m[KK_P_LF_3[m[K;         
[3.824s] 
[3.825s]                                 [01;31m[K^~~~~~~~[m[K
[3.825s] [01m[K/home/orthrus1-1/orthrus1-1/src/motor/src/motor_carryout.cpp:128:32:[m[K [01;31m[Kerror: [m[K‘[01m[Kusing element_type = struct message::msg::Motorcarryout_<std::allocator<void> > {aka struct message::msg::Motorcarryout_<std::allocator<void> >}[m[K’ has no member named ‘[01m[KK_W_LF_3[m[K’
[3.826s]      motor_LF_s3.K_W  = msg_->  [01;31m[KK_W_LF_3[m[K;      
[3.826s] 
[3.827s]                                 [01;31m[K^~~~~~~~[m[K
[3.827s] [01m[K/home/orthrus1-1/orthrus1-1/src/motor/src/motor_carryout.cpp:135:34:[m[K [01;31m[Kerror: [m[K‘[01m[Kusing element_type = struct message::msg::Motorcarryout_<std::allocator<void> > {aka struct message::msg::Motorcarryout_<std::allocator<void> >}[m[K’ has no member named ‘[01m[Kmode_RF_1[m[K’; did you mean ‘[01m[K_mode_type[m[K’?
[3.828s]         motor_RF_s1.mode = msg_-> [01;31m[Kmode_RF_1[m[K;
[3.828s] 
[3.829s]                                   [01;31m[K^~~~~~~~~[m[K
[3.830s]                                   [32m[K_mode_type[m[K
[3.830s] [01m[K/home/orthrus1-1/orthrus1-1/src/motor/src/motor_carryout.cpp:136:37:[m[K [01;31m[Kerror: [m[K‘[01m[Kusing element_type = struct message::msg::Motorcarryout_<std::allocator<void> > {aka struct message::msg::Motorcarryout_<std::allocator<void> >}[m[K’ has no member named ‘[01m[KT_RF_1[m[K’
[3.831s]         motor_RF_s1.T    = msg_->    [01;31m[KT_RF_1[m[K;           
[3.831s] 
[3.832s]                                      [01;31m[K^~~~~~[m[K
[3.833s] [01m[K/home/orthrus1-1/orthrus1-1/src/motor/src/motor_carryout.cpp:137:37:[m[K [01;31m[Kerror: [m[K‘[01m[Kusing element_type = struct message::msg::Motorcarryout_<std::allocator<void> > {aka struct message::msg::Motorcarryout_<std::allocator<void> >}[m[K’ has no member named ‘[01m[KW_RF_1[m[K’
[3.833s]         motor_RF_s1.W    = msg_->    [01;31m[KW_RF_1[m[K;             
[3.834s] 
[3.834s]                                      [01;31m[K^~~~~~[m[K
[3.835s] [01m[K/home/orthrus1-1/orthrus1-1/src/motor/src/motor_carryout.cpp:138:35:[m[K [01;31m[Kerror: [m[K‘[01m[Kusing element_type = struct message::msg::Motorcarryout_<std::allocator<void> > {aka struct message::msg::Motorcarryout_<std::allocator<void> >}[m[K’ has no member named ‘[01m[KPos_RF_1[m[K’
[3.835s]         motor_RF_s1.Pos  = msg_->  [01;31m[KPos_RF_1[m[K;       
[3.836s] 
[3.836s]                                    [01;31m[K^~~~~~~~[m[K
[3.837s] [01m[K/home/orthrus1-1/orthrus1-1/src/motor/src/motor_carryout.cpp:139:35:[m[K [01;31m[Kerror: [m[K‘[01m[Kusing element_type = struct message::msg::Motorcarryout_<std::allocator<void> > {aka struct message::msg::Motorcarryout_<std::allocator<void> >}[m[K’ has no member named ‘[01m[KK_P_RF_1[m[K’
[3.837s]         motor_RF_s1.K_P  = msg_->  [01;31m[KK_P_RF_1[m[K;       
[3.838s] 
[3.838s]                                    [01;31m[K^~~~~~~~[m[K
[3.839s] [01m[K/home/orthrus1-1/orthrus1-1/src/motor/src/motor_carryout.cpp:140:35:[m[K [01;31m[Kerror: [m[K‘[01m[Kusing element_type = struct message::msg::Motorcarryout_<std::allocator<void> > {aka struct message::msg::Motorcarryout_<std::allocator<void> >}[m[K’ has no member named ‘[01m[KK_W_RF_1[m[K’
[3.839s]         motor_RF_s1.K_W  = msg_->  [01;31m[KK_W_RF_1[m[K;      
[3.840s] 
[3.840s]                                    [01;31m[K^~~~~~~~[m[K
[3.841s] [01m[K/home/orthrus1-1/orthrus1-1/src/motor/src/motor_carryout.cpp:146:34:[m[K [01;31m[Kerror: [m[K‘[01m[Kusing element_type = struct message::msg::Motorcarryout_<std::allocator<void> > {aka struct message::msg::Motorcarryout_<std::allocator<void> >}[m[K’ has no member named ‘[01m[Kmode_RF_2[m[K’; did you mean ‘[01m[K_mode_type[m[K’?
[3.841s]         motor_RF_s2.mode = msg_-> [01;31m[Kmode_RF_2[m[K;
[3.842s] 
[3.842s]                                   [01;31m[K^~~~~~~~~[m[K
[3.843s]                                   [32m[K_mode_type[m[K
[3.844s] [01m[K/home/orthrus1-1/orthrus1-1/src/motor/src/motor_carryout.cpp:147:37:[m[K [01;31m[Kerror: [m[K‘[01m[Kusing element_type = struct message::msg::Motorcarryout_<std::allocator<void> > {aka struct message::msg::Motorcarryout_<std::allocator<void> >}[m[K’ has no member named ‘[01m[KT_RF_2[m[K’
[3.844s]         motor_RF_s2.T    = msg_->    [01;31m[KT_RF_2[m[K;            
[3.845s] 
[3.845s]                                      [01;31m[K^~~~~~[m[K
[3.846s] [01m[K/home/orthrus1-1/orthrus1-1/src/motor/src/motor_carryout.cpp:148:37:[m[K [01;31m[Kerror: [m[K‘[01m[Kusing element_type = struct message::msg::Motorcarryout_<std::allocator<void> > {aka struct message::msg::Motorcarryout_<std::allocator<void> >}[m[K’ has no member named ‘[01m[KW_RF_2[m[K’
[3.846s]         motor_RF_s2.W    = msg_->    [01;31m[KW_RF_2[m[K;             
[3.847s] 
[3.847s]                                      [01;31m[K^~~~~~[m[K
[3.848s] [01m[K/home/orthrus1-1/orthrus1-1/src/motor/src/motor_carryout.cpp:149:35:[m[K [01;31m[Kerror: [m[K‘[01m[Kusing element_type = struct message::msg::Motorcarryout_<std::allocator<void> > {aka struct message::msg::Motorcarryout_<std::allocator<void> >}[m[K’ has no member named ‘[01m[KPos_RF_2[m[K’
[3.848s]         motor_RF_s2.Pos  = msg_->  [01;31m[KPos_RF_2[m[K;         
[3.849s] 
[3.849s]                                    [01;31m[K^~~~~~~~[m[K
[3.850s] [01m[K/home/orthrus1-1/orthrus1-1/src/motor/src/motor_carryout.cpp:150:35:[m[K [01;31m[Kerror: [m[K‘[01m[Kusing element_type = struct message::msg::Motorcarryout_<std::allocator<void> > {aka struct message::msg::Motorcarryout_<std::allocator<void> >}[m[K’ has no member named ‘[01m[KK_P_RF_2[m[K’
[3.851s]         motor_RF_s2.K_P  = msg_->  [01;31m[KK_P_RF_2[m[K;        
[3.851s] 
[3.852s]                                    [01;31m[K^~~~~~~~[m[K
[3.852s] [01m[K/home/orthrus1-1/orthrus1-1/src/motor/src/motor_carryout.cpp:151:35:[m[K [01;31m[Kerror: [m[K‘[01m[Kusing element_type = struct message::msg::Motorcarryout_<std::allocator<void> > {aka struct message::msg::Motorcarryout_<std::allocator<void> >}[m[K’ has no member named ‘[01m[KK_W_RF_2[m[K’
[3.853s]         motor_RF_s2.K_W  = msg_->  [01;31m[KK_W_RF_2[m[K;     
[3.853s] 
[3.854s]                                    [01;31m[K^~~~~~~~[m[K
[3.854s] [01m[K/home/orthrus1-1/orthrus1-1/src/motor/src/motor_carryout.cpp:157:34:[m[K [01;31m[Kerror: [m[K‘[01m[Kusing element_type = struct message::msg::Motorcarryout_<std::allocator<void> > {aka struct message::msg::Motorcarryout_<std::allocator<void> >}[m[K’ has no member named ‘[01m[Kmode_RF_3[m[K’; did you mean ‘[01m[K_mode_type[m[K’?
[3.855s]         motor_RF_s3.mode = msg_-> [01;31m[Kmode_RF_3[m[K;
[3.855s] 
[3.856s]                                   [01;31m[K^~~~~~~~~[m[K
[3.856s]                                   [32m[K_mode_type[m[K
[3.857s] [01m[K/home/orthrus1-1/orthrus1-1/src/motor/src/motor_carryout.cpp:158:37:[m[K [01;31m[Kerror: [m[K‘[01m[Kusing element_type = struct message::msg::Motorcarryout_<std::allocator<void> > {aka struct message::msg::Motorcarryout_<std::allocator<void> >}[m[K’ has no member named ‘[01m[KT_RF_3[m[K’
[3.857s]         motor_RF_s3.T    = msg_->    [01;31m[KT_RF_3[m[K;             
[3.858s] 
[3.858s]                                      [01;31m[K^~~~~~[m[K
[3.859s] [01m[K/home/orthrus1-1/orthrus1-1/src/motor/src/motor_carryout.cpp:159:37:[m[K [01;31m[Kerror: [m[K‘[01m[Kusing element_type = struct message::msg::Motorcarryout_<std::allocator<void> > {aka struct message::msg::Motorcarryout_<std::allocator<void> >}[m[K’ has no member named ‘[01m[KW_RF_3[m[K’
[3.859s]         motor_RF_s3.W    = msg_->    [01;31m[KW_RF_3[m[K;                
[3.860s] 
[3.860s]                                      [01;31m[K^~~~~~[m[K
[3.861s] [01m[K/home/orthrus1-1/orthrus1-1/src/motor/src/motor_carryout.cpp:160:35:[m[K [01;31m[Kerror: [m[K‘[01m[Kusing element_type = struct message::msg::Motorcarryout_<std::allocator<void> > {aka struct message::msg::Motorcarryout_<std::allocator<void> >}[m[K’ has no member named ‘[01m[KPos_RF_3[m[K’
[3.861s]         motor_RF_s3.Pos  = msg_->  [01;31m[KPos_RF_3[m[K;         
[3.862s] 
[3.862s]                                    [01;31m[K^~~~~~~~[m[K
[3.863s] [01m[K/home/orthrus1-1/orthrus1-1/src/motor/src/motor_carryout.cpp:161:35:[m[K [01;31m[Kerror: [m[K‘[01m[Kusing element_type = struct message::msg::Motorcarryout_<std::allocator<void> > {aka struct message::msg::Motorcarryout_<std::allocator<void> >}[m[K’ has no member named ‘[01m[KK_P_RF_3[m[K’
[3.864s]         motor_RF_s3.K_P  = msg_->  [01;31m[KK_P_RF_3[m[K;        
[3.864s] 
[3.865s]                                    [01;31m[K^~~~~~~~[m[K
[3.865s] [01m[K/home/orthrus1-1/orthrus1-1/src/motor/src/motor_carryout.cpp:162:35:[m[K [01;31m[Kerror: [m[K‘[01m[Kusing element_type = struct message::msg::Motorcarryout_<std::allocator<void> > {aka struct message::msg::Motorcarryout_<std::allocator<void> >}[m[K’ has no member named ‘[01m[KK_W_RF_3[m[K’
[3.866s]         motor_RF_s3.K_W  = msg_->  [01;31m[KK_W_RF_3[m[K;      
[3.866s] 
[3.867s]                                    [01;31m[K^~~~~~~~[m[K
[3.867s] [01m[K/home/orthrus1-1/orthrus1-1/src/motor/src/motor_carryout.cpp:169:31:[m[K [01;31m[Kerror: [m[K‘[01m[Kusing element_type = struct message::msg::Motorcarryout_<std::allocator<void> > {aka struct message::msg::Motorcarryout_<std::allocator<void> >}[m[K’ has no member named ‘[01m[Kmode_LB_1[m[K’; did you mean ‘[01m[K_mode_type[m[K’?
[3.868s]      motor_LB_s1.mode = msg_-> [01;31m[Kmode_LB_1[m[K;
[3.868s] 
[3.869s]                                [01;31m[K^~~~~~~~~[m[K
[3.869s]                                [32m[K_mode_type[m[K
[3.870s] [01m[K/home/orthrus1-1/orthrus1-1/src/motor/src/motor_carryout.cpp:170:34:[m[K [01;31m[Kerror: [m[K‘[01m[Kusing element_type = struct message::msg::Motorcarryout_<std::allocator<void> > {aka struct message::msg::Motorcarryout_<std::allocator<void> >}[m[K’ has no member named ‘[01m[KT_LB_1[m[K’
[3.870s]      motor_LB_s1.T    = msg_->    [01;31m[KT_LB_1[m[K;            
[3.871s] 
[3.871s]                                   [01;31m[K^~~~~~[m[K
[3.872s] [01m[K/home/orthrus1-1/orthrus1-1/src/motor/src/motor_carryout.cpp:171:34:[m[K [01;31m[Kerror: [m[K‘[01m[Kusing element_type = struct message::msg::Motorcarryout_<std::allocator<void> > {aka struct message::msg::Motorcarryout_<std::allocator<void> >}[m[K’ has no member named ‘[01m[KW_LB_1[m[K’
[3.872s]      motor_LB_s1.W    = msg_->    [01;31m[KW_LB_1[m[K;               
[3.873s] 
[3.873s]                                   [01;31m[K^~~~~~[m[K
[3.874s] [01m[K/home/orthrus1-1/orthrus1-1/src/motor/src/motor_carryout.cpp:172:32:[m[K [01;31m[Kerror: [m[K‘[01m[Kusing element_type = struct message::msg::Motorcarryout_<std::allocator<void> > {aka struct message::msg::Motorcarryout_<std::allocator<void> >}[m[K’ has no member named ‘[01m[KPos_LB_1[m[K’
[3.874s]      motor_LB_s1.Pos  = msg_->  [01;31m[KPos_LB_1[m[K;         
[3.875s] 
[3.875s]                                 [01;31m[K^~~~~~~~[m[K
[3.876s] [01m[K/home/orthrus1-1/orthrus1-1/src/motor/src/motor_carryout.cpp:173:32:[m[K [01;31m[Kerror: [m[K‘[01m[Kusing element_type = struct message::msg::Motorcarryout_<std::allocator<void> > {aka struct message::msg::Motorcarryout_<std::allocator<void> >}[m[K’ has no member named ‘[01m[KK_P_LB_1[m[K’
[3.876s]      motor_LB_s1.K_P  = msg_->  [01;31m[KK_P_LB_1[m[K;         
[3.877s] 
[3.877s]                                 [01;31m[K^~~~~~~~[m[K
[3.878s] [01m[K/home/orthrus1-1/orthrus1-1/src/motor/src/motor_carryout.cpp:174:32:[m[K [01;31m[Kerror: [m[K‘[01m[Kusing element_type = struct message::msg::Motorcarryout_<std::allocator<void> > {aka struct message::msg::Motorcarryout_<std::allocator<void> >}[m[K’ has no member named ‘[01m[KK_W_LB_1[m[K’
[3.878s]      motor_LB_s1.K_W  = msg_->  [01;31m[KK_W_LB_1[m[K;        
[3.879s] 
[3.879s]                                 [01;31m[K^~~~~~~~[m[K
[3.880s] [01m[K/home/orthrus1-1/orthrus1-1/src/motor/src/motor_carryout.cpp:180:31:[m[K [01;31m[Kerror: [m[K‘[01m[Kusing element_type = struct message::msg::Motorcarryout_<std::allocator<void> > {aka struct message::msg::Motorcarryout_<std::allocator<void> >}[m[K’ has no member named ‘[01m[Kmode_LB_2[m[K’; did you mean ‘[01m[K_mode_type[m[K’?
[3.880s]      motor_LB_s2.mode = msg_-> [01;31m[Kmode_LB_2[m[K;
[3.881s] 
[3.881s]                                [01;31m[K^~~~~~~~~[m[K
[3.882s]                                [32m[K_mode_type[m[K
[3.882s] [01m[K/home/orthrus1-1/orthrus1-1/src/motor/src/motor_carryout.cpp:181:34:[m[K [01;31m[Kerror: [m[K‘[01m[Kusing element_type = struct message::msg::Motorcarryout_<std::allocator<void> > {aka struct message::msg::Motorcarryout_<std::allocator<void> >}[m[K’ has no member named ‘[01m[KT_LB_2[m[K’
[3.883s]      motor_LB_s2.T    = msg_->    [01;31m[KT_LB_2[m[K;             
[3.883s] 
[3.884s]                                   [01;31m[K^~~~~~[m[K
[3.884s] [01m[K/home/orthrus1-1/orthrus1-1/src/motor/src/motor_carryout.cpp:182:34:[m[K [01;31m[Kerror: [m[K‘[01m[Kusing element_type = struct message::msg::Motorcarryout_<std::allocator<void> > {aka struct message::msg::Motorcarryout_<std::allocator<void> >}[m[K’ has no member named ‘[01m[KW_LB_2[m[K’
[3.885s]      motor_LB_s2.W    = msg_->    [01;31m[KW_LB_2[m[K;              
[3.886s] 
[3.886s]                                   [01;31m[K^~~~~~[m[K
[3.887s] [01m[K/home/orthrus1-1/orthrus1-1/src/motor/src/motor_carryout.cpp:183:32:[m[K [01;31m[Kerror: [m[K‘[01m[Kusing element_type = struct message::msg::Motorcarryout_<std::allocator<void> > {aka struct message::msg::Motorcarryout_<std::allocator<void> >}[m[K’ has no member named ‘[01m[KPos_LB_2[m[K’
[3.887s]      motor_LB_s2.Pos  = msg_->  [01;31m[KPos_LB_2[m[K;     
[3.888s] 
[3.888s]                                 [01;31m[K^~~~~~~~[m[K
[3.889s] [01m[K/home/orthrus1-1/orthrus1-1/src/motor/src/motor_carryout.cpp:184:32:[m[K [01;31m[Kerror: [m[K‘[01m[Kusing element_type = struct message::msg::Motorcarryout_<std::allocator<void> > {aka struct message::msg::Motorcarryout_<std::allocator<void> >}[m[K’ has no member named ‘[01m[KK_P_LB_2[m[K’
[3.889s]      motor_LB_s2.K_P  = msg_->  [01;31m[KK_P_LB_2[m[K;       
[3.890s] 
[3.890s]                                 [01;31m[K^~~~~~~~[m[K
[3.891s] [01m[K/home/orthrus1-1/orthrus1-1/src/motor/src/motor_carryout.cpp:185:32:[m[K [01;31m[Kerror: [m[K‘[01m[Kusing element_type = struct message::msg::Motorcarryout_<std::allocator<void> > {aka struct message::msg::Motorcarryout_<std::allocator<void> >}[m[K’ has no member named ‘[01m[KK_W_LB_2[m[K’
[3.891s]      motor_LB_s2.K_W  = msg_->  [01;31m[KK_W_LB_2[m[K;       
[3.892s] 
[3.892s]                                 [01;31m[K^~~~~~~~[m[K
[3.893s] [01m[K/home/orthrus1-1/orthrus1-1/src/motor/src/motor_carryout.cpp:191:31:[m[K [01;31m[Kerror: [m[K‘[01m[Kusing element_type = struct message::msg::Motorcarryout_<std::allocator<void> > {aka struct message::msg::Motorcarryout_<std::allocator<void> >}[m[K’ has no member named ‘[01m[Kmode_LB_3[m[K’; did you mean ‘[01m[K_mode_type[m[K’?
[3.893s]      motor_LB_s3.mode = msg_-> [01;31m[Kmode_LB_3[m[K;
[3.894s] 
[3.894s]                                [01;31m[K^~~~~~~~~[m[K
[3.895s]                                [32m[K_mode_type[m[K
[3.895s] [01m[K/home/orthrus1-1/orthrus1-1/src/motor/src/motor_carryout.cpp:192:34:[m[K [01;31m[Kerror: [m[K‘[01m[Kusing element_type = struct message::msg::Motorcarryout_<std::allocator<void> > {aka struct message::msg::Motorcarryout_<std::allocator<void> >}[m[K’ has no member named ‘[01m[KT_LB_3[m[K’
[3.896s]      motor_LB_s3.T    = msg_->    [01;31m[KT_LB_3[m[K;             //单位：Nm, T<255.9
[3.896s] 
[3.897s]                                   [01;31m[K^~~~~~[m[K
[3.897s] [01m[K/home/orthrus1-1/orthrus1-1/src/motor/src/motor_carryout.cpp:193:34:[m[K [01;31m[Kerror: [m[K‘[01m[Kusing element_type = struct message::msg::Motorcarryout_<std::allocator<void> > {aka struct message::msg::Motorcarryout_<std::allocator<void> >}[m[K’ has no member named ‘[01m[KW_LB_3[m[K’
[3.898s]      motor_LB_s3.W    = msg_->    [01;31m[KW_LB_3[m[K;                //单位：rad/s, W<511.9
[3.898s] 
[3.899s]                                   [01;31m[K^~~~~~[m[K
[3.900s] [01m[K/home/orthrus1-1/orthrus1-1/src/motor/src/motor_carryout.cpp:194:32:[m[K [01;31m[Kerror: [m[K‘[01m[Kusing element_type = struct message::msg::Motorcarryout_<std::allocator<void> > {aka struct message::msg::Motorcarryout_<std::allocator<void> >}[m[K’ has no member named ‘[01m[KPos_LB_3[m[K’
[3.900s]      motor_LB_s3.Pos  = msg_->  [01;31m[KPos_LB_3[m[K;         //单位：rad, Pos<131071.9
[3.901s] 
[3.901s]                                 [01;31m[K^~~~~~~~[m[K
[3.902s] [01m[K/home/orthrus1-1/orthrus1-1/src/motor/src/motor_carryout.cpp:195:32:[m[K [01;31m[Kerror: [m[K‘[01m[Kusing element_type = struct message::msg::Motorcarryout_<std::allocator<void> > {aka struct message::msg::Motorcarryout_<std::allocator<void> >}[m[K’ has no member named ‘[01m[KK_P_LB_3[m[K’
[3.902s]      motor_LB_s3.K_P  = msg_->  [01;31m[KK_P_LB_3[m[K;         //K_P<31.9
[3.903s] 
[3.903s]                                 [01;31m[K^~~~~~~~[m[K
[3.904s] [01m[K/home/orthrus1-1/orthrus1-1/src/motor/src/motor_carryout.cpp:196:32:[m[K [01;31m[Kerror: [m[K‘[01m[Kusing element_type = struct message::msg::Motorcarryout_<std::allocator<void> > {aka struct message::msg::Motorcarryout_<std::allocator<void> >}[m[K’ has no member named ‘[01m[KK_W_LB_3[m[K’
[3.904s]      motor_LB_s3.K_W  = msg_->  [01;31m[KK_W_LB_3[m[K;        //K_W<63.9
[3.905s] 
[3.905s]                                 [01;31m[K^~~~~~~~[m[K
[3.906s] [01m[K/home/orthrus1-1/orthrus1-1/src/motor/src/motor_carryout.cpp:202:35:[m[K [01;31m[Kerror: [m[K‘[01m[Kusing element_type = struct message::msg::Motorcarryout_<std::allocator<void> > {aka struct message::msg::Motorcarryout_<std::allocator<void> >}[m[K’ has no member named ‘[01m[Kmode_RB_1[m[K’; did you mean ‘[01m[K_mode_type[m[K’?
[3.906s]          motor_RB_s1.mode = msg_-> [01;31m[Kmode_RB_1[m[K;
[3.907s] 
[3.907s]                                    [01;31m[K^~~~~~~~~[m[K
[3.908s]                                    [32m[K_mode_type[m[K
[3.908s] [01m[K/home/orthrus1-1/orthrus1-1/src/motor/src/motor_carryout.cpp:203:38:[m[K [01;31m[Kerror: [m[K‘[01m[Kusing element_type = struct message::msg::Motorcarryout_<std::allocator<void> > {aka struct message::msg::Motorcarryout_<std::allocator<void> >}[m[K’ has no member named ‘[01m[KT_RB_1[m[K’
[3.909s]          motor_RB_s1.T    = msg_->    [01;31m[KT_RB_1[m[K;            
[3.909s] 
[3.910s]                                       [01;31m[K^~~~~~[m[K
[3.910s] [01m[K/home/orthrus1-1/orthrus1-1/src/motor/src/motor_carryout.cpp:204:38:[m[K [01;31m[Kerror: [m[K‘[01m[Kusing element_type = struct message::msg::Motorcarryout_<std::allocator<void> > {aka struct message::msg::Motorcarryout_<std::allocator<void> >}[m[K’ has no member named ‘[01m[KW_RB_1[m[K’
[3.911s]          motor_RB_s1.W    = msg_->    [01;31m[KW_RB_1[m[K;               
[3.911s] 
[3.912s]                                       [01;31m[K^~~~~~[m[K
[3.912s] [01m[K/home/orthrus1-1/orthrus1-1/src/motor/src/motor_carryout.cpp:205:36:[m[K [01;31m[Kerror: [m[K‘[01m[Kusing element_type = struct message::msg::Motorcarryout_<std::allocator<void> > {aka struct message::msg::Motorcarryout_<std::allocator<void> >}[m[K’ has no member named ‘[01m[KPos_RB_1[m[K’
[3.913s]          motor_RB_s1.Pos  = msg_->  [01;31m[KPos_RB_1[m[K;         
[3.913s] 
[3.914s]                                     [01;31m[K^~~~~~~~[m[K
[3.914s] [01m[K/home/orthrus1-1/orthrus1-1/src/motor/src/motor_carryout.cpp:206:36:[m[K [01;31m[Kerror: [m[K‘[01m[Kusing element_type = struct message::msg::Motorcarryout_<std::allocator<void> > {aka struct message::msg::Motorcarryout_<std::allocator<void> >}[m[K’ has no member named ‘[01m[KK_P_RB_1[m[K’
[3.915s]          motor_RB_s1.K_P  = msg_->  [01;31m[KK_P_RB_1[m[K;         
[3.915s] 
[3.916s]                                     [01;31m[K^~~~~~~~[m[K
[3.916s] [01m[K/home/orthrus1-1/orthrus1-1/src/motor/src/motor_carryout.cpp:207:36:[m[K [01;31m[Kerror: [m[K‘[01m[Kusing element_type = struct message::msg::Motorcarryout_<std::allocator<void> > {aka struct message::msg::Motorcarryout_<std::allocator<void> >}[m[K’ has no member named ‘[01m[KK_W_RB_1[m[K’
[3.917s]          motor_RB_s1.K_W  = msg_->  [01;31m[KK_W_RB_1[m[K; 
[3.918s] 
[3.918s]                                     [01;31m[K^~~~~~~~[m[K
[3.919s] [01m[K/home/orthrus1-1/orthrus1-1/src/motor/src/motor_carryout.cpp:213:35:[m[K [01;31m[Kerror: [m[K‘[01m[Kusing element_type = struct message::msg::Motorcarryout_<std::allocator<void> > {aka struct message::msg::Motorcarryout_<std::allocator<void> >}[m[K’ has no member named ‘[01m[Kmode_RB_2[m[K’; did you mean ‘[01m[K_mode_type[m[K’?
[3.919s]          motor_RB_s2.mode = msg_-> [01;31m[Kmode_RB_2[m[K;
[3.920s] 
[3.920s]                                    [01;31m[K^~~~~~~~~[m[K
[3.921s]                                    [32m[K_mode_type[m[K
[3.921s] [01m[K/home/orthrus1-1/orthrus1-1/src/motor/src/motor_carryout.cpp:214:38:[m[K [01;31m[Kerror: [m[K‘[01m[Kusing element_type = struct message::msg::Motorcarryout_<std::allocator<void> > {aka struct message::msg::Motorcarryout_<std::allocator<void> >}[m[K’ has no member named ‘[01m[KT_RB_2[m[K’
[3.922s]          motor_RB_s2.T    = msg_->    [01;31m[KT_RB_2[m[K;            
[3.922s] 
[3.923s]                                       [01;31m[K^~~~~~[m[K
[3.923s] [01m[K/home/orthrus1-1/orthrus1-1/src/motor/src/motor_carryout.cpp:215:38:[m[K [01;31m[Kerror: [m[K‘[01m[Kusing element_type = struct message::msg::Motorcarryout_<std::allocator<void> > {aka struct message::msg::Motorcarryout_<std::allocator<void> >}[m[K’ has no member named ‘[01m[KW_RB_2[m[K’
[3.924s]          motor_RB_s2.W    = msg_->    [01;31m[KW_RB_2[m[K;               
[3.924s] 
[3.925s]                                       [01;31m[K^~~~~~[m[K
[3.926s] [01m[K/home/orthrus1-1/orthrus1-1/src/motor/src/motor_carryout.cpp:216:36:[m[K [01;31m[Kerror: [m[K‘[01m[Kusing element_type = struct message::msg::Motorcarryout_<std::allocator<void> > {aka struct message::msg::Motorcarryout_<std::allocator<void> >}[m[K’ has no member named ‘[01m[KPos_RB_2[m[K’
[3.926s]          motor_RB_s2.Pos  = msg_->  [01;31m[KPos_RB_2[m[K;         
[3.927s] 
[3.927s]                                     [01;31m[K^~~~~~~~[m[K
[3.928s] [01m[K/home/orthrus1-1/orthrus1-1/src/motor/src/motor_carryout.cpp:217:36:[m[K [01;31m[Kerror: [m[K‘[01m[Kusing element_type = struct message::msg::Motorcarryout_<std::allocator<void> > {aka struct message::msg::Motorcarryout_<std::allocator<void> >}[m[K’ has no member named ‘[01m[KK_P_RB_2[m[K’
[3.928s]          motor_RB_s2.K_P  = msg_->  [01;31m[KK_P_RB_2[m[K;         
[3.929s] 
[3.930s]                                     [01;31m[K^~~~~~~~[m[K
[3.930s] [01m[K/home/orthrus1-1/orthrus1-1/src/motor/src/motor_carryout.cpp:218:36:[m[K [01;31m[Kerror: [m[K‘[01m[Kusing element_type = struct message::msg::Motorcarryout_<std::allocator<void> > {aka struct message::msg::Motorcarryout_<std::allocator<void> >}[m[K’ has no member named ‘[01m[KK_W_RB_2[m[K’
[3.931s]          motor_RB_s2.K_W  = msg_->  [01;31m[KK_W_RB_2[m[K; 
[3.931s] 
[3.932s]                                     [01;31m[K^~~~~~~~[m[K
[3.933s] [01m[K/home/orthrus1-1/orthrus1-1/src/motor/src/motor_carryout.cpp:224:35:[m[K [01;31m[Kerror: [m[K‘[01m[Kusing element_type = struct message::msg::Motorcarryout_<std::allocator<void> > {aka struct message::msg::Motorcarryout_<std::allocator<void> >}[m[K’ has no member named ‘[01m[Kmode_RB_3[m[K’; did you mean ‘[01m[K_mode_type[m[K’?
[3.933s]          motor_RB_s3.mode = msg_-> [01;31m[Kmode_RB_3[m[K;
[3.934s] 
[3.934s]                                    [01;31m[K^~~~~~~~~[m[K
[3.935s]                                    [32m[K_mode_type[m[K
[3.935s] [01m[K/home/orthrus1-1/orthrus1-1/src/motor/src/motor_carryout.cpp:225:38:[m[K [01;31m[Kerror: [m[K‘[01m[Kusing element_type = struct message::msg::Motorcarryout_<std::allocator<void> > {aka struct message::msg::Motorcarryout_<std::allocator<void> >}[m[K’ has no member named ‘[01m[KT_RB_3[m[K’
[3.936s]          motor_RB_s3.T    = msg_->    [01;31m[KT_RB_3[m[K;            
[3.936s] 
[3.937s]                                       [01;31m[K^~~~~~[m[K
[3.937s] [01m[K/home/orthrus1-1/orthrus1-1/src/motor/src/motor_carryout.cpp:226:38:[m[K [01;31m[Kerror: [m[K‘[01m[Kusing element_type = struct message::msg::Motorcarryout_<std::allocator<void> > {aka struct message::msg::Motorcarryout_<std::allocator<void> >}[m[K’ has no member named ‘[01m[KW_RB_3[m[K’
[3.938s]          motor_RB_s3.W    = msg_->    [01;31m[KW_RB_3[m[K;               
[3.938s] 
[3.939s]                                       [01;31m[K^~~~~~[m[K
[3.939s] [01m[K/home/orthrus1-1/orthrus1-1/src/motor/src/motor_carryout.cpp:227:36:[m[K [01;31m[Kerror: [m[K‘[01m[Kusing element_type = struct message::msg::Motorcarryout_<std::allocator<void> > {aka struct message::msg::Motorcarryout_<std::allocator<void> >}[m[K’ has no member named ‘[01m[KPos_RB_3[m[K’
[3.940s]          motor_RB_s3.Pos  = msg_->  [01;31m[KPos_RB_3[m[K;         
[3.940s] 
[3.941s]                                     [01;31m[K^~~~~~~~[m[K
[3.941s] [01m[K/home/orthrus1-1/orthrus1-1/src/motor/src/motor_carryout.cpp:228:36:[m[K [01;31m[Kerror: [m[K‘[01m[Kusing element_type = struct message::msg::Motorcarryout_<std::allocator<void> > {aka struct message::msg::Motorcarryout_<std::allocator<void> >}[m[K’ has no member named ‘[01m[KK_P_RB_3[m[K’
[3.942s]          motor_RB_s3.K_P  = msg_->  [01;31m[KK_P_RB_3[m[K;         
[3.942s] 
[3.943s]                                     [01;31m[K^~~~~~~~[m[K
[3.943s] [01m[K/home/orthrus1-1/orthrus1-1/src/motor/src/motor_carryout.cpp:229:36:[m[K [01;31m[Kerror: [m[K‘[01m[Kusing element_type = struct message::msg::Motorcarryout_<std::allocator<void> > {aka struct message::msg::Motorcarryout_<std::allocator<void> >}[m[K’ has no member named ‘[01m[KK_W_RB_3[m[K’
[3.944s]          motor_RB_s3.K_W  = msg_->  [01;31m[KK_W_RB_3[m[K; 
[3.944s] 
[3.945s]                                     [01;31m[K^~~~~~~~[m[K
[4.358s] In file included from [01m[K/opt/ros/dashing/include/rclcpp/node_interfaces/node_topics_interface.hpp:29:0[m[K,
[4.358s]                  from [01m[K/opt/ros/dashing/include/rclcpp/node.hpp:53[m[K,
[4.359s]                  from [01m[K/opt/ros/dashing/include/rclcpp/executors/single_threaded_executor.hpp:28[m[K,
[4.359s]                  from [01m[K/opt/ros/dashing/include/rclcpp/executors.hpp:22[m[K,
[4.360s]                  from [01m[K/opt/ros/dashing/include/rclcpp/rclcpp.hpp:144[m[K,
[4.361s]                  from [01m[K/home/orthrus1-1/orthrus1-1/src/motor/src/motor_carryout.cpp:17[m[K:
[4.361s] /opt/ros/dashing/include/rclcpp/subscription_factory.hpp: In instantiation of ‘[01m[Krclcpp::SubscriptionFactory rclcpp::create_subscription_factory(CallbackT&&, const rclcpp::SubscriptionEventCallbacks&, typename rclcpp::message_memory_strategy::MessageMemoryStrategy<CallbackMessageT, Alloc>::SharedPtr, std::shared_ptr<PublisherT>) [with MessageT = message::msg::Motorcarryout_<std::allocator<void> >; CallbackT = std::_Bind<void (motor_carryout::*(motor_carryout*, std::_Placeholder<1>))(message::msg::Motorcarryout_<std::allocator<void> >) const>; Alloc = std::allocator<void>; CallbackMessageT = message::msg::Motorcarryout_<std::allocator<void> >; SubscriptionT = rclcpp::Subscription<message::msg::Motorcarryout_<std::allocator<void> > >; typename rclcpp::message_memory_strategy::MessageMemoryStrategy<CallbackMessageT, Alloc>::SharedPtr = std::shared_ptr<rclcpp::message_memory_strategy::MessageMemoryStrategy<message::msg::Motorcarryout_<std::allocator<void> >, std::allocator<void> > >][m[K’:
[4.362s] [01m[K/opt/ros/dashing/include/rclcpp/create_subscription.hpp:115:71:[m[K   required from ‘[01m[Kstd::shared_ptr<SubscriptionT> rclcpp::create_subscription(NodeT&&, const string&, const rclcpp::QoS&, CallbackT&&, const rclcpp::SubscriptionOptionsWithAllocator<AllocatorT>&, typename rclcpp::message_memory_strategy::MessageMemoryStrategy<CallbackMessageT, Alloc>::SharedPtr) [with MessageT = message::msg::Motorcarryout_<std::allocator<void> >; CallbackT = std::_Bind<void (motor_carryout::*(motor_carryout*, std::_Placeholder<1>))(message::msg::Motorcarryout_<std::allocator<void> >) const>; AllocatorT = std::allocator<void>; CallbackMessageT = message::msg::Motorcarryout_<std::allocator<void> >; SubscriptionT = rclcpp::Subscription<message::msg::Motorcarryout_<std::allocator<void> > >; NodeT = rclcpp::Node&; std::__cxx11::string = std::__cxx11::basic_string<char>; typename rclcpp::message_memory_strategy::MessageMemoryStrategy<CallbackMessageT, Alloc>::SharedPtr = std::shared_ptr<rclcpp::message_memory_strategy::MessageMemoryStrategy<message::msg::Motorcarryout_<std::allocator<void> >, std::allocator<void> > >][m[K’
[4.362s] [01m[K/opt/ros/dashing/include/rclcpp/node_impl.hpp:124:47:[m[K   required from ‘[01m[Kstd::shared_ptr<SubscriptionT> rclcpp::Node::create_subscription(const string&, const rclcpp::QoS&, CallbackT&&, const rclcpp::SubscriptionOptionsWithAllocator<AllocatorT>&, typename rclcpp::message_memory_strategy::MessageMemoryStrategy<typename rclcpp::subscription_traits::has_message_type<CallbackT>::type, AllocatorT>::SharedPtr) [with MessageT = message::msg::Motorcarryout_<std::allocator<void> >; CallbackT = std::_Bind<void (motor_carryout::*(motor_carryout*, std::_Placeholder<1>))(message::msg::Motorcarryout_<std::allocator<void> >) const>; AllocatorT = std::allocator<void>; SubscriptionT = rclcpp::Subscription<message::msg::Motorcarryout_<std::allocator<void> > >; std::__cxx11::string = std::__cxx11::basic_string<char>; typename rclcpp::message_memory_strategy::MessageMemoryStrategy<typename rclcpp::subscription_traits::has_message_type<CallbackT>::type, AllocatorT>::SharedPtr = std::shared_ptr<rclcpp::message_memory_strategy::MessageMemoryStrategy<message::msg::Motorcarryout_<std::allocator<void> >, std::allocator<void> > >][m[K’
[4.363s] [01m[K/home/orthrus1-1/orthrus1-1/src/motor/src/motor_carryout.cpp:240:80:[m[K   required from here
[4.363s] [01m[K/opt/ros/dashing/include/rclcpp/subscription_factory.hpp:93:3:[m[K [01;31m[Kerror: [m[Kno matching function for call to ‘[01m[Krclcpp::AnySubscriptionCallback<message::msg::Motorcarryout_<std::allocator<void> >, std::allocator<void> >::set(std::_Bind<void (motor_carryout::*(motor_carryout*, std::_Placeholder<1>))(message::msg::Motorcarryout_<std::allocator<void> >) const>)[m[K’
[4.364s]    [01;31m[Kany_subscription_callback[m[K.set(std::forward<CallbackT>(callback));
[4.365s]    [01;31m[K^~~~~~~~~~~~~~~~~~~~~~~~~[m[K
[4.365s] In file included from [01m[K/opt/ros/dashing/include/rclcpp/subscription_base.hpp:28:0[m[K,
[4.366s]                  from [01m[K/opt/ros/dashing/include/rclcpp/intra_process_manager_impl.hpp:38[m[K,
[4.366s]                  from [01m[K/opt/ros/dashing/include/rclcpp/intra_process_manager.hpp:32[m[K,
[4.367s]                  from [01m[K/opt/ros/dashing/include/rclcpp/publisher.hpp:35[m[K,
[4.367s]                  from [01m[K/opt/ros/dashing/include/rclcpp/callback_group.hpp:24[m[K,
[4.368s]                  from [01m[K/opt/ros/dashing/include/rclcpp/any_executable.hpp:20[m[K,
[4.368s]                  from [01m[K/opt/ros/dashing/include/rclcpp/memory_strategy.hpp:24[m[K,
[4.369s]                  from [01m[K/opt/ros/dashing/include/rclcpp/memory_strategies.hpp:18[m[K,
[4.369s]                  from [01m[K/opt/ros/dashing/include/rclcpp/executor.hpp:33[m[K,
[4.370s]                  from [01m[K/opt/ros/dashing/include/rclcpp/executors/multi_threaded_executor.hpp:24[m[K,
[4.370s]                  from [01m[K/opt/ros/dashing/include/rclcpp/executors.hpp:21[m[K,
[4.371s]                  from [01m[K/opt/ros/dashing/include/rclcpp/rclcpp.hpp:144[m[K,
[4.371s]                  from [01m[K/home/orthrus1-1/orthrus1-1/src/motor/src/motor_carryout.cpp:17[m[K:
[4.372s] [01m[K/opt/ros/dashing/include/rclcpp/any_subscription_callback.hpp:80:8:[m[K [01;36m[Knote: [m[Kcandidate: template<class CallbackT, typename std::enable_if<rclcpp::function_traits::same_arguments<CallbackT, std::function<void(std::shared_ptr<message::msg::Motorcarryout_<std::allocator<void> > >)> >::value, void>::type* <anonymous> > void rclcpp::AnySubscriptionCallback<MessageT, Alloc>::set(CallbackT) [with CallbackT = CallbackT; typename std::enable_if<rclcpp::function_traits::same_arguments<CallbackT, std::function<void(std::shared_ptr<_Tp>)> >::value>::type* <anonymous> = <enumerator>; MessageT = message::msg::Motorcarryout_<std::allocator<void> >; Alloc = std::allocator<void>]
[4.372s]    void [01;36m[Kset[m[K(CallbackT callback)
[4.373s]         [01;36m[K^~~[m[K
[4.374s] [01m[K/opt/ros/dashing/include/rclcpp/any_subscription_callback.hpp:80:8:[m[K [01;36m[Knote: [m[K  template argument deduction/substitution failed:
[4.374s] [01m[K/opt/ros/dashing/include/rclcpp/any_subscription_callback.hpp:78:17:[m[K [01;31m[Kerror: [m[Kno type named ‘[01m[Ktype[m[K’ in ‘[01m[Kstruct std::enable_if<false, void>[m[K’
[4.375s]      >::type * = [01;31m[Knullptr[m[K
[4.375s]                  [01;31m[K^~~~~~~[m[K
[4.376s] [01m[K/opt/ros/dashing/include/rclcpp/any_subscription_callback.hpp:78:17:[m[K [01;36m[Knote: [m[Kinvalid template non-type parameter
[4.376s] [01m[K/opt/ros/dashing/include/rclcpp/any_subscription_callback.hpp:94:8:[m[K [01;36m[Knote: [m[Kcandidate: template<class CallbackT, typename std::enable_if<rclcpp::function_traits::same_arguments<CallbackT, std::function<void(std::shared_ptr<message::msg::Motorcarryout_<std::allocator<void> > >, const rmw_message_info_t&)> >::value, void>::type* <anonymous> > void rclcpp::AnySubscriptionCallback<MessageT, Alloc>::set(CallbackT) [with CallbackT = CallbackT; typename std::enable_if<rclcpp::function_traits::same_arguments<CallbackT, std::function<void(std::shared_ptr<_Tp>, const rmw_message_info_t&)> >::value>::type* <anonymous> = <enumerator>; MessageT = message::msg::Motorcarryout_<std::allocator<void> >; Alloc = std::allocator<void>]
[4.377s]    void [01;36m[Kset[m[K(CallbackT callback)
[4.377s]         [01;36m[K^~~[m[K
[4.378s] [01m[K/opt/ros/dashing/include/rclcpp/any_subscription_callback.hpp:94:8:[m[K [01;36m[Knote: [m[K  template argument deduction/substitution failed:
[4.378s] [01m[K/opt/ros/dashing/include/rclcpp/any_subscription_callback.hpp:92:17:[m[K [01;31m[Kerror: [m[Kno type named ‘[01m[Ktype[m[K’ in ‘[01m[Kstruct std::enable_if<false, void>[m[K’
[4.379s]      >::type * = [01;31m[Knullptr[m[K
[4.379s]                  [01;31m[K^~~~~~~[m[K
[4.380s] [01m[K/opt/ros/dashing/include/rclcpp/any_subscription_callback.hpp:92:17:[m[K [01;36m[Knote: [m[Kinvalid template non-type parameter
[4.380s] [01m[K/opt/ros/dashing/include/rclcpp/any_subscription_callback.hpp:108:8:[m[K [01;36m[Knote: [m[Kcandidate: template<class CallbackT, typename std::enable_if<rclcpp::function_traits::same_arguments<CallbackT, std::function<void(std::shared_ptr<const message::msg::Motorcarryout_<std::allocator<void> > >)> >::value, void>::type* <anonymous> > void rclcpp::AnySubscriptionCallback<MessageT, Alloc>::set(CallbackT) [with CallbackT = CallbackT; typename std::enable_if<rclcpp::function_traits::same_arguments<CallbackT, std::function<void(std::shared_ptr<const _Tp>)> >::value>::type* <anonymous> = <enumerator>; MessageT = message::msg::Motorcarryout_<std::allocator<void> >; Alloc = std::allocator<void>]
[4.381s]    void [01;36m[Kset[m[K(CallbackT callback)
[4.381s]         [01;36m[K^~~[m[K
[4.382s] [01m[K/opt/ros/dashing/include/rclcpp/any_subscription_callback.hpp:108:8:[m[K [01;36m[Knote: [m[K  template argument deduction/substitution failed:
[4.382s] [01m[K/opt/ros/dashing/include/rclcpp/any_subscription_callback.hpp:106:17:[m[K [01;31m[Kerror: [m[Kno type named ‘[01m[Ktype[m[K’ in ‘[01m[Kstruct std::enable_if<false, void>[m[K’
[4.383s]      >::type * = [01;31m[Knullptr[m[K
[4.383s]                  [01;31m[K^~~~~~~[m[K
[4.384s] [01m[K/opt/ros/dashing/include/rclcpp/any_subscription_callback.hpp:106:17:[m[K [01;36m[Knote: [m[Kinvalid template non-type parameter
[4.385s] [01m[K/opt/ros/dashing/include/rclcpp/any_subscription_callback.hpp:122:8:[m[K [01;36m[Knote: [m[Kcandidate: template<class CallbackT, typename std::enable_if<rclcpp::function_traits::same_arguments<CallbackT, std::function<void(std::shared_ptr<const message::msg::Motorcarryout_<std::allocator<void> > >, const rmw_message_info_t&)> >::value, void>::type* <anonymous> > void rclcpp::AnySubscriptionCallback<MessageT, Alloc>::set(CallbackT) [with CallbackT = CallbackT; typename std::enable_if<rclcpp::function_traits::same_arguments<CallbackT, std::function<void(std::shared_ptr<const _Tp>, const rmw_message_info_t&)> >::value>::type* <anonymous> = <enumerator>; MessageT = message::msg::Motorcarryout_<std::allocator<void> >; Alloc = std::allocator<void>]
[4.385s]    void [01;36m[Kset[m[K(CallbackT callback)
[4.386s]         [01;36m[K^~~[m[K
[4.386s] [01m[K/opt/ros/dashing/include/rclcpp/any_subscription_callback.hpp:122:8:[m[K [01;36m[Knote: [m[K  template argument deduction/substitution failed:
[4.387s] [01m[K/opt/ros/dashing/include/rclcpp/any_subscription_callback.hpp:120:17:[m[K [01;31m[Kerror: [m[Kno type named ‘[01m[Ktype[m[K’ in ‘[01m[Kstruct std::enable_if<false, void>[m[K’
[4.387s]      >::type * = [01;31m[Knullptr[m[K
[4.388s]                  [01;31m[K^~~~~~~[m[K
[4.388s] [01m[K/opt/ros/dashing/include/rclcpp/any_subscription_callback.hpp:120:17:[m[K [01;36m[Knote: [m[Kinvalid template non-type parameter
[4.389s] [01m[K/opt/ros/dashing/include/rclcpp/any_subscription_callback.hpp:136:8:[m[K [01;36m[Knote: [m[Kcandidate: template<class CallbackT, typename std::enable_if<rclcpp::function_traits::same_arguments<CallbackT, std::function<void(std::unique_ptr<message::msg::Motorcarryout_<std::allocator<void> >, std::default_delete<message::msg::Motorcarryout_<std::allocator<void> > > >)> >::value, void>::type* <anonymous> > void rclcpp::AnySubscriptionCallback<MessageT, Alloc>::set(CallbackT) [with CallbackT = CallbackT; typename std::enable_if<rclcpp::function_traits::same_arguments<CallbackT, std::function<void(std::unique_ptr<T, typename std::conditional<std::is_same<typename std::allocator_traits<typename std::allocator_traits<_Alloc>::rebind_traits<T>::allocator_type>::rebind_alloc<T>, typename std::allocator<void>::rebind<_Tp1>::other>::value, std::default_delete<_Tp>, rclcpp::allocator::AllocatorDeleter<typename std::allocator_traits<_Alloc>::rebind_traits<T>::allocator_type> >::type>)> >::value>::type* <anonymous> = <enumerator>; MessageT = message::msg::Motorcarryout_<std::allocator<void> >; Alloc = std::allocator<void>]
[4.389s]    void [01;36m[Kset[m[K(CallbackT callback)
[4.390s]         [01;36m[K^~~[m[K
[4.390s] [01m[K/opt/ros/dashing/include/rclcpp/any_subscription_callback.hpp:136:8:[m[K [01;36m[Knote: [m[K  template argument deduction/substitution failed:
[4.391s] [01m[K/opt/ros/dashing/include/rclcpp/any_subscription_callback.hpp:134:17:[m[K [01;31m[Kerror: [m[Kno type named ‘[01m[Ktype[m[K’ in ‘[01m[Kstruct std::enable_if<false, void>[m[K’
[4.391s]      >::type * = [01;31m[Knullptr[m[K
[4.392s]                  [01;31m[K^~~~~~~[m[K
[4.392s] [01m[K/opt/ros/dashing/include/rclcpp/any_subscription_callback.hpp:134:17:[m[K [01;36m[Knote: [m[Kinvalid template non-type parameter
[4.393s] [01m[K/opt/ros/dashing/include/rclcpp/any_subscription_callback.hpp:150:8:[m[K [01;36m[Knote: [m[Kcandidate: template<class CallbackT, typename std::enable_if<rclcpp::function_traits::same_arguments<CallbackT, std::function<void(std::unique_ptr<message::msg::Motorcarryout_<std::allocator<void> >, std::default_delete<message::msg::Motorcarryout_<std::allocator<void> > > >, const rmw_message_info_t&)> >::value, void>::type* <anonymous> > void rclcpp::AnySubscriptionCallback<MessageT, Alloc>::set(CallbackT) [with CallbackT = CallbackT; typename std::enable_if<rclcpp::function_traits::same_arguments<CallbackT, std::function<void(std::unique_ptr<T, typename std::conditional<std::is_same<typename std::allocator_traits<typename std::allocator_traits<_Alloc>::rebind_traits<T>::allocator_type>::rebind_alloc<T>, typename std::allocator<void>::rebind<_Tp1>::other>::value, std::default_delete<_Tp>, rclcpp::allocator::AllocatorDeleter<typename std::allocator_traits<_Alloc>::rebind_traits<T>::allocator_type> >::type>, const rmw_message_info_t&)> >::value>::type* <anonymous> = <enumerator>; MessageT = message::msg::Motorcarryout_<std::allocator<void> >; Alloc = std::allocator<void>]
[4.394s]    void [01;36m[Kset[m[K(CallbackT callback)
[4.394s]         [01;36m[K^~~[m[K
[4.395s] [01m[K/opt/ros/dashing/include/rclcpp/any_subscription_callback.hpp:150:8:[m[K [01;36m[Knote: [m[K  template argument deduction/substitution failed:
[4.395s] [01m[K/opt/ros/dashing/include/rclcpp/any_subscription_callback.hpp:148:17:[m[K [01;31m[Kerror: [m[Kno type named ‘[01m[Ktype[m[K’ in ‘[01m[Kstruct std::enable_if<false, void>[m[K’
[4.396s]      >::type * = [01;31m[Knullptr[m[K
[4.396s]                  [01;31m[K^~~~~~~[m[K
[4.397s] [01m[K/opt/ros/dashing/include/rclcpp/any_subscription_callback.hpp:148:17:[m[K [01;36m[Knote: [m[Kinvalid template non-type parameter
[4.804s] In file included from [01m[K/usr/include/c++/7/functional:58:0[m[K,
[4.804s]                  from [01m[K/home/orthrus1-1/orthrus1-1/src/motor/src/motor_carryout.cpp:14[m[K:
[4.805s] [01m[K/usr/include/c++/7/bits/std_function.h:[m[K At global scope:
[4.805s] [01m[K/usr/include/c++/7/bits/std_function.h:541:2:[m[K [01;31m[Kerror: [m[K‘[01m[Kstd::function<_Res(_ArgTypes ...)>::_Requires<std::function<_Res(_ArgTypes ...)>::_Callable<typename std::decay<_U1>::type>, std::function<_Res(_ArgTypes ...)>&> std::function<_Res(_ArgTypes ...)>::operator=(_Functor&&) [with _Functor = rclcpp::create_subscription_factory(CallbackT&&, const rclcpp::SubscriptionEventCallbacks&, typename rclcpp::message_memory_strategy::MessageMemoryStrategy<CallbackMessageT, Alloc>::SharedPtr, std::shared_ptr<PublisherT>) [with MessageT = message::msg::Motorcarryout_<std::allocator<void> >; CallbackT = std::_Bind<void (motor_carryout::*(motor_carryout*, std::_Placeholder<1>))(message::msg::Motorcarryout_<std::allocator<void> >) const>; Alloc = std::allocator<void>; CallbackMessageT = message::msg::Motorcarryout_<std::allocator<void> >; SubscriptionT = rclcpp::Subscription<message::msg::Motorcarryout_<std::allocator<void> > >; typename rclcpp::message_memory_strategy::MessageMemoryStrategy<CallbackMessageT, Alloc>::SharedPtr = std::shared_ptr<rclcpp::message_memory_strategy::MessageMemoryStrategy<message::msg::Motorcarryout_<std::allocator<void> >, std::allocator<void> > >]::<lambda(rclcpp::node_interfaces::NodeBaseInterface*, const string&, const rcl_subscription_options_t&)>; _Res = std::shared_ptr<rclcpp::SubscriptionBase>; _ArgTypes = {rclcpp::node_interfaces::NodeBaseInterface*, const std::__cxx11::basic_string<char, std::char_traits<char>, std::allocator<char> >&, const rcl_subscription_options_t&}; std::function<_Res(_ArgTypes ...)>::_Requires<std::function<_Res(_ArgTypes ...)>::_Callable<typename std::decay<_U1>::type>, std::function<_Res(_ArgTypes ...)>&> = std::function<std::shared_ptr<rclcpp::SubscriptionBase>(rclcpp::node_interfaces::NodeBaseInterface*, const std::__cxx11::basic_string<char>&, const rcl_subscription_options_t&)>&][m[K’, declared using local type ‘[01m[Krclcpp::create_subscription_factory(CallbackT&&, const rclcpp::SubscriptionEventCallbacks&, typename rclcpp::message_memory_strategy::MessageMemoryStrategy<CallbackMessageT, Alloc>::SharedPtr, std::shared_ptr<PublisherT>) [with MessageT = message::msg::Motorcarryout_<std::allocator<void> >; CallbackT = std::_Bind<void (motor_carryout::*(motor_carryout*, std::_Placeholder<1>))(message::msg::Motorcarryout_<std::allocator<void> >) const>; Alloc = std::allocator<void>; CallbackMessageT = message::msg::Motorcarryout_<std::allocator<void> >; SubscriptionT = rclcpp::Subscription<message::msg::Motorcarryout_<std::allocator<void> > >; typename rclcpp::message_memory_strategy::MessageMemoryStrategy<CallbackMessageT, Alloc>::SharedPtr = std::shared_ptr<rclcpp::message_memory_strategy::MessageMemoryStrategy<message::msg::Motorcarryout_<std::allocator<void> >, std::allocator<void> > >]::<lambda(rclcpp::node_interfaces::NodeBaseInterface*, const string&, const rcl_subscription_options_t&)>[m[K’, is used but never defined [[01;31m[K-fpermissive[m[K]
[4.806s]   [01;31m[Koperator[m[K=(_Functor&& __f)
[4.806s]   [01;31m[K^~~~~~~~[m[K
[4.971s] CMakeFiles/motor_carryout.dir/build.make:62: recipe for target 'CMakeFiles/motor_carryout.dir/src/motor_carryout.cpp.o' failed
[4.972s] make[2]: *** [CMakeFiles/motor_carryout.dir/src/motor_carryout.cpp.o] Error 1
[4.973s] CMakeFiles/Makefile2:136: recipe for target 'CMakeFiles/motor_carryout.dir/all' failed
[4.973s] make[1]: *** [CMakeFiles/motor_carryout.dir/all] Error 2
[4.974s] Makefile:140: recipe for target 'all' failed
[4.974s] make: *** [all] Error 2
[4.979s] Invoked command in '/home/orthrus1-1/orthrus1-1/build/motor' returned '2': AMENT_PREFIX_PATH=/home/orthrus1-1/orthrus1-1/install/message:${AMENT_PREFIX_PATH} CMAKE_PREFIX_PATH=/home/orthrus1-1/orthrus1-1/install/message:/opt/ros/dashing LD_LIBRARY_PATH=/home/orthrus1-1/orthrus1-1/install/message/lib:${LD_LIBRARY_PATH} PYTHONPATH=/home/orthrus1-1/orthrus1-1/install/message/lib/python3.6/site-packages:${PYTHONPATH} /usr/bin/cmake --build /home/orthrus1-1/orthrus1-1/build/motor -- -j4 -l4
