[0.050s] Invoking command in '/home/orthrus1-1/orthrus1-1/build/message': CMAKE_PREFIX_PATH=${CMAKE_PREFIX_PATH}:/opt/ros/dashing /usr/bin/cmake /home/orthrus1-1/orthrus1-1/src/message -DCMAKE_INSTALL_PREFIX=/home/orthrus1-1/orthrus1-1/install/message
[0.271s] -- The C compiler identification is GNU 7.5.0
[0.456s] -- The CXX compiler identification is GNU 7.5.0
[0.471s] -- Check for working C compiler: /usr/bin/cc
[0.707s] -- Check for working C compiler: /usr/bin/cc -- works
[0.711s] -- Detecting C compiler ABI info
[0.954s] -- Detecting C compiler ABI info - done
[0.977s] -- Detecting C compile features
[1.698s] -- Detecting C compile features - done
[1.708s] -- Check for working CXX compiler: /usr/bin/c++
[1.974s] -- Check for working CXX compiler: /usr/bin/c++ -- works
[1.976s] -- Detecting CXX compiler ABI info
[2.251s] -- Detecting CXX compiler ABI info - done
[2.270s] -- Detecting CXX compile features
[3.443s] -- Detecting CXX compile features - done
[3.459s] -- Found ament_cmake: 0.7.6 (/opt/ros/dashing/share/ament_cmake/cmake)
[3.579s] -- Found PythonInterp: /usr/bin/python3 (found suitable version "3.6.9", minimum required is "3") 
[3.580s] -- Using PYTHON_EXECUTABLE: /usr/bin/python3
[4.579s] -- Found builtin_interfaces: 0.7.4 (/opt/ros/dashing/share/builtin_interfaces/cmake)
[4.635s] -- Found rosidl_adapter: 0.7.10 (/opt/ros/dashing/share/rosidl_adapter/cmake)
[4.790s] -- Found geometry_msgs: 0.7.0 (/opt/ros/dashing/share/geometry_msgs/cmake)
[4.845s] -- Found rosidl_default_generators: 0.7.0 (/opt/ros/dashing/share/rosidl_default_generators/cmake)
[5.194s] -- Found OpenSSL: /usr/lib/aarch64-linux-gnu/libcrypto.so (found version "1.1.1") 
[5.305s] -- Found FastRTPS: /opt/ros/dashing/include  
[5.635s] -- Found PrismTech OpenSplice: /usr/share/opensplice/cmake
[5.852s] -- Found PythonInterp: /usr/bin/python3 (found version "3.6.9") 
[7.198s] -- Using all available rosidl_typesupport_c: rosidl_typesupport_fastrtps_c;rosidl_typesupport_introspection_c;rosidl_typesupport_opensplice_c
[7.393s] -- Using all available rosidl_typesupport_cpp: rosidl_typesupport_fastrtps_cpp;rosidl_typesupport_introspection_cpp;rosidl_typesupport_opensplice_cpp
[9.159s] -- Found rmw_implementation_cmake: 0.7.2 (/opt/ros/dashing/share/rmw_implementation_cmake/cmake)
[9.267s] -- Found PythonInterp: /usr/bin/python3 (found suitable version "3.6.9", minimum required is "3.5") 
[9.275s] -- Found python_cmake_module: 0.7.11 (/opt/ros/dashing/share/python_cmake_module/cmake)
[9.394s] -- Found PythonLibs: /usr/lib/aarch64-linux-gnu/libpython3.6m.so (found suitable version "3.6.9", minimum required is "3.5") 
[9.395s] -- Using PYTHON_EXECUTABLE: /usr/bin/python3
[9.395s] -- Using PYTHON_INCLUDE_DIRS: /usr/include/python3.6m
[9.396s] -- Using PYTHON_LIBRARIES: /usr/lib/aarch64-linux-gnu/libpython3.6m.so
[9.497s] -- Found PythonExtra: .so  
[10.448s] -- Found ament_lint_auto: 0.7.12 (/opt/ros/dashing/share/ament_lint_auto/cmake)
[10.572s] -- Added test 'lint_cmake' to check CMake code style
[10.578s] -- Added test 'xmllint' to check XML markup files
[10.598s] -- Configuring done
[11.295s] -- Generating done
[11.311s] -- Build files have been written to: /home/orthrus1-1/orthrus1-1/build/message
[11.335s] Invoked command in '/home/orthrus1-1/orthrus1-1/build/message' returned '0': CMAKE_PREFIX_PATH=${CMAKE_PREFIX_PATH}:/opt/ros/dashing /usr/bin/cmake /home/orthrus1-1/orthrus1-1/src/message -DCMAKE_INSTALL_PREFIX=/home/orthrus1-1/orthrus1-1/install/message
[11.347s] Invoking command in '/home/orthrus1-1/orthrus1-1/build/message': CMAKE_PREFIX_PATH=${CMAKE_PREFIX_PATH}:/opt/ros/dashing /usr/bin/cmake --build /home/orthrus1-1/orthrus1-1/build/message -- -j4 -l4
[11.511s] [35m[1mScanning dependencies of target message__dds_opensplice_idl[0m
[11.512s] [35m[1mScanning dependencies of target message__cpp[0m
[11.514s] [  1%] [34m[1mGenerating C code for ROS interfaces[0m
[11.557s] [  2%] [34m[1mGenerating C++ code for ROS interfaces[0m
[11.560s] [  4%] [34m[1mGenerating DDS interfaces[0m
[13.609s] [  4%] Built target message__dds_opensplice_idl
[14.109s] [  4%] Built target message__cpp
[14.160s] [  5%] [34m[1mGenerating C++ introspection for ROS interfaces[0m
[14.165s] [  8%] [34m[1mGenerating C++ type support dispatch for ROS interfaces[0m
[14.166s] [  8%] [34m[1mGenerating C++ type support for PrismTech OpenSplice[0m
[14.557s] [35m[1mScanning dependencies of target message__rosidl_generator_c[0m
[14.609s] [ 10%] [32mBuilding C object CMakeFiles/message__rosidl_generator_c.dir/rosidl_generator_c/message/msg/motorcarryout__functions.c.o[0m
[14.751s] [ 11%] [32mBuilding C object CMakeFiles/message__rosidl_generator_c.dir/rosidl_generator_c/message/srv/motorsend__functions.c.o[0m
[14.927s] [ 13%] [32m[1mLinking C shared library libmessage__rosidl_generator_c.so[0m
[15.094s] [ 13%] Built target message__rosidl_generator_c
[15.140s] [ 14%] [34m[1mGenerating C++ type support for eProsima Fast-RTPS[0m
[16.439s] [35m[1mScanning dependencies of target message__rosidl_typesupport_cpp[0m
[16.497s] [ 16%] [32mBuilding CXX object CMakeFiles/message__rosidl_typesupport_cpp.dir/rosidl_typesupport_cpp/message/msg/motorcarryout__type_support.cpp.o[0m
[16.723s] [35m[1mScanning dependencies of target message__rosidl_typesupport_introspection_cpp[0m
[16.789s] [ 17%] [32mBuilding CXX object CMakeFiles/message__rosidl_typesupport_introspection_cpp.dir/rosidl_typesupport_introspection_cpp/message/msg/motorcarryout__type_support.cpp.o[0m
[17.516s] [ 19%] [32mBuilding CXX object CMakeFiles/message__rosidl_typesupport_cpp.dir/rosidl_typesupport_cpp/message/srv/motorsend__type_support.cpp.o[0m
[17.803s] [ 20%] [32mBuilding CXX object CMakeFiles/message__rosidl_typesupport_introspection_cpp.dir/rosidl_typesupport_introspection_cpp/message/srv/motorsend__type_support.cpp.o[0m
[17.898s] [35m[1mScanning dependencies of target message__rosidl_typesupport_opensplice_cpp[0m
[18.068s] [35m[1mScanning dependencies of target message__rosidl_typesupport_fastrtps_cpp[0m
[18.147s] [ 22%] [32mBuilding CXX object CMakeFiles/message__rosidl_typesupport_fastrtps_cpp.dir/rosidl_typesupport_fastrtps_cpp/message/msg/dds_fastrtps/motorcarryout__type_support.cpp.o[0m
[18.237s] [ 23%] [32mBuilding CXX object CMakeFiles/message__rosidl_typesupport_opensplice_cpp.dir/rosidl_typesupport_opensplice_cpp/message/msg/dds_opensplice/motorcarryout__type_support.cpp.o[0m
[18.572s] [ 25%] [32m[1mLinking CXX shared library libmessage__rosidl_typesupport_cpp.so[0m
[18.764s] [ 25%] Built target message__rosidl_typesupport_cpp
[18.815s] [ 26%] [32mBuilding CXX object CMakeFiles/message__rosidl_typesupport_opensplice_cpp.dir/rosidl_typesupport_opensplice_cpp/message/srv/dds_opensplice/motorsend__type_support.cpp.o[0m
[18.844s] [ 28%] [32m[1mLinking CXX shared library libmessage__rosidl_typesupport_introspection_cpp.so[0m
[19.037s] [ 28%] Built target message__rosidl_typesupport_introspection_cpp
[19.088s] [ 29%] [34m[1mGenerating C type support dispatch for ROS interfaces[0m
[19.720s] [ 31%] [32mBuilding CXX object CMakeFiles/message__rosidl_typesupport_fastrtps_cpp.dir/rosidl_typesupport_fastrtps_cpp/message/srv/dds_fastrtps/motorsend__type_support.cpp.o[0m
[20.502s] [ 32%] [32mBuilding CXX object CMakeFiles/message__rosidl_typesupport_opensplice_cpp.dir/rosidl_typesupport_opensplice_cpp/message/msg/dds_opensplice/Motorcarryout_.cpp.o[0m
[20.941s] [ 34%] [32mBuilding CXX object CMakeFiles/message__rosidl_typesupport_opensplice_cpp.dir/rosidl_typesupport_opensplice_cpp/message/msg/dds_opensplice/Motorcarryout_Dcps.cpp.o[0m
[21.390s] [ 35%] [32m[1mLinking CXX shared library libmessage__rosidl_typesupport_fastrtps_cpp.so[0m
[21.557s] [35m[1mScanning dependencies of target message__rosidl_typesupport_c[0m
[21.622s] [ 37%] [32mBuilding CXX object CMakeFiles/message__rosidl_typesupport_c.dir/rosidl_typesupport_c/message/msg/motorcarryout__type_support.cpp.o[0m
[21.646s] [ 38%] [32mBuilding CXX object CMakeFiles/message__rosidl_typesupport_opensplice_cpp.dir/rosidl_typesupport_opensplice_cpp/message/msg/dds_opensplice/Motorcarryout_Dcps_impl.cpp.o[0m
[21.750s] [ 40%] [32mBuilding CXX object CMakeFiles/message__rosidl_typesupport_c.dir/rosidl_typesupport_c/message/srv/motorsend__type_support.cpp.o[0m
[21.783s] [ 40%] Built target message__rosidl_typesupport_fastrtps_cpp
[21.831s] [ 41%] [32mBuilding CXX object CMakeFiles/message__rosidl_typesupport_opensplice_cpp.dir/rosidl_typesupport_opensplice_cpp/message/msg/dds_opensplice/Motorcarryout_SplDcps.cpp.o[0m
[21.879s] [ 43%] [32m[1mLinking CXX shared library libmessage__rosidl_typesupport_c.so[0m
[22.064s] [ 43%] Built target message__rosidl_typesupport_c
[22.106s] [ 44%] [32mBuilding CXX object CMakeFiles/message__rosidl_typesupport_opensplice_cpp.dir/rosidl_typesupport_opensplice_cpp/message/srv/dds_opensplice/Motorsend_.cpp.o[0m
[22.577s] [ 46%] [34m[1mGenerating C introspection for ROS interfaces[0m
[22.677s] [ 47%] [32mBuilding CXX object CMakeFiles/message__rosidl_typesupport_opensplice_cpp.dir/rosidl_typesupport_opensplice_cpp/message/srv/dds_opensplice/Motorsend_Dcps.cpp.o[0m
[22.931s] [ 49%] [32mBuilding CXX object CMakeFiles/message__rosidl_typesupport_opensplice_cpp.dir/rosidl_typesupport_opensplice_cpp/message/srv/dds_opensplice/Motorsend_Dcps_impl.cpp.o[0m
[23.001s] [ 50%] [32mBuilding CXX object CMakeFiles/message__rosidl_typesupport_opensplice_cpp.dir/rosidl_typesupport_opensplice_cpp/message/srv/dds_opensplice/Motorsend_SplDcps.cpp.o[0m
[23.628s] [ 52%] [34m[1mGenerating C type support for eProsima Fast-RTPS[0m
[25.283s] [35m[1mScanning dependencies of target message__rosidl_typesupport_introspection_c[0m
[25.342s] [ 53%] [32mBuilding C object CMakeFiles/message__rosidl_typesupport_introspection_c.dir/rosidl_typesupport_introspection_c/message/srv/motorsend__type_support.c.o[0m
[25.343s] [ 55%] [32mBuilding C object CMakeFiles/message__rosidl_typesupport_introspection_c.dir/rosidl_typesupport_introspection_c/message/msg/motorcarryout__type_support.c.o[0m
[25.462s] [ 56%] [32m[1mLinking C shared library libmessage__rosidl_typesupport_introspection_c.so[0m
[25.583s] [ 58%] [32m[1mLinking CXX shared library libmessage__rosidl_typesupport_opensplice_cpp.so[0m
[25.608s] [ 58%] Built target message__rosidl_typesupport_introspection_c
[26.465s] [ 59%] Built target message__rosidl_typesupport_opensplice_cpp
[26.472s] [35m[1mScanning dependencies of target message__rosidl_typesupport_fastrtps_c[0m
[26.517s] [ 61%] [34m[1mGenerating C type support for PrismTech OpenSplice[0m
[26.552s] [ 64%] [32mBuilding CXX object CMakeFiles/message__rosidl_typesupport_fastrtps_c.dir/rosidl_typesupport_fastrtps_c/message/msg/motorcarryout__type_support_c.cpp.o[0m
[26.553s] [ 64%] [32mBuilding CXX object CMakeFiles/message__rosidl_typesupport_fastrtps_c.dir/rosidl_typesupport_fastrtps_c/message/srv/motorsend__type_support_c.cpp.o[0m
[27.866s] [ 65%] [32m[1mLinking CXX shared library libmessage__rosidl_typesupport_fastrtps_c.so[0m
[28.257s] [ 65%] Built target message__rosidl_typesupport_fastrtps_c
[29.267s] [35m[1mScanning dependencies of target message__rosidl_typesupport_opensplice_c[0m
[29.595s] [ 68%] [32mBuilding CXX object CMakeFiles/message__rosidl_typesupport_opensplice_c.dir/rosidl_typesupport_opensplice_cpp/message/msg/dds_opensplice/Motorcarryout_Dcps.cpp.o[0m
[29.596s] [ 68%] [32mBuilding CXX object CMakeFiles/message__rosidl_typesupport_opensplice_c.dir/rosidl_typesupport_opensplice_c/message/srv/dds_opensplice_c/motorsend__type_support_c.cpp.o[0m
[29.597s] [ 70%] [32mBuilding CXX object CMakeFiles/message__rosidl_typesupport_opensplice_c.dir/rosidl_typesupport_opensplice_c/message/msg/dds_opensplice_c/motorcarryout__type_support_c.cpp.o[0m
[29.599s] [ 71%] [32mBuilding CXX object CMakeFiles/message__rosidl_typesupport_opensplice_c.dir/rosidl_typesupport_opensplice_cpp/message/msg/dds_opensplice/Motorcarryout_.cpp.o[0m
[30.035s] [ 73%] [32mBuilding CXX object CMakeFiles/message__rosidl_typesupport_opensplice_c.dir/rosidl_typesupport_opensplice_cpp/message/msg/dds_opensplice/Motorcarryout_Dcps_impl.cpp.o[0m
[30.279s] [ 74%] [32mBuilding CXX object CMakeFiles/message__rosidl_typesupport_opensplice_c.dir/rosidl_typesupport_opensplice_cpp/message/msg/dds_opensplice/Motorcarryout_SplDcps.cpp.o[0m
[31.109s] [ 76%] [32mBuilding CXX object CMakeFiles/message__rosidl_typesupport_opensplice_c.dir/rosidl_typesupport_opensplice_cpp/message/srv/dds_opensplice/Motorsend_.cpp.o[0m
[31.390s] [ 77%] [32mBuilding CXX object CMakeFiles/message__rosidl_typesupport_opensplice_c.dir/rosidl_typesupport_opensplice_cpp/message/srv/dds_opensplice/Motorsend_Dcps.cpp.o[0m
[31.575s] [ 79%] [32mBuilding CXX object CMakeFiles/message__rosidl_typesupport_opensplice_c.dir/rosidl_typesupport_opensplice_cpp/message/srv/dds_opensplice/Motorsend_Dcps_impl.cpp.o[0m
[31.582s] [ 80%] [32mBuilding CXX object CMakeFiles/message__rosidl_typesupport_opensplice_c.dir/rosidl_typesupport_opensplice_cpp/message/srv/dds_opensplice/Motorsend_SplDcps.cpp.o[0m
[34.159s] [ 82%] [32m[1mLinking CXX shared library libmessage__rosidl_typesupport_opensplice_c.so[0m
[35.243s] [ 85%] Built target message__rosidl_typesupport_opensplice_c
[35.282s] [35m[1mScanning dependencies of target message[0m
[35.325s] [ 85%] Built target message
[35.365s] [35m[1mScanning dependencies of target message__py[0m
[35.409s] [ 86%] [34m[1mGenerating Python code for ROS interfaces[0m
[40.217s] [ 86%] Built target message__py
[40.257s] [35m[1mScanning dependencies of target message__python[0m
[40.346s] [ 89%] [32mBuilding C object CMakeFiles/message__python.dir/rosidl_generator_py/message/msg/_motorcarryout_s.c.o[0m
[40.346s] [ 89%] [32mBuilding C object CMakeFiles/message__python.dir/rosidl_generator_py/message/srv/_motorsend_s.c.o[0m
[40.948s] [ 91%] [32m[1mLinking C shared library rosidl_generator_py/message/libmessage__python.so[0m
[41.137s] [ 91%] Built target message__python
[41.180s] [35m[1mScanning dependencies of target message__rosidl_typesupport_c__pyext[0m
[41.181s] [35m[1mScanning dependencies of target message__rosidl_typesupport_fastrtps_c__pyext[0m
[41.181s] [35m[1mScanning dependencies of target message__rosidl_typesupport_opensplice_c__pyext[0m
[41.262s] [ 92%] [32mBuilding C object CMakeFiles/message__rosidl_typesupport_c__pyext.dir/rosidl_generator_py/message/_message_s.ep.rosidl_typesupport_c.c.o[0m
[41.279s] [ 94%] [32mBuilding C object CMakeFiles/message__rosidl_typesupport_opensplice_c__pyext.dir/rosidl_generator_py/message/_message_s.ep.rosidl_typesupport_opensplice_c.c.o[0m
[41.290s] [ 95%] [32mBuilding C object CMakeFiles/message__rosidl_typesupport_fastrtps_c__pyext.dir/rosidl_generator_py/message/_message_s.ep.rosidl_typesupport_fastrtps_c.c.o[0m
[41.589s] [ 97%] [32m[1mLinking C shared library rosidl_generator_py/message/message_s__rosidl_typesupport_c.cpython-36m-aarch64-linux-gnu.so[0m
[41.609s] [100%] [32m[1mLinking C shared library rosidl_generator_py/message/message_s__rosidl_typesupport_opensplice_c.cpython-36m-aarch64-linux-gnu.so[0m
[41.610s] [100%] [32m[1mLinking C shared library rosidl_generator_py/message/message_s__rosidl_typesupport_fastrtps_c.cpython-36m-aarch64-linux-gnu.so[0m
[41.899s] [100%] Built target message__rosidl_typesupport_c__pyext
[41.988s] [100%] Built target message__rosidl_typesupport_fastrtps_c__pyext
[42.037s] [100%] Built target message__rosidl_typesupport_opensplice_c__pyext
[42.085s] Invoked command in '/home/orthrus1-1/orthrus1-1/build/message' returned '0': CMAKE_PREFIX_PATH=${CMAKE_PREFIX_PATH}:/opt/ros/dashing /usr/bin/cmake --build /home/orthrus1-1/orthrus1-1/build/message -- -j4 -l4
[42.444s] Invoking command in '/home/orthrus1-1/orthrus1-1/build/message': CMAKE_PREFIX_PATH=${CMAKE_PREFIX_PATH}:/opt/ros/dashing /usr/bin/cmake --build /home/orthrus1-1/orthrus1-1/build/message --target install -- -j4 -l4
[42.674s] [  2%] Built target message__cpp
[42.676s] [  2%] Built target message__dds_opensplice_idl
[42.678s] [  8%] Built target message__rosidl_generator_c
[42.756s] [ 14%] Built target message__rosidl_typesupport_cpp
[42.770s] [ 20%] Built target message__rosidl_typesupport_introspection_cpp
[42.830s] [ 26%] Built target message__rosidl_typesupport_fastrtps_cpp
[42.863s] [ 32%] Built target message__rosidl_typesupport_c
[42.876s] [ 52%] Built target message__rosidl_typesupport_opensplice_cpp
[42.883s] [ 58%] Built target message__rosidl_typesupport_introspection_c
[42.966s] [ 64%] Built target message__rosidl_typesupport_fastrtps_c
[43.069s] [ 85%] Built target message__rosidl_typesupport_opensplice_c
[43.150s] [ 85%] Built target message
[43.232s] [ 86%] Built target message__py
[43.346s] [ 91%] Built target message__python
[43.467s] [ 94%] Built target message__rosidl_typesupport_fastrtps_c__pyext
[43.476s] [100%] Built target message__rosidl_typesupport_c__pyext
[43.477s] [100%] Built target message__rosidl_typesupport_opensplice_c__pyext
[43.554s] [36mInstall the project...[0m
[43.590s] -- Install configuration: ""
[43.591s] -- Installing: /home/orthrus1-1/orthrus1-1/install/message/share/ament_index/resource_index/rosidl_interfaces/message
[43.591s] -- Installing: /home/orthrus1-1/orthrus1-1/install/message/include/message
[43.592s] -- Installing: /home/orthrus1-1/orthrus1-1/install/message/include/message/srv
[43.593s] -- Installing: /home/orthrus1-1/orthrus1-1/install/message/include/message/srv/motorsend.hpp
[43.594s] -- Installing: /home/orthrus1-1/orthrus1-1/install/message/include/message/srv/motorsend__struct.hpp
[43.594s] -- Installing: /home/orthrus1-1/orthrus1-1/install/message/include/message/srv/motorsend__traits.hpp
[43.595s] -- Installing: /home/orthrus1-1/orthrus1-1/install/message/include/message/msg
[43.596s] -- Installing: /home/orthrus1-1/orthrus1-1/install/message/include/message/msg/motorcarryout.hpp
[43.596s] -- Installing: /home/orthrus1-1/orthrus1-1/install/message/include/message/msg/motorcarryout__struct.hpp
[43.597s] -- Installing: /home/orthrus1-1/orthrus1-1/install/message/include/message/msg/motorcarryout__traits.hpp
[43.597s] -- Up-to-date: /home/orthrus1-1/orthrus1-1/install/message/include/message
[43.598s] -- Up-to-date: /home/orthrus1-1/orthrus1-1/install/message/include/message/srv
[43.599s] -- Installing: /home/orthrus1-1/orthrus1-1/install/message/include/message/srv/motorsend__functions.c
[43.599s] -- Installing: /home/orthrus1-1/orthrus1-1/install/message/include/message/srv/motorsend__type_support.h
[43.600s] -- Installing: /home/orthrus1-1/orthrus1-1/install/message/include/message/srv/motorsend__struct.h
[43.600s] -- Installing: /home/orthrus1-1/orthrus1-1/install/message/include/message/srv/motorsend.h
[43.601s] -- Installing: /home/orthrus1-1/orthrus1-1/install/message/include/message/srv/motorsend__functions.h
[43.601s] -- Up-to-date: /home/orthrus1-1/orthrus1-1/install/message/include/message/msg
[43.602s] -- Installing: /home/orthrus1-1/orthrus1-1/install/message/include/message/msg/motorcarryout__functions.c
[43.602s] -- Installing: /home/orthrus1-1/orthrus1-1/install/message/include/message/msg/motorcarryout__type_support.h
[43.603s] -- Installing: /home/orthrus1-1/orthrus1-1/install/message/include/message/msg/motorcarryout__functions.h
[43.603s] -- Installing: /home/orthrus1-1/orthrus1-1/install/message/include/message/msg/motorcarryout__struct.h
[43.604s] -- Installing: /home/orthrus1-1/orthrus1-1/install/message/include/message/msg/rosidl_generator_c__visibility_control.h
[43.604s] -- Installing: /home/orthrus1-1/orthrus1-1/install/message/include/message/msg/motorcarryout.h
[43.605s] -- Installing: /home/orthrus1-1/orthrus1-1/install/message/share/message/environment/library_path.sh
[43.605s] -- Installing: /home/orthrus1-1/orthrus1-1/install/message/lib/libmessage__rosidl_generator_c.so
[43.606s] -- Set runtime path of "/home/orthrus1-1/orthrus1-1/install/message/lib/libmessage__rosidl_generator_c.so" to ""
[43.607s] -- Installing: /home/orthrus1-1/orthrus1-1/install/message/lib/libmessage__rosidl_typesupport_c.so
[43.607s] -- Set runtime path of "/home/orthrus1-1/orthrus1-1/install/message/lib/libmessage__rosidl_typesupport_c.so" to ""
[43.608s] -- Installing: /home/orthrus1-1/orthrus1-1/install/message/lib/libmessage__rosidl_typesupport_cpp.so
[43.608s] -- Set runtime path of "/home/orthrus1-1/orthrus1-1/install/message/lib/libmessage__rosidl_typesupport_cpp.so" to ""
[43.609s] -- Up-to-date: /home/orthrus1-1/orthrus1-1/install/message/include/message
[43.609s] -- Up-to-date: /home/orthrus1-1/orthrus1-1/install/message/include/message/srv
[43.610s] -- Installing: /home/orthrus1-1/orthrus1-1/install/message/include/message/srv/motorsend__rosidl_typesupport_introspection_c.h
[43.611s] -- Installing: /home/orthrus1-1/orthrus1-1/install/message/include/message/srv/motorsend__type_support.c
[43.611s] -- Up-to-date: /home/orthrus1-1/orthrus1-1/install/message/include/message/msg
[43.612s] -- Installing: /home/orthrus1-1/orthrus1-1/install/message/include/message/msg/motorcarryout__rosidl_typesupport_introspection_c.h
[43.612s] -- Installing: /home/orthrus1-1/orthrus1-1/install/message/include/message/msg/rosidl_typesupport_introspection_c__visibility_control.h
[43.613s] -- Installing: /home/orthrus1-1/orthrus1-1/install/message/include/message/msg/motorcarryout__type_support.c
[43.613s] -- Installing: /home/orthrus1-1/orthrus1-1/install/message/lib/libmessage__rosidl_typesupport_introspection_c.so
[43.614s] -- Set runtime path of "/home/orthrus1-1/orthrus1-1/install/message/lib/libmessage__rosidl_typesupport_introspection_c.so" to ""
[43.614s] -- Up-to-date: /home/orthrus1-1/orthrus1-1/install/message/include/message
[43.615s] -- Up-to-date: /home/orthrus1-1/orthrus1-1/install/message/include/message/srv
[43.616s] -- Installing: /home/orthrus1-1/orthrus1-1/install/message/include/message/srv/motorsend__rosidl_typesupport_introspection_cpp.hpp
[43.617s] -- Installing: /home/orthrus1-1/orthrus1-1/install/message/include/message/srv/motorsend__type_support.cpp
[43.617s] -- Up-to-date: /home/orthrus1-1/orthrus1-1/install/message/include/message/msg
[43.618s] -- Installing: /home/orthrus1-1/orthrus1-1/install/message/include/message/msg/motorcarryout__type_support.cpp
[43.618s] -- Installing: /home/orthrus1-1/orthrus1-1/install/message/include/message/msg/motorcarryout__rosidl_typesupport_introspection_cpp.hpp
[43.619s] -- Installing: /home/orthrus1-1/orthrus1-1/install/message/lib/libmessage__rosidl_typesupport_introspection_cpp.so
[43.620s] -- Set runtime path of "/home/orthrus1-1/orthrus1-1/install/message/lib/libmessage__rosidl_typesupport_introspection_cpp.so" to ""
[43.620s] -- Up-to-date: /home/orthrus1-1/orthrus1-1/install/message/include/message
[43.621s] -- Up-to-date: /home/orthrus1-1/orthrus1-1/install/message/include/message/srv
[43.621s] -- Installing: /home/orthrus1-1/orthrus1-1/install/message/include/message/srv/motorsend__rosidl_typesupport_fastrtps_c.h
[43.622s] -- Up-to-date: /home/orthrus1-1/orthrus1-1/install/message/include/message/msg
[43.622s] -- Installing: /home/orthrus1-1/orthrus1-1/install/message/include/message/msg/rosidl_typesupport_fastrtps_c__visibility_control.h
[43.623s] -- Installing: /home/orthrus1-1/orthrus1-1/install/message/include/message/msg/motorcarryout__rosidl_typesupport_fastrtps_c.h
[43.623s] -- Installing: /home/orthrus1-1/orthrus1-1/install/message/lib/libmessage__rosidl_typesupport_fastrtps_c.so
[43.624s] -- Set runtime path of "/home/orthrus1-1/orthrus1-1/install/message/lib/libmessage__rosidl_typesupport_fastrtps_c.so" to ""
[43.625s] -- Up-to-date: /home/orthrus1-1/orthrus1-1/install/message/include/message
[43.625s] -- Up-to-date: /home/orthrus1-1/orthrus1-1/install/message/include/message/srv
[43.626s] -- Installing: /home/orthrus1-1/orthrus1-1/install/message/include/message/srv/motorsend__rosidl_typesupport_fastrtps_cpp.hpp
[43.626s] -- Installing: /home/orthrus1-1/orthrus1-1/install/message/include/message/srv/dds_fastrtps
[43.627s] -- Up-to-date: /home/orthrus1-1/orthrus1-1/install/message/include/message/msg
[43.627s] -- Installing: /home/orthrus1-1/orthrus1-1/install/message/include/message/msg/dds_fastrtps
[43.628s] -- Installing: /home/orthrus1-1/orthrus1-1/install/message/include/message/msg/rosidl_typesupport_fastrtps_cpp__visibility_control.h
[43.628s] -- Installing: /home/orthrus1-1/orthrus1-1/install/message/include/message/msg/motorcarryout__rosidl_typesupport_fastrtps_cpp.hpp
[43.629s] -- Installing: /home/orthrus1-1/orthrus1-1/install/message/lib/libmessage__rosidl_typesupport_fastrtps_cpp.so
[43.629s] -- Set runtime path of "/home/orthrus1-1/orthrus1-1/install/message/lib/libmessage__rosidl_typesupport_fastrtps_cpp.so" to ""
[43.630s] -- Up-to-date: /home/orthrus1-1/orthrus1-1/install/message/include/message
[43.630s] -- Up-to-date: /home/orthrus1-1/orthrus1-1/install/message/include/message/srv
[43.631s] -- Installing: /home/orthrus1-1/orthrus1-1/install/message/include/message/srv/motorsend__rosidl_typesupport_opensplice_c.h
[43.631s] -- Installing: /home/orthrus1-1/orthrus1-1/install/message/include/message/srv/dds_opensplice_c
[43.632s] -- Up-to-date: /home/orthrus1-1/orthrus1-1/install/message/include/message/msg
[43.632s] -- Installing: /home/orthrus1-1/orthrus1-1/install/message/include/message/msg/rosidl_typesupport_opensplice_c__visibility_control.h
[43.633s] -- Installing: /home/orthrus1-1/orthrus1-1/install/message/include/message/msg/motorcarryout__rosidl_typesupport_opensplice_c.h
[43.633s] -- Installing: /home/orthrus1-1/orthrus1-1/install/message/include/message/msg/dds_opensplice_c
[43.634s] -- Installing: /home/orthrus1-1/orthrus1-1/install/message/lib/libmessage__rosidl_typesupport_opensplice_c.so
[43.634s] -- Set runtime path of "/home/orthrus1-1/orthrus1-1/install/message/lib/libmessage__rosidl_typesupport_opensplice_c.so" to ""
[43.635s] -- Installing: /home/orthrus1-1/orthrus1-1/install/message/share/message/msg/dds_opensplice
[43.636s] -- Installing: /home/orthrus1-1/orthrus1-1/install/message/share/message/msg/dds_opensplice/Motorcarryout_.idl
[43.637s] -- Installing: /home/orthrus1-1/orthrus1-1/install/message/share/message/srv/dds_opensplice
[43.638s] -- Installing: /home/orthrus1-1/orthrus1-1/install/message/share/message/srv/dds_opensplice/Motorsend_.idl
[43.638s] -- Up-to-date: /home/orthrus1-1/orthrus1-1/install/message/include/message
[43.639s] -- Up-to-date: /home/orthrus1-1/orthrus1-1/install/message/include/message/srv
[43.639s] -- Installing: /home/orthrus1-1/orthrus1-1/install/message/include/message/srv/dds_opensplice
[43.640s] -- Installing: /home/orthrus1-1/orthrus1-1/install/message/include/message/srv/dds_opensplice/Motorsend_.h
[43.640s] -- Installing: /home/orthrus1-1/orthrus1-1/install/message/include/message/srv/dds_opensplice/ccpp_Motorsend_.h
[43.641s] -- Installing: /home/orthrus1-1/orthrus1-1/install/message/include/message/srv/dds_opensplice/Motorsend_SplDcps.h
[43.642s] -- Installing: /home/orthrus1-1/orthrus1-1/install/message/include/message/srv/dds_opensplice/Motorsend_Dcps.h
[43.642s] -- Installing: /home/orthrus1-1/orthrus1-1/install/message/include/message/srv/dds_opensplice/Motorsend_Dcps_impl.h
[43.643s] -- Installing: /home/orthrus1-1/orthrus1-1/install/message/include/message/srv/motorsend__rosidl_typesupport_opensplice_cpp.hpp
[43.643s] -- Up-to-date: /home/orthrus1-1/orthrus1-1/install/message/include/message/msg
[43.644s] -- Installing: /home/orthrus1-1/orthrus1-1/install/message/include/message/msg/dds_opensplice
[43.644s] -- Installing: /home/orthrus1-1/orthrus1-1/install/message/include/message/msg/dds_opensplice/Motorcarryout_Dcps_impl.h
[43.645s] -- Installing: /home/orthrus1-1/orthrus1-1/install/message/include/message/msg/dds_opensplice/Motorcarryout_Dcps.h
[43.646s] -- Installing: /home/orthrus1-1/orthrus1-1/install/message/include/message/msg/dds_opensplice/Motorcarryout_SplDcps.h
[43.646s] -- Installing: /home/orthrus1-1/orthrus1-1/install/message/include/message/msg/dds_opensplice/Motorcarryout_.h
[43.647s] -- Installing: /home/orthrus1-1/orthrus1-1/install/message/include/message/msg/dds_opensplice/ccpp_Motorcarryout_.h
[43.647s] -- Installing: /home/orthrus1-1/orthrus1-1/install/message/include/message/msg/motorcarryout__rosidl_typesupport_opensplice_cpp.hpp
[43.648s] -- Installing: /home/orthrus1-1/orthrus1-1/install/message/include/message/msg/rosidl_typesupport_opensplice_cpp__visibility_control.h
[43.648s] -- Installing: /home/orthrus1-1/orthrus1-1/install/message/lib/libmessage__rosidl_typesupport_opensplice_cpp.so
[43.654s] -- Set runtime path of "/home/orthrus1-1/orthrus1-1/install/message/lib/libmessage__rosidl_typesupport_opensplice_cpp.so" to ""
[43.654s] -- Installing: /home/orthrus1-1/orthrus1-1/install/message/share/message/environment/pythonpath.sh
[43.655s] -- Installing: /home/orthrus1-1/orthrus1-1/install/message/lib/python3.6/site-packages/message/__init__.py
[43.802s] Compiling '/home/orthrus1-1/orthrus1-1/install/message/lib/python3.6/site-packages/message/__init__.py'...
[43.823s] -- Installing: /home/orthrus1-1/orthrus1-1/install/message/lib/python3.6/site-packages/message/msg
[43.824s] -- Installing: /home/orthrus1-1/orthrus1-1/install/message/lib/python3.6/site-packages/message/msg/__init__.py
[43.825s] -- Installing: /home/orthrus1-1/orthrus1-1/install/message/lib/python3.6/site-packages/message/msg/_motorcarryout_s.c
[43.825s] -- Installing: /home/orthrus1-1/orthrus1-1/install/message/lib/python3.6/site-packages/message/msg/_motorcarryout.py
[43.826s] -- Installing: /home/orthrus1-1/orthrus1-1/install/message/lib/python3.6/site-packages/message/srv
[43.826s] -- Installing: /home/orthrus1-1/orthrus1-1/install/message/lib/python3.6/site-packages/message/srv/_motorsend_s.c
[43.827s] -- Installing: /home/orthrus1-1/orthrus1-1/install/message/lib/python3.6/site-packages/message/srv/__init__.py
[43.827s] -- Installing: /home/orthrus1-1/orthrus1-1/install/message/lib/python3.6/site-packages/message/srv/_motorsend.py
[43.828s] -- Installing: /home/orthrus1-1/orthrus1-1/install/message/lib/python3.6/site-packages/message/message_s__rosidl_typesupport_c.cpython-36m-aarch64-linux-gnu.so
[43.829s] -- Set runtime path of "/home/orthrus1-1/orthrus1-1/install/message/lib/python3.6/site-packages/message/message_s__rosidl_typesupport_c.cpython-36m-aarch64-linux-gnu.so" to ""
[43.830s] -- Installing: /home/orthrus1-1/orthrus1-1/install/message/lib/python3.6/site-packages/message/message_s__rosidl_typesupport_fastrtps_c.cpython-36m-aarch64-linux-gnu.so
[43.831s] -- Set runtime path of "/home/orthrus1-1/orthrus1-1/install/message/lib/python3.6/site-packages/message/message_s__rosidl_typesupport_fastrtps_c.cpython-36m-aarch64-linux-gnu.so" to ""
[43.832s] -- Installing: /home/orthrus1-1/orthrus1-1/install/message/lib/python3.6/site-packages/message/message_s__rosidl_typesupport_opensplice_c.cpython-36m-aarch64-linux-gnu.so
[43.834s] -- Set runtime path of "/home/orthrus1-1/orthrus1-1/install/message/lib/python3.6/site-packages/message/message_s__rosidl_typesupport_opensplice_c.cpython-36m-aarch64-linux-gnu.so" to ""
[43.834s] -- Installing: /home/orthrus1-1/orthrus1-1/install/message/lib/libmessage__python.so
[43.836s] -- Set runtime path of "/home/orthrus1-1/orthrus1-1/install/message/lib/libmessage__python.so" to ""
[43.836s] -- Installing: /home/orthrus1-1/orthrus1-1/install/message/share/message/msg/Motorcarryout.idl
[43.837s] -- Installing: /home/orthrus1-1/orthrus1-1/install/message/share/message/srv/Motorsend.idl
[43.838s] -- Installing: /home/orthrus1-1/orthrus1-1/install/message/share/message/msg/Motorcarryout.msg
[43.838s] -- Installing: /home/orthrus1-1/orthrus1-1/install/message/share/message/srv/Motorsend.srv
[43.839s] -- Installing: /home/orthrus1-1/orthrus1-1/install/message/share/message/srv/Motorsend_Request.msg
[43.839s] -- Installing: /home/orthrus1-1/orthrus1-1/install/message/share/message/srv/Motorsend_Response.msg
[43.840s] -- Installing: /home/orthrus1-1/orthrus1-1/install/message/share/ament_index/resource_index/package_run_dependencies/message
[43.840s] -- Installing: /home/orthrus1-1/orthrus1-1/install/message/share/ament_index/resource_index/parent_prefix_path/message
[43.841s] -- Installing: /home/orthrus1-1/orthrus1-1/install/message/share/message/environment/ament_prefix_path.sh
[43.841s] -- Installing: /home/orthrus1-1/orthrus1-1/install/message/share/message/environment/path.sh
[43.842s] -- Installing: /home/orthrus1-1/orthrus1-1/install/message/share/message/local_setup.bash
[43.843s] -- Installing: /home/orthrus1-1/orthrus1-1/install/message/share/message/local_setup.sh
[43.843s] -- Installing: /home/orthrus1-1/orthrus1-1/install/message/share/message/local_setup.zsh
[43.844s] -- Installing: /home/orthrus1-1/orthrus1-1/install/message/share/ament_index/resource_index/packages/message
[43.844s] -- Installing: /home/orthrus1-1/orthrus1-1/install/message/share/message/cmake/rosidl_cmake-extras.cmake
[43.845s] -- Installing: /home/orthrus1-1/orthrus1-1/install/message/share/message/cmake/ament_cmake_export_dependencies-extras.cmake
[43.845s] -- Installing: /home/orthrus1-1/orthrus1-1/install/message/share/message/cmake/ament_cmake_export_include_directories-extras.cmake
[43.846s] -- Installing: /home/orthrus1-1/orthrus1-1/install/message/share/message/cmake/ament_cmake_export_libraries-extras.cmake
[43.847s] -- Installing: /home/orthrus1-1/orthrus1-1/install/message/share/message/cmake/rosidl_cmake_export_typesupport_libraries-extras.cmake
[43.847s] -- Installing: /home/orthrus1-1/orthrus1-1/install/message/share/message/cmake/messageConfig.cmake
[43.848s] -- Installing: /home/orthrus1-1/orthrus1-1/install/message/share/message/cmake/messageConfig-version.cmake
[43.848s] -- Installing: /home/orthrus1-1/orthrus1-1/install/message/share/message/package.xml
[43.861s] Invoked command in '/home/orthrus1-1/orthrus1-1/build/message' returned '0': CMAKE_PREFIX_PATH=${CMAKE_PREFIX_PATH}:/opt/ros/dashing /usr/bin/cmake --build /home/orthrus1-1/orthrus1-1/build/message --target install -- -j4 -l4
