[0.035s] Invoking command in '/home/orthrus1-1/orthrus1-1/build/motor': CMAKE_PREFIX_PATH=/home/orthrus1-1/orthrus1-1/install/message:/home/orthrus1-1/orthrus1-1/install/motor:/opt/ros/dashing LD_LIBRARY_PATH=/home/orthrus1-1/orthrus1-1/install/message/lib:/home/orthrus1-1/orthrus1-1/install/motor/lib:/opt/ros/dashing/opt/yaml_cpp_vendor/lib:/opt/ros/dashing/opt/rviz_ogre_vendor/lib:/usr/lib:/opt/ros/dashing/lib /usr/bin/cmake --build /home/orthrus1-1/orthrus1-1/build/motor -- -j4 -l4
[0.198s] [35m[1mScanning dependencies of target motor_carryout[0m
[0.252s] [ 50%] Built target check
[0.297s] [ 75%] [32mBuilding CXX object CMakeFiles/motor_carryout.dir/src/motor_carryout.cpp.o[0m
[8.530s] [100%] [32m[1mLinking CXX executable motor_carryout[0m
[9.104s] [100%] Built target motor_carryout
[9.147s] Invoked command in '/home/orthrus1-1/orthrus1-1/build/motor' returned '0': CMAKE_PREFIX_PATH=/home/orthrus1-1/orthrus1-1/install/message:/home/orthrus1-1/orthrus1-1/install/motor:/opt/ros/dashing LD_LIBRARY_PATH=/home/orthrus1-1/orthrus1-1/install/message/lib:/home/orthrus1-1/orthrus1-1/install/motor/lib:/opt/ros/dashing/opt/yaml_cpp_vendor/lib:/opt/ros/dashing/opt/rviz_ogre_vendor/lib:/usr/lib:/opt/ros/dashing/lib /usr/bin/cmake --build /home/orthrus1-1/orthrus1-1/build/motor -- -j4 -l4
[9.245s] Invoking command in '/home/orthrus1-1/orthrus1-1/build/motor': CMAKE_PREFIX_PATH=/home/orthrus1-1/orthrus1-1/install/message:/home/orthrus1-1/orthrus1-1/install/motor:/opt/ros/dashing LD_LIBRARY_PATH=/home/orthrus1-1/orthrus1-1/install/message/lib:/home/orthrus1-1/orthrus1-1/install/motor/lib:/opt/ros/dashing/opt/yaml_cpp_vendor/lib:/opt/ros/dashing/opt/rviz_ogre_vendor/lib:/usr/lib:/opt/ros/dashing/lib /usr/bin/cmake --build /home/orthrus1-1/orthrus1-1/build/motor --target install -- -j4 -l4
[9.465s] [100%] Built target check
[9.466s] [100%] Built target motor_carryout
[9.539s] [36mInstall the project...[0m
[9.574s] -- Install configuration: ""
[9.575s] -- Up-to-date: /home/orthrus1-1/orthrus1-1/install/motor/include
[9.575s] -- Up-to-date: /home/orthrus1-1/orthrus1-1/install/motor/include/unitree_motor_ctrl
[9.576s] -- Up-to-date: /home/orthrus1-1/orthrus1-1/install/motor/include/unitree_motor_ctrl/motor_ctrl.h
[9.576s] -- Up-to-date: /home/orthrus1-1/orthrus1-1/install/motor/include/unitree_motor_ctrl/motor_msg.h
[9.577s] -- Up-to-date: /home/orthrus1-1/orthrus1-1/install/motor/include/unitree_motor_ctrl/LSerial.h
[9.577s] -- Up-to-date: /home/orthrus1-1/orthrus1-1/install/motor/include/motor
[9.578s] -- Up-to-date: /home/orthrus1-1/orthrus1-1/install/motor/include/kinetics
[9.579s] -- Up-to-date: /home/orthrus1-1/orthrus1-1/install/motor/include/kinetics/leg_NN.cpp
[9.579s] -- Up-to-date: /home/orthrus1-1/orthrus1-1/install/motor/include/kinetics/leg_NN.h
[9.580s] -- Up-to-date: /home/orthrus1-1/orthrus1-1/install/motor/include/kinetics/retroduction.h
[9.580s] -- Up-to-date: /home/orthrus1-1/orthrus1-1/install/motor/include/kinetics/predict_foot.h
[9.581s] -- Up-to-date: /home/orthrus1-1/orthrus1-1/install/motor/include/kinetics/predict_foot.cpp
[9.582s] -- Up-to-date: /home/orthrus1-1/orthrus1-1/install/motor/include/kinetics/retroduction.cpp
[9.582s] -- Up-to-date: /home/orthrus1-1/orthrus1-1/install/motor/lib
[9.583s] -- Up-to-date: /home/orthrus1-1/orthrus1-1/install/motor/lib/libUnitree_motor_SDK_ARM64.so
[9.584s] -- Up-to-date: /home/orthrus1-1/orthrus1-1/install/motor/lib/motor/check
[9.584s] -- Installing: /home/orthrus1-1/orthrus1-1/install/motor/lib/motor/motor_carryout
[9.585s] -- Set runtime path of "/home/orthrus1-1/orthrus1-1/install/motor/lib/motor/motor_carryout" to ""
[9.585s] -- Up-to-date: /home/orthrus1-1/orthrus1-1/install/motor/share/ament_index/resource_index/package_run_dependencies/motor
[9.586s] -- Up-to-date: /home/orthrus1-1/orthrus1-1/install/motor/share/ament_index/resource_index/parent_prefix_path/motor
[9.586s] -- Up-to-date: /home/orthrus1-1/orthrus1-1/install/motor/share/motor/environment/ament_prefix_path.sh
[9.587s] -- Up-to-date: /home/orthrus1-1/orthrus1-1/install/motor/share/motor/environment/path.sh
[9.588s] -- Up-to-date: /home/orthrus1-1/orthrus1-1/install/motor/share/motor/local_setup.bash
[9.588s] -- Up-to-date: /home/orthrus1-1/orthrus1-1/install/motor/share/motor/local_setup.sh
[9.589s] -- Up-to-date: /home/orthrus1-1/orthrus1-1/install/motor/share/motor/local_setup.zsh
[9.589s] -- Up-to-date: /home/orthrus1-1/orthrus1-1/install/motor/share/ament_index/resource_index/packages/motor
[9.590s] -- Up-to-date: /home/orthrus1-1/orthrus1-1/install/motor/share/motor/cmake/motorConfig.cmake
[9.590s] -- Up-to-date: /home/orthrus1-1/orthrus1-1/install/motor/share/motor/cmake/motorConfig-version.cmake
[9.591s] -- Up-to-date: /home/orthrus1-1/orthrus1-1/install/motor/share/motor/package.xml
[9.602s] Invoked command in '/home/orthrus1-1/orthrus1-1/build/motor' returned '0': CMAKE_PREFIX_PATH=/home/orthrus1-1/orthrus1-1/install/message:/home/orthrus1-1/orthrus1-1/install/motor:/opt/ros/dashing LD_LIBRARY_PATH=/home/orthrus1-1/orthrus1-1/install/message/lib:/home/orthrus1-1/orthrus1-1/install/motor/lib:/opt/ros/dashing/opt/yaml_cpp_vendor/lib:/opt/ros/dashing/opt/rviz_ogre_vendor/lib:/usr/lib:/opt/ros/dashing/lib /usr/bin/cmake --build /home/orthrus1-1/orthrus1-1/build/motor --target install -- -j4 -l4
