[0.032s] Invoking command in '/home/orthrus1-1/orthrus1-1/build/motor': AMENT_PREFIX_PATH=/home/orthrus1-1/orthrus1-1/install/message:${AMENT_PREFIX_PATH} CMAKE_PREFIX_PATH=/home/orthrus1-1/orthrus1-1/install/message:/opt/ros/dashing LD_LIBRARY_PATH=/home/orthrus1-1/orthrus1-1/install/message/lib:${LD_LIBRARY_PATH} PYTHONPATH=/home/orthrus1-1/orthrus1-1/install/message/lib/python3.6/site-packages:${PYTHONPATH} /usr/bin/cmake --build /home/orthrus1-1/orthrus1-1/build/motor -- -j4 -l4
[0.190s] [35m[1mScanning dependencies of target motor_carryout[0m
[0.244s] [ 50%] Built target check
[0.287s] [ 75%] [32mBuilding CXX object CMakeFiles/motor_carryout.dir/src/motor_carryout.cpp.o[0m
[3.831s] In file included from [01m[K/home/orthrus1-1/orthrus1-1/src/motor/src/motor_carryout.cpp:12:0[m[K:
[3.832s] /usr/include/c++/7/functional: In instantiation of ‘[01m[Kstruct std::_Bind_check_arity<void (motor_carryout::*)(std::shared_ptr<message::msg::Motorcarryout_<std::allocator<void> > >) const, motor_carryout*>[m[K’:
[3.833s] [01m[K/usr/include/c++/7/functional:854:12:[m[K   required from ‘[01m[Kstruct std::_Bind_helper<false, void (motor_carryout::*)(std::shared_ptr<message::msg::Motorcarryout_<std::allocator<void> > >) const, motor_carryout*>[m[K’
[3.833s] [01m[K/usr/include/c++/7/functional:875:5:[m[K   required by substitution of ‘[01m[Ktemplate<class _Func, class ... _BoundArgs> typename std::_Bind_helper<std::__is_socketlike<_Func>::value, _Func, _BoundArgs ...>::type std::bind(_Func&&, _BoundArgs&& ...) [with _Func = void (motor_carryout::*)(std::shared_ptr<message::msg::Motorcarryout_<std::allocator<void> > >) const; _BoundArgs = {motor_carryout*}][m[K’
[3.834s] [01m[K/home/orthrus1-1/orthrus1-1/src/motor/src/motor_carryout.cpp:28:75:[m[K   required from here
[3.834s] [01m[K/usr/include/c++/7/functional:841:7:[m[K [01;31m[Kerror: [m[Kstatic assertion failed: Wrong number of arguments for pointer-to-member
[3.835s]        [01;31m[Kstatic_assert[m[K(_Varargs::value
[3.835s]        [01;31m[K^~~~~~~~~~~~~[m[K
[4.421s] In file included from [01m[K/opt/ros/dashing/include/rclcpp/subscription_base.hpp:28:0[m[K,
[4.422s]                  from [01m[K/opt/ros/dashing/include/rclcpp/intra_process_manager_impl.hpp:38[m[K,
[4.423s]                  from [01m[K/opt/ros/dashing/include/rclcpp/intra_process_manager.hpp:32[m[K,
[4.423s]                  from [01m[K/opt/ros/dashing/include/rclcpp/publisher.hpp:35[m[K,
[4.424s]                  from [01m[K/opt/ros/dashing/include/rclcpp/callback_group.hpp:24[m[K,
[4.424s]                  from [01m[K/opt/ros/dashing/include/rclcpp/any_executable.hpp:20[m[K,
[4.425s]                  from [01m[K/opt/ros/dashing/include/rclcpp/memory_strategy.hpp:24[m[K,
[4.425s]                  from [01m[K/opt/ros/dashing/include/rclcpp/memory_strategies.hpp:18[m[K,
[4.426s]                  from [01m[K/opt/ros/dashing/include/rclcpp/executor.hpp:33[m[K,
[4.426s]                  from [01m[K/opt/ros/dashing/include/rclcpp/executors/multi_threaded_executor.hpp:24[m[K,
[4.427s]                  from [01m[K/opt/ros/dashing/include/rclcpp/executors.hpp:21[m[K,
[4.427s]                  from [01m[K/opt/ros/dashing/include/rclcpp/rclcpp.hpp:144[m[K,
[4.428s]                  from [01m[K/home/orthrus1-1/orthrus1-1/src/motor/src/motor_carryout.cpp:15[m[K:
[4.429s] /opt/ros/dashing/include/rclcpp/any_subscription_callback.hpp: In instantiation of ‘[01m[Kvoid rclcpp::AnySubscriptionCallback<MessageT, Alloc>::set(CallbackT) [with CallbackT = std::_Bind<void (motor_carryout::*(motor_carryout*))(std::shared_ptr<message::msg::Motorcarryout_<std::allocator<void> > >) const>; typename std::enable_if<rclcpp::function_traits::same_arguments<CallbackT, std::function<void(std::shared_ptr<_Tp>)> >::value>::type* <anonymous> = 0; MessageT = message::msg::Motorcarryout_<std::allocator<void> >; Alloc = std::allocator<void>][m[K’:
[4.429s] [01m[K/opt/ros/dashing/include/rclcpp/subscription_factory.hpp:93:3:[m[K   required from ‘[01m[Krclcpp::SubscriptionFactory rclcpp::create_subscription_factory(CallbackT&&, const rclcpp::SubscriptionEventCallbacks&, typename rclcpp::message_memory_strategy::MessageMemoryStrategy<CallbackMessageT, Alloc>::SharedPtr, std::shared_ptr<PublisherT>) [with MessageT = message::msg::Motorcarryout_<std::allocator<void> >; CallbackT = std::_Bind<void (motor_carryout::*(motor_carryout*))(std::shared_ptr<message::msg::Motorcarryout_<std::allocator<void> > >) const>; Alloc = std::allocator<void>; CallbackMessageT = message::msg::Motorcarryout_<std::allocator<void> >; SubscriptionT = rclcpp::Subscription<message::msg::Motorcarryout_<std::allocator<void> > >; typename rclcpp::message_memory_strategy::MessageMemoryStrategy<CallbackMessageT, Alloc>::SharedPtr = std::shared_ptr<rclcpp::message_memory_strategy::MessageMemoryStrategy<message::msg::Motorcarryout_<std::allocator<void> >, std::allocator<void> > >][m[K’
[4.430s] [01m[K/opt/ros/dashing/include/rclcpp/create_subscription.hpp:115:71:[m[K   required from ‘[01m[Kstd::shared_ptr<SubscriptionT> rclcpp::create_subscription(NodeT&&, const string&, const rclcpp::QoS&, CallbackT&&, const rclcpp::SubscriptionOptionsWithAllocator<AllocatorT>&, typename rclcpp::message_memory_strategy::MessageMemoryStrategy<CallbackMessageT, Alloc>::SharedPtr) [with MessageT = message::msg::Motorcarryout_<std::allocator<void> >; CallbackT = std::_Bind<void (motor_carryout::*(motor_carryout*))(std::shared_ptr<message::msg::Motorcarryout_<std::allocator<void> > >) const>; AllocatorT = std::allocator<void>; CallbackMessageT = message::msg::Motorcarryout_<std::allocator<void> >; SubscriptionT = rclcpp::Subscription<message::msg::Motorcarryout_<std::allocator<void> > >; NodeT = rclcpp::Node&; std::__cxx11::string = std::__cxx11::basic_string<char>; typename rclcpp::message_memory_strategy::MessageMemoryStrategy<CallbackMessageT, Alloc>::SharedPtr = std::shared_ptr<rclcpp::message_memory_strategy::MessageMemoryStrategy<message::msg::Motorcarryout_<std::allocator<void> >, std::allocator<void> > >][m[K’
[4.430s] [01m[K/opt/ros/dashing/include/rclcpp/node_impl.hpp:124:47:[m[K   required from ‘[01m[Kstd::shared_ptr<SubscriptionT> rclcpp::Node::create_subscription(const string&, const rclcpp::QoS&, CallbackT&&, const rclcpp::SubscriptionOptionsWithAllocator<AllocatorT>&, typename rclcpp::message_memory_strategy::MessageMemoryStrategy<typename rclcpp::subscription_traits::has_message_type<CallbackT>::type, AllocatorT>::SharedPtr) [with MessageT = message::msg::Motorcarryout_<std::allocator<void> >; CallbackT = std::_Bind<void (motor_carryout::*(motor_carryout*))(std::shared_ptr<message::msg::Motorcarryout_<std::allocator<void> > >) const>; AllocatorT = std::allocator<void>; SubscriptionT = rclcpp::Subscription<message::msg::Motorcarryout_<std::allocator<void> > >; std::__cxx11::string = std::__cxx11::basic_string<char>; typename rclcpp::message_memory_strategy::MessageMemoryStrategy<typename rclcpp::subscription_traits::has_message_type<CallbackT>::type, AllocatorT>::SharedPtr = std::shared_ptr<rclcpp::message_memory_strategy::MessageMemoryStrategy<message::msg::Motorcarryout_<std::allocator<void> >, std::allocator<void> > >][m[K’
[4.431s] [01m[K/home/orthrus1-1/orthrus1-1/src/motor/src/motor_carryout.cpp:28:76:[m[K   required from here
[4.432s] [01m[K/opt/ros/dashing/include/rclcpp/any_subscription_callback.hpp:82:26:[m[K [01;31m[Kerror: [m[Kno match for ‘[01m[Koperator=[m[K’ (operand types are ‘[01m[Krclcpp::AnySubscriptionCallback<message::msg::Motorcarryout_<std::allocator<void> >, std::allocator<void> >::SharedPtrCallback {aka std::function<void(std::shared_ptr<message::msg::Motorcarryout_<std::allocator<void> > >)>}[m[K’ and ‘[01m[Kstd::_Bind<void (motor_carryout::*(motor_carryout*))(std::shared_ptr<message::msg::Motorcarryout_<std::allocator<void> > >) const>[m[K’)
[4.432s]      [01;31m[Kshared_ptr_callback_ = callback[m[K;
[4.433s]      [01;31m[K~~~~~~~~~~~~~~~~~~~~~^~~~~~~~~~[m[K
[4.433s] In file included from [01m[K/usr/include/c++/7/functional:58:0[m[K,
[4.434s]                  from [01m[K/home/orthrus1-1/orthrus1-1/src/motor/src/motor_carryout.cpp:12[m[K:
[4.435s] [01m[K/usr/include/c++/7/bits/std_function.h:480:7:[m[K [01;36m[Knote: [m[Kcandidate: std::function<_Res(_ArgTypes ...)>& std::function<_Res(_ArgTypes ...)>::operator=(const std::function<_Res(_ArgTypes ...)>&) [with _Res = void; _ArgTypes = {std::shared_ptr<message::msg::Motorcarryout_<std::allocator<void> > >}]
[4.435s]        [01;36m[Koperator[m[K=(const function& __x)
[4.436s]        [01;36m[K^~~~~~~~[m[K
[4.437s] [01m[K/usr/include/c++/7/bits/std_function.h:480:7:[m[K [01;36m[Knote: [m[K  no known conversion for argument 1 from ‘[01m[Kstd::_Bind<void (motor_carryout::*(motor_carryout*))(std::shared_ptr<message::msg::Motorcarryout_<std::allocator<void> > >) const>[m[K’ to ‘[01m[Kconst std::function<void(std::shared_ptr<message::msg::Motorcarryout_<std::allocator<void> > >)>&[m[K’
[4.437s] [01m[K/usr/include/c++/7/bits/std_function.h:498:7:[m[K [01;36m[Knote: [m[Kcandidate: std::function<_Res(_ArgTypes ...)>& std::function<_Res(_ArgTypes ...)>::operator=(std::function<_Res(_ArgTypes ...)>&&) [with _Res = void; _ArgTypes = {std::shared_ptr<message::msg::Motorcarryout_<std::allocator<void> > >}]
[4.438s]        [01;36m[Koperator[m[K=(function&& __x) noexcept
[4.438s]        [01;36m[K^~~~~~~~[m[K
[4.439s] [01m[K/usr/include/c++/7/bits/std_function.h:498:7:[m[K [01;36m[Knote: [m[K  no known conversion for argument 1 from ‘[01m[Kstd::_Bind<void (motor_carryout::*(motor_carryout*))(std::shared_ptr<message::msg::Motorcarryout_<std::allocator<void> > >) const>[m[K’ to ‘[01m[Kstd::function<void(std::shared_ptr<message::msg::Motorcarryout_<std::allocator<void> > >)>&&[m[K’
[4.440s] [01m[K/usr/include/c++/7/bits/std_function.h:512:7:[m[K [01;36m[Knote: [m[Kcandidate: std::function<_Res(_ArgTypes ...)>& std::function<_Res(_ArgTypes ...)>::operator=(std::nullptr_t) [with _Res = void; _ArgTypes = {std::shared_ptr<message::msg::Motorcarryout_<std::allocator<void> > >}; std::nullptr_t = std::nullptr_t]
[4.440s]        [01;36m[Koperator[m[K=(nullptr_t) noexcept
[4.441s]        [01;36m[K^~~~~~~~[m[K
[4.441s] [01m[K/usr/include/c++/7/bits/std_function.h:512:7:[m[K [01;36m[Knote: [m[K  no known conversion for argument 1 from ‘[01m[Kstd::_Bind<void (motor_carryout::*(motor_carryout*))(std::shared_ptr<message::msg::Motorcarryout_<std::allocator<void> > >) const>[m[K’ to ‘[01m[Kstd::nullptr_t[m[K’
[4.442s] [01m[K/usr/include/c++/7/bits/std_function.h:541:2:[m[K [01;36m[Knote: [m[Kcandidate: template<class _Functor> std::function<_Res(_ArgTypes ...)>::_Requires<std::function<_Res(_ArgTypes ...)>::_Callable<typename std::decay<_U1>::type>, std::function<_Res(_ArgTypes ...)>&> std::function<_Res(_ArgTypes ...)>::operator=(_Functor&&) [with _Functor = _Functor; _Res = void; _ArgTypes = {std::shared_ptr<message::msg::Motorcarryout_<std::allocator<void> > >}]
[4.442s]   [01;36m[Koperator[m[K=(_Functor&& __f)
[4.443s]   [01;36m[K^~~~~~~~[m[K
[4.443s] [01m[K/usr/include/c++/7/bits/std_function.h:541:2:[m[K [01;36m[Knote: [m[K  template argument deduction/substitution failed:
[4.444s] /usr/include/c++/7/bits/std_function.h: In substitution of ‘[01m[Ktemplate<class _Functor> std::function<void(std::shared_ptr<message::msg::Motorcarryout_<std::allocator<void> > >)>::_Requires<std::function<void(std::shared_ptr<message::msg::Motorcarryout_<std::allocator<void> > >)>::_Callable<typename std::decay<_Tp>::type, typename std::result_of<typename std::decay<_Tp>::type&(std::shared_ptr<message::msg::Motorcarryout_<std::allocator<void> > >)>::type>, std::function<void(std::shared_ptr<message::msg::Motorcarryout_<std::allocator<void> > >)>&> std::function<void(std::shared_ptr<message::msg::Motorcarryout_<std::allocator<void> > >)>::operator=<_Functor>(_Functor&&) [with _Functor = std::_Bind<void (motor_carryout::*(motor_carryout*))(std::shared_ptr<message::msg::Motorcarryout_<std::allocator<void> > >) const>&][m[K’:
[4.444s] [01m[K/opt/ros/dashing/include/rclcpp/any_subscription_callback.hpp:82:26:[m[K   required from ‘[01m[Kvoid rclcpp::AnySubscriptionCallback<MessageT, Alloc>::set(CallbackT) [with CallbackT = std::_Bind<void (motor_carryout::*(motor_carryout*))(std::shared_ptr<message::msg::Motorcarryout_<std::allocator<void> > >) const>; typename std::enable_if<rclcpp::function_traits::same_arguments<CallbackT, std::function<void(std::shared_ptr<_Tp>)> >::value>::type* <anonymous> = 0; MessageT = message::msg::Motorcarryout_<std::allocator<void> >; Alloc = std::allocator<void>][m[K’
[4.445s] [01m[K/opt/ros/dashing/include/rclcpp/subscription_factory.hpp:93:3:[m[K   required from ‘[01m[Krclcpp::SubscriptionFactory rclcpp::create_subscription_factory(CallbackT&&, const rclcpp::SubscriptionEventCallbacks&, typename rclcpp::message_memory_strategy::MessageMemoryStrategy<CallbackMessageT, Alloc>::SharedPtr, std::shared_ptr<PublisherT>) [with MessageT = message::msg::Motorcarryout_<std::allocator<void> >; CallbackT = std::_Bind<void (motor_carryout::*(motor_carryout*))(std::shared_ptr<message::msg::Motorcarryout_<std::allocator<void> > >) const>; Alloc = std::allocator<void>; CallbackMessageT = message::msg::Motorcarryout_<std::allocator<void> >; SubscriptionT = rclcpp::Subscription<message::msg::Motorcarryout_<std::allocator<void> > >; typename rclcpp::message_memory_strategy::MessageMemoryStrategy<CallbackMessageT, Alloc>::SharedPtr = std::shared_ptr<rclcpp::message_memory_strategy::MessageMemoryStrategy<message::msg::Motorcarryout_<std::allocator<void> >, std::allocator<void> > >][m[K’
[4.445s] [01m[K/opt/ros/dashing/include/rclcpp/create_subscription.hpp:115:71:[m[K   required from ‘[01m[Kstd::shared_ptr<SubscriptionT> rclcpp::create_subscription(NodeT&&, const string&, const rclcpp::QoS&, CallbackT&&, const rclcpp::SubscriptionOptionsWithAllocator<AllocatorT>&, typename rclcpp::message_memory_strategy::MessageMemoryStrategy<CallbackMessageT, Alloc>::SharedPtr) [with MessageT = message::msg::Motorcarryout_<std::allocator<void> >; CallbackT = std::_Bind<void (motor_carryout::*(motor_carryout*))(std::shared_ptr<message::msg::Motorcarryout_<std::allocator<void> > >) const>; AllocatorT = std::allocator<void>; CallbackMessageT = message::msg::Motorcarryout_<std::allocator<void> >; SubscriptionT = rclcpp::Subscription<message::msg::Motorcarryout_<std::allocator<void> > >; NodeT = rclcpp::Node&; std::__cxx11::string = std::__cxx11::basic_string<char>; typename rclcpp::message_memory_strategy::MessageMemoryStrategy<CallbackMessageT, Alloc>::SharedPtr = std::shared_ptr<rclcpp::message_memory_strategy::MessageMemoryStrategy<message::msg::Motorcarryout_<std::allocator<void> >, std::allocator<void> > >][m[K’
[4.446s] [01m[K/opt/ros/dashing/include/rclcpp/node_impl.hpp:124:47:[m[K   required from ‘[01m[Kstd::shared_ptr<SubscriptionT> rclcpp::Node::create_subscription(const string&, const rclcpp::QoS&, CallbackT&&, const rclcpp::SubscriptionOptionsWithAllocator<AllocatorT>&, typename rclcpp::message_memory_strategy::MessageMemoryStrategy<typename rclcpp::subscription_traits::has_message_type<CallbackT>::type, AllocatorT>::SharedPtr) [with MessageT = message::msg::Motorcarryout_<std::allocator<void> >; CallbackT = std::_Bind<void (motor_carryout::*(motor_carryout*))(std::shared_ptr<message::msg::Motorcarryout_<std::allocator<void> > >) const>; AllocatorT = std::allocator<void>; SubscriptionT = rclcpp::Subscription<message::msg::Motorcarryout_<std::allocator<void> > >; std::__cxx11::string = std::__cxx11::basic_string<char>; typename rclcpp::message_memory_strategy::MessageMemoryStrategy<typename rclcpp::subscription_traits::has_message_type<CallbackT>::type, AllocatorT>::SharedPtr = std::shared_ptr<rclcpp::message_memory_strategy::MessageMemoryStrategy<message::msg::Motorcarryout_<std::allocator<void> >, std::allocator<void> > >][m[K’
[4.446s] [01m[K/home/orthrus1-1/orthrus1-1/src/motor/src/motor_carryout.cpp:28:76:[m[K   required from here
[4.447s] [01m[K/usr/include/c++/7/bits/std_function.h:541:2:[m[K [01;31m[Kerror: [m[Kno type named ‘[01m[Ktype[m[K’ in ‘[01m[Kclass std::result_of<std::_Bind<void (motor_carryout::*(motor_carryout*))(std::shared_ptr<message::msg::Motorcarryout_<std::allocator<void> > >) const>&(std::shared_ptr<message::msg::Motorcarryout_<std::allocator<void> > >)>[m[K’
[4.448s] /opt/ros/dashing/include/rclcpp/any_subscription_callback.hpp: In instantiation of ‘[01m[Kvoid rclcpp::AnySubscriptionCallback<MessageT, Alloc>::set(CallbackT) [with CallbackT = std::_Bind<void (motor_carryout::*(motor_carryout*))(std::shared_ptr<message::msg::Motorcarryout_<std::allocator<void> > >) const>; typename std::enable_if<rclcpp::function_traits::same_arguments<CallbackT, std::function<void(std::shared_ptr<_Tp>)> >::value>::type* <anonymous> = 0; MessageT = message::msg::Motorcarryout_<std::allocator<void> >; Alloc = std::allocator<void>][m[K’:
[4.448s] [01m[K/opt/ros/dashing/include/rclcpp/subscription_factory.hpp:93:3:[m[K   required from ‘[01m[Krclcpp::SubscriptionFactory rclcpp::create_subscription_factory(CallbackT&&, const rclcpp::SubscriptionEventCallbacks&, typename rclcpp::message_memory_strategy::MessageMemoryStrategy<CallbackMessageT, Alloc>::SharedPtr, std::shared_ptr<PublisherT>) [with MessageT = message::msg::Motorcarryout_<std::allocator<void> >; CallbackT = std::_Bind<void (motor_carryout::*(motor_carryout*))(std::shared_ptr<message::msg::Motorcarryout_<std::allocator<void> > >) const>; Alloc = std::allocator<void>; CallbackMessageT = message::msg::Motorcarryout_<std::allocator<void> >; SubscriptionT = rclcpp::Subscription<message::msg::Motorcarryout_<std::allocator<void> > >; typename rclcpp::message_memory_strategy::MessageMemoryStrategy<CallbackMessageT, Alloc>::SharedPtr = std::shared_ptr<rclcpp::message_memory_strategy::MessageMemoryStrategy<message::msg::Motorcarryout_<std::allocator<void> >, std::allocator<void> > >][m[K’
[4.449s] [01m[K/opt/ros/dashing/include/rclcpp/create_subscription.hpp:115:71:[m[K   required from ‘[01m[Kstd::shared_ptr<SubscriptionT> rclcpp::create_subscription(NodeT&&, const string&, const rclcpp::QoS&, CallbackT&&, const rclcpp::SubscriptionOptionsWithAllocator<AllocatorT>&, typename rclcpp::message_memory_strategy::MessageMemoryStrategy<CallbackMessageT, Alloc>::SharedPtr) [with MessageT = message::msg::Motorcarryout_<std::allocator<void> >; CallbackT = std::_Bind<void (motor_carryout::*(motor_carryout*))(std::shared_ptr<message::msg::Motorcarryout_<std::allocator<void> > >) const>; AllocatorT = std::allocator<void>; CallbackMessageT = message::msg::Motorcarryout_<std::allocator<void> >; SubscriptionT = rclcpp::Subscription<message::msg::Motorcarryout_<std::allocator<void> > >; NodeT = rclcpp::Node&; std::__cxx11::string = std::__cxx11::basic_string<char>; typename rclcpp::message_memory_strategy::MessageMemoryStrategy<CallbackMessageT, Alloc>::SharedPtr = std::shared_ptr<rclcpp::message_memory_strategy::MessageMemoryStrategy<message::msg::Motorcarryout_<std::allocator<void> >, std::allocator<void> > >][m[K’
[4.449s] [01m[K/opt/ros/dashing/include/rclcpp/node_impl.hpp:124:47:[m[K   required from ‘[01m[Kstd::shared_ptr<SubscriptionT> rclcpp::Node::create_subscription(const string&, const rclcpp::QoS&, CallbackT&&, const rclcpp::SubscriptionOptionsWithAllocator<AllocatorT>&, typename rclcpp::message_memory_strategy::MessageMemoryStrategy<typename rclcpp::subscription_traits::has_message_type<CallbackT>::type, AllocatorT>::SharedPtr) [with MessageT = message::msg::Motorcarryout_<std::allocator<void> >; CallbackT = std::_Bind<void (motor_carryout::*(motor_carryout*))(std::shared_ptr<message::msg::Motorcarryout_<std::allocator<void> > >) const>; AllocatorT = std::allocator<void>; SubscriptionT = rclcpp::Subscription<message::msg::Motorcarryout_<std::allocator<void> > >; std::__cxx11::string = std::__cxx11::basic_string<char>; typename rclcpp::message_memory_strategy::MessageMemoryStrategy<typename rclcpp::subscription_traits::has_message_type<CallbackT>::type, AllocatorT>::SharedPtr = std::shared_ptr<rclcpp::message_memory_strategy::MessageMemoryStrategy<message::msg::Motorcarryout_<std::allocator<void> >, std::allocator<void> > >][m[K’
[4.450s] [01m[K/home/orthrus1-1/orthrus1-1/src/motor/src/motor_carryout.cpp:28:76:[m[K   required from here
[4.450s] [01m[K/usr/include/c++/7/bits/std_function.h:550:2:[m[K [01;36m[Knote: [m[Kcandidate: template<class _Functor> std::function<_Res(_ArgTypes ...)>& std::function<_Res(_ArgTypes ...)>::operator=(std::reference_wrapper<_Functor>) [with _Functor = _Functor; _Res = void; _ArgTypes = {std::shared_ptr<message::msg::Motorcarryout_<std::allocator<void> > >}]
[4.451s]   [01;36m[Koperator[m[K=(reference_wrapper<_Functor> __f) noexcept
[4.451s]   [01;36m[K^~~~~~~~[m[K
[4.452s] [01m[K/usr/include/c++/7/bits/std_function.h:550:2:[m[K [01;36m[Knote: [m[K  template argument deduction/substitution failed:
[4.452s] In file included from [01m[K/opt/ros/dashing/include/rclcpp/subscription_base.hpp:28:0[m[K,
[4.453s]                  from [01m[K/opt/ros/dashing/include/rclcpp/intra_process_manager_impl.hpp:38[m[K,
[4.453s]                  from [01m[K/opt/ros/dashing/include/rclcpp/intra_process_manager.hpp:32[m[K,
[4.454s]                  from [01m[K/opt/ros/dashing/include/rclcpp/publisher.hpp:35[m[K,
[4.454s]                  from [01m[K/opt/ros/dashing/include/rclcpp/callback_group.hpp:24[m[K,
[4.455s]                  from [01m[K/opt/ros/dashing/include/rclcpp/any_executable.hpp:20[m[K,
[4.455s]                  from [01m[K/opt/ros/dashing/include/rclcpp/memory_strategy.hpp:24[m[K,
[4.456s]                  from [01m[K/opt/ros/dashing/include/rclcpp/memory_strategies.hpp:18[m[K,
[4.456s]                  from [01m[K/opt/ros/dashing/include/rclcpp/executor.hpp:33[m[K,
[4.457s]                  from [01m[K/opt/ros/dashing/include/rclcpp/executors/multi_threaded_executor.hpp:24[m[K,
[4.457s]                  from [01m[K/opt/ros/dashing/include/rclcpp/executors.hpp:21[m[K,
[4.458s]                  from [01m[K/opt/ros/dashing/include/rclcpp/rclcpp.hpp:144[m[K,
[4.458s]                  from [01m[K/home/orthrus1-1/orthrus1-1/src/motor/src/motor_carryout.cpp:15[m[K:
[4.459s] [01m[K/opt/ros/dashing/include/rclcpp/any_subscription_callback.hpp:82:26:[m[K [01;36m[Knote: [m[K  ‘[01m[Kstd::_Bind<void (motor_carryout::*(motor_carryout*))(std::shared_ptr<message::msg::Motorcarryout_<std::allocator<void> > >) const>[m[K’ is not derived from ‘[01m[Kstd::reference_wrapper<_Tp>[m[K’
[4.459s]      [01;36m[Kshared_ptr_callback_ = callback[m[K;
[4.460s]      [01;36m[K~~~~~~~~~~~~~~~~~~~~~^~~~~~~~~~[m[K
[6.198s] CMakeFiles/motor_carryout.dir/build.make:62: recipe for target 'CMakeFiles/motor_carryout.dir/src/motor_carryout.cpp.o' failed
[6.199s] make[2]: *** [CMakeFiles/motor_carryout.dir/src/motor_carryout.cpp.o] Error 1
[6.200s] CMakeFiles/Makefile2:136: recipe for target 'CMakeFiles/motor_carryout.dir/all' failed
[6.200s] make[1]: *** [CMakeFiles/motor_carryout.dir/all] Error 2
[6.201s] Makefile:140: recipe for target 'all' failed
[6.202s] make: *** [all] Error 2
[6.206s] Invoked command in '/home/orthrus1-1/orthrus1-1/build/motor' returned '2': AMENT_PREFIX_PATH=/home/orthrus1-1/orthrus1-1/install/message:${AMENT_PREFIX_PATH} CMAKE_PREFIX_PATH=/home/orthrus1-1/orthrus1-1/install/message:/opt/ros/dashing LD_LIBRARY_PATH=/home/orthrus1-1/orthrus1-1/install/message/lib:${LD_LIBRARY_PATH} PYTHONPATH=/home/orthrus1-1/orthrus1-1/install/message/lib/python3.6/site-packages:${PYTHONPATH} /usr/bin/cmake --build /home/orthrus1-1/orthrus1-1/build/motor -- -j4 -l4
