[0.895s] DEBUG:colcon:Command line arguments: ['/usr/bin/colcon', 'build']
[0.895s] DEBUG:colcon:Parsed command line arguments: Namespace(ament_cmake_args=None, base_paths=['.'], build_base='build', catkin_cmake_args=None, catkin_skip_building_tests=False, cmake_args=None, cmake_clean_cache=False, cmake_clean_first=False, cmake_force_configure=False, cmake_target=None, cmake_target_skip_unavailable=False, continue_on_error=False, event_handlers=None, executor='parallel', ignore_user_meta=False, install_base='install', log_base=None, log_level=None, main=<bound method BuildVerb.main of <colcon_core.verb.build.BuildVerb object at 0x7f8fd25eb8>>, merge_install=False, metas=['./colcon.meta'], packages_above=None, packages_above_and_dependencies=None, packages_above_depth=None, packages_end=None, packages_ignore=None, packages_ignore_regex=None, packages_select=None, packages_select_build_failed=False, packages_select_by_dep=None, packages_select_regex=None, packages_select_test_failures=False, packages_skip=None, packages_skip_build_finished=False, packages_skip_by_dep=None, packages_skip_regex=None, packages_skip_test_passed=False, packages_skip_up_to=None, packages_start=None, packages_up_to=None, packages_up_to_regex=None, parallel_workers=4, paths=None, symlink_install=False, test_result_base=None, verb_extension=<colcon_core.verb.build.BuildVerb object at 0x7f8fd25eb8>, verb_name='build', verb_parser=<colcon_defaults.argument_parser.defaults.DefaultArgumentsDecorator object at 0x7f8fd2e3c8>)
[0.922s] Level 1:colcon.colcon_core.package_discovery:discover_packages(colcon_meta) check parameters
[0.923s] Level 1:colcon.colcon_core.package_discovery:discover_packages(recursive) check parameters
[0.923s] Level 1:colcon.colcon_core.package_discovery:discover_packages(ignore) check parameters
[0.923s] Level 1:colcon.colcon_core.package_discovery:discover_packages(path) check parameters
[0.923s] Level 1:colcon.colcon_core.package_discovery:discover_packages(colcon_meta) discover
[0.925s] Level 1:colcon.colcon_core.package_discovery:discover_packages(recursive) discover
[0.925s] INFO:colcon.colcon_core.package_discovery:Crawling recursively for packages in '/home/orthrus1-1/orthrus1-1'
[0.925s] Level 1:colcon.colcon_core.package_identification:_identify(.) by extensions ['ignore', 'ignore_ament_install']
[0.926s] Level 1:colcon.colcon_core.package_identification:_identify(.) by extension 'ignore'
[0.926s] Level 1:colcon.colcon_core.package_identification:_identify(.) by extension 'ignore_ament_install'
[0.926s] Level 1:colcon.colcon_core.package_identification:_identify(.) by extensions ['colcon_pkg']
[0.927s] Level 1:colcon.colcon_core.package_identification:_identify(.) by extension 'colcon_pkg'
[0.927s] Level 1:colcon.colcon_core.package_identification:_identify(.) by extensions ['colcon_meta']
[0.927s] Level 1:colcon.colcon_core.package_identification:_identify(.) by extension 'colcon_meta'
[0.927s] Level 1:colcon.colcon_core.package_identification:_identify(.) by extensions ['ros']
[0.927s] Level 1:colcon.colcon_core.package_identification:_identify(.) by extension 'ros'
[0.985s] Level 1:colcon.colcon_core.package_identification:_identify(.) by extensions ['cmake', 'python']
[0.985s] Level 1:colcon.colcon_core.package_identification:_identify(.) by extension 'cmake'
[0.986s] Level 1:colcon.colcon_core.package_identification:_identify(.) by extension 'python'
[0.986s] Level 1:colcon.colcon_core.package_identification:_identify(.) by extensions ['python_setup_py']
[0.986s] Level 1:colcon.colcon_core.package_identification:_identify(.) by extension 'python_setup_py'
[0.987s] Level 1:colcon.colcon_core.package_identification:_identify(build) by extensions ['ignore', 'ignore_ament_install']
[0.987s] Level 1:colcon.colcon_core.package_identification:_identify(build) by extension 'ignore'
[0.987s] Level 1:colcon.colcon_core.package_identification:_identify(build) ignored
[0.989s] Level 1:colcon.colcon_core.package_identification:_identify(install) by extensions ['ignore', 'ignore_ament_install']
[0.990s] Level 1:colcon.colcon_core.package_identification:_identify(install) by extension 'ignore'
[0.990s] Level 1:colcon.colcon_core.package_identification:_identify(install) ignored
[0.991s] Level 1:colcon.colcon_core.package_identification:_identify(log) by extensions ['ignore', 'ignore_ament_install']
[0.991s] Level 1:colcon.colcon_core.package_identification:_identify(log) by extension 'ignore'
[0.991s] Level 1:colcon.colcon_core.package_identification:_identify(log) ignored
[0.992s] Level 1:colcon.colcon_core.package_identification:_identify(src) by extensions ['ignore', 'ignore_ament_install']
[0.992s] Level 1:colcon.colcon_core.package_identification:_identify(src) by extension 'ignore'
[0.993s] Level 1:colcon.colcon_core.package_identification:_identify(src) by extension 'ignore_ament_install'
[0.993s] Level 1:colcon.colcon_core.package_identification:_identify(src) by extensions ['colcon_pkg']
[0.993s] Level 1:colcon.colcon_core.package_identification:_identify(src) by extension 'colcon_pkg'
[0.994s] Level 1:colcon.colcon_core.package_identification:_identify(src) by extensions ['colcon_meta']
[0.994s] Level 1:colcon.colcon_core.package_identification:_identify(src) by extension 'colcon_meta'
[0.994s] Level 1:colcon.colcon_core.package_identification:_identify(src) by extensions ['ros']
[0.994s] Level 1:colcon.colcon_core.package_identification:_identify(src) by extension 'ros'
[0.995s] Level 1:colcon.colcon_core.package_identification:_identify(src) by extensions ['cmake', 'python']
[0.995s] Level 1:colcon.colcon_core.package_identification:_identify(src) by extension 'cmake'
[0.995s] Level 1:colcon.colcon_core.package_identification:_identify(src) by extension 'python'
[0.996s] Level 1:colcon.colcon_core.package_identification:_identify(src) by extensions ['python_setup_py']
[0.996s] Level 1:colcon.colcon_core.package_identification:_identify(src) by extension 'python_setup_py'
[0.996s] Level 1:colcon.colcon_core.package_identification:_identify(src/message) by extensions ['ignore', 'ignore_ament_install']
[0.997s] Level 1:colcon.colcon_core.package_identification:_identify(src/message) by extension 'ignore'
[0.997s] Level 1:colcon.colcon_core.package_identification:_identify(src/message) by extension 'ignore_ament_install'
[0.997s] Level 1:colcon.colcon_core.package_identification:_identify(src/message) by extensions ['colcon_pkg']
[0.998s] Level 1:colcon.colcon_core.package_identification:_identify(src/message) by extension 'colcon_pkg'
[0.998s] Level 1:colcon.colcon_core.package_identification:_identify(src/message) by extensions ['colcon_meta']
[0.998s] Level 1:colcon.colcon_core.package_identification:_identify(src/message) by extension 'colcon_meta'
[0.998s] Level 1:colcon.colcon_core.package_identification:_identify(src/message) by extensions ['ros']
[0.998s] Level 1:colcon.colcon_core.package_identification:_identify(src/message) by extension 'ros'
[1.011s] DEBUG:colcon.colcon_core.package_identification:Package 'src/message' with type 'ros.ament_cmake' and name 'message'
[1.011s] Level 1:colcon.colcon_core.package_identification:_identify(src/motor) by extensions ['ignore', 'ignore_ament_install']
[1.012s] Level 1:colcon.colcon_core.package_identification:_identify(src/motor) by extension 'ignore'
[1.012s] Level 1:colcon.colcon_core.package_identification:_identify(src/motor) by extension 'ignore_ament_install'
[1.013s] Level 1:colcon.colcon_core.package_identification:_identify(src/motor) by extensions ['colcon_pkg']
[1.013s] Level 1:colcon.colcon_core.package_identification:_identify(src/motor) by extension 'colcon_pkg'
[1.013s] Level 1:colcon.colcon_core.package_identification:_identify(src/motor) by extensions ['colcon_meta']
[1.013s] Level 1:colcon.colcon_core.package_identification:_identify(src/motor) by extension 'colcon_meta'
[1.014s] Level 1:colcon.colcon_core.package_identification:_identify(src/motor) by extensions ['ros']
[1.014s] Level 1:colcon.colcon_core.package_identification:_identify(src/motor) by extension 'ros'
[1.017s] DEBUG:colcon.colcon_core.package_identification:Package 'src/motor' with type 'ros.ament_cmake' and name 'motor'
[1.017s] Level 1:colcon.colcon_core.package_discovery:discover_packages(recursive) using defaults
[1.018s] Level 1:colcon.colcon_core.package_discovery:discover_packages(ignore) discover
[1.018s] Level 1:colcon.colcon_core.package_discovery:discover_packages(ignore) using defaults
[1.019s] Level 1:colcon.colcon_core.package_discovery:discover_packages(path) discover
[1.019s] Level 1:colcon.colcon_core.package_discovery:discover_packages(path) using defaults
[1.129s] Level 5:colcon.colcon_core.verb:set package 'message' build argument 'cmake_args' from command line to 'None'
[1.130s] Level 5:colcon.colcon_core.verb:set package 'message' build argument 'cmake_target' from command line to 'None'
[1.130s] Level 5:colcon.colcon_core.verb:set package 'message' build argument 'cmake_target_skip_unavailable' from command line to 'False'
[1.130s] Level 5:colcon.colcon_core.verb:set package 'message' build argument 'cmake_clean_cache' from command line to 'False'
[1.130s] Level 5:colcon.colcon_core.verb:set package 'message' build argument 'cmake_clean_first' from command line to 'False'
[1.130s] Level 5:colcon.colcon_core.verb:set package 'message' build argument 'cmake_force_configure' from command line to 'False'
[1.131s] Level 5:colcon.colcon_core.verb:set package 'message' build argument 'ament_cmake_args' from command line to 'None'
[1.131s] Level 5:colcon.colcon_core.verb:set package 'message' build argument 'catkin_cmake_args' from command line to 'None'
[1.131s] Level 5:colcon.colcon_core.verb:set package 'message' build argument 'catkin_skip_building_tests' from command line to 'False'
[1.131s] DEBUG:colcon.colcon_core.verb:Building package 'message' with the following arguments: {'ament_cmake_args': None, 'build_base': '/home/orthrus1-1/orthrus1-1/build/message', 'catkin_cmake_args': None, 'catkin_skip_building_tests': False, 'cmake_args': None, 'cmake_clean_cache': False, 'cmake_clean_first': False, 'cmake_force_configure': False, 'cmake_target': None, 'cmake_target_skip_unavailable': False, 'install_base': '/home/orthrus1-1/orthrus1-1/install/message', 'merge_install': False, 'path': '/home/orthrus1-1/orthrus1-1/src/message', 'symlink_install': False, 'test_result_base': None}
[1.148s] Level 5:colcon.colcon_core.verb:set package 'motor' build argument 'cmake_args' from command line to 'None'
[1.149s] Level 5:colcon.colcon_core.verb:set package 'motor' build argument 'cmake_target' from command line to 'None'
[1.149s] Level 5:colcon.colcon_core.verb:set package 'motor' build argument 'cmake_target_skip_unavailable' from command line to 'False'
[1.149s] Level 5:colcon.colcon_core.verb:set package 'motor' build argument 'cmake_clean_cache' from command line to 'False'
[1.149s] Level 5:colcon.colcon_core.verb:set package 'motor' build argument 'cmake_clean_first' from command line to 'False'
[1.149s] Level 5:colcon.colcon_core.verb:set package 'motor' build argument 'cmake_force_configure' from command line to 'False'
[1.150s] Level 5:colcon.colcon_core.verb:set package 'motor' build argument 'ament_cmake_args' from command line to 'None'
[1.150s] Level 5:colcon.colcon_core.verb:set package 'motor' build argument 'catkin_cmake_args' from command line to 'None'
[1.150s] Level 5:colcon.colcon_core.verb:set package 'motor' build argument 'catkin_skip_building_tests' from command line to 'False'
[1.150s] DEBUG:colcon.colcon_core.verb:Building package 'motor' with the following arguments: {'ament_cmake_args': None, 'build_base': '/home/orthrus1-1/orthrus1-1/build/motor', 'catkin_cmake_args': None, 'catkin_skip_building_tests': False, 'cmake_args': None, 'cmake_clean_cache': False, 'cmake_clean_first': False, 'cmake_force_configure': False, 'cmake_target': None, 'cmake_target_skip_unavailable': False, 'install_base': '/home/orthrus1-1/orthrus1-1/install/motor', 'merge_install': False, 'path': '/home/orthrus1-1/orthrus1-1/src/motor', 'symlink_install': False, 'test_result_base': None}
[1.152s] INFO:colcon.colcon_core.executor:Executing jobs using 'parallel' executor
[1.161s] DEBUG:colcon.colcon_parallel_executor.executor.parallel:run_until_complete
[1.162s] INFO:colcon.colcon_ros.task.ament_cmake.build:Building ROS package in '/home/orthrus1-1/orthrus1-1/src/message' with build type 'ament_cmake'
[1.163s] INFO:colcon.colcon_cmake.task.cmake.build:Building CMake package in '/home/orthrus1-1/orthrus1-1/src/message'
[1.181s] INFO:colcon.colcon_core.plugin_system:Skipping extension 'colcon_core.shell.bat': Not used on non-Windows systems
[1.182s] INFO:colcon.colcon_core.shell:Skip shell extension 'powershell' for command environment: Not usable outside of PowerShell
[1.182s] DEBUG:colcon.colcon_core.shell:Skip shell extension 'dsv' for command environment
[1.195s] DEBUG:colcon.colcon_core.shell:Ignoring prefix path '/opt/ros/dashing'
[1.225s] DEBUG:colcon.colcon_core.event_handler.log_command:Invoking command in '/home/orthrus1-1/orthrus1-1/build/message': CMAKE_PREFIX_PATH=/opt/ros/dashing /usr/bin/cmake --build /home/orthrus1-1/orthrus1-1/build/message -- -j4 -l4
[2.321s] DEBUG:colcon.colcon_core.event_handler.log_command:Invoked command in '/home/orthrus1-1/orthrus1-1/build/message' returned '0': CMAKE_PREFIX_PATH=/opt/ros/dashing /usr/bin/cmake --build /home/orthrus1-1/orthrus1-1/build/message -- -j4 -l4
[2.663s] DEBUG:colcon.colcon_core.event_handler.log_command:Invoking command in '/home/orthrus1-1/orthrus1-1/build/message': CMAKE_PREFIX_PATH=/opt/ros/dashing /usr/bin/cmake --build /home/orthrus1-1/orthrus1-1/build/message --target install -- -j4 -l4
[4.006s] Level 1:colcon.colcon_core.environment:create_environment_scripts_only(message)
[4.010s] DEBUG:colcon.colcon_core.event_handler.log_command:Invoked command in '/home/orthrus1-1/orthrus1-1/build/message' returned '0': CMAKE_PREFIX_PATH=/opt/ros/dashing /usr/bin/cmake --build /home/orthrus1-1/orthrus1-1/build/message --target install -- -j4 -l4
[4.024s] Level 1:colcon.colcon_core.environment:checking '/home/orthrus1-1/orthrus1-1/install/message' for CMake module files
[4.027s] Level 1:colcon.colcon_core.environment:checking '/home/orthrus1-1/orthrus1-1/install/message' for CMake config files
[4.028s] Level 1:colcon.colcon_core.shell:create_environment_hook('message', 'cmake_prefix_path')
[4.031s] INFO:colcon.colcon_core.shell:Creating environment hook '/home/orthrus1-1/orthrus1-1/install/message/share/message/hook/cmake_prefix_path.ps1'
[4.035s] INFO:colcon.colcon_core.shell:Creating environment descriptor '/home/orthrus1-1/orthrus1-1/install/message/share/message/hook/cmake_prefix_path.dsv'
[4.037s] INFO:colcon.colcon_core.shell:Creating environment hook '/home/orthrus1-1/orthrus1-1/install/message/share/message/hook/cmake_prefix_path.sh'
[4.043s] Level 1:colcon.colcon_core.environment:checking '/home/orthrus1-1/orthrus1-1/install/message/lib'
[4.044s] Level 1:colcon.colcon_core.shell:create_environment_hook('message', 'ld_library_path_lib')
[4.047s] INFO:colcon.colcon_core.shell:Creating environment hook '/home/orthrus1-1/orthrus1-1/install/message/share/message/hook/ld_library_path_lib.ps1'
[4.049s] INFO:colcon.colcon_core.shell:Creating environment descriptor '/home/orthrus1-1/orthrus1-1/install/message/share/message/hook/ld_library_path_lib.dsv'
[4.050s] INFO:colcon.colcon_core.shell:Creating environment hook '/home/orthrus1-1/orthrus1-1/install/message/share/message/hook/ld_library_path_lib.sh'
[4.052s] Level 1:colcon.colcon_core.environment:checking '/home/orthrus1-1/orthrus1-1/install/message/bin'
[4.052s] Level 1:colcon.colcon_core.environment:checking '/home/orthrus1-1/orthrus1-1/install/message/lib/pkgconfig/message.pc'
[4.052s] Level 1:colcon.colcon_core.environment:checking '/home/orthrus1-1/orthrus1-1/install/message/lib/python3.6/site-packages'
[4.053s] Level 1:colcon.colcon_core.shell:create_environment_hook('message', 'pythonpath')
[4.055s] INFO:colcon.colcon_core.shell:Creating environment hook '/home/orthrus1-1/orthrus1-1/install/message/share/message/hook/pythonpath.ps1'
[4.061s] INFO:colcon.colcon_core.shell:Creating environment descriptor '/home/orthrus1-1/orthrus1-1/install/message/share/message/hook/pythonpath.dsv'
[4.063s] INFO:colcon.colcon_core.shell:Creating environment hook '/home/orthrus1-1/orthrus1-1/install/message/share/message/hook/pythonpath.sh'
[4.068s] INFO:colcon.colcon_core.shell:Creating package script '/home/orthrus1-1/orthrus1-1/install/message/share/message/package.ps1'
[4.074s] INFO:colcon.colcon_core.shell:Creating package descriptor '/home/orthrus1-1/orthrus1-1/install/message/share/message/package.dsv'
[4.078s] INFO:colcon.colcon_core.shell:Creating package script '/home/orthrus1-1/orthrus1-1/install/message/share/message/package.sh'
[4.083s] INFO:colcon.colcon_core.shell:Creating package script '/home/orthrus1-1/orthrus1-1/install/message/share/message/package.bash'
[4.087s] INFO:colcon.colcon_core.shell:Creating package script '/home/orthrus1-1/orthrus1-1/install/message/share/message/package.zsh'
[4.091s] Level 1:colcon.colcon_core.environment:create_file_with_runtime_dependencies(/home/orthrus1-1/orthrus1-1/install/message/share/colcon-core/packages/message)
[4.391s] Level 1:colcon.colcon_core.environment:create_environment_scripts_only(message)
[4.396s] Level 1:colcon.colcon_core.environment:checking '/home/orthrus1-1/orthrus1-1/install/message' for CMake module files
[4.400s] Level 1:colcon.colcon_core.environment:checking '/home/orthrus1-1/orthrus1-1/install/message' for CMake config files
[4.401s] Level 1:colcon.colcon_core.shell:create_environment_hook('message', 'cmake_prefix_path')
[4.404s] INFO:colcon.colcon_core.shell:Creating environment hook '/home/orthrus1-1/orthrus1-1/install/message/share/message/hook/cmake_prefix_path.ps1'
[4.406s] INFO:colcon.colcon_core.shell:Creating environment descriptor '/home/orthrus1-1/orthrus1-1/install/message/share/message/hook/cmake_prefix_path.dsv'
[4.407s] INFO:colcon.colcon_core.shell:Creating environment hook '/home/orthrus1-1/orthrus1-1/install/message/share/message/hook/cmake_prefix_path.sh'
[4.411s] Level 1:colcon.colcon_core.environment:checking '/home/orthrus1-1/orthrus1-1/install/message/lib'
[4.411s] Level 1:colcon.colcon_core.shell:create_environment_hook('message', 'ld_library_path_lib')
[4.414s] INFO:colcon.colcon_core.shell:Creating environment hook '/home/orthrus1-1/orthrus1-1/install/message/share/message/hook/ld_library_path_lib.ps1'
[4.416s] INFO:colcon.colcon_core.shell:Creating environment descriptor '/home/orthrus1-1/orthrus1-1/install/message/share/message/hook/ld_library_path_lib.dsv'
[4.418s] INFO:colcon.colcon_core.shell:Creating environment hook '/home/orthrus1-1/orthrus1-1/install/message/share/message/hook/ld_library_path_lib.sh'
[4.419s] Level 1:colcon.colcon_core.environment:checking '/home/orthrus1-1/orthrus1-1/install/message/bin'
[4.420s] Level 1:colcon.colcon_core.environment:checking '/home/orthrus1-1/orthrus1-1/install/message/lib/pkgconfig/message.pc'
[4.420s] Level 1:colcon.colcon_core.environment:checking '/home/orthrus1-1/orthrus1-1/install/message/lib/python3.6/site-packages'
[4.420s] Level 1:colcon.colcon_core.shell:create_environment_hook('message', 'pythonpath')
[4.423s] INFO:colcon.colcon_core.shell:Creating environment hook '/home/orthrus1-1/orthrus1-1/install/message/share/message/hook/pythonpath.ps1'
[4.425s] INFO:colcon.colcon_core.shell:Creating environment descriptor '/home/orthrus1-1/orthrus1-1/install/message/share/message/hook/pythonpath.dsv'
[4.426s] INFO:colcon.colcon_core.shell:Creating environment hook '/home/orthrus1-1/orthrus1-1/install/message/share/message/hook/pythonpath.sh'
[4.431s] INFO:colcon.colcon_core.shell:Creating package script '/home/orthrus1-1/orthrus1-1/install/message/share/message/package.ps1'
[4.434s] INFO:colcon.colcon_core.shell:Creating package descriptor '/home/orthrus1-1/orthrus1-1/install/message/share/message/package.dsv'
[4.437s] INFO:colcon.colcon_core.shell:Creating package script '/home/orthrus1-1/orthrus1-1/install/message/share/message/package.sh'
[4.439s] INFO:colcon.colcon_core.shell:Creating package script '/home/orthrus1-1/orthrus1-1/install/message/share/message/package.bash'
[4.441s] INFO:colcon.colcon_core.shell:Creating package script '/home/orthrus1-1/orthrus1-1/install/message/share/message/package.zsh'
[4.443s] Level 1:colcon.colcon_core.environment:create_file_with_runtime_dependencies(/home/orthrus1-1/orthrus1-1/install/message/share/colcon-core/packages/message)
[4.446s] INFO:colcon.colcon_ros.task.ament_cmake.build:Building ROS package in '/home/orthrus1-1/orthrus1-1/src/motor' with build type 'ament_cmake'
[4.447s] INFO:colcon.colcon_cmake.task.cmake.build:Building CMake package in '/home/orthrus1-1/orthrus1-1/src/motor'
[4.451s] INFO:colcon.colcon_core.shell:Skip shell extension 'powershell' for command environment: Not usable outside of PowerShell
[4.451s] DEBUG:colcon.colcon_core.shell:Skip shell extension 'dsv' for command environment
[4.506s] DEBUG:colcon.colcon_core.shell:Ignoring prefix path '/opt/ros/dashing'
[4.541s] DEBUG:colcon.colcon_core.event_handler.log_command:Invoking command in '/home/orthrus1-1/orthrus1-1/build/motor': AMENT_PREFIX_PATH=/home/orthrus1-1/orthrus1-1/install/message:${AMENT_PREFIX_PATH} CMAKE_PREFIX_PATH=/home/orthrus1-1/orthrus1-1/install/message:/opt/ros/dashing LD_LIBRARY_PATH=/home/orthrus1-1/orthrus1-1/install/message/lib:${LD_LIBRARY_PATH} PYTHONPATH=/home/orthrus1-1/orthrus1-1/install/message/lib/python3.6/site-packages:${PYTHONPATH} /usr/bin/cmake --build /home/orthrus1-1/orthrus1-1/build/motor -- -j4 -l4
[8.917s] DEBUG:colcon.colcon_core.event_handler.log_command:Invoked command in '/home/orthrus1-1/orthrus1-1/build/motor' returned '2': AMENT_PREFIX_PATH=/home/orthrus1-1/orthrus1-1/install/message:${AMENT_PREFIX_PATH} CMAKE_PREFIX_PATH=/home/orthrus1-1/orthrus1-1/install/message:/opt/ros/dashing LD_LIBRARY_PATH=/home/orthrus1-1/orthrus1-1/install/message/lib:${LD_LIBRARY_PATH} PYTHONPATH=/home/orthrus1-1/orthrus1-1/install/message/lib/python3.6/site-packages:${PYTHONPATH} /usr/bin/cmake --build /home/orthrus1-1/orthrus1-1/build/motor -- -j4 -l4
[9.008s] Level 1:colcon.colcon_core.environment:create_environment_scripts_only(motor)
[9.013s] Level 1:colcon.colcon_core.environment:checking '/home/orthrus1-1/orthrus1-1/install/motor' for CMake module files
[9.016s] Level 1:colcon.colcon_core.environment:checking '/home/orthrus1-1/orthrus1-1/install/motor' for CMake config files
[9.018s] Level 1:colcon.colcon_core.environment:checking '/home/orthrus1-1/orthrus1-1/install/motor/bin'
[9.019s] Level 1:colcon.colcon_core.environment:checking '/home/orthrus1-1/orthrus1-1/install/motor/lib/pkgconfig/motor.pc'
[9.019s] Level 1:colcon.colcon_core.environment:checking '/home/orthrus1-1/orthrus1-1/install/motor/lib/python3.6/site-packages'
[9.022s] INFO:colcon.colcon_core.shell:Creating package script '/home/orthrus1-1/orthrus1-1/install/motor/share/motor/package.ps1'
[9.025s] INFO:colcon.colcon_core.shell:Creating package descriptor '/home/orthrus1-1/orthrus1-1/install/motor/share/motor/package.dsv'
[9.027s] INFO:colcon.colcon_core.shell:Creating package script '/home/orthrus1-1/orthrus1-1/install/motor/share/motor/package.sh'
[9.028s] INFO:colcon.colcon_core.shell:Creating package script '/home/orthrus1-1/orthrus1-1/install/motor/share/motor/package.bash'
[9.030s] INFO:colcon.colcon_core.shell:Creating package script '/home/orthrus1-1/orthrus1-1/install/motor/share/motor/package.zsh'
[9.032s] Level 1:colcon.colcon_core.environment:create_file_with_runtime_dependencies(/home/orthrus1-1/orthrus1-1/install/motor/share/colcon-core/packages/motor)
[9.044s] DEBUG:colcon.colcon_parallel_executor.executor.parallel:closing loop
[9.045s] DEBUG:colcon.colcon_parallel_executor.executor.parallel:loop closed
[9.046s] DEBUG:colcon.colcon_parallel_executor.executor.parallel:run_until_complete finished with '2'
[9.046s] DEBUG:colcon.colcon_core.event_reactor:joining thread
[9.071s] INFO:colcon.colcon_core.plugin_system:Skipping extension 'colcon_notification.desktop_notification.terminal_notifier': Not used on non-Darwin systems
[9.071s] INFO:colcon.colcon_core.plugin_system:Skipping extension 'colcon_notification.desktop_notification.win32': Not used on non-Windows systems
[9.072s] INFO:colcon.colcon_notification.desktop_notification:Sending desktop notification using 'notify2'
[9.151s] DEBUG:colcon.colcon_core.event_reactor:joined thread
[9.156s] INFO:colcon.colcon_core.shell:Creating prefix script '/home/orthrus1-1/orthrus1-1/install/local_setup.ps1'
[9.167s] INFO:colcon.colcon_core.shell:Creating prefix util module '/home/orthrus1-1/orthrus1-1/install/_local_setup_util_ps1.py'
[9.176s] INFO:colcon.colcon_core.shell:Creating prefix chain script '/home/orthrus1-1/orthrus1-1/install/setup.ps1'
[9.191s] INFO:colcon.colcon_core.shell:Creating prefix script '/home/orthrus1-1/orthrus1-1/install/local_setup.sh'
[9.195s] INFO:colcon.colcon_core.shell:Creating prefix util module '/home/orthrus1-1/orthrus1-1/install/_local_setup_util_sh.py'
[9.197s] INFO:colcon.colcon_core.shell:Creating prefix chain script '/home/orthrus1-1/orthrus1-1/install/setup.sh'
[9.212s] INFO:colcon.colcon_core.shell:Creating prefix script '/home/orthrus1-1/orthrus1-1/install/local_setup.bash'
[9.214s] INFO:colcon.colcon_core.shell:Creating prefix chain script '/home/orthrus1-1/orthrus1-1/install/setup.bash'
[9.229s] INFO:colcon.colcon_core.shell:Creating prefix script '/home/orthrus1-1/orthrus1-1/install/local_setup.zsh'
[9.231s] INFO:colcon.colcon_core.shell:Creating prefix chain script '/home/orthrus1-1/orthrus1-1/install/setup.zsh'
