[35m[1mScanning dependencies of target motor_carryout[0m
[ 50%] Built target check
[ 75%] [32mBuilding CXX object CMakeFiles/motor_carryout.dir/src/motor_carryout.cpp.o[0m
[01m[K/home/orthrus1-1/orthrus1-1/src/motor/src/motor_carryout.cpp:61:8:[m[K [01;35m[Kwarning: [m[K"/*" within comment [[01;35m[K-Wcomment[m[K]
       //* auto message = std_msgs::msg::String();

         
[01m[K/home/orthrus1-1/orthrus1-1/src/motor/src/motor_carryout.cpp:62:8:[m[K [01;35m[Kwarning: [m[K"/*" within comment [[01;35m[K-Wcomment[m[K]
       //* message.data = "Hello, world! " + std::to_string(count_++);

         
[01m[K/home/orthrus1-1/orthrus1-1/src/motor/src/motor_carryout.cpp:63:8:[m[K [01;35m[Kwarning: [m[K"/*" within comment [[01;35m[K-Wcomment[m[K]
       //* RCLCPP_INFO(this->get_logger(), "Publishing: '%s'", message.data.c_str());

         
[01m[K/home/orthrus1-1/orthrus1-1/src/motor/src/motor_carryout.cpp:64:8:[m[K [01;35m[Kwarning: [m[K"/*" within comment [[01;35m[K-Wcomment[m[K]
       //* publisher_->publish(message);

         
[01m[K/home/orthrus1-1/orthrus1-1/src/motor/src/motor_carryout.cpp:86:0:[m[K [01;31m[Kerror: [m[Kunterminated argument list invoking macro "RCLCPP_INFO"
[01m[K/home/orthrus1-1/orthrus1-1/src/motor/src/motor_carryout.cpp:36:7:[m[K [01;31m[Kerror: [m[Kexpected ‘[01m[K}[m[K’ at end of input
       [01;31m[KRCLCPP_INFO[m[K(this->get_logger(), "mode: '%d'", msg->mode;

       [01;31m[K^~~~~~~~~~~[m[K
[01m[K/home/orthrus1-1/orthrus1-1/src/motor/src/motor_carryout.cpp:[m[K In constructor ‘[01m[Kmotor_carryout::motor_carryout()[m[K’:
[01m[K/home/orthrus1-1/orthrus1-1/src/motor/src/motor_carryout.cpp:26:7:[m[K [01;31m[Kerror: [m[K‘[01m[Ksubscription_[m[K’ was not declared in this scope
       [01;31m[Ksubscription_[m[K = this->create_subscription<message::msg::Motorcarryout>(

       [01;31m[K^~~~~~~~~~~~~[m[K
[01m[K/home/orthrus1-1/orthrus1-1/src/motor/src/motor_carryout.cpp:26:7:[m[K [01;36m[Knote: [m[Ksuggested alternative: ‘[01m[Krcl_subscription_t[m[K’
       [01;36m[Ksubscription_[m[K = this->create_subscription<message::msg::Motorcarryout>(

       [01;36m[K^~~~~~~~~~~~~[m[K
       [32m[Krcl_subscription_t[m[K
[01m[K/home/orthrus1-1/orthrus1-1/src/motor/src/motor_carryout.cpp:27:77:[m[K [01;31m[Kerror: [m[K‘[01m[K_1[m[K’ was not declared in this scope
       "motor_carryout", 2, std::bind(&motor_carryout::topic_callback, this, [01;31m[K_1[m[K));

                                                                             [01;31m[K^~[m[K
[01m[K/home/orthrus1-1/orthrus1-1/src/motor/src/motor_carryout.cpp:27:77:[m[K [01;36m[Knote: [m[Ksuggested alternative:
In file included from [01m[K/home/orthrus1-1/orthrus1-1/src/motor/src/motor_carryout.cpp:12:0[m[K:
[01m[K/usr/include/c++/7/functional:275:34:[m[K [01;36m[Knote: [m[K  ‘[01m[Kstd::placeholders::_1[m[K’
     extern const _Placeholder<1> [01;36m[K_1[m[K;
                                  [01;36m[K^~[m[K
[01m[K/home/orthrus1-1/orthrus1-1/src/motor/src/motor_carryout.cpp:[m[K In member function ‘[01m[Kvoid motor_carryout::topic_callback(message::msg::Motorcarryout_<std::allocator<void> >::SharedPtr) const[m[K’:
[01m[K/home/orthrus1-1/orthrus1-1/src/motor/src/motor_carryout.cpp:36:7:[m[K [01;31m[Kerror: [m[K‘[01m[KRCLCPP_INFO[m[K’ was not declared in this scope
       [01;31m[KRCLCPP_INFO[m[K(this->get_logger(), "mode: '%d'", msg->mode;

       [01;31m[K^~~~~~~~~~~[m[K
[01m[K/home/orthrus1-1/orthrus1-1/src/motor/src/motor_carryout.cpp:36:7:[m[K [01;31m[Kerror: [m[Kexpected ‘[01m[K}[m[K’ at end of input
[01m[K/home/orthrus1-1/orthrus1-1/src/motor/src/motor_carryout.cpp:34:70:[m[K [01;35m[Kwarning: [m[Kunused parameter ‘[01m[Kmsg[m[K’ [[01;35m[K-Wunused-parameter[m[K]
     void topic_callback(const message::msg::Motorcarryout::SharedPtr [01;35m[Kmsg[m[K) const

                                                                      [01;35m[K^~~[m[K
[01m[K/home/orthrus1-1/orthrus1-1/src/motor/src/motor_carryout.cpp:[m[K At global scope:
[01m[K/home/orthrus1-1/orthrus1-1/src/motor/src/motor_carryout.cpp:36:7:[m[K [01;31m[Kerror: [m[Kexpected unqualified-id at end of input
       [01;31m[KRCLCPP_INFO[m[K(this->get_logger(), "mode: '%d'", msg->mode;

       [01;31m[K^~~~~~~~~~~[m[K
CMakeFiles/motor_carryout.dir/build.make:62: recipe for target 'CMakeFiles/motor_carryout.dir/src/motor_carryout.cpp.o' failed
make[2]: *** [CMakeFiles/motor_carryout.dir/src/motor_carryout.cpp.o] Error 1
make[1]: *** [CMakeFiles/motor_carryout.dir/all] Error 2
CMakeFiles/Makefile2:136: recipe for target 'CMakeFiles/motor_carryout.dir/all' failed
Makefile:140: recipe for target 'all' failed
make: *** [all] Error 2
