[35m[1mScanning dependencies of target motor_carryout[0m
[ 50%] Built target check
[ 75%] [32mBuilding CXX object CMakeFiles/motor_carryout.dir/src/motor_carryout.cpp.o[0m
[01m[K/home/orthrus1-1/orthrus1-1/src/motor/src/motor_carryout.cpp:[m[K In member function ‘[01m[Kvoid motor_carryout::topic_callback(message::msg::Motorcarryout_<std::allocator<void> >::SharedPtr) const[m[K’:
[01m[K/home/orthrus1-1/orthrus1-1/src/motor/src/motor_carryout.cpp:116:29:[m[K [01;31m[Kerror: [m[K‘[01m[Kmsg_[m[K’ was not declared in this scope
         motor_LF_s1.mode =  [01;31m[Kmsg_[m[K-> mode_lf_1;

                             [01;31m[K^~~~[m[K
[01m[K/home/orthrus1-1/orthrus1-1/src/motor/src/motor_carryout.cpp:116:29:[m[K [01;36m[Knote: [m[Ksuggested alternative: ‘[01m[Kmsg[m[K’
         motor_LF_s1.mode =  [01;36m[Kmsg_[m[K-> mode_lf_1;

                             [01;36m[K^~~~[m[K
                             [32m[Kmsg[m[K
[01m[K/home/orthrus1-1/orthrus1-1/src/motor/src/motor_carryout.cpp:127:27:[m[K [01;31m[Kerror: [m[K‘[01m[Kmsg_[m[K’ was not declared in this scope
        motor_LF_s2.mode = [01;31m[Kmsg_[m[K-> mode_lf_2;

                           [01;31m[K^~~~[m[K
[01m[K/home/orthrus1-1/orthrus1-1/src/motor/src/motor_carryout.cpp:127:27:[m[K [01;36m[Knote: [m[Ksuggested alternative: ‘[01m[Kmsg[m[K’
        motor_LF_s2.mode = [01;36m[Kmsg_[m[K-> mode_lf_2;

                           [01;36m[K^~~~[m[K
                           [32m[Kmsg[m[K
[01m[K/home/orthrus1-1/orthrus1-1/src/motor/src/motor_carryout.cpp:138:28:[m[K [01;31m[Kerror: [m[K‘[01m[Kmsg_[m[K’ was not declared in this scope
         motor_LF_s3.mode = [01;31m[Kmsg_[m[K-> mode_lf_3;

                            [01;31m[K^~~~[m[K
[01m[K/home/orthrus1-1/orthrus1-1/src/motor/src/motor_carryout.cpp:138:28:[m[K [01;36m[Knote: [m[Ksuggested alternative: ‘[01m[Kmsg[m[K’
         motor_LF_s3.mode = [01;36m[Kmsg_[m[K-> mode_lf_3;

                            [01;36m[K^~~~[m[K
                            [32m[Kmsg[m[K
[01m[K/home/orthrus1-1/orthrus1-1/src/motor/src/motor_carryout.cpp:150:31:[m[K [01;31m[Kerror: [m[K‘[01m[Kmsg_[m[K’ was not declared in this scope
            motor_RF_s1.mode = [01;31m[Kmsg_[m[K-> mode_rf_1;

                               [01;31m[K^~~~[m[K
[01m[K/home/orthrus1-1/orthrus1-1/src/motor/src/motor_carryout.cpp:150:31:[m[K [01;36m[Knote: [m[Ksuggested alternative: ‘[01m[Kmsg[m[K’
            motor_RF_s1.mode = [01;36m[Kmsg_[m[K-> mode_rf_1;

                               [01;36m[K^~~~[m[K
                               [32m[Kmsg[m[K
[01m[K/home/orthrus1-1/orthrus1-1/src/motor/src/motor_carryout.cpp:161:31:[m[K [01;31m[Kerror: [m[K‘[01m[Kmsg_[m[K’ was not declared in this scope
            motor_RF_s2.mode = [01;31m[Kmsg_[m[K-> mode_rf_2;

                               [01;31m[K^~~~[m[K
[01m[K/home/orthrus1-1/orthrus1-1/src/motor/src/motor_carryout.cpp:161:31:[m[K [01;36m[Knote: [m[Ksuggested alternative: ‘[01m[Kmsg[m[K’
            motor_RF_s2.mode = [01;36m[Kmsg_[m[K-> mode_rf_2;

                               [01;36m[K^~~~[m[K
                               [32m[Kmsg[m[K
[01m[K/home/orthrus1-1/orthrus1-1/src/motor/src/motor_carryout.cpp:172:31:[m[K [01;31m[Kerror: [m[K‘[01m[Kmsg_[m[K’ was not declared in this scope
            motor_RF_s3.mode = [01;31m[Kmsg_[m[K-> mode_rf_3;

                               [01;31m[K^~~~[m[K
[01m[K/home/orthrus1-1/orthrus1-1/src/motor/src/motor_carryout.cpp:172:31:[m[K [01;36m[Knote: [m[Ksuggested alternative: ‘[01m[Kmsg[m[K’
            motor_RF_s3.mode = [01;36m[Kmsg_[m[K-> mode_rf_3;

                               [01;36m[K^~~~[m[K
                               [32m[Kmsg[m[K
[01m[K/home/orthrus1-1/orthrus1-1/src/motor/src/motor_carryout.cpp:184:28:[m[K [01;31m[Kerror: [m[K‘[01m[Kmsg_[m[K’ was not declared in this scope
         motor_LB_s1.mode = [01;31m[Kmsg_[m[K-> mode_lb_1;

                            [01;31m[K^~~~[m[K
[01m[K/home/orthrus1-1/orthrus1-1/src/motor/src/motor_carryout.cpp:184:28:[m[K [01;36m[Knote: [m[Ksuggested alternative: ‘[01m[Kmsg[m[K’
         motor_LB_s1.mode = [01;36m[Kmsg_[m[K-> mode_lb_1;

                            [01;36m[K^~~~[m[K
                            [32m[Kmsg[m[K
[01m[K/home/orthrus1-1/orthrus1-1/src/motor/src/motor_carryout.cpp:195:28:[m[K [01;31m[Kerror: [m[K‘[01m[Kmsg_[m[K’ was not declared in this scope
         motor_LB_s2.mode = [01;31m[Kmsg_[m[K-> mode_lb_2;

                            [01;31m[K^~~~[m[K
[01m[K/home/orthrus1-1/orthrus1-1/src/motor/src/motor_carryout.cpp:195:28:[m[K [01;36m[Knote: [m[Ksuggested alternative: ‘[01m[Kmsg[m[K’
         motor_LB_s2.mode = [01;36m[Kmsg_[m[K-> mode_lb_2;

                            [01;36m[K^~~~[m[K
                            [32m[Kmsg[m[K
[01m[K/home/orthrus1-1/orthrus1-1/src/motor/src/motor_carryout.cpp:206:28:[m[K [01;31m[Kerror: [m[K‘[01m[Kmsg_[m[K’ was not declared in this scope
         motor_LB_s3.mode = [01;31m[Kmsg_[m[K-> mode_lb_3;

                            [01;31m[K^~~~[m[K
[01m[K/home/orthrus1-1/orthrus1-1/src/motor/src/motor_carryout.cpp:206:28:[m[K [01;36m[Knote: [m[Ksuggested alternative: ‘[01m[Kmsg[m[K’
         motor_LB_s3.mode = [01;36m[Kmsg_[m[K-> mode_lb_3;

                            [01;36m[K^~~~[m[K
                            [32m[Kmsg[m[K
[01m[K/home/orthrus1-1/orthrus1-1/src/motor/src/motor_carryout.cpp:217:32:[m[K [01;31m[Kerror: [m[K‘[01m[Kmsg_[m[K’ was not declared in this scope
             motor_RB_s1.mode = [01;31m[Kmsg_[m[K-> mode_rb_1;

                                [01;31m[K^~~~[m[K
[01m[K/home/orthrus1-1/orthrus1-1/src/motor/src/motor_carryout.cpp:217:32:[m[K [01;36m[Knote: [m[Ksuggested alternative: ‘[01m[Kmsg[m[K’
             motor_RB_s1.mode = [01;36m[Kmsg_[m[K-> mode_rb_1;

                                [01;36m[K^~~~[m[K
                                [32m[Kmsg[m[K
[01m[K/home/orthrus1-1/orthrus1-1/src/motor/src/motor_carryout.cpp:228:32:[m[K [01;31m[Kerror: [m[K‘[01m[Kmsg_[m[K’ was not declared in this scope
             motor_RB_s2.mode = [01;31m[Kmsg_[m[K-> mode_rb_2;

                                [01;31m[K^~~~[m[K
[01m[K/home/orthrus1-1/orthrus1-1/src/motor/src/motor_carryout.cpp:228:32:[m[K [01;36m[Knote: [m[Ksuggested alternative: ‘[01m[Kmsg[m[K’
             motor_RB_s2.mode = [01;36m[Kmsg_[m[K-> mode_rb_2;

                                [01;36m[K^~~~[m[K
                                [32m[Kmsg[m[K
[01m[K/home/orthrus1-1/orthrus1-1/src/motor/src/motor_carryout.cpp:239:32:[m[K [01;31m[Kerror: [m[K‘[01m[Kmsg_[m[K’ was not declared in this scope
             motor_RB_s3.mode = [01;31m[Kmsg_[m[K-> mode_lb_3;

                                [01;31m[K^~~~[m[K
[01m[K/home/orthrus1-1/orthrus1-1/src/motor/src/motor_carryout.cpp:239:32:[m[K [01;36m[Knote: [m[Ksuggested alternative: ‘[01m[Kmsg[m[K’
             motor_RB_s3.mode = [01;36m[Kmsg_[m[K-> mode_lb_3;

                                [01;36m[K^~~~[m[K
                                [32m[Kmsg[m[K
[01m[K/home/orthrus1-1/orthrus1-1/src/motor/src/motor_carryout.cpp:110:70:[m[K [01;35m[Kwarning: [m[Kunused parameter ‘[01m[Kmsg[m[K’ [[01;35m[K-Wunused-parameter[m[K]
     void topic_callback(const message::msg::Motorcarryout::SharedPtr [01;35m[Kmsg[m[K) const

                                                                      [01;35m[K^~~[m[K
CMakeFiles/motor_carryout.dir/build.make:62: recipe for target 'CMakeFiles/motor_carryout.dir/src/motor_carryout.cpp.o' failed
make[2]: *** [CMakeFiles/motor_carryout.dir/src/motor_carryout.cpp.o] Error 1
CMakeFiles/Makefile2:136: recipe for target 'CMakeFiles/motor_carryout.dir/all' failed
make[1]: *** [CMakeFiles/motor_carryout.dir/all] Error 2
Makefile:140: recipe for target 'all' failed
make: *** [all] Error 2
