[0.032s] Invoking command in '/home/orthrus1-1/orthrus1-1/build/motor': AMENT_PREFIX_PATH=/home/orthrus1-1/orthrus1-1/install/message:${AMENT_PREFIX_PATH} CMAKE_PREFIX_PATH=/home/orthrus1-1/orthrus1-1/install/message:/opt/ros/dashing LD_LIBRARY_PATH=/home/orthrus1-1/orthrus1-1/install/message/lib:${LD_LIBRARY_PATH} PYTHONPATH=/home/orthrus1-1/orthrus1-1/install/message/lib/python3.6/site-packages:${PYTHONPATH} /usr/bin/cmake --build /home/orthrus1-1/orthrus1-1/build/motor -- -j4 -l4
[0.189s] [35m[1mScanning dependencies of target motor_carryout[0m
[0.241s] [ 50%] Built target check
[0.287s] [ 75%] [32mBuilding CXX object CMakeFiles/motor_carryout.dir/src/motor_carryout.cpp.o[0m
[3.897s] [01m[K/home/orthrus1-1/orthrus1-1/src/motor/src/motor_carryout.cpp:[m[K In member function ‘[01m[Kvoid motor_carryout::topic_callback(message::msg::Motorcarryout_<std::allocator<void> >::SharedPtr) const[m[K’:
[3.898s] [01m[K/home/orthrus1-1/orthrus1-1/src/motor/src/motor_carryout.cpp:116:29:[m[K [01;31m[Kerror: [m[K‘[01m[Kmsg_[m[K’ was not declared in this scope
[3.899s]          motor_LF_s1.mode =  [01;31m[Kmsg_[m[K-> mode_lf_1;
[3.899s] 
[3.900s]                              [01;31m[K^~~~[m[K
[3.901s] [01m[K/home/orthrus1-1/orthrus1-1/src/motor/src/motor_carryout.cpp:116:29:[m[K [01;36m[Knote: [m[Ksuggested alternative: ‘[01m[Kmsg[m[K’
[3.902s]          motor_LF_s1.mode =  [01;36m[Kmsg_[m[K-> mode_lf_1;
[3.903s] 
[3.904s]                              [01;36m[K^~~~[m[K
[3.904s]                              [32m[Kmsg[m[K
[3.905s] [01m[K/home/orthrus1-1/orthrus1-1/src/motor/src/motor_carryout.cpp:127:27:[m[K [01;31m[Kerror: [m[K‘[01m[Kmsg_[m[K’ was not declared in this scope
[3.906s]         motor_LF_s2.mode = [01;31m[Kmsg_[m[K-> mode_lf_2;
[3.907s] 
[3.908s]                            [01;31m[K^~~~[m[K
[3.908s] [01m[K/home/orthrus1-1/orthrus1-1/src/motor/src/motor_carryout.cpp:127:27:[m[K [01;36m[Knote: [m[Ksuggested alternative: ‘[01m[Kmsg[m[K’
[3.909s]         motor_LF_s2.mode = [01;36m[Kmsg_[m[K-> mode_lf_2;
[3.910s] 
[3.911s]                            [01;36m[K^~~~[m[K
[3.911s]                            [32m[Kmsg[m[K
[3.912s] [01m[K/home/orthrus1-1/orthrus1-1/src/motor/src/motor_carryout.cpp:138:28:[m[K [01;31m[Kerror: [m[K‘[01m[Kmsg_[m[K’ was not declared in this scope
[3.913s]          motor_LF_s3.mode = [01;31m[Kmsg_[m[K-> mode_lf_3;
[3.914s] 
[3.915s]                             [01;31m[K^~~~[m[K
[3.915s] [01m[K/home/orthrus1-1/orthrus1-1/src/motor/src/motor_carryout.cpp:138:28:[m[K [01;36m[Knote: [m[Ksuggested alternative: ‘[01m[Kmsg[m[K’
[3.916s]          motor_LF_s3.mode = [01;36m[Kmsg_[m[K-> mode_lf_3;
[3.917s] 
[3.918s]                             [01;36m[K^~~~[m[K
[3.918s]                             [32m[Kmsg[m[K
[3.919s] [01m[K/home/orthrus1-1/orthrus1-1/src/motor/src/motor_carryout.cpp:150:31:[m[K [01;31m[Kerror: [m[K‘[01m[Kmsg_[m[K’ was not declared in this scope
[3.920s]             motor_RF_s1.mode = [01;31m[Kmsg_[m[K-> mode_rf_1;
[3.920s] 
[3.921s]                                [01;31m[K^~~~[m[K
[3.922s] [01m[K/home/orthrus1-1/orthrus1-1/src/motor/src/motor_carryout.cpp:150:31:[m[K [01;36m[Knote: [m[Ksuggested alternative: ‘[01m[Kmsg[m[K’
[3.923s]             motor_RF_s1.mode = [01;36m[Kmsg_[m[K-> mode_rf_1;
[3.924s] 
[3.924s]                                [01;36m[K^~~~[m[K
[3.925s]                                [32m[Kmsg[m[K
[3.926s] [01m[K/home/orthrus1-1/orthrus1-1/src/motor/src/motor_carryout.cpp:161:31:[m[K [01;31m[Kerror: [m[K‘[01m[Kmsg_[m[K’ was not declared in this scope
[3.927s]             motor_RF_s2.mode = [01;31m[Kmsg_[m[K-> mode_rf_2;
[3.927s] 
[3.928s]                                [01;31m[K^~~~[m[K
[3.929s] [01m[K/home/orthrus1-1/orthrus1-1/src/motor/src/motor_carryout.cpp:161:31:[m[K [01;36m[Knote: [m[Ksuggested alternative: ‘[01m[Kmsg[m[K’
[3.929s]             motor_RF_s2.mode = [01;36m[Kmsg_[m[K-> mode_rf_2;
[3.930s] 
[3.931s]                                [01;36m[K^~~~[m[K
[3.932s]                                [32m[Kmsg[m[K
[3.933s] [01m[K/home/orthrus1-1/orthrus1-1/src/motor/src/motor_carryout.cpp:172:31:[m[K [01;31m[Kerror: [m[K‘[01m[Kmsg_[m[K’ was not declared in this scope
[3.934s]             motor_RF_s3.mode = [01;31m[Kmsg_[m[K-> mode_rf_3;
[3.935s] 
[3.936s]                                [01;31m[K^~~~[m[K
[3.936s] [01m[K/home/orthrus1-1/orthrus1-1/src/motor/src/motor_carryout.cpp:172:31:[m[K [01;36m[Knote: [m[Ksuggested alternative: ‘[01m[Kmsg[m[K’
[3.937s]             motor_RF_s3.mode = [01;36m[Kmsg_[m[K-> mode_rf_3;
[3.938s] 
[3.939s]                                [01;36m[K^~~~[m[K
[3.940s]                                [32m[Kmsg[m[K
[3.940s] [01m[K/home/orthrus1-1/orthrus1-1/src/motor/src/motor_carryout.cpp:184:28:[m[K [01;31m[Kerror: [m[K‘[01m[Kmsg_[m[K’ was not declared in this scope
[3.941s]          motor_LB_s1.mode = [01;31m[Kmsg_[m[K-> mode_lb_1;
[3.942s] 
[3.942s]                             [01;31m[K^~~~[m[K
[3.943s] [01m[K/home/orthrus1-1/orthrus1-1/src/motor/src/motor_carryout.cpp:184:28:[m[K [01;36m[Knote: [m[Ksuggested alternative: ‘[01m[Kmsg[m[K’
[3.944s]          motor_LB_s1.mode = [01;36m[Kmsg_[m[K-> mode_lb_1;
[3.945s] 
[3.945s]                             [01;36m[K^~~~[m[K
[3.946s]                             [32m[Kmsg[m[K
[3.947s] [01m[K/home/orthrus1-1/orthrus1-1/src/motor/src/motor_carryout.cpp:195:28:[m[K [01;31m[Kerror: [m[K‘[01m[Kmsg_[m[K’ was not declared in this scope
[3.948s]          motor_LB_s2.mode = [01;31m[Kmsg_[m[K-> mode_lb_2;
[3.948s] 
[3.949s]                             [01;31m[K^~~~[m[K
[3.949s] [01m[K/home/orthrus1-1/orthrus1-1/src/motor/src/motor_carryout.cpp:195:28:[m[K [01;36m[Knote: [m[Ksuggested alternative: ‘[01m[Kmsg[m[K’
[3.950s]          motor_LB_s2.mode = [01;36m[Kmsg_[m[K-> mode_lb_2;
[3.950s] 
[3.951s]                             [01;36m[K^~~~[m[K
[3.951s]                             [32m[Kmsg[m[K
[3.952s] [01m[K/home/orthrus1-1/orthrus1-1/src/motor/src/motor_carryout.cpp:206:28:[m[K [01;31m[Kerror: [m[K‘[01m[Kmsg_[m[K’ was not declared in this scope
[3.952s]          motor_LB_s3.mode = [01;31m[Kmsg_[m[K-> mode_lb_3;
[3.953s] 
[3.953s]                             [01;31m[K^~~~[m[K
[3.954s] [01m[K/home/orthrus1-1/orthrus1-1/src/motor/src/motor_carryout.cpp:206:28:[m[K [01;36m[Knote: [m[Ksuggested alternative: ‘[01m[Kmsg[m[K’
[3.954s]          motor_LB_s3.mode = [01;36m[Kmsg_[m[K-> mode_lb_3;
[3.955s] 
[3.955s]                             [01;36m[K^~~~[m[K
[3.956s]                             [32m[Kmsg[m[K
[3.956s] [01m[K/home/orthrus1-1/orthrus1-1/src/motor/src/motor_carryout.cpp:217:32:[m[K [01;31m[Kerror: [m[K‘[01m[Kmsg_[m[K’ was not declared in this scope
[3.957s]              motor_RB_s1.mode = [01;31m[Kmsg_[m[K-> mode_rb_1;
[3.957s] 
[3.958s]                                 [01;31m[K^~~~[m[K
[3.959s] [01m[K/home/orthrus1-1/orthrus1-1/src/motor/src/motor_carryout.cpp:217:32:[m[K [01;36m[Knote: [m[Ksuggested alternative: ‘[01m[Kmsg[m[K’
[3.959s]              motor_RB_s1.mode = [01;36m[Kmsg_[m[K-> mode_rb_1;
[3.960s] 
[3.960s]                                 [01;36m[K^~~~[m[K
[3.961s]                                 [32m[Kmsg[m[K
[3.961s] [01m[K/home/orthrus1-1/orthrus1-1/src/motor/src/motor_carryout.cpp:228:32:[m[K [01;31m[Kerror: [m[K‘[01m[Kmsg_[m[K’ was not declared in this scope
[3.962s]              motor_RB_s2.mode = [01;31m[Kmsg_[m[K-> mode_rb_2;
[3.962s] 
[3.963s]                                 [01;31m[K^~~~[m[K
[3.963s] [01m[K/home/orthrus1-1/orthrus1-1/src/motor/src/motor_carryout.cpp:228:32:[m[K [01;36m[Knote: [m[Ksuggested alternative: ‘[01m[Kmsg[m[K’
[3.964s]              motor_RB_s2.mode = [01;36m[Kmsg_[m[K-> mode_rb_2;
[3.964s] 
[3.965s]                                 [01;36m[K^~~~[m[K
[3.965s]                                 [32m[Kmsg[m[K
[3.966s] [01m[K/home/orthrus1-1/orthrus1-1/src/motor/src/motor_carryout.cpp:239:32:[m[K [01;31m[Kerror: [m[K‘[01m[Kmsg_[m[K’ was not declared in this scope
[3.966s]              motor_RB_s3.mode = [01;31m[Kmsg_[m[K-> mode_lb_3;
[3.967s] 
[3.967s]                                 [01;31m[K^~~~[m[K
[3.968s] [01m[K/home/orthrus1-1/orthrus1-1/src/motor/src/motor_carryout.cpp:239:32:[m[K [01;36m[Knote: [m[Ksuggested alternative: ‘[01m[Kmsg[m[K’
[3.968s]              motor_RB_s3.mode = [01;36m[Kmsg_[m[K-> mode_lb_3;
[3.969s] 
[3.969s]                                 [01;36m[K^~~~[m[K
[3.970s]                                 [32m[Kmsg[m[K
[3.970s] [01m[K/home/orthrus1-1/orthrus1-1/src/motor/src/motor_carryout.cpp:110:70:[m[K [01;35m[Kwarning: [m[Kunused parameter ‘[01m[Kmsg[m[K’ [[01;35m[K-Wunused-parameter[m[K]
[3.971s]      void topic_callback(const message::msg::Motorcarryout::SharedPtr [01;35m[Kmsg[m[K) const
[3.971s] 
[3.972s]                                                                       [01;35m[K^~~[m[K
[6.305s] CMakeFiles/motor_carryout.dir/build.make:62: recipe for target 'CMakeFiles/motor_carryout.dir/src/motor_carryout.cpp.o' failed
[6.306s] make[2]: *** [CMakeFiles/motor_carryout.dir/src/motor_carryout.cpp.o] Error 1
[6.307s] CMakeFiles/Makefile2:136: recipe for target 'CMakeFiles/motor_carryout.dir/all' failed
[6.308s] make[1]: *** [CMakeFiles/motor_carryout.dir/all] Error 2
[6.308s] Makefile:140: recipe for target 'all' failed
[6.309s] make: *** [all] Error 2
[6.313s] Invoked command in '/home/orthrus1-1/orthrus1-1/build/motor' returned '2': AMENT_PREFIX_PATH=/home/orthrus1-1/orthrus1-1/install/message:${AMENT_PREFIX_PATH} CMAKE_PREFIX_PATH=/home/orthrus1-1/orthrus1-1/install/message:/opt/ros/dashing LD_LIBRARY_PATH=/home/orthrus1-1/orthrus1-1/install/message/lib:${LD_LIBRARY_PATH} PYTHONPATH=/home/orthrus1-1/orthrus1-1/install/message/lib/python3.6/site-packages:${PYTHONPATH} /usr/bin/cmake --build /home/orthrus1-1/orthrus1-1/build/motor -- -j4 -l4
