[0.056s] Invoking command in '/home/orthrus1-1/orthrus1-1/build/message': CMAKE_PREFIX_PATH=/opt/ros/dashing /usr/bin/cmake --build /home/orthrus1-1/orthrus1-1/build/message -- -j4 -l4
[0.275s] [  2%] Built target message__dds_opensplice_idl
[0.276s] [  2%] Built target message__cpp
[0.282s] [  8%] Built target message__rosidl_generator_c
[0.385s] [ 14%] Built target message__rosidl_typesupport_introspection_cpp
[0.386s] [ 20%] Built target message__rosidl_typesupport_cpp
[0.435s] [ 26%] Built target message__rosidl_typesupport_fastrtps_cpp
[0.492s] [ 32%] Built target message__rosidl_typesupport_introspection_c
[0.506s] [ 52%] Built target message__rosidl_typesupport_opensplice_cpp
[0.513s] [ 58%] Built target message__rosidl_typesupport_c
[0.564s] [ 64%] Built target message__rosidl_typesupport_fastrtps_c
[0.702s] [ 85%] Built target message__rosidl_typesupport_opensplice_c
[0.782s] [ 85%] Built target message
[0.864s] [ 86%] Built target message__py
[0.978s] [ 91%] Built target message__python
[1.100s] [ 97%] Built target message__rosidl_typesupport_opensplice_c__pyext
[1.101s] [ 97%] Built target message__rosidl_typesupport_c__pyext
[1.102s] [100%] Built target message__rosidl_typesupport_fastrtps_c__pyext
[1.147s] Invoked command in '/home/orthrus1-1/orthrus1-1/build/message' returned '0': CMAKE_PREFIX_PATH=/opt/ros/dashing /usr/bin/cmake --build /home/orthrus1-1/orthrus1-1/build/message -- -j4 -l4
[1.489s] Invoking command in '/home/orthrus1-1/orthrus1-1/build/message': CMAKE_PREFIX_PATH=/opt/ros/dashing /usr/bin/cmake --build /home/orthrus1-1/orthrus1-1/build/message --target install -- -j4 -l4
[1.700s] [  2%] Built target message__cpp
[1.702s] [  2%] Built target message__dds_opensplice_idl
[1.709s] [  8%] Built target message__rosidl_generator_c
[1.799s] [ 14%] Built target message__rosidl_typesupport_cpp
[1.827s] [ 20%] Built target message__rosidl_typesupport_introspection_cpp
[1.854s] [ 26%] Built target message__rosidl_typesupport_fastrtps_cpp
[1.925s] [ 32%] Built target message__rosidl_typesupport_c
[1.927s] [ 52%] Built target message__rosidl_typesupport_opensplice_cpp
[1.951s] [ 58%] Built target message__rosidl_typesupport_introspection_c
[1.987s] [ 64%] Built target message__rosidl_typesupport_fastrtps_c
[2.120s] [ 85%] Built target message__rosidl_typesupport_opensplice_c
[2.200s] [ 85%] Built target message
[2.281s] [ 86%] Built target message__py
[2.394s] [ 91%] Built target message__python
[2.514s] [ 97%] Built target message__rosidl_typesupport_c__pyext
[2.515s] [ 97%] Built target message__rosidl_typesupport_fastrtps_c__pyext
[2.516s] [100%] Built target message__rosidl_typesupport_opensplice_c__pyext
[2.592s] [36mInstall the project...[0m
[2.627s] -- Install configuration: ""
[2.628s] -- Up-to-date: /home/orthrus1-1/orthrus1-1/install/message/share/ament_index/resource_index/rosidl_interfaces/message
[2.629s] -- Up-to-date: /home/orthrus1-1/orthrus1-1/install/message/include/message
[2.630s] -- Up-to-date: /home/orthrus1-1/orthrus1-1/install/message/include/message/srv
[2.630s] -- Up-to-date: /home/orthrus1-1/orthrus1-1/install/message/include/message/srv/motorsend.hpp
[2.631s] -- Up-to-date: /home/orthrus1-1/orthrus1-1/install/message/include/message/srv/motorsend__struct.hpp
[2.631s] -- Up-to-date: /home/orthrus1-1/orthrus1-1/install/message/include/message/srv/motorsend__traits.hpp
[2.632s] -- Up-to-date: /home/orthrus1-1/orthrus1-1/install/message/include/message/msg
[2.632s] -- Up-to-date: /home/orthrus1-1/orthrus1-1/install/message/include/message/msg/motorcarryout.hpp
[2.633s] -- Up-to-date: /home/orthrus1-1/orthrus1-1/install/message/include/message/msg/motorcarryout__struct.hpp
[2.633s] -- Up-to-date: /home/orthrus1-1/orthrus1-1/install/message/include/message/msg/motorcarryout__traits.hpp
[2.634s] -- Up-to-date: /home/orthrus1-1/orthrus1-1/install/message/include/message
[2.634s] -- Up-to-date: /home/orthrus1-1/orthrus1-1/install/message/include/message/srv
[2.635s] -- Up-to-date: /home/orthrus1-1/orthrus1-1/install/message/include/message/srv/motorsend__functions.c
[2.636s] -- Up-to-date: /home/orthrus1-1/orthrus1-1/install/message/include/message/srv/motorsend__type_support.h
[2.636s] -- Up-to-date: /home/orthrus1-1/orthrus1-1/install/message/include/message/srv/motorsend__struct.h
[2.637s] -- Up-to-date: /home/orthrus1-1/orthrus1-1/install/message/include/message/srv/motorsend.h
[2.638s] -- Up-to-date: /home/orthrus1-1/orthrus1-1/install/message/include/message/srv/motorsend__functions.h
[2.638s] -- Up-to-date: /home/orthrus1-1/orthrus1-1/install/message/include/message/msg
[2.639s] -- Up-to-date: /home/orthrus1-1/orthrus1-1/install/message/include/message/msg/motorcarryout__functions.c
[2.639s] -- Up-to-date: /home/orthrus1-1/orthrus1-1/install/message/include/message/msg/motorcarryout__type_support.h
[2.640s] -- Up-to-date: /home/orthrus1-1/orthrus1-1/install/message/include/message/msg/motorcarryout__functions.h
[2.641s] -- Up-to-date: /home/orthrus1-1/orthrus1-1/install/message/include/message/msg/motorcarryout__struct.h
[2.641s] -- Up-to-date: /home/orthrus1-1/orthrus1-1/install/message/include/message/msg/rosidl_generator_c__visibility_control.h
[2.642s] -- Up-to-date: /home/orthrus1-1/orthrus1-1/install/message/include/message/msg/motorcarryout.h
[2.642s] -- Up-to-date: /home/orthrus1-1/orthrus1-1/install/message/share/message/environment/library_path.sh
[2.643s] -- Up-to-date: /home/orthrus1-1/orthrus1-1/install/message/lib/libmessage__rosidl_generator_c.so
[2.643s] -- Up-to-date: /home/orthrus1-1/orthrus1-1/install/message/lib/libmessage__rosidl_typesupport_c.so
[2.644s] -- Up-to-date: /home/orthrus1-1/orthrus1-1/install/message/lib/libmessage__rosidl_typesupport_cpp.so
[2.645s] -- Up-to-date: /home/orthrus1-1/orthrus1-1/install/message/include/message
[2.645s] -- Up-to-date: /home/orthrus1-1/orthrus1-1/install/message/include/message/srv
[2.646s] -- Up-to-date: /home/orthrus1-1/orthrus1-1/install/message/include/message/srv/motorsend__rosidl_typesupport_introspection_c.h
[2.647s] -- Up-to-date: /home/orthrus1-1/orthrus1-1/install/message/include/message/srv/motorsend__type_support.c
[2.647s] -- Up-to-date: /home/orthrus1-1/orthrus1-1/install/message/include/message/msg
[2.648s] -- Up-to-date: /home/orthrus1-1/orthrus1-1/install/message/include/message/msg/motorcarryout__rosidl_typesupport_introspection_c.h
[2.648s] -- Up-to-date: /home/orthrus1-1/orthrus1-1/install/message/include/message/msg/rosidl_typesupport_introspection_c__visibility_control.h
[2.649s] -- Up-to-date: /home/orthrus1-1/orthrus1-1/install/message/include/message/msg/motorcarryout__type_support.c
[2.650s] -- Up-to-date: /home/orthrus1-1/orthrus1-1/install/message/lib/libmessage__rosidl_typesupport_introspection_c.so
[2.651s] -- Up-to-date: /home/orthrus1-1/orthrus1-1/install/message/include/message
[2.651s] -- Up-to-date: /home/orthrus1-1/orthrus1-1/install/message/include/message/srv
[2.652s] -- Up-to-date: /home/orthrus1-1/orthrus1-1/install/message/include/message/srv/motorsend__rosidl_typesupport_introspection_cpp.hpp
[2.652s] -- Up-to-date: /home/orthrus1-1/orthrus1-1/install/message/include/message/srv/motorsend__type_support.cpp
[2.653s] -- Up-to-date: /home/orthrus1-1/orthrus1-1/install/message/include/message/msg
[2.653s] -- Up-to-date: /home/orthrus1-1/orthrus1-1/install/message/include/message/msg/motorcarryout__type_support.cpp
[2.654s] -- Up-to-date: /home/orthrus1-1/orthrus1-1/install/message/include/message/msg/motorcarryout__rosidl_typesupport_introspection_cpp.hpp
[2.654s] -- Up-to-date: /home/orthrus1-1/orthrus1-1/install/message/lib/libmessage__rosidl_typesupport_introspection_cpp.so
[2.655s] -- Up-to-date: /home/orthrus1-1/orthrus1-1/install/message/include/message
[2.655s] -- Up-to-date: /home/orthrus1-1/orthrus1-1/install/message/include/message/srv
[2.656s] -- Up-to-date: /home/orthrus1-1/orthrus1-1/install/message/include/message/srv/motorsend__rosidl_typesupport_fastrtps_c.h
[2.656s] -- Up-to-date: /home/orthrus1-1/orthrus1-1/install/message/include/message/msg
[2.657s] -- Up-to-date: /home/orthrus1-1/orthrus1-1/install/message/include/message/msg/rosidl_typesupport_fastrtps_c__visibility_control.h
[2.657s] -- Up-to-date: /home/orthrus1-1/orthrus1-1/install/message/include/message/msg/motorcarryout__rosidl_typesupport_fastrtps_c.h
[2.658s] -- Up-to-date: /home/orthrus1-1/orthrus1-1/install/message/lib/libmessage__rosidl_typesupport_fastrtps_c.so
[2.658s] -- Up-to-date: /home/orthrus1-1/orthrus1-1/install/message/include/message
[2.659s] -- Up-to-date: /home/orthrus1-1/orthrus1-1/install/message/include/message/srv
[2.659s] -- Up-to-date: /home/orthrus1-1/orthrus1-1/install/message/include/message/srv/motorsend__rosidl_typesupport_fastrtps_cpp.hpp
[2.660s] -- Up-to-date: /home/orthrus1-1/orthrus1-1/install/message/include/message/srv/dds_fastrtps
[2.660s] -- Up-to-date: /home/orthrus1-1/orthrus1-1/install/message/include/message/msg
[2.661s] -- Up-to-date: /home/orthrus1-1/orthrus1-1/install/message/include/message/msg/dds_fastrtps
[2.661s] -- Up-to-date: /home/orthrus1-1/orthrus1-1/install/message/include/message/msg/rosidl_typesupport_fastrtps_cpp__visibility_control.h
[2.662s] -- Up-to-date: /home/orthrus1-1/orthrus1-1/install/message/include/message/msg/motorcarryout__rosidl_typesupport_fastrtps_cpp.hpp
[2.662s] -- Up-to-date: /home/orthrus1-1/orthrus1-1/install/message/lib/libmessage__rosidl_typesupport_fastrtps_cpp.so
[2.663s] -- Up-to-date: /home/orthrus1-1/orthrus1-1/install/message/include/message
[2.663s] -- Up-to-date: /home/orthrus1-1/orthrus1-1/install/message/include/message/srv
[2.664s] -- Up-to-date: /home/orthrus1-1/orthrus1-1/install/message/include/message/srv/motorsend__rosidl_typesupport_opensplice_c.h
[2.665s] -- Up-to-date: /home/orthrus1-1/orthrus1-1/install/message/include/message/srv/dds_opensplice_c
[2.665s] -- Up-to-date: /home/orthrus1-1/orthrus1-1/install/message/include/message/msg
[2.666s] -- Up-to-date: /home/orthrus1-1/orthrus1-1/install/message/include/message/msg/rosidl_typesupport_opensplice_c__visibility_control.h
[2.666s] -- Up-to-date: /home/orthrus1-1/orthrus1-1/install/message/include/message/msg/motorcarryout__rosidl_typesupport_opensplice_c.h
[2.667s] -- Up-to-date: /home/orthrus1-1/orthrus1-1/install/message/include/message/msg/dds_opensplice_c
[2.667s] -- Up-to-date: /home/orthrus1-1/orthrus1-1/install/message/lib/libmessage__rosidl_typesupport_opensplice_c.so
[2.667s] -- Up-to-date: /home/orthrus1-1/orthrus1-1/install/message/share/message/msg/dds_opensplice
[2.668s] -- Up-to-date: /home/orthrus1-1/orthrus1-1/install/message/share/message/msg/dds_opensplice/Motorcarryout_.idl
[2.668s] -- Up-to-date: /home/orthrus1-1/orthrus1-1/install/message/share/message/srv/dds_opensplice
[2.669s] -- Up-to-date: /home/orthrus1-1/orthrus1-1/install/message/share/message/srv/dds_opensplice/Motorsend_.idl
[2.669s] -- Up-to-date: /home/orthrus1-1/orthrus1-1/install/message/include/message
[2.670s] -- Up-to-date: /home/orthrus1-1/orthrus1-1/install/message/include/message/srv
[2.670s] -- Up-to-date: /home/orthrus1-1/orthrus1-1/install/message/include/message/srv/dds_opensplice
[2.671s] -- Up-to-date: /home/orthrus1-1/orthrus1-1/install/message/include/message/srv/dds_opensplice/Motorsend_.h
[2.671s] -- Up-to-date: /home/orthrus1-1/orthrus1-1/install/message/include/message/srv/dds_opensplice/ccpp_Motorsend_.h
[2.672s] -- Up-to-date: /home/orthrus1-1/orthrus1-1/install/message/include/message/srv/dds_opensplice/Motorsend_SplDcps.h
[2.672s] -- Up-to-date: /home/orthrus1-1/orthrus1-1/install/message/include/message/srv/dds_opensplice/Motorsend_Dcps.h
[2.673s] -- Up-to-date: /home/orthrus1-1/orthrus1-1/install/message/include/message/srv/dds_opensplice/Motorsend_Dcps_impl.h
[2.673s] -- Up-to-date: /home/orthrus1-1/orthrus1-1/install/message/include/message/srv/motorsend__rosidl_typesupport_opensplice_cpp.hpp
[2.674s] -- Up-to-date: /home/orthrus1-1/orthrus1-1/install/message/include/message/msg
[2.674s] -- Up-to-date: /home/orthrus1-1/orthrus1-1/install/message/include/message/msg/dds_opensplice
[2.675s] -- Up-to-date: /home/orthrus1-1/orthrus1-1/install/message/include/message/msg/dds_opensplice/Motorcarryout_Dcps_impl.h
[2.675s] -- Up-to-date: /home/orthrus1-1/orthrus1-1/install/message/include/message/msg/dds_opensplice/Motorcarryout_Dcps.h
[2.676s] -- Up-to-date: /home/orthrus1-1/orthrus1-1/install/message/include/message/msg/dds_opensplice/Motorcarryout_SplDcps.h
[2.676s] -- Up-to-date: /home/orthrus1-1/orthrus1-1/install/message/include/message/msg/dds_opensplice/Motorcarryout_.h
[2.677s] -- Up-to-date: /home/orthrus1-1/orthrus1-1/install/message/include/message/msg/dds_opensplice/ccpp_Motorcarryout_.h
[2.677s] -- Up-to-date: /home/orthrus1-1/orthrus1-1/install/message/include/message/msg/motorcarryout__rosidl_typesupport_opensplice_cpp.hpp
[2.678s] -- Up-to-date: /home/orthrus1-1/orthrus1-1/install/message/include/message/msg/rosidl_typesupport_opensplice_cpp__visibility_control.h
[2.678s] -- Up-to-date: /home/orthrus1-1/orthrus1-1/install/message/lib/libmessage__rosidl_typesupport_opensplice_cpp.so
[2.679s] -- Up-to-date: /home/orthrus1-1/orthrus1-1/install/message/share/message/environment/pythonpath.sh
[2.679s] -- Up-to-date: /home/orthrus1-1/orthrus1-1/install/message/lib/python3.6/site-packages/message/__init__.py
[2.813s] -- Up-to-date: /home/orthrus1-1/orthrus1-1/install/message/lib/python3.6/site-packages/message/msg
[2.814s] -- Up-to-date: /home/orthrus1-1/orthrus1-1/install/message/lib/python3.6/site-packages/message/msg/__init__.py
[2.814s] -- Up-to-date: /home/orthrus1-1/orthrus1-1/install/message/lib/python3.6/site-packages/message/msg/_motorcarryout_s.c
[2.815s] -- Up-to-date: /home/orthrus1-1/orthrus1-1/install/message/lib/python3.6/site-packages/message/msg/_motorcarryout.py
[2.815s] -- Up-to-date: /home/orthrus1-1/orthrus1-1/install/message/lib/python3.6/site-packages/message/srv
[2.816s] -- Up-to-date: /home/orthrus1-1/orthrus1-1/install/message/lib/python3.6/site-packages/message/srv/_motorsend_s.c
[2.816s] -- Up-to-date: /home/orthrus1-1/orthrus1-1/install/message/lib/python3.6/site-packages/message/srv/__init__.py
[2.817s] -- Up-to-date: /home/orthrus1-1/orthrus1-1/install/message/lib/python3.6/site-packages/message/srv/_motorsend.py
[2.817s] -- Up-to-date: /home/orthrus1-1/orthrus1-1/install/message/lib/python3.6/site-packages/message/message_s__rosidl_typesupport_c.cpython-36m-aarch64-linux-gnu.so
[2.818s] -- Up-to-date: /home/orthrus1-1/orthrus1-1/install/message/lib/python3.6/site-packages/message/message_s__rosidl_typesupport_fastrtps_c.cpython-36m-aarch64-linux-gnu.so
[2.819s] -- Up-to-date: /home/orthrus1-1/orthrus1-1/install/message/lib/python3.6/site-packages/message/message_s__rosidl_typesupport_opensplice_c.cpython-36m-aarch64-linux-gnu.so
[2.820s] -- Up-to-date: /home/orthrus1-1/orthrus1-1/install/message/lib/libmessage__python.so
[2.821s] -- Up-to-date: /home/orthrus1-1/orthrus1-1/install/message/share/message/msg/Motorcarryout.idl
[2.822s] -- Up-to-date: /home/orthrus1-1/orthrus1-1/install/message/share/message/srv/Motorsend.idl
[2.822s] -- Up-to-date: /home/orthrus1-1/orthrus1-1/install/message/share/message/msg/Motorcarryout.msg
[2.823s] -- Up-to-date: /home/orthrus1-1/orthrus1-1/install/message/share/message/srv/Motorsend.srv
[2.824s] -- Up-to-date: /home/orthrus1-1/orthrus1-1/install/message/share/message/srv/Motorsend_Request.msg
[2.824s] -- Up-to-date: /home/orthrus1-1/orthrus1-1/install/message/share/message/srv/Motorsend_Response.msg
[2.825s] -- Up-to-date: /home/orthrus1-1/orthrus1-1/install/message/share/ament_index/resource_index/package_run_dependencies/message
[2.825s] -- Up-to-date: /home/orthrus1-1/orthrus1-1/install/message/share/ament_index/resource_index/parent_prefix_path/message
[2.826s] -- Up-to-date: /home/orthrus1-1/orthrus1-1/install/message/share/message/environment/ament_prefix_path.sh
[2.826s] -- Up-to-date: /home/orthrus1-1/orthrus1-1/install/message/share/message/environment/path.sh
[2.827s] -- Up-to-date: /home/orthrus1-1/orthrus1-1/install/message/share/message/local_setup.bash
[2.828s] -- Up-to-date: /home/orthrus1-1/orthrus1-1/install/message/share/message/local_setup.sh
[2.828s] -- Up-to-date: /home/orthrus1-1/orthrus1-1/install/message/share/message/local_setup.zsh
[2.829s] -- Up-to-date: /home/orthrus1-1/orthrus1-1/install/message/share/ament_index/resource_index/packages/message
[2.829s] -- Up-to-date: /home/orthrus1-1/orthrus1-1/install/message/share/message/cmake/rosidl_cmake-extras.cmake
[2.830s] -- Up-to-date: /home/orthrus1-1/orthrus1-1/install/message/share/message/cmake/ament_cmake_export_dependencies-extras.cmake
[2.830s] -- Up-to-date: /home/orthrus1-1/orthrus1-1/install/message/share/message/cmake/ament_cmake_export_include_directories-extras.cmake
[2.831s] -- Up-to-date: /home/orthrus1-1/orthrus1-1/install/message/share/message/cmake/ament_cmake_export_libraries-extras.cmake
[2.831s] -- Up-to-date: /home/orthrus1-1/orthrus1-1/install/message/share/message/cmake/rosidl_cmake_export_typesupport_libraries-extras.cmake
[2.832s] -- Up-to-date: /home/orthrus1-1/orthrus1-1/install/message/share/message/cmake/messageConfig.cmake
[2.833s] -- Up-to-date: /home/orthrus1-1/orthrus1-1/install/message/share/message/cmake/messageConfig-version.cmake
[2.833s] -- Up-to-date: /home/orthrus1-1/orthrus1-1/install/message/share/message/package.xml
[2.840s] Invoked command in '/home/orthrus1-1/orthrus1-1/build/message' returned '0': CMAKE_PREFIX_PATH=/opt/ros/dashing /usr/bin/cmake --build /home/orthrus1-1/orthrus1-1/build/message --target install -- -j4 -l4
