-- Found ament_cmake: 0.7.6 (/opt/ros/dashing/share/ament_cmake/cmake)
-- Found PythonInterp: /usr/bin/python3 (found suitable version "3.6.9", minimum required is "3") 
-- Using PYTHON_EXECUTABLE: /usr/bin/python3
-- Found builtin_interfaces: 0.7.4 (/opt/ros/dashing/share/builtin_interfaces/cmake)
-- Found rosidl_adapter: 0.7.10 (/opt/ros/dashing/share/rosidl_adapter/cmake)
-- Found geometry_msgs: 0.7.0 (/opt/ros/dashing/share/geometry_msgs/cmake)
-- Found rosidl_default_generators: 0.7.0 (/opt/ros/dashing/share/rosidl_default_generators/cmake)
-- Found PrismTech OpenSplice: /usr/share/opensplice/cmake
-- Found PythonInterp: /usr/bin/python3 (found version "3.6.9") 
CMake Error at /opt/ros/dashing/share/rosidl_adapter/cmake/rosidl_adapt_interfaces.cmake:60 (message):
  execute_process(/usr/bin/python3 -m rosidl_adapter --package-name message
  --arguments-file
  /home/orthrus1-1/orthrus1-1/build/message/rosidl_adapter__arguments__message.json
  --output-dir
  /home/orthrus1-1/orthrus1-1/build/message/rosidl_adapter/message
  --output-file
  /home/orthrus1-1/orthrus1-1/build/message/rosidl_adapter/message.idls)
  returned error code 1:

  Error processing 'int32 mode_LF_1' of 'message/Motorcarryout': 'the field
  name 'mode_LF_1' is not valid'

  Traceback (most recent call last):

    File "/usr/lib/python3.6/runpy.py", line 193, in _run_module_as_main
      "__main__", mod_spec)
    File "/usr/lib/python3.6/runpy.py", line 85, in _run_code
      exec(code, run_globals)
    File "/opt/ros/dashing/lib/python3.6/site-packages/rosidl_adapter/__main__.py", line 19, in <module>
      sys.exit(main())
    File "/opt/ros/dashing/lib/python3.6/site-packages/rosidl_adapter/main.py", line 55, in main
      pathlib.Path(relative_path), output_dir)
    File "/opt/ros/dashing/lib/python3.6/site-packages/rosidl_adapter/__init__.py", line 20, in convert_to_idl
      package_dir, package_name, interface_file, output_dir / 'msg')
    File "/opt/ros/dashing/lib/python3.6/site-packages/rosidl_adapter/msg/__init__.py", line 28, in convert_msg_to_idl
      msg = parse_message_string(package_name, input_file.stem, content)
    File "/opt/ros/dashing/lib/python3.6/site-packages/rosidl_adapter/parser.py", line 505, in parse_message_string
      field_name, default_value_string))
    File "/opt/ros/dashing/lib/python3.6/site-packages/rosidl_adapter/parser.py", line 346, in __init__
      raise NameError("the field name '%s' is not valid" % name)

  NameError: the field name 'mode_LF_1' is not valid

Call Stack (most recent call first):
  /opt/ros/dashing/share/rosidl_cmake/cmake/rosidl_generate_interfaces.cmake:130 (rosidl_adapt_interfaces)
  CMakeLists.txt:30 (rosidl_generate_interfaces)


-- Configuring incomplete, errors occurred!
See also "/home/orthrus1-1/orthrus1-1/build/message/CMakeFiles/CMakeOutput.log".
make: *** [cmake_check_build_system] Error 1
Makefile:1400: recipe for target 'cmake_check_build_system' failed
