[0.034s] Invoking command in '/home/orthrus1-1/orthrus1-1/build/motor': AMENT_PREFIX_PATH=/home/orthrus1-1/orthrus1-1/install/message:${AMENT_PREFIX_PATH} CMAKE_PREFIX_PATH=/home/orthrus1-1/orthrus1-1/install/message:/opt/ros/dashing LD_LIBRARY_PATH=/home/orthrus1-1/orthrus1-1/install/message/lib:${LD_LIBRARY_PATH} PYTHONPATH=/home/orthrus1-1/orthrus1-1/install/message/lib/python3.6/site-packages:${PYTHONPATH} /usr/bin/cmake --build /home/orthrus1-1/orthrus1-1/build/motor -- -j4 -l4
[0.194s] [35m[1mScanning dependencies of target motor_carryout[0m
[0.245s] [ 50%] Built target check
[0.293s] [ 75%] [32mBuilding CXX object CMakeFiles/motor_carryout.dir/src/motor_carryout.cpp.o[0m
[8.543s] [100%] [32m[1mLinking CXX executable motor_carryout[0m
[9.115s] [100%] Built target motor_carryout
[9.157s] Invoked command in '/home/orthrus1-1/orthrus1-1/build/motor' returned '0': AMENT_PREFIX_PATH=/home/orthrus1-1/orthrus1-1/install/message:${AMENT_PREFIX_PATH} CMAKE_PREFIX_PATH=/home/orthrus1-1/orthrus1-1/install/message:/opt/ros/dashing LD_LIBRARY_PATH=/home/orthrus1-1/orthrus1-1/install/message/lib:${LD_LIBRARY_PATH} PYTHONPATH=/home/orthrus1-1/orthrus1-1/install/message/lib/python3.6/site-packages:${PYTHONPATH} /usr/bin/cmake --build /home/orthrus1-1/orthrus1-1/build/motor -- -j4 -l4
[9.277s] Invoking command in '/home/orthrus1-1/orthrus1-1/build/motor': AMENT_PREFIX_PATH=/home/orthrus1-1/orthrus1-1/install/message:${AMENT_PREFIX_PATH} CMAKE_PREFIX_PATH=/home/orthrus1-1/orthrus1-1/install/message:/opt/ros/dashing LD_LIBRARY_PATH=/home/orthrus1-1/orthrus1-1/install/message/lib:${LD_LIBRARY_PATH} PYTHONPATH=/home/orthrus1-1/orthrus1-1/install/message/lib/python3.6/site-packages:${PYTHONPATH} /usr/bin/cmake --build /home/orthrus1-1/orthrus1-1/build/motor --target install -- -j4 -l4
[9.511s] [100%] Built target motor_carryout
[9.512s] [100%] Built target check
[9.586s] [36mInstall the project...[0m
[9.623s] -- Install configuration: ""
[9.624s] -- Up-to-date: /home/orthrus1-1/orthrus1-1/install/motor/include
[9.625s] -- Up-to-date: /home/orthrus1-1/orthrus1-1/install/motor/include/unitree_motor_ctrl
[9.626s] -- Up-to-date: /home/orthrus1-1/orthrus1-1/install/motor/include/unitree_motor_ctrl/motor_ctrl.h
[9.627s] -- Up-to-date: /home/orthrus1-1/orthrus1-1/install/motor/include/unitree_motor_ctrl/motor_msg.h
[9.627s] -- Up-to-date: /home/orthrus1-1/orthrus1-1/install/motor/include/unitree_motor_ctrl/LSerial.h
[9.628s] -- Up-to-date: /home/orthrus1-1/orthrus1-1/install/motor/include/motor
[9.629s] -- Up-to-date: /home/orthrus1-1/orthrus1-1/install/motor/include/kinetics
[9.629s] -- Up-to-date: /home/orthrus1-1/orthrus1-1/install/motor/include/kinetics/leg_NN.cpp
[9.630s] -- Up-to-date: /home/orthrus1-1/orthrus1-1/install/motor/include/kinetics/leg_NN.h
[9.630s] -- Up-to-date: /home/orthrus1-1/orthrus1-1/install/motor/include/kinetics/retroduction.h
[9.631s] -- Up-to-date: /home/orthrus1-1/orthrus1-1/install/motor/include/kinetics/predict_foot.h
[9.631s] -- Up-to-date: /home/orthrus1-1/orthrus1-1/install/motor/include/kinetics/predict_foot.cpp
[9.632s] -- Up-to-date: /home/orthrus1-1/orthrus1-1/install/motor/include/kinetics/retroduction.cpp
[9.633s] -- Up-to-date: /home/orthrus1-1/orthrus1-1/install/motor/lib
[9.634s] -- Up-to-date: /home/orthrus1-1/orthrus1-1/install/motor/lib/libUnitree_motor_SDK_ARM64.so
[9.635s] -- Up-to-date: /home/orthrus1-1/orthrus1-1/install/motor/lib/motor/check
[9.635s] -- Installing: /home/orthrus1-1/orthrus1-1/install/motor/lib/motor/motor_carryout
[9.638s] -- Set runtime path of "/home/orthrus1-1/orthrus1-1/install/motor/lib/motor/motor_carryout" to ""
[9.638s] -- Up-to-date: /home/orthrus1-1/orthrus1-1/install/motor/share/ament_index/resource_index/package_run_dependencies/motor
[9.639s] -- Up-to-date: /home/orthrus1-1/orthrus1-1/install/motor/share/ament_index/resource_index/parent_prefix_path/motor
[9.640s] -- Up-to-date: /home/orthrus1-1/orthrus1-1/install/motor/share/motor/environment/ament_prefix_path.sh
[9.640s] -- Up-to-date: /home/orthrus1-1/orthrus1-1/install/motor/share/motor/environment/path.sh
[9.641s] -- Up-to-date: /home/orthrus1-1/orthrus1-1/install/motor/share/motor/local_setup.bash
[9.642s] -- Up-to-date: /home/orthrus1-1/orthrus1-1/install/motor/share/motor/local_setup.sh
[9.642s] -- Up-to-date: /home/orthrus1-1/orthrus1-1/install/motor/share/motor/local_setup.zsh
[9.643s] -- Up-to-date: /home/orthrus1-1/orthrus1-1/install/motor/share/ament_index/resource_index/packages/motor
[9.645s] -- Up-to-date: /home/orthrus1-1/orthrus1-1/install/motor/share/motor/cmake/motorConfig.cmake
[9.652s] -- Up-to-date: /home/orthrus1-1/orthrus1-1/install/motor/share/motor/cmake/motorConfig-version.cmake
[9.655s] -- Up-to-date: /home/orthrus1-1/orthrus1-1/install/motor/share/motor/package.xml
[9.656s] Invoked command in '/home/orthrus1-1/orthrus1-1/build/motor' returned '0': AMENT_PREFIX_PATH=/home/orthrus1-1/orthrus1-1/install/message:${AMENT_PREFIX_PATH} CMAKE_PREFIX_PATH=/home/orthrus1-1/orthrus1-1/install/message:/opt/ros/dashing LD_LIBRARY_PATH=/home/orthrus1-1/orthrus1-1/install/message/lib:${LD_LIBRARY_PATH} PYTHONPATH=/home/orthrus1-1/orthrus1-1/install/message/lib/python3.6/site-packages:${PYTHONPATH} /usr/bin/cmake --build /home/orthrus1-1/orthrus1-1/build/motor --target install -- -j4 -l4
