[0.899s] DEBUG:colcon:Command line arguments: ['/usr/bin/colcon', 'build']
[0.899s] DEBUG:colcon:Parsed command line arguments: Namespace(ament_cmake_args=None, base_paths=['.'], build_base='build', catkin_cmake_args=None, catkin_skip_building_tests=False, cmake_args=None, cmake_clean_cache=False, cmake_clean_first=False, cmake_force_configure=False, cmake_target=None, cmake_target_skip_unavailable=False, continue_on_error=False, event_handlers=None, executor='parallel', ignore_user_meta=False, install_base='install', log_base=None, log_level=None, main=<bound method BuildVerb.main of <colcon_core.verb.build.BuildVerb object at 0x7f92fa9eb8>>, merge_install=False, metas=['./colcon.meta'], packages_above=None, packages_above_and_dependencies=None, packages_above_depth=None, packages_end=None, packages_ignore=None, packages_ignore_regex=None, packages_select=None, packages_select_build_failed=False, packages_select_by_dep=None, packages_select_regex=None, packages_select_test_failures=False, packages_skip=None, packages_skip_build_finished=False, packages_skip_by_dep=None, packages_skip_regex=None, packages_skip_test_passed=False, packages_skip_up_to=None, packages_start=None, packages_up_to=None, packages_up_to_regex=None, parallel_workers=4, paths=None, symlink_install=False, test_result_base=None, verb_extension=<colcon_core.verb.build.BuildVerb object at 0x7f92fa9eb8>, verb_name='build', verb_parser=<colcon_defaults.argument_parser.defaults.DefaultArgumentsDecorator object at 0x7f92fb33c8>)
[0.926s] Level 1:colcon.colcon_core.package_discovery:discover_packages(colcon_meta) check parameters
[0.927s] Level 1:colcon.colcon_core.package_discovery:discover_packages(recursive) check parameters
[0.927s] Level 1:colcon.colcon_core.package_discovery:discover_packages(ignore) check parameters
[0.927s] Level 1:colcon.colcon_core.package_discovery:discover_packages(path) check parameters
[0.927s] Level 1:colcon.colcon_core.package_discovery:discover_packages(colcon_meta) discover
[0.929s] Level 1:colcon.colcon_core.package_discovery:discover_packages(recursive) discover
[0.929s] INFO:colcon.colcon_core.package_discovery:Crawling recursively for packages in '/home/orthrus1-1/orthrus1-1'
[0.929s] Level 1:colcon.colcon_core.package_identification:_identify(.) by extensions ['ignore', 'ignore_ament_install']
[0.930s] Level 1:colcon.colcon_core.package_identification:_identify(.) by extension 'ignore'
[0.930s] Level 1:colcon.colcon_core.package_identification:_identify(.) by extension 'ignore_ament_install'
[0.931s] Level 1:colcon.colcon_core.package_identification:_identify(.) by extensions ['colcon_pkg']
[0.931s] Level 1:colcon.colcon_core.package_identification:_identify(.) by extension 'colcon_pkg'
[0.931s] Level 1:colcon.colcon_core.package_identification:_identify(.) by extensions ['colcon_meta']
[0.931s] Level 1:colcon.colcon_core.package_identification:_identify(.) by extension 'colcon_meta'
[0.932s] Level 1:colcon.colcon_core.package_identification:_identify(.) by extensions ['ros']
[0.932s] Level 1:colcon.colcon_core.package_identification:_identify(.) by extension 'ros'
[0.989s] Level 1:colcon.colcon_core.package_identification:_identify(.) by extensions ['cmake', 'python']
[0.989s] Level 1:colcon.colcon_core.package_identification:_identify(.) by extension 'cmake'
[0.989s] Level 1:colcon.colcon_core.package_identification:_identify(.) by extension 'python'
[0.990s] Level 1:colcon.colcon_core.package_identification:_identify(.) by extensions ['python_setup_py']
[0.990s] Level 1:colcon.colcon_core.package_identification:_identify(.) by extension 'python_setup_py'
[0.991s] Level 1:colcon.colcon_core.package_identification:_identify(build) by extensions ['ignore', 'ignore_ament_install']
[0.991s] Level 1:colcon.colcon_core.package_identification:_identify(build) by extension 'ignore'
[0.991s] Level 1:colcon.colcon_core.package_identification:_identify(build) ignored
[0.993s] Level 1:colcon.colcon_core.package_identification:_identify(install) by extensions ['ignore', 'ignore_ament_install']
[0.994s] Level 1:colcon.colcon_core.package_identification:_identify(install) by extension 'ignore'
[0.994s] Level 1:colcon.colcon_core.package_identification:_identify(install) ignored
[0.995s] Level 1:colcon.colcon_core.package_identification:_identify(log) by extensions ['ignore', 'ignore_ament_install']
[0.995s] Level 1:colcon.colcon_core.package_identification:_identify(log) by extension 'ignore'
[0.996s] Level 1:colcon.colcon_core.package_identification:_identify(log) ignored
[0.996s] Level 1:colcon.colcon_core.package_identification:_identify(src) by extensions ['ignore', 'ignore_ament_install']
[0.997s] Level 1:colcon.colcon_core.package_identification:_identify(src) by extension 'ignore'
[0.997s] Level 1:colcon.colcon_core.package_identification:_identify(src) by extension 'ignore_ament_install'
[0.997s] Level 1:colcon.colcon_core.package_identification:_identify(src) by extensions ['colcon_pkg']
[0.998s] Level 1:colcon.colcon_core.package_identification:_identify(src) by extension 'colcon_pkg'
[0.998s] Level 1:colcon.colcon_core.package_identification:_identify(src) by extensions ['colcon_meta']
[0.998s] Level 1:colcon.colcon_core.package_identification:_identify(src) by extension 'colcon_meta'
[0.999s] Level 1:colcon.colcon_core.package_identification:_identify(src) by extensions ['ros']
[0.999s] Level 1:colcon.colcon_core.package_identification:_identify(src) by extension 'ros'
[0.999s] Level 1:colcon.colcon_core.package_identification:_identify(src) by extensions ['cmake', 'python']
[0.999s] Level 1:colcon.colcon_core.package_identification:_identify(src) by extension 'cmake'
[1.000s] Level 1:colcon.colcon_core.package_identification:_identify(src) by extension 'python'
[1.000s] Level 1:colcon.colcon_core.package_identification:_identify(src) by extensions ['python_setup_py']
[1.000s] Level 1:colcon.colcon_core.package_identification:_identify(src) by extension 'python_setup_py'
[1.001s] Level 1:colcon.colcon_core.package_identification:_identify(src/message) by extensions ['ignore', 'ignore_ament_install']
[1.001s] Level 1:colcon.colcon_core.package_identification:_identify(src/message) by extension 'ignore'
[1.001s] Level 1:colcon.colcon_core.package_identification:_identify(src/message) by extension 'ignore_ament_install'
[1.002s] Level 1:colcon.colcon_core.package_identification:_identify(src/message) by extensions ['colcon_pkg']
[1.002s] Level 1:colcon.colcon_core.package_identification:_identify(src/message) by extension 'colcon_pkg'
[1.002s] Level 1:colcon.colcon_core.package_identification:_identify(src/message) by extensions ['colcon_meta']
[1.003s] Level 1:colcon.colcon_core.package_identification:_identify(src/message) by extension 'colcon_meta'
[1.003s] Level 1:colcon.colcon_core.package_identification:_identify(src/message) by extensions ['ros']
[1.003s] Level 1:colcon.colcon_core.package_identification:_identify(src/message) by extension 'ros'
[1.017s] DEBUG:colcon.colcon_core.package_identification:Package 'src/message' with type 'ros.ament_cmake' and name 'message'
[1.018s] Level 1:colcon.colcon_core.package_identification:_identify(src/motor) by extensions ['ignore', 'ignore_ament_install']
[1.018s] Level 1:colcon.colcon_core.package_identification:_identify(src/motor) by extension 'ignore'
[1.019s] Level 1:colcon.colcon_core.package_identification:_identify(src/motor) by extension 'ignore_ament_install'
[1.019s] Level 1:colcon.colcon_core.package_identification:_identify(src/motor) by extensions ['colcon_pkg']
[1.019s] Level 1:colcon.colcon_core.package_identification:_identify(src/motor) by extension 'colcon_pkg'
[1.020s] Level 1:colcon.colcon_core.package_identification:_identify(src/motor) by extensions ['colcon_meta']
[1.020s] Level 1:colcon.colcon_core.package_identification:_identify(src/motor) by extension 'colcon_meta'
[1.020s] Level 1:colcon.colcon_core.package_identification:_identify(src/motor) by extensions ['ros']
[1.020s] Level 1:colcon.colcon_core.package_identification:_identify(src/motor) by extension 'ros'
[1.023s] DEBUG:colcon.colcon_core.package_identification:Package 'src/motor' with type 'ros.ament_cmake' and name 'motor'
[1.024s] Level 1:colcon.colcon_core.package_discovery:discover_packages(recursive) using defaults
[1.025s] Level 1:colcon.colcon_core.package_discovery:discover_packages(ignore) discover
[1.025s] Level 1:colcon.colcon_core.package_discovery:discover_packages(ignore) using defaults
[1.025s] Level 1:colcon.colcon_core.package_discovery:discover_packages(path) discover
[1.025s] Level 1:colcon.colcon_core.package_discovery:discover_packages(path) using defaults
[1.142s] Level 5:colcon.colcon_core.verb:set package 'message' build argument 'cmake_args' from command line to 'None'
[1.142s] Level 5:colcon.colcon_core.verb:set package 'message' build argument 'cmake_target' from command line to 'None'
[1.142s] Level 5:colcon.colcon_core.verb:set package 'message' build argument 'cmake_target_skip_unavailable' from command line to 'False'
[1.142s] Level 5:colcon.colcon_core.verb:set package 'message' build argument 'cmake_clean_cache' from command line to 'False'
[1.143s] Level 5:colcon.colcon_core.verb:set package 'message' build argument 'cmake_clean_first' from command line to 'False'
[1.143s] Level 5:colcon.colcon_core.verb:set package 'message' build argument 'cmake_force_configure' from command line to 'False'
[1.143s] Level 5:colcon.colcon_core.verb:set package 'message' build argument 'ament_cmake_args' from command line to 'None'
[1.143s] Level 5:colcon.colcon_core.verb:set package 'message' build argument 'catkin_cmake_args' from command line to 'None'
[1.143s] Level 5:colcon.colcon_core.verb:set package 'message' build argument 'catkin_skip_building_tests' from command line to 'False'
[1.144s] DEBUG:colcon.colcon_core.verb:Building package 'message' with the following arguments: {'ament_cmake_args': None, 'build_base': '/home/orthrus1-1/orthrus1-1/build/message', 'catkin_cmake_args': None, 'catkin_skip_building_tests': False, 'cmake_args': None, 'cmake_clean_cache': False, 'cmake_clean_first': False, 'cmake_force_configure': False, 'cmake_target': None, 'cmake_target_skip_unavailable': False, 'install_base': '/home/orthrus1-1/orthrus1-1/install/message', 'merge_install': False, 'path': '/home/orthrus1-1/orthrus1-1/src/message', 'symlink_install': False, 'test_result_base': None}
[1.163s] Level 5:colcon.colcon_core.verb:set package 'motor' build argument 'cmake_args' from command line to 'None'
[1.163s] Level 5:colcon.colcon_core.verb:set package 'motor' build argument 'cmake_target' from command line to 'None'
[1.163s] Level 5:colcon.colcon_core.verb:set package 'motor' build argument 'cmake_target_skip_unavailable' from command line to 'False'
[1.163s] Level 5:colcon.colcon_core.verb:set package 'motor' build argument 'cmake_clean_cache' from command line to 'False'
[1.163s] Level 5:colcon.colcon_core.verb:set package 'motor' build argument 'cmake_clean_first' from command line to 'False'
[1.164s] Level 5:colcon.colcon_core.verb:set package 'motor' build argument 'cmake_force_configure' from command line to 'False'
[1.164s] Level 5:colcon.colcon_core.verb:set package 'motor' build argument 'ament_cmake_args' from command line to 'None'
[1.164s] Level 5:colcon.colcon_core.verb:set package 'motor' build argument 'catkin_cmake_args' from command line to 'None'
[1.164s] Level 5:colcon.colcon_core.verb:set package 'motor' build argument 'catkin_skip_building_tests' from command line to 'False'
[1.165s] DEBUG:colcon.colcon_core.verb:Building package 'motor' with the following arguments: {'ament_cmake_args': None, 'build_base': '/home/orthrus1-1/orthrus1-1/build/motor', 'catkin_cmake_args': None, 'catkin_skip_building_tests': False, 'cmake_args': None, 'cmake_clean_cache': False, 'cmake_clean_first': False, 'cmake_force_configure': False, 'cmake_target': None, 'cmake_target_skip_unavailable': False, 'install_base': '/home/orthrus1-1/orthrus1-1/install/motor', 'merge_install': False, 'path': '/home/orthrus1-1/orthrus1-1/src/motor', 'symlink_install': False, 'test_result_base': None}
[1.167s] INFO:colcon.colcon_core.executor:Executing jobs using 'parallel' executor
[1.178s] DEBUG:colcon.colcon_parallel_executor.executor.parallel:run_until_complete
[1.179s] INFO:colcon.colcon_ros.task.ament_cmake.build:Building ROS package in '/home/orthrus1-1/orthrus1-1/src/message' with build type 'ament_cmake'
[1.180s] INFO:colcon.colcon_cmake.task.cmake.build:Building CMake package in '/home/orthrus1-1/orthrus1-1/src/message'
[1.197s] INFO:colcon.colcon_core.plugin_system:Skipping extension 'colcon_core.shell.bat': Not used on non-Windows systems
[1.199s] INFO:colcon.colcon_core.shell:Skip shell extension 'powershell' for command environment: Not usable outside of PowerShell
[1.200s] DEBUG:colcon.colcon_core.shell:Skip shell extension 'dsv' for command environment
[1.213s] DEBUG:colcon.colcon_core.shell:Ignoring prefix path '/opt/ros/dashing'
[1.244s] DEBUG:colcon.colcon_core.event_handler.log_command:Invoking command in '/home/orthrus1-1/orthrus1-1/build/message': CMAKE_PREFIX_PATH=/opt/ros/dashing /usr/bin/cmake --build /home/orthrus1-1/orthrus1-1/build/message -- -j4 -l4
[2.340s] DEBUG:colcon.colcon_core.event_handler.log_command:Invoked command in '/home/orthrus1-1/orthrus1-1/build/message' returned '0': CMAKE_PREFIX_PATH=/opt/ros/dashing /usr/bin/cmake --build /home/orthrus1-1/orthrus1-1/build/message -- -j4 -l4
[2.683s] DEBUG:colcon.colcon_core.event_handler.log_command:Invoking command in '/home/orthrus1-1/orthrus1-1/build/message': CMAKE_PREFIX_PATH=/opt/ros/dashing /usr/bin/cmake --build /home/orthrus1-1/orthrus1-1/build/message --target install -- -j4 -l4
[4.054s] Level 1:colcon.colcon_core.environment:create_environment_scripts_only(message)
[4.059s] DEBUG:colcon.colcon_core.event_handler.log_command:Invoked command in '/home/orthrus1-1/orthrus1-1/build/message' returned '0': CMAKE_PREFIX_PATH=/opt/ros/dashing /usr/bin/cmake --build /home/orthrus1-1/orthrus1-1/build/message --target install -- -j4 -l4
[4.072s] Level 1:colcon.colcon_core.environment:checking '/home/orthrus1-1/orthrus1-1/install/message' for CMake module files
[4.076s] Level 1:colcon.colcon_core.environment:checking '/home/orthrus1-1/orthrus1-1/install/message' for CMake config files
[4.077s] Level 1:colcon.colcon_core.shell:create_environment_hook('message', 'cmake_prefix_path')
[4.080s] INFO:colcon.colcon_core.shell:Creating environment hook '/home/orthrus1-1/orthrus1-1/install/message/share/message/hook/cmake_prefix_path.ps1'
[4.083s] INFO:colcon.colcon_core.shell:Creating environment descriptor '/home/orthrus1-1/orthrus1-1/install/message/share/message/hook/cmake_prefix_path.dsv'
[4.085s] INFO:colcon.colcon_core.shell:Creating environment hook '/home/orthrus1-1/orthrus1-1/install/message/share/message/hook/cmake_prefix_path.sh'
[4.092s] Level 1:colcon.colcon_core.environment:checking '/home/orthrus1-1/orthrus1-1/install/message/lib'
[4.093s] Level 1:colcon.colcon_core.shell:create_environment_hook('message', 'ld_library_path_lib')
[4.096s] INFO:colcon.colcon_core.shell:Creating environment hook '/home/orthrus1-1/orthrus1-1/install/message/share/message/hook/ld_library_path_lib.ps1'
[4.097s] INFO:colcon.colcon_core.shell:Creating environment descriptor '/home/orthrus1-1/orthrus1-1/install/message/share/message/hook/ld_library_path_lib.dsv'
[4.103s] INFO:colcon.colcon_core.shell:Creating environment hook '/home/orthrus1-1/orthrus1-1/install/message/share/message/hook/ld_library_path_lib.sh'
[4.105s] Level 1:colcon.colcon_core.environment:checking '/home/orthrus1-1/orthrus1-1/install/message/bin'
[4.105s] Level 1:colcon.colcon_core.environment:checking '/home/orthrus1-1/orthrus1-1/install/message/lib/pkgconfig/message.pc'
[4.106s] Level 1:colcon.colcon_core.environment:checking '/home/orthrus1-1/orthrus1-1/install/message/lib/python3.6/site-packages'
[4.106s] Level 1:colcon.colcon_core.shell:create_environment_hook('message', 'pythonpath')
[4.109s] INFO:colcon.colcon_core.shell:Creating environment hook '/home/orthrus1-1/orthrus1-1/install/message/share/message/hook/pythonpath.ps1'
[4.111s] INFO:colcon.colcon_core.shell:Creating environment descriptor '/home/orthrus1-1/orthrus1-1/install/message/share/message/hook/pythonpath.dsv'
[4.112s] INFO:colcon.colcon_core.shell:Creating environment hook '/home/orthrus1-1/orthrus1-1/install/message/share/message/hook/pythonpath.sh'
[4.117s] INFO:colcon.colcon_core.shell:Creating package script '/home/orthrus1-1/orthrus1-1/install/message/share/message/package.ps1'
[4.122s] INFO:colcon.colcon_core.shell:Creating package descriptor '/home/orthrus1-1/orthrus1-1/install/message/share/message/package.dsv'
[4.126s] INFO:colcon.colcon_core.shell:Creating package script '/home/orthrus1-1/orthrus1-1/install/message/share/message/package.sh'
[4.130s] INFO:colcon.colcon_core.shell:Creating package script '/home/orthrus1-1/orthrus1-1/install/message/share/message/package.bash'
[4.135s] INFO:colcon.colcon_core.shell:Creating package script '/home/orthrus1-1/orthrus1-1/install/message/share/message/package.zsh'
[4.139s] Level 1:colcon.colcon_core.environment:create_file_with_runtime_dependencies(/home/orthrus1-1/orthrus1-1/install/message/share/colcon-core/packages/message)
[4.439s] Level 1:colcon.colcon_core.environment:create_environment_scripts_only(message)
[4.444s] Level 1:colcon.colcon_core.environment:checking '/home/orthrus1-1/orthrus1-1/install/message' for CMake module files
[4.447s] Level 1:colcon.colcon_core.environment:checking '/home/orthrus1-1/orthrus1-1/install/message' for CMake config files
[4.448s] Level 1:colcon.colcon_core.shell:create_environment_hook('message', 'cmake_prefix_path')
[4.451s] INFO:colcon.colcon_core.shell:Creating environment hook '/home/orthrus1-1/orthrus1-1/install/message/share/message/hook/cmake_prefix_path.ps1'
[4.453s] INFO:colcon.colcon_core.shell:Creating environment descriptor '/home/orthrus1-1/orthrus1-1/install/message/share/message/hook/cmake_prefix_path.dsv'
[4.455s] INFO:colcon.colcon_core.shell:Creating environment hook '/home/orthrus1-1/orthrus1-1/install/message/share/message/hook/cmake_prefix_path.sh'
[4.458s] Level 1:colcon.colcon_core.environment:checking '/home/orthrus1-1/orthrus1-1/install/message/lib'
[4.459s] Level 1:colcon.colcon_core.shell:create_environment_hook('message', 'ld_library_path_lib')
[4.462s] INFO:colcon.colcon_core.shell:Creating environment hook '/home/orthrus1-1/orthrus1-1/install/message/share/message/hook/ld_library_path_lib.ps1'
[4.463s] INFO:colcon.colcon_core.shell:Creating environment descriptor '/home/orthrus1-1/orthrus1-1/install/message/share/message/hook/ld_library_path_lib.dsv'
[4.465s] INFO:colcon.colcon_core.shell:Creating environment hook '/home/orthrus1-1/orthrus1-1/install/message/share/message/hook/ld_library_path_lib.sh'
[4.466s] Level 1:colcon.colcon_core.environment:checking '/home/orthrus1-1/orthrus1-1/install/message/bin'
[4.467s] Level 1:colcon.colcon_core.environment:checking '/home/orthrus1-1/orthrus1-1/install/message/lib/pkgconfig/message.pc'
[4.467s] Level 1:colcon.colcon_core.environment:checking '/home/orthrus1-1/orthrus1-1/install/message/lib/python3.6/site-packages'
[4.467s] Level 1:colcon.colcon_core.shell:create_environment_hook('message', 'pythonpath')
[4.470s] INFO:colcon.colcon_core.shell:Creating environment hook '/home/orthrus1-1/orthrus1-1/install/message/share/message/hook/pythonpath.ps1'
[4.472s] INFO:colcon.colcon_core.shell:Creating environment descriptor '/home/orthrus1-1/orthrus1-1/install/message/share/message/hook/pythonpath.dsv'
[4.473s] INFO:colcon.colcon_core.shell:Creating environment hook '/home/orthrus1-1/orthrus1-1/install/message/share/message/hook/pythonpath.sh'
[4.478s] INFO:colcon.colcon_core.shell:Creating package script '/home/orthrus1-1/orthrus1-1/install/message/share/message/package.ps1'
[4.481s] INFO:colcon.colcon_core.shell:Creating package descriptor '/home/orthrus1-1/orthrus1-1/install/message/share/message/package.dsv'
[4.484s] INFO:colcon.colcon_core.shell:Creating package script '/home/orthrus1-1/orthrus1-1/install/message/share/message/package.sh'
[4.486s] INFO:colcon.colcon_core.shell:Creating package script '/home/orthrus1-1/orthrus1-1/install/message/share/message/package.bash'
[4.488s] INFO:colcon.colcon_core.shell:Creating package script '/home/orthrus1-1/orthrus1-1/install/message/share/message/package.zsh'
[4.490s] Level 1:colcon.colcon_core.environment:create_file_with_runtime_dependencies(/home/orthrus1-1/orthrus1-1/install/message/share/colcon-core/packages/message)
[4.491s] INFO:colcon.colcon_ros.task.ament_cmake.build:Building ROS package in '/home/orthrus1-1/orthrus1-1/src/motor' with build type 'ament_cmake'
[4.492s] INFO:colcon.colcon_cmake.task.cmake.build:Building CMake package in '/home/orthrus1-1/orthrus1-1/src/motor'
[4.495s] INFO:colcon.colcon_core.shell:Skip shell extension 'powershell' for command environment: Not usable outside of PowerShell
[4.495s] DEBUG:colcon.colcon_core.shell:Skip shell extension 'dsv' for command environment
[4.550s] DEBUG:colcon.colcon_core.shell:Ignoring prefix path '/opt/ros/dashing'
[4.586s] DEBUG:colcon.colcon_core.event_handler.log_command:Invoking command in '/home/orthrus1-1/orthrus1-1/build/motor': AMENT_PREFIX_PATH=/home/orthrus1-1/orthrus1-1/install/message:${AMENT_PREFIX_PATH} CMAKE_PREFIX_PATH=/home/orthrus1-1/orthrus1-1/install/message:/opt/ros/dashing LD_LIBRARY_PATH=/home/orthrus1-1/orthrus1-1/install/message/lib:${LD_LIBRARY_PATH} PYTHONPATH=/home/orthrus1-1/orthrus1-1/install/message/lib/python3.6/site-packages:${PYTHONPATH} /usr/bin/cmake --build /home/orthrus1-1/orthrus1-1/build/motor -- -j4 -l4
[10.861s] DEBUG:colcon.colcon_core.event_handler.log_command:Invoked command in '/home/orthrus1-1/orthrus1-1/build/motor' returned '2': AMENT_PREFIX_PATH=/home/orthrus1-1/orthrus1-1/install/message:${AMENT_PREFIX_PATH} CMAKE_PREFIX_PATH=/home/orthrus1-1/orthrus1-1/install/message:/opt/ros/dashing LD_LIBRARY_PATH=/home/orthrus1-1/orthrus1-1/install/message/lib:${LD_LIBRARY_PATH} PYTHONPATH=/home/orthrus1-1/orthrus1-1/install/message/lib/python3.6/site-packages:${PYTHONPATH} /usr/bin/cmake --build /home/orthrus1-1/orthrus1-1/build/motor -- -j4 -l4
[10.952s] Level 1:colcon.colcon_core.environment:create_environment_scripts_only(motor)
[10.957s] Level 1:colcon.colcon_core.environment:checking '/home/orthrus1-1/orthrus1-1/install/motor' for CMake module files
[10.960s] Level 1:colcon.colcon_core.environment:checking '/home/orthrus1-1/orthrus1-1/install/motor' for CMake config files
[10.962s] Level 1:colcon.colcon_core.shell:create_environment_hook('motor', 'cmake_prefix_path')
[10.965s] INFO:colcon.colcon_core.shell:Creating environment hook '/home/orthrus1-1/orthrus1-1/install/motor/share/motor/hook/cmake_prefix_path.ps1'
[10.967s] INFO:colcon.colcon_core.shell:Creating environment descriptor '/home/orthrus1-1/orthrus1-1/install/motor/share/motor/hook/cmake_prefix_path.dsv'
[10.968s] INFO:colcon.colcon_core.shell:Creating environment hook '/home/orthrus1-1/orthrus1-1/install/motor/share/motor/hook/cmake_prefix_path.sh'
[10.972s] Level 1:colcon.colcon_core.environment:checking '/home/orthrus1-1/orthrus1-1/install/motor/lib'
[10.972s] Level 1:colcon.colcon_core.shell:create_environment_hook('motor', 'ld_library_path_lib')
[10.975s] INFO:colcon.colcon_core.shell:Creating environment hook '/home/orthrus1-1/orthrus1-1/install/motor/share/motor/hook/ld_library_path_lib.ps1'
[10.977s] INFO:colcon.colcon_core.shell:Creating environment descriptor '/home/orthrus1-1/orthrus1-1/install/motor/share/motor/hook/ld_library_path_lib.dsv'
[10.978s] INFO:colcon.colcon_core.shell:Creating environment hook '/home/orthrus1-1/orthrus1-1/install/motor/share/motor/hook/ld_library_path_lib.sh'
[10.980s] Level 1:colcon.colcon_core.environment:checking '/home/orthrus1-1/orthrus1-1/install/motor/bin'
[10.980s] Level 1:colcon.colcon_core.environment:checking '/home/orthrus1-1/orthrus1-1/install/motor/lib/pkgconfig/motor.pc'
[10.981s] Level 1:colcon.colcon_core.environment:checking '/home/orthrus1-1/orthrus1-1/install/motor/lib/python3.6/site-packages'
[10.984s] INFO:colcon.colcon_core.shell:Creating package script '/home/orthrus1-1/orthrus1-1/install/motor/share/motor/package.ps1'
[10.987s] INFO:colcon.colcon_core.shell:Creating package descriptor '/home/orthrus1-1/orthrus1-1/install/motor/share/motor/package.dsv'
[10.989s] INFO:colcon.colcon_core.shell:Creating package script '/home/orthrus1-1/orthrus1-1/install/motor/share/motor/package.sh'
[10.991s] INFO:colcon.colcon_core.shell:Creating package script '/home/orthrus1-1/orthrus1-1/install/motor/share/motor/package.bash'
[10.993s] INFO:colcon.colcon_core.shell:Creating package script '/home/orthrus1-1/orthrus1-1/install/motor/share/motor/package.zsh'
[10.995s] Level 1:colcon.colcon_core.environment:create_file_with_runtime_dependencies(/home/orthrus1-1/orthrus1-1/install/motor/share/colcon-core/packages/motor)
[10.997s] DEBUG:colcon.colcon_parallel_executor.executor.parallel:closing loop
[11.000s] DEBUG:colcon.colcon_parallel_executor.executor.parallel:loop closed
[11.000s] DEBUG:colcon.colcon_parallel_executor.executor.parallel:run_until_complete finished with '2'
[11.000s] DEBUG:colcon.colcon_core.event_reactor:joining thread
[11.029s] INFO:colcon.colcon_core.plugin_system:Skipping extension 'colcon_notification.desktop_notification.terminal_notifier': Not used on non-Darwin systems
[11.030s] INFO:colcon.colcon_core.plugin_system:Skipping extension 'colcon_notification.desktop_notification.win32': Not used on non-Windows systems
[11.030s] INFO:colcon.colcon_notification.desktop_notification:Sending desktop notification using 'notify2'
[11.103s] DEBUG:colcon.colcon_core.event_reactor:joined thread
[11.109s] INFO:colcon.colcon_core.shell:Creating prefix script '/home/orthrus1-1/orthrus1-1/install/local_setup.ps1'
[11.118s] INFO:colcon.colcon_core.shell:Creating prefix util module '/home/orthrus1-1/orthrus1-1/install/_local_setup_util_ps1.py'
[11.127s] INFO:colcon.colcon_core.shell:Creating prefix chain script '/home/orthrus1-1/orthrus1-1/install/setup.ps1'
[11.144s] INFO:colcon.colcon_core.shell:Creating prefix script '/home/orthrus1-1/orthrus1-1/install/local_setup.sh'
[11.148s] INFO:colcon.colcon_core.shell:Creating prefix util module '/home/orthrus1-1/orthrus1-1/install/_local_setup_util_sh.py'
[11.150s] INFO:colcon.colcon_core.shell:Creating prefix chain script '/home/orthrus1-1/orthrus1-1/install/setup.sh'
[11.164s] INFO:colcon.colcon_core.shell:Creating prefix script '/home/orthrus1-1/orthrus1-1/install/local_setup.bash'
[11.167s] INFO:colcon.colcon_core.shell:Creating prefix chain script '/home/orthrus1-1/orthrus1-1/install/setup.bash'
[11.181s] INFO:colcon.colcon_core.shell:Creating prefix script '/home/orthrus1-1/orthrus1-1/install/local_setup.zsh'
[11.184s] INFO:colcon.colcon_core.shell:Creating prefix chain script '/home/orthrus1-1/orthrus1-1/install/setup.zsh'
