[0.033s] Invoking command in '/home/orthrus1-1/orthrus1-1/build/motor': AMENT_PREFIX_PATH=/home/orthrus1-1/orthrus1-1/install/message:${AMENT_PREFIX_PATH} CMAKE_PREFIX_PATH=/home/orthrus1-1/orthrus1-1/install/message:/opt/ros/dashing LD_LIBRARY_PATH=/home/orthrus1-1/orthrus1-1/install/message/lib:${LD_LIBRARY_PATH} PYTHONPATH=/home/orthrus1-1/orthrus1-1/install/message/lib/python3.6/site-packages:${PYTHONPATH} /usr/bin/cmake --build /home/orthrus1-1/orthrus1-1/build/motor -- -j4 -l4
[0.243s] [ 25%] [32mBuilding CXX object CMakeFiles/motor_carryout.dir/src/motor_carryout.cpp.o[0m
[0.245s] [ 75%] Built target check
[3.734s] [01m[K/home/orthrus1-1/orthrus1-1/src/motor/src/motor_carryout.cpp:[m[K In function ‘[01m[Kvoid setup_data(int*)[m[K’:
[3.740s] [01m[K/home/orthrus1-1/orthrus1-1/src/motor/src/motor_carryout.cpp:102:32:[m[K [01;31m[Kerror: [m[Krequest for member ‘[01m[Kmode_LF_1[m[K’ in ‘[01m[K* msg_[m[K’, which is of non-class type ‘[01m[Kint[m[K’
[3.742s]      motor_LF_s1.mode =  msg_-> [01;31m[Kmode_LF_1[m[K;
[3.743s] 
[3.743s]                                 [01;31m[K^~~~~~~~~[m[K
[3.744s] [01m[K/home/orthrus1-1/orthrus1-1/src/motor/src/motor_carryout.cpp:103:35:[m[K [01;31m[Kerror: [m[Krequest for member ‘[01m[KT_LF_1[m[K’ in ‘[01m[K* msg_[m[K’, which is of non-class type ‘[01m[Kint[m[K’
[3.744s]      motor_LF_s1.T    =  msg_->    [01;31m[KT_LF_1[m[K;  //单位：Nm, T<255.9
[3.745s] 
[3.745s]                                    [01;31m[K^~~~~~[m[K
[3.746s] [01m[K/home/orthrus1-1/orthrus1-1/src/motor/src/motor_carryout.cpp:104:35:[m[K [01;31m[Kerror: [m[Krequest for member ‘[01m[KW_LF_1[m[K’ in ‘[01m[K* msg_[m[K’, which is of non-class type ‘[01m[Kint[m[K’
[3.747s]      motor_LF_s1.W    =  msg_->    [01;31m[KW_LF_1[m[K;  //单位：rad/s, W<511.9
[3.747s] 
[3.748s]                                    [01;31m[K^~~~~~[m[K
[3.748s] [01m[K/home/orthrus1-1/orthrus1-1/src/motor/src/motor_carryout.cpp:105:33:[m[K [01;31m[Kerror: [m[Krequest for member ‘[01m[KPos_LF_1[m[K’ in ‘[01m[K* msg_[m[K’, which is of non-class type ‘[01m[Kint[m[K’
[3.749s]      motor_LF_s1.Pos  =  msg_->  [01;31m[KPos_LF_1[m[K;  //单位：rad, Pos<131071.9
[3.749s] 
[3.750s]                                  [01;31m[K^~~~~~~~[m[K
[3.750s] [01m[K/home/orthrus1-1/orthrus1-1/src/motor/src/motor_carryout.cpp:106:33:[m[K [01;31m[Kerror: [m[Krequest for member ‘[01m[KK_P_LF_1[m[K’ in ‘[01m[K* msg_[m[K’, which is of non-class type ‘[01m[Kint[m[K’
[3.751s]      motor_LF_s1.K_P  =  msg_->  [01;31m[KK_P_LF_1[m[K;  //K_P<31.9
[3.751s] 
[3.752s]                                  [01;31m[K^~~~~~~~[m[K
[3.752s] [01m[K/home/orthrus1-1/orthrus1-1/src/motor/src/motor_carryout.cpp:107:33:[m[K [01;31m[Kerror: [m[Krequest for member ‘[01m[KK_W_LF_1[m[K’ in ‘[01m[K* msg_[m[K’, which is of non-class type ‘[01m[Kint[m[K’
[3.753s]      motor_LF_s1.K_W  =  msg_->  [01;31m[KK_W_LF_1[m[K;  //K_W<63.9
[3.753s] 
[3.754s]                                  [01;31m[K^~~~~~~~[m[K
[3.754s] [01m[K/home/orthrus1-1/orthrus1-1/src/motor/src/motor_carryout.cpp:113:30:[m[K [01;31m[Kerror: [m[Krequest for member ‘[01m[Kmode_LF_2[m[K’ in ‘[01m[K* msg_[m[K’, which is of non-class type ‘[01m[Kint[m[K’
[3.755s]     motor_LF_s2.mode = msg_-> [01;31m[Kmode_LF_2[m[K;
[3.755s] 
[3.756s]                               [01;31m[K^~~~~~~~~[m[K
[3.757s] [01m[K/home/orthrus1-1/orthrus1-1/src/motor/src/motor_carryout.cpp:114:33:[m[K [01;31m[Kerror: [m[Krequest for member ‘[01m[KT_LF_2[m[K’ in ‘[01m[K* msg_[m[K’, which is of non-class type ‘[01m[Kint[m[K’
[3.757s]     motor_LF_s2.T    = msg_->    [01;31m[KT_LF_2[m[K;           
[3.758s] 
[3.758s]                                  [01;31m[K^~~~~~[m[K
[3.759s] [01m[K/home/orthrus1-1/orthrus1-1/src/motor/src/motor_carryout.cpp:115:33:[m[K [01;31m[Kerror: [m[Krequest for member ‘[01m[KW_LF_2[m[K’ in ‘[01m[K* msg_[m[K’, which is of non-class type ‘[01m[Kint[m[K’
[3.759s]     motor_LF_s2.W    = msg_->    [01;31m[KW_LF_2[m[K;              
[3.760s] 
[3.760s]                                  [01;31m[K^~~~~~[m[K
[3.761s] [01m[K/home/orthrus1-1/orthrus1-1/src/motor/src/motor_carryout.cpp:116:31:[m[K [01;31m[Kerror: [m[Krequest for member ‘[01m[KPos_LF_2[m[K’ in ‘[01m[K* msg_[m[K’, which is of non-class type ‘[01m[Kint[m[K’
[3.761s]     motor_LF_s2.Pos  = msg_->  [01;31m[KPos_LF_2[m[K;         
[3.762s] 
[3.762s]                                [01;31m[K^~~~~~~~[m[K
[3.763s] [01m[K/home/orthrus1-1/orthrus1-1/src/motor/src/motor_carryout.cpp:117:31:[m[K [01;31m[Kerror: [m[Krequest for member ‘[01m[KK_P_LF_2[m[K’ in ‘[01m[K* msg_[m[K’, which is of non-class type ‘[01m[Kint[m[K’
[3.763s]     motor_LF_s2.K_P  = msg_->  [01;31m[KK_P_LF_2[m[K;      
[3.764s] 
[3.764s]                                [01;31m[K^~~~~~~~[m[K
[3.765s] [01m[K/home/orthrus1-1/orthrus1-1/src/motor/src/motor_carryout.cpp:118:31:[m[K [01;31m[Kerror: [m[Krequest for member ‘[01m[KK_W_LF_2[m[K’ in ‘[01m[K* msg_[m[K’, which is of non-class type ‘[01m[Kint[m[K’
[3.765s]     motor_LF_s2.K_W  = msg_->  [01;31m[KK_W_LF_2[m[K;      
[3.766s] 
[3.766s]                                [01;31m[K^~~~~~~~[m[K
[3.767s] [01m[K/home/orthrus1-1/orthrus1-1/src/motor/src/motor_carryout.cpp:124:31:[m[K [01;31m[Kerror: [m[Krequest for member ‘[01m[Kmode_LF_3[m[K’ in ‘[01m[K* msg_[m[K’, which is of non-class type ‘[01m[Kint[m[K’
[3.767s]      motor_LF_s3.mode = msg_-> [01;31m[Kmode_LF_3[m[K;
[3.768s] 
[3.768s]                                [01;31m[K^~~~~~~~~[m[K
[3.769s] [01m[K/home/orthrus1-1/orthrus1-1/src/motor/src/motor_carryout.cpp:125:34:[m[K [01;31m[Kerror: [m[Krequest for member ‘[01m[KT_LF_3[m[K’ in ‘[01m[K* msg_[m[K’, which is of non-class type ‘[01m[Kint[m[K’
[3.769s]      motor_LF_s3.T    = msg_->    [01;31m[KT_LF_3[m[K;             
[3.770s] 
[3.770s]                                   [01;31m[K^~~~~~[m[K
[3.771s] [01m[K/home/orthrus1-1/orthrus1-1/src/motor/src/motor_carryout.cpp:126:34:[m[K [01;31m[Kerror: [m[Krequest for member ‘[01m[KW_LF_3[m[K’ in ‘[01m[K* msg_[m[K’, which is of non-class type ‘[01m[Kint[m[K’
[3.771s]      motor_LF_s3.W    = msg_->    [01;31m[KW_LF_3[m[K;               
[3.772s] 
[3.772s]                                   [01;31m[K^~~~~~[m[K
[3.773s] [01m[K/home/orthrus1-1/orthrus1-1/src/motor/src/motor_carryout.cpp:127:32:[m[K [01;31m[Kerror: [m[Krequest for member ‘[01m[KPos_LF_3[m[K’ in ‘[01m[K* msg_[m[K’, which is of non-class type ‘[01m[Kint[m[K’
[3.774s]      motor_LF_s3.Pos  = msg_->  [01;31m[KPos_LF_3[m[K;       
[3.774s] 
[3.775s]                                 [01;31m[K^~~~~~~~[m[K
[3.775s] [01m[K/home/orthrus1-1/orthrus1-1/src/motor/src/motor_carryout.cpp:128:32:[m[K [01;31m[Kerror: [m[Krequest for member ‘[01m[KK_P_LF_3[m[K’ in ‘[01m[K* msg_[m[K’, which is of non-class type ‘[01m[Kint[m[K’
[3.776s]      motor_LF_s3.K_P  = msg_->  [01;31m[KK_P_LF_3[m[K;         
[3.776s] 
[3.777s]                                 [01;31m[K^~~~~~~~[m[K
[3.777s] [01m[K/home/orthrus1-1/orthrus1-1/src/motor/src/motor_carryout.cpp:129:32:[m[K [01;31m[Kerror: [m[Krequest for member ‘[01m[KK_W_LF_3[m[K’ in ‘[01m[K* msg_[m[K’, which is of non-class type ‘[01m[Kint[m[K’
[3.778s]      motor_LF_s3.K_W  = msg_->  [01;31m[KK_W_LF_3[m[K;      
[3.778s] 
[3.779s]                                 [01;31m[K^~~~~~~~[m[K
[3.779s] [01m[K/home/orthrus1-1/orthrus1-1/src/motor/src/motor_carryout.cpp:136:34:[m[K [01;31m[Kerror: [m[Krequest for member ‘[01m[Kmode_RF_1[m[K’ in ‘[01m[K* msg_[m[K’, which is of non-class type ‘[01m[Kint[m[K’
[3.780s]         motor_RF_s1.mode = msg_-> [01;31m[Kmode_RF_1[m[K;
[3.780s] 
[3.781s]                                   [01;31m[K^~~~~~~~~[m[K
[3.781s] [01m[K/home/orthrus1-1/orthrus1-1/src/motor/src/motor_carryout.cpp:137:37:[m[K [01;31m[Kerror: [m[Krequest for member ‘[01m[KT_RF_1[m[K’ in ‘[01m[K* msg_[m[K’, which is of non-class type ‘[01m[Kint[m[K’
[3.782s]         motor_RF_s1.T    = msg_->    [01;31m[KT_RF_1[m[K;           
[3.782s] 
[3.783s]                                      [01;31m[K^~~~~~[m[K
[3.783s] [01m[K/home/orthrus1-1/orthrus1-1/src/motor/src/motor_carryout.cpp:138:37:[m[K [01;31m[Kerror: [m[Krequest for member ‘[01m[KW_RF_1[m[K’ in ‘[01m[K* msg_[m[K’, which is of non-class type ‘[01m[Kint[m[K’
[3.784s]         motor_RF_s1.W    = msg_->    [01;31m[KW_RF_1[m[K;             
[3.784s] 
[3.785s]                                      [01;31m[K^~~~~~[m[K
[3.785s] [01m[K/home/orthrus1-1/orthrus1-1/src/motor/src/motor_carryout.cpp:139:35:[m[K [01;31m[Kerror: [m[Krequest for member ‘[01m[KPos_RF_1[m[K’ in ‘[01m[K* msg_[m[K’, which is of non-class type ‘[01m[Kint[m[K’
[3.786s]         motor_RF_s1.Pos  = msg_->  [01;31m[KPos_RF_1[m[K;       
[3.787s] 
[3.787s]                                    [01;31m[K^~~~~~~~[m[K
[3.788s] [01m[K/home/orthrus1-1/orthrus1-1/src/motor/src/motor_carryout.cpp:140:35:[m[K [01;31m[Kerror: [m[Krequest for member ‘[01m[KK_P_RF_1[m[K’ in ‘[01m[K* msg_[m[K’, which is of non-class type ‘[01m[Kint[m[K’
[3.788s]         motor_RF_s1.K_P  = msg_->  [01;31m[KK_P_RF_1[m[K;       
[3.789s] 
[3.789s]                                    [01;31m[K^~~~~~~~[m[K
[3.790s] [01m[K/home/orthrus1-1/orthrus1-1/src/motor/src/motor_carryout.cpp:141:35:[m[K [01;31m[Kerror: [m[Krequest for member ‘[01m[KK_W_RF_1[m[K’ in ‘[01m[K* msg_[m[K’, which is of non-class type ‘[01m[Kint[m[K’
[3.790s]         motor_RF_s1.K_W  = msg_->  [01;31m[KK_W_RF_1[m[K;      
[3.791s] 
[3.791s]                                    [01;31m[K^~~~~~~~[m[K
[3.792s] [01m[K/home/orthrus1-1/orthrus1-1/src/motor/src/motor_carryout.cpp:147:34:[m[K [01;31m[Kerror: [m[Krequest for member ‘[01m[Kmode_RF_2[m[K’ in ‘[01m[K* msg_[m[K’, which is of non-class type ‘[01m[Kint[m[K’
[3.792s]         motor_RF_s2.mode = msg_-> [01;31m[Kmode_RF_2[m[K;
[3.793s] 
[3.793s]                                   [01;31m[K^~~~~~~~~[m[K
[3.794s] [01m[K/home/orthrus1-1/orthrus1-1/src/motor/src/motor_carryout.cpp:148:37:[m[K [01;31m[Kerror: [m[Krequest for member ‘[01m[KT_RF_2[m[K’ in ‘[01m[K* msg_[m[K’, which is of non-class type ‘[01m[Kint[m[K’
[3.794s]         motor_RF_s2.T    = msg_->    [01;31m[KT_RF_2[m[K;            
[3.795s] 
[3.795s]                                      [01;31m[K^~~~~~[m[K
[3.796s] [01m[K/home/orthrus1-1/orthrus1-1/src/motor/src/motor_carryout.cpp:149:37:[m[K [01;31m[Kerror: [m[Krequest for member ‘[01m[KW_RF_2[m[K’ in ‘[01m[K* msg_[m[K’, which is of non-class type ‘[01m[Kint[m[K’
[3.796s]         motor_RF_s2.W    = msg_->    [01;31m[KW_RF_2[m[K;             
[3.797s] 
[3.797s]                                      [01;31m[K^~~~~~[m[K
[3.798s] [01m[K/home/orthrus1-1/orthrus1-1/src/motor/src/motor_carryout.cpp:150:35:[m[K [01;31m[Kerror: [m[Krequest for member ‘[01m[KPos_RF_2[m[K’ in ‘[01m[K* msg_[m[K’, which is of non-class type ‘[01m[Kint[m[K’
[3.798s]         motor_RF_s2.Pos  = msg_->  [01;31m[KPos_RF_2[m[K;         
[3.799s] 
[3.799s]                                    [01;31m[K^~~~~~~~[m[K
[3.800s] [01m[K/home/orthrus1-1/orthrus1-1/src/motor/src/motor_carryout.cpp:151:35:[m[K [01;31m[Kerror: [m[Krequest for member ‘[01m[KK_P_RF_2[m[K’ in ‘[01m[K* msg_[m[K’, which is of non-class type ‘[01m[Kint[m[K’
[3.800s]         motor_RF_s2.K_P  = msg_->  [01;31m[KK_P_RF_2[m[K;        
[3.801s] 
[3.802s]                                    [01;31m[K^~~~~~~~[m[K
[3.802s] [01m[K/home/orthrus1-1/orthrus1-1/src/motor/src/motor_carryout.cpp:152:35:[m[K [01;31m[Kerror: [m[Krequest for member ‘[01m[KK_W_RF_2[m[K’ in ‘[01m[K* msg_[m[K’, which is of non-class type ‘[01m[Kint[m[K’
[3.803s]         motor_RF_s2.K_W  = msg_->  [01;31m[KK_W_RF_2[m[K;     
[3.803s] 
[3.804s]                                    [01;31m[K^~~~~~~~[m[K
[3.804s] [01m[K/home/orthrus1-1/orthrus1-1/src/motor/src/motor_carryout.cpp:158:34:[m[K [01;31m[Kerror: [m[Krequest for member ‘[01m[Kmode_RF_3[m[K’ in ‘[01m[K* msg_[m[K’, which is of non-class type ‘[01m[Kint[m[K’
[3.805s]         motor_RF_s3.mode = msg_-> [01;31m[Kmode_RF_3[m[K;
[3.805s] 
[3.806s]                                   [01;31m[K^~~~~~~~~[m[K
[3.806s] [01m[K/home/orthrus1-1/orthrus1-1/src/motor/src/motor_carryout.cpp:159:37:[m[K [01;31m[Kerror: [m[Krequest for member ‘[01m[KT_RF_3[m[K’ in ‘[01m[K* msg_[m[K’, which is of non-class type ‘[01m[Kint[m[K’
[3.807s]         motor_RF_s3.T    = msg_->    [01;31m[KT_RF_3[m[K;             
[3.807s] 
[3.808s]                                      [01;31m[K^~~~~~[m[K
[3.808s] [01m[K/home/orthrus1-1/orthrus1-1/src/motor/src/motor_carryout.cpp:160:37:[m[K [01;31m[Kerror: [m[Krequest for member ‘[01m[KW_RF_3[m[K’ in ‘[01m[K* msg_[m[K’, which is of non-class type ‘[01m[Kint[m[K’
[3.809s]         motor_RF_s3.W    = msg_->    [01;31m[KW_RF_3[m[K;                
[3.809s] 
[3.810s]                                      [01;31m[K^~~~~~[m[K
[3.810s] [01m[K/home/orthrus1-1/orthrus1-1/src/motor/src/motor_carryout.cpp:161:35:[m[K [01;31m[Kerror: [m[Krequest for member ‘[01m[KPos_RF_3[m[K’ in ‘[01m[K* msg_[m[K’, which is of non-class type ‘[01m[Kint[m[K’
[3.811s]         motor_RF_s3.Pos  = msg_->  [01;31m[KPos_RF_3[m[K;         
[3.811s] 
[3.812s]                                    [01;31m[K^~~~~~~~[m[K
[3.812s] [01m[K/home/orthrus1-1/orthrus1-1/src/motor/src/motor_carryout.cpp:162:35:[m[K [01;31m[Kerror: [m[Krequest for member ‘[01m[KK_P_RF_3[m[K’ in ‘[01m[K* msg_[m[K’, which is of non-class type ‘[01m[Kint[m[K’
[3.813s]         motor_RF_s3.K_P  = msg_->  [01;31m[KK_P_RF_3[m[K;        
[3.813s] 
[3.814s]                                    [01;31m[K^~~~~~~~[m[K
[3.814s] [01m[K/home/orthrus1-1/orthrus1-1/src/motor/src/motor_carryout.cpp:163:35:[m[K [01;31m[Kerror: [m[Krequest for member ‘[01m[KK_W_RF_3[m[K’ in ‘[01m[K* msg_[m[K’, which is of non-class type ‘[01m[Kint[m[K’
[3.815s]         motor_RF_s3.K_W  = msg_->  [01;31m[KK_W_RF_3[m[K;      
[3.815s] 
[3.816s]                                    [01;31m[K^~~~~~~~[m[K
[3.816s] [01m[K/home/orthrus1-1/orthrus1-1/src/motor/src/motor_carryout.cpp:170:31:[m[K [01;31m[Kerror: [m[Krequest for member ‘[01m[Kmode_LB_1[m[K’ in ‘[01m[K* msg_[m[K’, which is of non-class type ‘[01m[Kint[m[K’
[3.817s]      motor_LB_s1.mode = msg_-> [01;31m[Kmode_LB_1[m[K;
[3.817s] 
[3.818s]                                [01;31m[K^~~~~~~~~[m[K
[3.818s] [01m[K/home/orthrus1-1/orthrus1-1/src/motor/src/motor_carryout.cpp:171:34:[m[K [01;31m[Kerror: [m[Krequest for member ‘[01m[KT_LB_1[m[K’ in ‘[01m[K* msg_[m[K’, which is of non-class type ‘[01m[Kint[m[K’
[3.819s]      motor_LB_s1.T    = msg_->    [01;31m[KT_LB_1[m[K;            
[3.819s] 
[3.820s]                                   [01;31m[K^~~~~~[m[K
[3.820s] [01m[K/home/orthrus1-1/orthrus1-1/src/motor/src/motor_carryout.cpp:172:34:[m[K [01;31m[Kerror: [m[Krequest for member ‘[01m[KW_LB_1[m[K’ in ‘[01m[K* msg_[m[K’, which is of non-class type ‘[01m[Kint[m[K’
[3.821s]      motor_LB_s1.W    = msg_->    [01;31m[KW_LB_1[m[K;               
[3.821s] 
[3.822s]                                   [01;31m[K^~~~~~[m[K
[3.822s] [01m[K/home/orthrus1-1/orthrus1-1/src/motor/src/motor_carryout.cpp:173:32:[m[K [01;31m[Kerror: [m[Krequest for member ‘[01m[KPos_LB_1[m[K’ in ‘[01m[K* msg_[m[K’, which is of non-class type ‘[01m[Kint[m[K’
[3.823s]      motor_LB_s1.Pos  = msg_->  [01;31m[KPos_LB_1[m[K;         
[3.823s] 
[3.824s]                                 [01;31m[K^~~~~~~~[m[K
[3.824s] [01m[K/home/orthrus1-1/orthrus1-1/src/motor/src/motor_carryout.cpp:174:32:[m[K [01;31m[Kerror: [m[Krequest for member ‘[01m[KK_P_LB_1[m[K’ in ‘[01m[K* msg_[m[K’, which is of non-class type ‘[01m[Kint[m[K’
[3.825s]      motor_LB_s1.K_P  = msg_->  [01;31m[KK_P_LB_1[m[K;         
[3.825s] 
[3.826s]                                 [01;31m[K^~~~~~~~[m[K
[3.826s] [01m[K/home/orthrus1-1/orthrus1-1/src/motor/src/motor_carryout.cpp:175:32:[m[K [01;31m[Kerror: [m[Krequest for member ‘[01m[KK_W_LB_1[m[K’ in ‘[01m[K* msg_[m[K’, which is of non-class type ‘[01m[Kint[m[K’
[3.827s]      motor_LB_s1.K_W  = msg_->  [01;31m[KK_W_LB_1[m[K;        
[3.827s] 
[3.828s]                                 [01;31m[K^~~~~~~~[m[K
[3.828s] [01m[K/home/orthrus1-1/orthrus1-1/src/motor/src/motor_carryout.cpp:181:31:[m[K [01;31m[Kerror: [m[Krequest for member ‘[01m[Kmode_LB_2[m[K’ in ‘[01m[K* msg_[m[K’, which is of non-class type ‘[01m[Kint[m[K’
[3.829s]      motor_LB_s2.mode = msg_-> [01;31m[Kmode_LB_2[m[K;
[3.829s] 
[3.830s]                                [01;31m[K^~~~~~~~~[m[K
[3.831s] [01m[K/home/orthrus1-1/orthrus1-1/src/motor/src/motor_carryout.cpp:182:34:[m[K [01;31m[Kerror: [m[Krequest for member ‘[01m[KT_LB_2[m[K’ in ‘[01m[K* msg_[m[K’, which is of non-class type ‘[01m[Kint[m[K’
[3.832s]      motor_LB_s2.T    = msg_->    [01;31m[KT_LB_2[m[K;             
[3.832s] 
[3.833s]                                   [01;31m[K^~~~~~[m[K
[3.833s] [01m[K/home/orthrus1-1/orthrus1-1/src/motor/src/motor_carryout.cpp:183:34:[m[K [01;31m[Kerror: [m[Krequest for member ‘[01m[KW_LB_2[m[K’ in ‘[01m[K* msg_[m[K’, which is of non-class type ‘[01m[Kint[m[K’
[3.834s]      motor_LB_s2.W    = msg_->    [01;31m[KW_LB_2[m[K;              
[3.834s] 
[3.835s]                                   [01;31m[K^~~~~~[m[K
[3.835s] [01m[K/home/orthrus1-1/orthrus1-1/src/motor/src/motor_carryout.cpp:184:32:[m[K [01;31m[Kerror: [m[Krequest for member ‘[01m[KPos_LB_2[m[K’ in ‘[01m[K* msg_[m[K’, which is of non-class type ‘[01m[Kint[m[K’
[3.836s]      motor_LB_s2.Pos  = msg_->  [01;31m[KPos_LB_2[m[K;     
[3.836s] 
[3.837s]                                 [01;31m[K^~~~~~~~[m[K
[3.837s] [01m[K/home/orthrus1-1/orthrus1-1/src/motor/src/motor_carryout.cpp:185:32:[m[K [01;31m[Kerror: [m[Krequest for member ‘[01m[KK_P_LB_2[m[K’ in ‘[01m[K* msg_[m[K’, which is of non-class type ‘[01m[Kint[m[K’
[3.838s]      motor_LB_s2.K_P  = msg_->  [01;31m[KK_P_LB_2[m[K;       
[3.838s] 
[3.839s]                                 [01;31m[K^~~~~~~~[m[K
[3.839s] [01m[K/home/orthrus1-1/orthrus1-1/src/motor/src/motor_carryout.cpp:186:32:[m[K [01;31m[Kerror: [m[Krequest for member ‘[01m[KK_W_LB_2[m[K’ in ‘[01m[K* msg_[m[K’, which is of non-class type ‘[01m[Kint[m[K’
[3.840s]      motor_LB_s2.K_W  = msg_->  [01;31m[KK_W_LB_2[m[K;       
[3.840s] 
[3.841s]                                 [01;31m[K^~~~~~~~[m[K
[3.841s] [01m[K/home/orthrus1-1/orthrus1-1/src/motor/src/motor_carryout.cpp:192:31:[m[K [01;31m[Kerror: [m[Krequest for member ‘[01m[Kmode_LB_3[m[K’ in ‘[01m[K* msg_[m[K’, which is of non-class type ‘[01m[Kint[m[K’
[3.842s]      motor_LB_s3.mode = msg_-> [01;31m[Kmode_LB_3[m[K;
[3.842s] 
[3.843s]                                [01;31m[K^~~~~~~~~[m[K
[3.843s] [01m[K/home/orthrus1-1/orthrus1-1/src/motor/src/motor_carryout.cpp:193:34:[m[K [01;31m[Kerror: [m[Krequest for member ‘[01m[KT_LB_3[m[K’ in ‘[01m[K* msg_[m[K’, which is of non-class type ‘[01m[Kint[m[K’
[3.844s]      motor_LB_s3.T    = msg_->    [01;31m[KT_LB_3[m[K;             //单位：Nm, T<255.9
[3.844s] 
[3.845s]                                   [01;31m[K^~~~~~[m[K
[3.845s] [01m[K/home/orthrus1-1/orthrus1-1/src/motor/src/motor_carryout.cpp:194:34:[m[K [01;31m[Kerror: [m[Krequest for member ‘[01m[KW_LB_3[m[K’ in ‘[01m[K* msg_[m[K’, which is of non-class type ‘[01m[Kint[m[K’
[3.846s]      motor_LB_s3.W    = msg_->    [01;31m[KW_LB_3[m[K;                //单位：rad/s, W<511.9
[3.847s] 
[3.847s]                                   [01;31m[K^~~~~~[m[K
[3.848s] [01m[K/home/orthrus1-1/orthrus1-1/src/motor/src/motor_carryout.cpp:195:32:[m[K [01;31m[Kerror: [m[Krequest for member ‘[01m[KPos_LB_3[m[K’ in ‘[01m[K* msg_[m[K’, which is of non-class type ‘[01m[Kint[m[K’
[3.848s]      motor_LB_s3.Pos  = msg_->  [01;31m[KPos_LB_3[m[K;         //单位：rad, Pos<131071.9
[3.849s] 
[3.849s]                                 [01;31m[K^~~~~~~~[m[K
[3.850s] [01m[K/home/orthrus1-1/orthrus1-1/src/motor/src/motor_carryout.cpp:196:32:[m[K [01;31m[Kerror: [m[Krequest for member ‘[01m[KK_P_LB_3[m[K’ in ‘[01m[K* msg_[m[K’, which is of non-class type ‘[01m[Kint[m[K’
[3.850s]      motor_LB_s3.K_P  = msg_->  [01;31m[KK_P_LB_3[m[K;         //K_P<31.9
[3.851s] 
[3.851s]                                 [01;31m[K^~~~~~~~[m[K
[3.852s] [01m[K/home/orthrus1-1/orthrus1-1/src/motor/src/motor_carryout.cpp:197:32:[m[K [01;31m[Kerror: [m[Krequest for member ‘[01m[KK_W_LB_3[m[K’ in ‘[01m[K* msg_[m[K’, which is of non-class type ‘[01m[Kint[m[K’
[3.852s]      motor_LB_s3.K_W  = msg_->  [01;31m[KK_W_LB_3[m[K;        //K_W<63.9
[3.853s] 
[3.853s]                                 [01;31m[K^~~~~~~~[m[K
[3.854s] [01m[K/home/orthrus1-1/orthrus1-1/src/motor/src/motor_carryout.cpp:203:35:[m[K [01;31m[Kerror: [m[Krequest for member ‘[01m[Kmode_RB_1[m[K’ in ‘[01m[K* msg_[m[K’, which is of non-class type ‘[01m[Kint[m[K’
[3.854s]          motor_RB_s1.mode = msg_-> [01;31m[Kmode_RB_1[m[K;
[3.855s] 
[3.855s]                                    [01;31m[K^~~~~~~~~[m[K
[3.856s] [01m[K/home/orthrus1-1/orthrus1-1/src/motor/src/motor_carryout.cpp:204:38:[m[K [01;31m[Kerror: [m[Krequest for member ‘[01m[KT_RB_1[m[K’ in ‘[01m[K* msg_[m[K’, which is of non-class type ‘[01m[Kint[m[K’
[3.856s]          motor_RB_s1.T    = msg_->    [01;31m[KT_RB_1[m[K;            
[3.857s] 
[3.857s]                                       [01;31m[K^~~~~~[m[K
[3.858s] [01m[K/home/orthrus1-1/orthrus1-1/src/motor/src/motor_carryout.cpp:205:38:[m[K [01;31m[Kerror: [m[Krequest for member ‘[01m[KW_RB_1[m[K’ in ‘[01m[K* msg_[m[K’, which is of non-class type ‘[01m[Kint[m[K’
[3.858s]          motor_RB_s1.W    = msg_->    [01;31m[KW_RB_1[m[K;               
[3.859s] 
[3.859s]                                       [01;31m[K^~~~~~[m[K
[3.860s] [01m[K/home/orthrus1-1/orthrus1-1/src/motor/src/motor_carryout.cpp:206:36:[m[K [01;31m[Kerror: [m[Krequest for member ‘[01m[KPos_RB_1[m[K’ in ‘[01m[K* msg_[m[K’, which is of non-class type ‘[01m[Kint[m[K’
[3.860s]          motor_RB_s1.Pos  = msg_->  [01;31m[KPos_RB_1[m[K;         
[3.861s] 
[3.861s]                                     [01;31m[K^~~~~~~~[m[K
[3.862s] [01m[K/home/orthrus1-1/orthrus1-1/src/motor/src/motor_carryout.cpp:207:36:[m[K [01;31m[Kerror: [m[Krequest for member ‘[01m[KK_P_RB_1[m[K’ in ‘[01m[K* msg_[m[K’, which is of non-class type ‘[01m[Kint[m[K’
[3.862s]          motor_RB_s1.K_P  = msg_->  [01;31m[KK_P_RB_1[m[K;         
[3.863s] 
[3.863s]                                     [01;31m[K^~~~~~~~[m[K
[3.864s] [01m[K/home/orthrus1-1/orthrus1-1/src/motor/src/motor_carryout.cpp:208:36:[m[K [01;31m[Kerror: [m[Krequest for member ‘[01m[KK_W_RB_1[m[K’ in ‘[01m[K* msg_[m[K’, which is of non-class type ‘[01m[Kint[m[K’
[3.864s]          motor_RB_s1.K_W  = msg_->  [01;31m[KK_W_RB_1[m[K; 
[3.865s] 
[3.865s]                                     [01;31m[K^~~~~~~~[m[K
[3.866s] [01m[K/home/orthrus1-1/orthrus1-1/src/motor/src/motor_carryout.cpp:214:35:[m[K [01;31m[Kerror: [m[Krequest for member ‘[01m[Kmode_RB_2[m[K’ in ‘[01m[K* msg_[m[K’, which is of non-class type ‘[01m[Kint[m[K’
[3.866s]          motor_RB_s2.mode = msg_-> [01;31m[Kmode_RB_2[m[K;
[3.867s] 
[3.867s]                                    [01;31m[K^~~~~~~~~[m[K
[3.868s] [01m[K/home/orthrus1-1/orthrus1-1/src/motor/src/motor_carryout.cpp:215:38:[m[K [01;31m[Kerror: [m[Krequest for member ‘[01m[KT_RB_2[m[K’ in ‘[01m[K* msg_[m[K’, which is of non-class type ‘[01m[Kint[m[K’
[3.868s]          motor_RB_s2.T    = msg_->    [01;31m[KT_RB_2[m[K;            
[3.869s] 
[3.869s]                                       [01;31m[K^~~~~~[m[K
[3.870s] [01m[K/home/orthrus1-1/orthrus1-1/src/motor/src/motor_carryout.cpp:216:38:[m[K [01;31m[Kerror: [m[Krequest for member ‘[01m[KW_RB_2[m[K’ in ‘[01m[K* msg_[m[K’, which is of non-class type ‘[01m[Kint[m[K’
[3.870s]          motor_RB_s2.W    = msg_->    [01;31m[KW_RB_2[m[K;               
[3.871s] 
[3.871s]                                       [01;31m[K^~~~~~[m[K
[3.872s] [01m[K/home/orthrus1-1/orthrus1-1/src/motor/src/motor_carryout.cpp:217:36:[m[K [01;31m[Kerror: [m[Krequest for member ‘[01m[KPos_RB_2[m[K’ in ‘[01m[K* msg_[m[K’, which is of non-class type ‘[01m[Kint[m[K’
[3.873s]          motor_RB_s2.Pos  = msg_->  [01;31m[KPos_RB_2[m[K;         
[3.873s] 
[3.874s]                                     [01;31m[K^~~~~~~~[m[K
[3.874s] [01m[K/home/orthrus1-1/orthrus1-1/src/motor/src/motor_carryout.cpp:218:36:[m[K [01;31m[Kerror: [m[Krequest for member ‘[01m[KK_P_RB_2[m[K’ in ‘[01m[K* msg_[m[K’, which is of non-class type ‘[01m[Kint[m[K’
[3.875s]          motor_RB_s2.K_P  = msg_->  [01;31m[KK_P_RB_2[m[K;         
[3.875s] 
[3.876s]                                     [01;31m[K^~~~~~~~[m[K
[3.876s] [01m[K/home/orthrus1-1/orthrus1-1/src/motor/src/motor_carryout.cpp:219:36:[m[K [01;31m[Kerror: [m[Krequest for member ‘[01m[KK_W_RB_2[m[K’ in ‘[01m[K* msg_[m[K’, which is of non-class type ‘[01m[Kint[m[K’
[3.877s]          motor_RB_s2.K_W  = msg_->  [01;31m[KK_W_RB_2[m[K; 
[3.877s] 
[3.878s]                                     [01;31m[K^~~~~~~~[m[K
[3.878s] [01m[K/home/orthrus1-1/orthrus1-1/src/motor/src/motor_carryout.cpp:225:35:[m[K [01;31m[Kerror: [m[Krequest for member ‘[01m[Kmode_RB_3[m[K’ in ‘[01m[K* msg_[m[K’, which is of non-class type ‘[01m[Kint[m[K’
[3.879s]          motor_RB_s3.mode = msg_-> [01;31m[Kmode_RB_3[m[K;
[3.879s] 
[3.880s]                                    [01;31m[K^~~~~~~~~[m[K
[3.880s] [01m[K/home/orthrus1-1/orthrus1-1/src/motor/src/motor_carryout.cpp:226:38:[m[K [01;31m[Kerror: [m[Krequest for member ‘[01m[KT_RB_3[m[K’ in ‘[01m[K* msg_[m[K’, which is of non-class type ‘[01m[Kint[m[K’
[3.881s]          motor_RB_s3.T    = msg_->    [01;31m[KT_RB_3[m[K;            
[3.881s] 
[3.882s]                                       [01;31m[K^~~~~~[m[K
[3.883s] [01m[K/home/orthrus1-1/orthrus1-1/src/motor/src/motor_carryout.cpp:227:38:[m[K [01;31m[Kerror: [m[Krequest for member ‘[01m[KW_RB_3[m[K’ in ‘[01m[K* msg_[m[K’, which is of non-class type ‘[01m[Kint[m[K’
[3.883s]          motor_RB_s3.W    = msg_->    [01;31m[KW_RB_3[m[K;               
[3.884s] 
[3.884s]                                       [01;31m[K^~~~~~[m[K
[3.885s] [01m[K/home/orthrus1-1/orthrus1-1/src/motor/src/motor_carryout.cpp:228:36:[m[K [01;31m[Kerror: [m[Krequest for member ‘[01m[KPos_RB_3[m[K’ in ‘[01m[K* msg_[m[K’, which is of non-class type ‘[01m[Kint[m[K’
[3.885s]          motor_RB_s3.Pos  = msg_->  [01;31m[KPos_RB_3[m[K;         
[3.886s] 
[3.886s]                                     [01;31m[K^~~~~~~~[m[K
[3.887s] [01m[K/home/orthrus1-1/orthrus1-1/src/motor/src/motor_carryout.cpp:229:36:[m[K [01;31m[Kerror: [m[Krequest for member ‘[01m[KK_P_RB_3[m[K’ in ‘[01m[K* msg_[m[K’, which is of non-class type ‘[01m[Kint[m[K’
[3.887s]          motor_RB_s3.K_P  = msg_->  [01;31m[KK_P_RB_3[m[K;         
[3.888s] 
[3.888s]                                     [01;31m[K^~~~~~~~[m[K
[3.889s] [01m[K/home/orthrus1-1/orthrus1-1/src/motor/src/motor_carryout.cpp:230:36:[m[K [01;31m[Kerror: [m[Krequest for member ‘[01m[KK_W_RB_3[m[K’ in ‘[01m[K* msg_[m[K’, which is of non-class type ‘[01m[Kint[m[K’
[3.889s]          motor_RB_s3.K_W  = msg_->  [01;31m[KK_W_RB_3[m[K; 
[3.890s] 
[3.891s]                                     [01;31m[K^~~~~~~~[m[K
[3.891s] [01m[K/home/orthrus1-1/orthrus1-1/src/motor/src/motor_carryout.cpp:[m[K In member function ‘[01m[Kvoid motor_carryout::topic_callback(message::msg::Motorcarryout_<std::allocator<void> >::SharedPtr) const[m[K’:
[3.892s] [01m[K/home/orthrus1-1/orthrus1-1/src/motor/src/motor_carryout.cpp:250:22:[m[K [01;31m[Kerror: [m[Kcannot convert ‘[01m[Kconst SharedPtr* {aka const std::shared_ptr<message::msg::Motorcarryout_<std::allocator<void> > >*}[m[K’ to ‘[01m[Kint*[m[K’ for argument ‘[01m[K1[m[K’ to ‘[01m[Kvoid setup_data(int*)[m[K’
[3.892s]        setup_data(&msg[01;31m[K)[m[K;
[3.893s] 
[3.893s]                       [01;31m[K^[m[K
[6.246s] CMakeFiles/motor_carryout.dir/build.make:62: recipe for target 'CMakeFiles/motor_carryout.dir/src/motor_carryout.cpp.o' failed
[6.246s] make[2]: *** [CMakeFiles/motor_carryout.dir/src/motor_carryout.cpp.o] Error 1
[6.247s] CMakeFiles/Makefile2:136: recipe for target 'CMakeFiles/motor_carryout.dir/all' failed
[6.248s] make[1]: *** [CMakeFiles/motor_carryout.dir/all] Error 2
[6.248s] make: *** [all] Error 2
[6.249s] Makefile:140: recipe for target 'all' failed
[6.254s] Invoked command in '/home/orthrus1-1/orthrus1-1/build/motor' returned '2': AMENT_PREFIX_PATH=/home/orthrus1-1/orthrus1-1/install/message:${AMENT_PREFIX_PATH} CMAKE_PREFIX_PATH=/home/orthrus1-1/orthrus1-1/install/message:/opt/ros/dashing LD_LIBRARY_PATH=/home/orthrus1-1/orthrus1-1/install/message/lib:${LD_LIBRARY_PATH} PYTHONPATH=/home/orthrus1-1/orthrus1-1/install/message/lib/python3.6/site-packages:${PYTHONPATH} /usr/bin/cmake --build /home/orthrus1-1/orthrus1-1/build/motor -- -j4 -l4
