Determining if the pthread_create exist failed with the following output:
Change Dir: /home/orthrus1-1/orthrus1-1/build/motor/CMakeFiles/CMakeTmp

Run Build Command:"/usr/bin/make" "cmTC_a3c8c/fast"
make[1]: Entering directory '/home/orthrus1-1/orthrus1-1/build/motor/CMakeFiles/CMakeTmp'
/usr/bin/make -f CMakeFiles/cmTC_a3c8c.dir/build.make CMakeFiles/cmTC_a3c8c.dir/build
make[2]: Entering directory '/home/orthrus1-1/orthrus1-1/build/motor/CMakeFiles/CMakeTmp'
Building C object CMakeFiles/cmTC_a3c8c.dir/CheckSymbolExists.c.o
/usr/bin/cc    -o CMakeFiles/cmTC_a3c8c.dir/CheckSymbolExists.c.o   -c /home/orthrus1-1/orthrus1-1/build/motor/CMakeFiles/CMakeTmp/CheckSymbolExists.c
Linking C executable cmTC_a3c8c
/usr/bin/cmake -E cmake_link_script CMakeFiles/cmTC_a3c8c.dir/link.txt --verbose=1
/usr/bin/cc      CMakeFiles/cmTC_a3c8c.dir/CheckSymbolExists.c.o  -o cmTC_a3c8c 
CMakeFiles/cmTC_a3c8c.dir/CheckSymbolExists.c.o: In function `main':
CheckSymbolExists.c:(.text+0x14): undefined reference to `pthread_create'
CheckSymbolExists.c:(.text+0x18): undefined reference to `pthread_create'
collect2: error: ld returned 1 exit status
CMakeFiles/cmTC_a3c8c.dir/build.make:97: recipe for target 'cmTC_a3c8c' failed
make[2]: *** [cmTC_a3c8c] Error 1
make[2]: Leaving directory '/home/orthrus1-1/orthrus1-1/build/motor/CMakeFiles/CMakeTmp'
Makefile:126: recipe for target 'cmTC_a3c8c/fast' failed
make[1]: *** [cmTC_a3c8c/fast] Error 2
make[1]: Leaving directory '/home/orthrus1-1/orthrus1-1/build/motor/CMakeFiles/CMakeTmp'

File /home/orthrus1-1/orthrus1-1/build/motor/CMakeFiles/CMakeTmp/CheckSymbolExists.c:
/* */
#include <pthread.h>

int main(int argc, char** argv)
{
  (void)argv;
#ifndef pthread_create
  return ((int*)(&pthread_create))[argc];
#else
  (void)argc;
  return 0;
#endif
}

Determining if the function pthread_create exists in the pthreads failed with the following output:
Change Dir: /home/orthrus1-1/orthrus1-1/build/motor/CMakeFiles/CMakeTmp

Run Build Command:"/usr/bin/make" "cmTC_76ea1/fast"
make[1]: Entering directory '/home/orthrus1-1/orthrus1-1/build/motor/CMakeFiles/CMakeTmp'
/usr/bin/make -f CMakeFiles/cmTC_76ea1.dir/build.make CMakeFiles/cmTC_76ea1.dir/build
make[2]: Entering directory '/home/orthrus1-1/orthrus1-1/build/motor/CMakeFiles/CMakeTmp'
Building C object CMakeFiles/cmTC_76ea1.dir/CheckFunctionExists.c.o
/usr/bin/cc   -DCHECK_FUNCTION_EXISTS=pthread_create   -o CMakeFiles/cmTC_76ea1.dir/CheckFunctionExists.c.o   -c /usr/share/cmake-3.10/Modules/CheckFunctionExists.c
Linking C executable cmTC_76ea1
/usr/bin/cmake -E cmake_link_script CMakeFiles/cmTC_76ea1.dir/link.txt --verbose=1
/usr/bin/cc  -DCHECK_FUNCTION_EXISTS=pthread_create    CMakeFiles/cmTC_76ea1.dir/CheckFunctionExists.c.o  -o cmTC_76ea1 -lpthreads 
/usr/bin/ld: cannot find -lpthreads
collect2: error: ld returned 1 exit status
CMakeFiles/cmTC_76ea1.dir/build.make:97: recipe for target 'cmTC_76ea1' failed
make[2]: *** [cmTC_76ea1] Error 1
make[2]: Leaving directory '/home/orthrus1-1/orthrus1-1/build/motor/CMakeFiles/CMakeTmp'
Makefile:126: recipe for target 'cmTC_76ea1/fast' failed
make[1]: *** [cmTC_76ea1/fast] Error 2
make[1]: Leaving directory '/home/orthrus1-1/orthrus1-1/build/motor/CMakeFiles/CMakeTmp'


