[0.037s] Invoking command in '/home/orthrus1-1/orthrus1-1/build/motor': AMENT_PREFIX_PATH=/home/orthrus1-1/orthrus1-1/install/message:${AMENT_PREFIX_PATH} CMAKE_PREFIX_PATH=/home/orthrus1-1/orthrus1-1/install/message:/opt/ros/dashing LD_LIBRARY_PATH=/home/orthrus1-1/orthrus1-1/install/message/lib:${LD_LIBRARY_PATH} PYTHONPATH=/home/orthrus1-1/orthrus1-1/install/message/lib/python3.6/site-packages:${PYTHONPATH} /usr/bin/cmake --build /home/orthrus1-1/orthrus1-1/build/motor -- -j4 -l4
[0.122s] -- Found ament_cmake: 0.7.6 (/opt/ros/dashing/share/ament_cmake/cmake)
[0.232s] -- Using PYTHON_EXECUTABLE: /usr/bin/python3
[1.174s] -- Found rclcpp: 0.7.15 (/opt/ros/dashing/share/rclcpp/cmake)
[1.228s] -- Found rosidl_adapter: 0.7.10 (/opt/ros/dashing/share/rosidl_adapter/cmake)
[1.353s] -- Found rmw_implementation_cmake: 0.7.2 (/opt/ros/dashing/share/rmw_implementation_cmake/cmake)
[1.359s] -- Using RMW implementation 'rmw_fastrtps_cpp' as default
[1.467s] -- Found std_msgs: 0.7.0 (/opt/ros/dashing/share/std_msgs/cmake)
[1.484s] -- Found message: 0.0.0 (/home/orthrus1-1/orthrus1-1/install/message/share/message/cmake)
[1.669s] -- Found ament_lint_auto: 0.7.12 (/opt/ros/dashing/share/ament_lint_auto/cmake)
[1.975s] -- Added test 'copyright' to check for copyright in CMake / C / C++ / Python code
[1.982s] -- Added test 'cppcheck' to perform static code analysis on C / C++ code
[1.983s] -- Configured cppcheck include dirs: /home/orthrus1-1/orthrus1-1/src/motor/include/unitree_motor_ctrl
[1.989s] -- Added test 'cpplint' to check C / C++ code against the Google style
[1.992s] -- Added test 'lint_cmake' to check CMake code style
[1.999s] -- Added test 'uncrustify' to check C / C++ code style
[2.001s] -- Added test 'xmllint' to check XML markup files
[2.010s] -- Configuring done
[2.082s] -- Generating done
[2.088s] -- Build files have been written to: /home/orthrus1-1/orthrus1-1/build/motor
[2.176s] [35m[1mScanning dependencies of target motor_carryout[0m
[2.229s] [ 50%] Built target check
[2.277s] [ 75%] [32mBuilding CXX object CMakeFiles/motor_carryout.dir/src/motor_carryout.cpp.o[0m
[11.412s] [100%] [32m[1mLinking CXX executable motor_carryout[0m
[11.987s] [100%] Built target motor_carryout
[12.029s] Invoked command in '/home/orthrus1-1/orthrus1-1/build/motor' returned '0': AMENT_PREFIX_PATH=/home/orthrus1-1/orthrus1-1/install/message:${AMENT_PREFIX_PATH} CMAKE_PREFIX_PATH=/home/orthrus1-1/orthrus1-1/install/message:/opt/ros/dashing LD_LIBRARY_PATH=/home/orthrus1-1/orthrus1-1/install/message/lib:${LD_LIBRARY_PATH} PYTHONPATH=/home/orthrus1-1/orthrus1-1/install/message/lib/python3.6/site-packages:${PYTHONPATH} /usr/bin/cmake --build /home/orthrus1-1/orthrus1-1/build/motor -- -j4 -l4
[12.124s] Invoking command in '/home/orthrus1-1/orthrus1-1/build/motor': AMENT_PREFIX_PATH=/home/orthrus1-1/orthrus1-1/install/message:${AMENT_PREFIX_PATH} CMAKE_PREFIX_PATH=/home/orthrus1-1/orthrus1-1/install/message:/opt/ros/dashing LD_LIBRARY_PATH=/home/orthrus1-1/orthrus1-1/install/message/lib:${LD_LIBRARY_PATH} PYTHONPATH=/home/orthrus1-1/orthrus1-1/install/message/lib/python3.6/site-packages:${PYTHONPATH} /usr/bin/cmake --build /home/orthrus1-1/orthrus1-1/build/motor --target install -- -j4 -l4
[12.339s] [100%] Built target motor_carryout
[12.340s] [100%] Built target check
[12.411s] [36mInstall the project...[0m
[12.445s] -- Install configuration: ""
[12.446s] -- Up-to-date: /home/orthrus1-1/orthrus1-1/install/motor/include
[12.447s] -- Up-to-date: /home/orthrus1-1/orthrus1-1/install/motor/include/unitree_motor_ctrl
[12.447s] -- Up-to-date: /home/orthrus1-1/orthrus1-1/install/motor/include/unitree_motor_ctrl/motor_ctrl.h
[12.448s] -- Up-to-date: /home/orthrus1-1/orthrus1-1/install/motor/include/unitree_motor_ctrl/motor_msg.h
[12.449s] -- Up-to-date: /home/orthrus1-1/orthrus1-1/install/motor/include/unitree_motor_ctrl/LSerial.h
[12.449s] -- Up-to-date: /home/orthrus1-1/orthrus1-1/install/motor/include/motor
[12.450s] -- Up-to-date: /home/orthrus1-1/orthrus1-1/install/motor/include/kinetics
[12.451s] -- Up-to-date: /home/orthrus1-1/orthrus1-1/install/motor/include/kinetics/leg_NN.cpp
[12.451s] -- Up-to-date: /home/orthrus1-1/orthrus1-1/install/motor/include/kinetics/leg_NN.h
[12.452s] -- Up-to-date: /home/orthrus1-1/orthrus1-1/install/motor/include/kinetics/retroduction.h
[12.452s] -- Up-to-date: /home/orthrus1-1/orthrus1-1/install/motor/include/kinetics/predict_foot.h
[12.453s] -- Up-to-date: /home/orthrus1-1/orthrus1-1/install/motor/include/kinetics/predict_foot.cpp
[12.454s] -- Up-to-date: /home/orthrus1-1/orthrus1-1/install/motor/include/kinetics/retroduction.cpp
[12.454s] -- Up-to-date: /home/orthrus1-1/orthrus1-1/install/motor/lib
[12.455s] -- Up-to-date: /home/orthrus1-1/orthrus1-1/install/motor/lib/libUnitree_motor_SDK_ARM64.so
[12.456s] -- Up-to-date: /home/orthrus1-1/orthrus1-1/install/motor/lib/motor/check
[12.456s] -- Installing: /home/orthrus1-1/orthrus1-1/install/motor/lib/motor/motor_carryout
[12.457s] -- Set runtime path of "/home/orthrus1-1/orthrus1-1/install/motor/lib/motor/motor_carryout" to ""
[12.458s] -- Up-to-date: /home/orthrus1-1/orthrus1-1/install/motor/share/ament_index/resource_index/package_run_dependencies/motor
[12.458s] -- Installing: /home/orthrus1-1/orthrus1-1/install/motor/share/ament_index/resource_index/parent_prefix_path/motor
[12.459s] -- Up-to-date: /home/orthrus1-1/orthrus1-1/install/motor/share/motor/environment/ament_prefix_path.sh
[12.459s] -- Up-to-date: /home/orthrus1-1/orthrus1-1/install/motor/share/motor/environment/path.sh
[12.460s] -- Up-to-date: /home/orthrus1-1/orthrus1-1/install/motor/share/motor/local_setup.bash
[12.460s] -- Up-to-date: /home/orthrus1-1/orthrus1-1/install/motor/share/motor/local_setup.sh
[12.461s] -- Up-to-date: /home/orthrus1-1/orthrus1-1/install/motor/share/motor/local_setup.zsh
[12.461s] -- Up-to-date: /home/orthrus1-1/orthrus1-1/install/motor/share/ament_index/resource_index/packages/motor
[12.462s] -- Up-to-date: /home/orthrus1-1/orthrus1-1/install/motor/share/motor/cmake/motorConfig.cmake
[12.463s] -- Up-to-date: /home/orthrus1-1/orthrus1-1/install/motor/share/motor/cmake/motorConfig-version.cmake
[12.463s] -- Up-to-date: /home/orthrus1-1/orthrus1-1/install/motor/share/motor/package.xml
[12.474s] Invoked command in '/home/orthrus1-1/orthrus1-1/build/motor' returned '0': AMENT_PREFIX_PATH=/home/orthrus1-1/orthrus1-1/install/message:${AMENT_PREFIX_PATH} CMAKE_PREFIX_PATH=/home/orthrus1-1/orthrus1-1/install/message:/opt/ros/dashing LD_LIBRARY_PATH=/home/orthrus1-1/orthrus1-1/install/message/lib:${LD_LIBRARY_PATH} PYTHONPATH=/home/orthrus1-1/orthrus1-1/install/message/lib/python3.6/site-packages:${PYTHONPATH} /usr/bin/cmake --build /home/orthrus1-1/orthrus1-1/build/motor --target install -- -j4 -l4
