[0.055s] Invoking command in '/home/orthrus1-1/orthrus1-1/build/message': CMAKE_PREFIX_PATH=/opt/ros/dashing /usr/bin/cmake --build /home/orthrus1-1/orthrus1-1/build/message -- -j4 -l4
[0.161s] -- Found ament_cmake: 0.7.6 (/opt/ros/dashing/share/ament_cmake/cmake)
[0.269s] -- Found PythonInterp: /usr/bin/python3 (found suitable version "3.6.9", minimum required is "3") 
[0.270s] -- Using PYTHON_EXECUTABLE: /usr/bin/python3
[1.185s] -- Found builtin_interfaces: 0.7.4 (/opt/ros/dashing/share/builtin_interfaces/cmake)
[1.214s] -- Found rosidl_adapter: 0.7.10 (/opt/ros/dashing/share/rosidl_adapter/cmake)
[1.316s] -- Found geometry_msgs: 0.7.0 (/opt/ros/dashing/share/geometry_msgs/cmake)
[1.356s] -- Found rosidl_default_generators: 0.7.0 (/opt/ros/dashing/share/rosidl_default_generators/cmake)
[1.812s] -- Found PrismTech OpenSplice: /usr/share/opensplice/cmake
[2.008s] -- Found PythonInterp: /usr/bin/python3 (found version "3.6.9") 
[3.428s] -- Using all available rosidl_typesupport_c: rosidl_typesupport_fastrtps_c;rosidl_typesupport_introspection_c;rosidl_typesupport_opensplice_c
[3.615s] -- Using all available rosidl_typesupport_cpp: rosidl_typesupport_fastrtps_cpp;rosidl_typesupport_introspection_cpp;rosidl_typesupport_opensplice_cpp
[5.314s] -- Found rmw_implementation_cmake: 0.7.2 (/opt/ros/dashing/share/rmw_implementation_cmake/cmake)
[5.421s] -- Found PythonInterp: /usr/bin/python3 (found suitable version "3.6.9", minimum required is "3.5") 
[5.422s] -- Found python_cmake_module: 0.7.11 (/opt/ros/dashing/share/python_cmake_module/cmake)
[5.533s] -- Using PYTHON_EXECUTABLE: /usr/bin/python3
[5.534s] -- Using PYTHON_INCLUDE_DIRS: /usr/include/python3.6m
[5.534s] -- Using PYTHON_LIBRARIES: /usr/lib/aarch64-linux-gnu/libpython3.6m.so
[6.187s] -- Found ament_lint_auto: 0.7.12 (/opt/ros/dashing/share/ament_lint_auto/cmake)
[6.239s] -- Added test 'lint_cmake' to check CMake code style
[6.244s] -- Added test 'xmllint' to check XML markup files
[6.261s] -- Configuring done
[6.988s] -- Generating done
[7.006s] -- Build files have been written to: /home/orthrus1-1/orthrus1-1/build/message
[7.099s] [35m[1mScanning dependencies of target message__cpp[0m
[7.102s] [  1%] [34m[1mGenerating C code for ROS interfaces[0m
[7.103s] [35m[1mScanning dependencies of target message__dds_opensplice_idl[0m
[7.146s] [  2%] [34m[1mGenerating C++ code for ROS interfaces[0m
[7.149s] [  3%] [34m[1mGenerating DDS interfaces[0m
[10.030s] [  3%] Built target message__dds_opensplice_idl
[10.718s] [  3%] Built target message__cpp
[10.767s] [  4%] [34m[1mGenerating C++ type support dispatch for ROS interfaces[0m
[10.771s] [  5%] [34m[1mGenerating C++ introspection for ROS interfaces[0m
[10.806s] [  7%] [34m[1mGenerating C++ type support for PrismTech OpenSplice[0m
[11.349s] [35m[1mScanning dependencies of target message__rosidl_generator_c[0m
[11.403s] [  8%] [32mBuilding C object CMakeFiles/message__rosidl_generator_c.dir/rosidl_generator_c/message/msg/motorcarryout__functions.c.o[0m
[11.548s] [  9%] [32mBuilding C object CMakeFiles/message__rosidl_generator_c.dir/rosidl_generator_c/message/msg/motorrecv__functions.c.o[0m
[11.694s] [ 10%] [32mBuilding C object CMakeFiles/message__rosidl_generator_c.dir/rosidl_generator_c/message/srv/motorsend__functions.c.o[0m
[11.857s] [ 11%] [32m[1mLinking C shared library libmessage__rosidl_generator_c.so[0m
[12.022s] [ 11%] Built target message__rosidl_generator_c
[12.071s] [ 12%] [34m[1mGenerating C++ type support for eProsima Fast-RTPS[0m
[13.947s] [35m[1mScanning dependencies of target message__rosidl_typesupport_cpp[0m
[14.004s] [ 14%] [32mBuilding CXX object CMakeFiles/message__rosidl_typesupport_cpp.dir/rosidl_typesupport_cpp/message/msg/motorcarryout__type_support.cpp.o[0m
[14.445s] [35m[1mScanning dependencies of target message__rosidl_typesupport_introspection_cpp[0m
[14.509s] [ 15%] [32mBuilding CXX object CMakeFiles/message__rosidl_typesupport_introspection_cpp.dir/rosidl_typesupport_introspection_cpp/message/msg/motorcarryout__type_support.cpp.o[0m
[15.033s] [ 16%] [32mBuilding CXX object CMakeFiles/message__rosidl_typesupport_cpp.dir/rosidl_typesupport_cpp/message/msg/motorrecv__type_support.cpp.o[0m
[15.583s] [ 17%] [32mBuilding CXX object CMakeFiles/message__rosidl_typesupport_introspection_cpp.dir/rosidl_typesupport_introspection_cpp/message/msg/motorrecv__type_support.cpp.o[0m
[16.071s] [ 18%] [32mBuilding CXX object CMakeFiles/message__rosidl_typesupport_cpp.dir/rosidl_typesupport_cpp/message/srv/motorsend__type_support.cpp.o[0m
[16.191s] [35m[1mScanning dependencies of target message__rosidl_typesupport_opensplice_cpp[0m
[16.337s] [35m[1mScanning dependencies of target message__rosidl_typesupport_fastrtps_cpp[0m
[16.411s] [ 20%] [32mBuilding CXX object CMakeFiles/message__rosidl_typesupport_fastrtps_cpp.dir/rosidl_typesupport_fastrtps_cpp/message/msg/dds_fastrtps/motorcarryout__type_support.cpp.o[0m
[16.573s] [ 21%] [32mBuilding CXX object CMakeFiles/message__rosidl_typesupport_opensplice_cpp.dir/rosidl_typesupport_opensplice_cpp/message/msg/dds_opensplice/motorcarryout__type_support.cpp.o[0m
[16.628s] [ 22%] [32mBuilding CXX object CMakeFiles/message__rosidl_typesupport_introspection_cpp.dir/rosidl_typesupport_introspection_cpp/message/srv/motorsend__type_support.cpp.o[0m
[17.101s] [ 23%] [32m[1mLinking CXX shared library libmessage__rosidl_typesupport_cpp.so[0m
[17.292s] [ 23%] Built target message__rosidl_typesupport_cpp
[17.337s] [ 24%] [32mBuilding CXX object CMakeFiles/message__rosidl_typesupport_opensplice_cpp.dir/rosidl_typesupport_opensplice_cpp/message/msg/dds_opensplice/motorrecv__type_support.cpp.o[0m
[17.696s] [ 25%] [32m[1mLinking CXX shared library libmessage__rosidl_typesupport_introspection_cpp.so[0m
[17.894s] [ 25%] Built target message__rosidl_typesupport_introspection_cpp
[17.939s] [ 27%] [32mBuilding CXX object CMakeFiles/message__rosidl_typesupport_opensplice_cpp.dir/rosidl_typesupport_opensplice_cpp/message/srv/dds_opensplice/motorsend__type_support.cpp.o[0m
[18.139s] [ 28%] [32mBuilding CXX object CMakeFiles/message__rosidl_typesupport_fastrtps_cpp.dir/rosidl_typesupport_fastrtps_cpp/message/msg/dds_fastrtps/motorrecv__type_support.cpp.o[0m
[18.923s] [ 29%] [32mBuilding CXX object CMakeFiles/message__rosidl_typesupport_opensplice_cpp.dir/rosidl_typesupport_opensplice_cpp/message/msg/dds_opensplice/Motorcarryout_.cpp.o[0m
[19.367s] [ 30%] [32mBuilding CXX object CMakeFiles/message__rosidl_typesupport_opensplice_cpp.dir/rosidl_typesupport_opensplice_cpp/message/msg/dds_opensplice/Motorcarryout_Dcps.cpp.o[0m
[19.634s] [ 31%] [32mBuilding CXX object CMakeFiles/message__rosidl_typesupport_opensplice_cpp.dir/rosidl_typesupport_opensplice_cpp/message/msg/dds_opensplice/Motorcarryout_Dcps_impl.cpp.o[0m
[19.686s] [ 32%] [32mBuilding CXX object CMakeFiles/message__rosidl_typesupport_fastrtps_cpp.dir/rosidl_typesupport_fastrtps_cpp/message/srv/dds_fastrtps/motorsend__type_support.cpp.o[0m
[20.055s] [ 34%] [32mBuilding CXX object CMakeFiles/message__rosidl_typesupport_opensplice_cpp.dir/rosidl_typesupport_opensplice_cpp/message/msg/dds_opensplice/Motorcarryout_SplDcps.cpp.o[0m
[20.941s] [ 35%] [34m[1mGenerating C type support dispatch for ROS interfaces[0m
[20.963s] [ 36%] [32mBuilding CXX object CMakeFiles/message__rosidl_typesupport_opensplice_cpp.dir/rosidl_typesupport_opensplice_cpp/message/msg/dds_opensplice/Motorrecv_.cpp.o[0m
[21.417s] [ 37%] [32m[1mLinking CXX shared library libmessage__rosidl_typesupport_fastrtps_cpp.so[0m
[21.420s] [ 38%] [32mBuilding CXX object CMakeFiles/message__rosidl_typesupport_opensplice_cpp.dir/rosidl_typesupport_opensplice_cpp/message/msg/dds_opensplice/Motorrecv_Dcps.cpp.o[0m
[21.811s] [ 38%] Built target message__rosidl_typesupport_fastrtps_cpp
[21.862s] [ 40%] [34m[1mGenerating C introspection for ROS interfaces[0m
[22.150s] [ 41%] [32mBuilding CXX object CMakeFiles/message__rosidl_typesupport_opensplice_cpp.dir/rosidl_typesupport_opensplice_cpp/message/msg/dds_opensplice/Motorrecv_Dcps_impl.cpp.o[0m
[22.176s] [ 42%] [32mBuilding CXX object CMakeFiles/message__rosidl_typesupport_opensplice_cpp.dir/rosidl_typesupport_opensplice_cpp/message/msg/dds_opensplice/Motorrecv_SplDcps.cpp.o[0m
[22.966s] [ 43%] [32mBuilding CXX object CMakeFiles/message__rosidl_typesupport_opensplice_cpp.dir/rosidl_typesupport_opensplice_cpp/message/srv/dds_opensplice/Motorsend_.cpp.o[0m
[23.400s] [ 44%] [32mBuilding CXX object CMakeFiles/message__rosidl_typesupport_opensplice_cpp.dir/rosidl_typesupport_opensplice_cpp/message/srv/dds_opensplice/Motorsend_Dcps.cpp.o[0m
[23.417s] [ 45%] [32mBuilding CXX object CMakeFiles/message__rosidl_typesupport_opensplice_cpp.dir/rosidl_typesupport_opensplice_cpp/message/srv/dds_opensplice/Motorsend_Dcps_impl.cpp.o[0m
[24.304s] [ 47%] [32mBuilding CXX object CMakeFiles/message__rosidl_typesupport_opensplice_cpp.dir/rosidl_typesupport_opensplice_cpp/message/srv/dds_opensplice/Motorsend_SplDcps.cpp.o[0m
[24.356s] [35m[1mScanning dependencies of target message__rosidl_typesupport_c[0m
[24.414s] [ 48%] [32mBuilding CXX object CMakeFiles/message__rosidl_typesupport_c.dir/rosidl_typesupport_c/message/msg/motorcarryout__type_support.cpp.o[0m
[24.530s] [ 49%] [32mBuilding CXX object CMakeFiles/message__rosidl_typesupport_c.dir/rosidl_typesupport_c/message/msg/motorrecv__type_support.cpp.o[0m
[24.651s] [ 50%] [32mBuilding CXX object CMakeFiles/message__rosidl_typesupport_c.dir/rosidl_typesupport_c/message/srv/motorsend__type_support.cpp.o[0m
[24.776s] [ 51%] [32m[1mLinking CXX shared library libmessage__rosidl_typesupport_c.so[0m
[24.967s] [ 51%] Built target message__rosidl_typesupport_c
[25.021s] [ 52%] [34m[1mGenerating C type support for eProsima Fast-RTPS[0m
[25.756s] [35m[1mScanning dependencies of target message__rosidl_typesupport_introspection_c[0m
[25.817s] [ 55%] [32mBuilding C object CMakeFiles/message__rosidl_typesupport_introspection_c.dir/rosidl_typesupport_introspection_c/message/msg/motorrecv__type_support.c.o[0m
[25.818s] [ 55%] [32mBuilding C object CMakeFiles/message__rosidl_typesupport_introspection_c.dir/rosidl_typesupport_introspection_c/message/msg/motorcarryout__type_support.c.o[0m
[26.062s] [ 56%] [32mBuilding C object CMakeFiles/message__rosidl_typesupport_introspection_c.dir/rosidl_typesupport_introspection_c/message/srv/motorsend__type_support.c.o[0m
[26.178s] [ 58%] [32m[1mLinking C shared library libmessage__rosidl_typesupport_introspection_c.so[0m
[26.178s] [ 58%] [32m[1mLinking CXX shared library libmessage__rosidl_typesupport_opensplice_cpp.so[0m
[26.340s] [ 58%] Built target message__rosidl_typesupport_introspection_c
[27.132s] [ 60%] Built target message__rosidl_typesupport_opensplice_cpp
[27.205s] [ 61%] [34m[1mGenerating C type support for PrismTech OpenSplice[0m
[29.021s] [35m[1mScanning dependencies of target message__rosidl_typesupport_fastrtps_c[0m
[29.101s] [ 62%] [32mBuilding CXX object CMakeFiles/message__rosidl_typesupport_fastrtps_c.dir/rosidl_typesupport_fastrtps_c/message/srv/motorsend__type_support_c.cpp.o[0m
[29.107s] [ 63%] [32mBuilding CXX object CMakeFiles/message__rosidl_typesupport_fastrtps_c.dir/rosidl_typesupport_fastrtps_c/message/msg/motorrecv__type_support_c.cpp.o[0m
[29.115s] [ 64%] [32mBuilding CXX object CMakeFiles/message__rosidl_typesupport_fastrtps_c.dir/rosidl_typesupport_fastrtps_c/message/msg/motorcarryout__type_support_c.cpp.o[0m
[30.549s] [ 65%] [32m[1mLinking CXX shared library libmessage__rosidl_typesupport_fastrtps_c.so[0m
[30.940s] [ 65%] Built target message__rosidl_typesupport_fastrtps_c
[31.177s] [35m[1mScanning dependencies of target message__rosidl_typesupport_opensplice_c[0m
[31.557s] [ 67%] [32mBuilding CXX object CMakeFiles/message__rosidl_typesupport_opensplice_c.dir/rosidl_typesupport_opensplice_c/message/srv/dds_opensplice_c/motorsend__type_support_c.cpp.o[0m
[31.559s] [ 68%] [32mBuilding CXX object CMakeFiles/message__rosidl_typesupport_opensplice_c.dir/rosidl_typesupport_opensplice_c/message/msg/dds_opensplice_c/motorrecv__type_support_c.cpp.o[0m
[31.562s] [ 69%] [32mBuilding CXX object CMakeFiles/message__rosidl_typesupport_opensplice_c.dir/rosidl_typesupport_opensplice_c/message/msg/dds_opensplice_c/motorcarryout__type_support_c.cpp.o[0m
[31.568s] [ 70%] [32mBuilding CXX object CMakeFiles/message__rosidl_typesupport_opensplice_c.dir/rosidl_typesupport_opensplice_cpp/message/msg/dds_opensplice/Motorcarryout_.cpp.o[0m
[32.013s] [ 71%] [32mBuilding CXX object CMakeFiles/message__rosidl_typesupport_opensplice_c.dir/rosidl_typesupport_opensplice_cpp/message/msg/dds_opensplice/Motorcarryout_Dcps.cpp.o[0m
[32.710s] [ 72%] [32mBuilding CXX object CMakeFiles/message__rosidl_typesupport_opensplice_c.dir/rosidl_typesupport_opensplice_cpp/message/msg/dds_opensplice/Motorcarryout_Dcps_impl.cpp.o[0m
[33.545s] [ 74%] [32mBuilding CXX object CMakeFiles/message__rosidl_typesupport_opensplice_c.dir/rosidl_typesupport_opensplice_cpp/message/msg/dds_opensplice/Motorcarryout_SplDcps.cpp.o[0m
[33.601s] [ 75%] [32mBuilding CXX object CMakeFiles/message__rosidl_typesupport_opensplice_c.dir/rosidl_typesupport_opensplice_cpp/message/msg/dds_opensplice/Motorrecv_.cpp.o[0m
[34.053s] [ 76%] [32mBuilding CXX object CMakeFiles/message__rosidl_typesupport_opensplice_c.dir/rosidl_typesupport_opensplice_cpp/message/msg/dds_opensplice/Motorrecv_Dcps.cpp.o[0m
[34.078s] [ 77%] [32mBuilding CXX object CMakeFiles/message__rosidl_typesupport_opensplice_c.dir/rosidl_typesupport_opensplice_cpp/message/msg/dds_opensplice/Motorrecv_Dcps_impl.cpp.o[0m
[34.440s] [ 78%] [32mBuilding CXX object CMakeFiles/message__rosidl_typesupport_opensplice_c.dir/rosidl_typesupport_opensplice_cpp/message/msg/dds_opensplice/Motorrecv_SplDcps.cpp.o[0m
[34.743s] [ 80%] [32mBuilding CXX object CMakeFiles/message__rosidl_typesupport_opensplice_c.dir/rosidl_typesupport_opensplice_cpp/message/srv/dds_opensplice/Motorsend_.cpp.o[0m
[35.214s] [ 81%] [32mBuilding CXX object CMakeFiles/message__rosidl_typesupport_opensplice_c.dir/rosidl_typesupport_opensplice_cpp/message/srv/dds_opensplice/Motorsend_Dcps.cpp.o[0m
[35.313s] [ 82%] [32mBuilding CXX object CMakeFiles/message__rosidl_typesupport_opensplice_c.dir/rosidl_typesupport_opensplice_cpp/message/srv/dds_opensplice/Motorsend_Dcps_impl.cpp.o[0m
[35.436s] [ 83%] [32mBuilding CXX object CMakeFiles/message__rosidl_typesupport_opensplice_c.dir/rosidl_typesupport_opensplice_cpp/message/srv/dds_opensplice/Motorsend_SplDcps.cpp.o[0m
[37.818s] [ 84%] [32m[1mLinking CXX shared library libmessage__rosidl_typesupport_opensplice_c.so[0m
[38.960s] [ 87%] Built target message__rosidl_typesupport_opensplice_c
[39.040s] [ 87%] Built target message
[39.081s] [35m[1mScanning dependencies of target message__py[0m
[39.125s] [ 88%] [34m[1mGenerating Python code for ROS interfaces[0m
[46.740s] [ 88%] Built target message__py
[46.785s] [35m[1mScanning dependencies of target message__python[0m
[46.865s] [ 89%] [32mBuilding C object CMakeFiles/message__python.dir/rosidl_generator_py/message/msg/_motorrecv_s.c.o[0m
[46.869s] [ 91%] [32mBuilding C object CMakeFiles/message__python.dir/rosidl_generator_py/message/srv/_motorsend_s.c.o[0m
[46.870s] [ 91%] [32mBuilding C object CMakeFiles/message__python.dir/rosidl_generator_py/message/msg/_motorcarryout_s.c.o[0m
[47.609s] [ 92%] [32m[1mLinking C shared library rosidl_generator_py/message/libmessage__python.so[0m
[47.800s] [ 92%] Built target message__python
[47.846s] [35m[1mScanning dependencies of target message__rosidl_typesupport_c__pyext[0m
[47.850s] [35m[1mScanning dependencies of target message__rosidl_typesupport_opensplice_c__pyext[0m
[47.851s] [35m[1mScanning dependencies of target message__rosidl_typesupport_fastrtps_c__pyext[0m
[47.919s] [ 94%] [32mBuilding C object CMakeFiles/message__rosidl_typesupport_c__pyext.dir/rosidl_generator_py/message/_message_s.ep.rosidl_typesupport_c.c.o[0m
[47.950s] [ 96%] [32mBuilding C object CMakeFiles/message__rosidl_typesupport_fastrtps_c__pyext.dir/rosidl_generator_py/message/_message_s.ep.rosidl_typesupport_fastrtps_c.c.o[0m
[47.951s] [ 96%] [32mBuilding C object CMakeFiles/message__rosidl_typesupport_opensplice_c__pyext.dir/rosidl_generator_py/message/_message_s.ep.rosidl_typesupport_opensplice_c.c.o[0m
[48.266s] [ 97%] [32m[1mLinking C shared library rosidl_generator_py/message/message_s__rosidl_typesupport_c.cpython-36m-aarch64-linux-gnu.so[0m
[48.299s] [ 98%] [32m[1mLinking C shared library rosidl_generator_py/message/message_s__rosidl_typesupport_fastrtps_c.cpython-36m-aarch64-linux-gnu.so[0m
[48.310s] [100%] [32m[1mLinking C shared library rosidl_generator_py/message/message_s__rosidl_typesupport_opensplice_c.cpython-36m-aarch64-linux-gnu.so[0m
[48.575s] [100%] Built target message__rosidl_typesupport_c__pyext
[48.675s] [100%] Built target message__rosidl_typesupport_fastrtps_c__pyext
[48.745s] [100%] Built target message__rosidl_typesupport_opensplice_c__pyext
[48.795s] Invoked command in '/home/orthrus1-1/orthrus1-1/build/message' returned '0': CMAKE_PREFIX_PATH=/opt/ros/dashing /usr/bin/cmake --build /home/orthrus1-1/orthrus1-1/build/message -- -j4 -l4
[49.227s] Invoking command in '/home/orthrus1-1/orthrus1-1/build/message': CMAKE_PREFIX_PATH=/opt/ros/dashing /usr/bin/cmake --build /home/orthrus1-1/orthrus1-1/build/message --target install -- -j4 -l4
[49.438s] [  2%] Built target message__dds_opensplice_idl
[49.439s] [  2%] Built target message__cpp
[49.451s] [  8%] Built target message__rosidl_generator_c
[49.544s] [ 14%] Built target message__rosidl_typesupport_cpp
[49.564s] [ 20%] Built target message__rosidl_typesupport_introspection_cpp
[49.612s] [ 25%] Built target message__rosidl_typesupport_fastrtps_cpp
[49.653s] [ 31%] Built target message__rosidl_typesupport_c
[49.674s] [ 37%] Built target message__rosidl_typesupport_introspection_c
[49.710s] [ 58%] Built target message__rosidl_typesupport_opensplice_cpp
[49.745s] [ 64%] Built target message__rosidl_typesupport_fastrtps_c
[49.948s] [ 87%] Built target message__rosidl_typesupport_opensplice_c
[50.029s] [ 87%] Built target message
[50.112s] [ 88%] Built target message__py
[50.229s] [ 92%] Built target message__python
[50.351s] [ 97%] Built target message__rosidl_typesupport_fastrtps_c__pyext
[50.352s] [ 97%] Built target message__rosidl_typesupport_c__pyext
[50.354s] [100%] Built target message__rosidl_typesupport_opensplice_c__pyext
[50.431s] [36mInstall the project...[0m
[50.478s] -- Install configuration: ""
[50.480s] -- Installing: /home/orthrus1-1/orthrus1-1/install/message/share/ament_index/resource_index/rosidl_interfaces/message
[50.481s] -- Up-to-date: /home/orthrus1-1/orthrus1-1/install/message/include/message
[50.482s] -- Up-to-date: /home/orthrus1-1/orthrus1-1/install/message/include/message/srv
[50.483s] -- Installing: /home/orthrus1-1/orthrus1-1/install/message/include/message/srv/motorsend.hpp
[50.484s] -- Installing: /home/orthrus1-1/orthrus1-1/install/message/include/message/srv/motorsend__struct.hpp
[50.484s] -- Installing: /home/orthrus1-1/orthrus1-1/install/message/include/message/srv/motorsend__traits.hpp
[50.485s] -- Up-to-date: /home/orthrus1-1/orthrus1-1/install/message/include/message/msg
[50.486s] -- Installing: /home/orthrus1-1/orthrus1-1/install/message/include/message/msg/motorcarryout.hpp
[50.486s] -- Installing: /home/orthrus1-1/orthrus1-1/install/message/include/message/msg/motorrecv__traits.hpp
[50.487s] -- Installing: /home/orthrus1-1/orthrus1-1/install/message/include/message/msg/motorcarryout__struct.hpp
[50.487s] -- Installing: /home/orthrus1-1/orthrus1-1/install/message/include/message/msg/motorrecv__struct.hpp
[50.488s] -- Installing: /home/orthrus1-1/orthrus1-1/install/message/include/message/msg/motorrecv.hpp
[50.488s] -- Installing: /home/orthrus1-1/orthrus1-1/install/message/include/message/msg/motorcarryout__traits.hpp
[50.489s] -- Up-to-date: /home/orthrus1-1/orthrus1-1/install/message/include/message
[50.489s] -- Up-to-date: /home/orthrus1-1/orthrus1-1/install/message/include/message/srv
[50.490s] -- Installing: /home/orthrus1-1/orthrus1-1/install/message/include/message/srv/motorsend__functions.c
[50.491s] -- Installing: /home/orthrus1-1/orthrus1-1/install/message/include/message/srv/motorsend__type_support.h
[50.491s] -- Installing: /home/orthrus1-1/orthrus1-1/install/message/include/message/srv/motorsend__struct.h
[50.492s] -- Installing: /home/orthrus1-1/orthrus1-1/install/message/include/message/srv/motorsend.h
[50.492s] -- Installing: /home/orthrus1-1/orthrus1-1/install/message/include/message/srv/motorsend__functions.h
[50.493s] -- Up-to-date: /home/orthrus1-1/orthrus1-1/install/message/include/message/msg
[50.494s] -- Installing: /home/orthrus1-1/orthrus1-1/install/message/include/message/msg/motorrecv__type_support.h
[50.494s] -- Installing: /home/orthrus1-1/orthrus1-1/install/message/include/message/msg/motorcarryout__functions.c
[50.495s] -- Installing: /home/orthrus1-1/orthrus1-1/install/message/include/message/msg/motorcarryout__type_support.h
[50.495s] -- Installing: /home/orthrus1-1/orthrus1-1/install/message/include/message/msg/motorcarryout__functions.h
[50.496s] -- Installing: /home/orthrus1-1/orthrus1-1/install/message/include/message/msg/motorcarryout__struct.h
[50.496s] -- Installing: /home/orthrus1-1/orthrus1-1/install/message/include/message/msg/motorrecv__struct.h
[50.497s] -- Installing: /home/orthrus1-1/orthrus1-1/install/message/include/message/msg/motorrecv__functions.c
[50.497s] -- Up-to-date: /home/orthrus1-1/orthrus1-1/install/message/include/message/msg/rosidl_generator_c__visibility_control.h
[50.498s] -- Installing: /home/orthrus1-1/orthrus1-1/install/message/include/message/msg/motorrecv.h
[50.498s] -- Installing: /home/orthrus1-1/orthrus1-1/install/message/include/message/msg/motorrecv__functions.h
[50.499s] -- Installing: /home/orthrus1-1/orthrus1-1/install/message/include/message/msg/motorcarryout.h
[50.500s] -- Up-to-date: /home/orthrus1-1/orthrus1-1/install/message/share/message/environment/library_path.sh
[50.500s] -- Installing: /home/orthrus1-1/orthrus1-1/install/message/lib/libmessage__rosidl_generator_c.so
[50.501s] -- Set runtime path of "/home/orthrus1-1/orthrus1-1/install/message/lib/libmessage__rosidl_generator_c.so" to ""
[50.501s] -- Installing: /home/orthrus1-1/orthrus1-1/install/message/lib/libmessage__rosidl_typesupport_c.so
[50.502s] -- Set runtime path of "/home/orthrus1-1/orthrus1-1/install/message/lib/libmessage__rosidl_typesupport_c.so" to ""
[50.503s] -- Installing: /home/orthrus1-1/orthrus1-1/install/message/lib/libmessage__rosidl_typesupport_cpp.so
[50.503s] -- Set runtime path of "/home/orthrus1-1/orthrus1-1/install/message/lib/libmessage__rosidl_typesupport_cpp.so" to ""
[50.504s] -- Up-to-date: /home/orthrus1-1/orthrus1-1/install/message/include/message
[50.504s] -- Up-to-date: /home/orthrus1-1/orthrus1-1/install/message/include/message/srv
[50.505s] -- Installing: /home/orthrus1-1/orthrus1-1/install/message/include/message/srv/motorsend__rosidl_typesupport_introspection_c.h
[50.505s] -- Installing: /home/orthrus1-1/orthrus1-1/install/message/include/message/srv/motorsend__type_support.c
[50.506s] -- Up-to-date: /home/orthrus1-1/orthrus1-1/install/message/include/message/msg
[50.507s] -- Installing: /home/orthrus1-1/orthrus1-1/install/message/include/message/msg/motorcarryout__rosidl_typesupport_introspection_c.h
[50.507s] -- Installing: /home/orthrus1-1/orthrus1-1/install/message/include/message/msg/motorrecv__rosidl_typesupport_introspection_c.h
[50.508s] -- Up-to-date: /home/orthrus1-1/orthrus1-1/install/message/include/message/msg/rosidl_typesupport_introspection_c__visibility_control.h
[50.508s] -- Installing: /home/orthrus1-1/orthrus1-1/install/message/include/message/msg/motorcarryout__type_support.c
[50.509s] -- Installing: /home/orthrus1-1/orthrus1-1/install/message/include/message/msg/motorrecv__type_support.c
[50.509s] -- Installing: /home/orthrus1-1/orthrus1-1/install/message/lib/libmessage__rosidl_typesupport_introspection_c.so
[50.510s] -- Set runtime path of "/home/orthrus1-1/orthrus1-1/install/message/lib/libmessage__rosidl_typesupport_introspection_c.so" to ""
[50.511s] -- Up-to-date: /home/orthrus1-1/orthrus1-1/install/message/include/message
[50.511s] -- Up-to-date: /home/orthrus1-1/orthrus1-1/install/message/include/message/srv
[50.512s] -- Installing: /home/orthrus1-1/orthrus1-1/install/message/include/message/srv/motorsend__rosidl_typesupport_introspection_cpp.hpp
[50.512s] -- Installing: /home/orthrus1-1/orthrus1-1/install/message/include/message/srv/motorsend__type_support.cpp
[50.513s] -- Up-to-date: /home/orthrus1-1/orthrus1-1/install/message/include/message/msg
[50.513s] -- Installing: /home/orthrus1-1/orthrus1-1/install/message/include/message/msg/motorcarryout__type_support.cpp
[50.514s] -- Installing: /home/orthrus1-1/orthrus1-1/install/message/include/message/msg/motorrecv__type_support.cpp
[50.514s] -- Installing: /home/orthrus1-1/orthrus1-1/install/message/include/message/msg/motorcarryout__rosidl_typesupport_introspection_cpp.hpp
[50.515s] -- Installing: /home/orthrus1-1/orthrus1-1/install/message/include/message/msg/motorrecv__rosidl_typesupport_introspection_cpp.hpp
[50.516s] -- Installing: /home/orthrus1-1/orthrus1-1/install/message/lib/libmessage__rosidl_typesupport_introspection_cpp.so
[50.516s] -- Set runtime path of "/home/orthrus1-1/orthrus1-1/install/message/lib/libmessage__rosidl_typesupport_introspection_cpp.so" to ""
[50.517s] -- Up-to-date: /home/orthrus1-1/orthrus1-1/install/message/include/message
[50.517s] -- Up-to-date: /home/orthrus1-1/orthrus1-1/install/message/include/message/srv
[50.518s] -- Installing: /home/orthrus1-1/orthrus1-1/install/message/include/message/srv/motorsend__rosidl_typesupport_fastrtps_c.h
[50.519s] -- Up-to-date: /home/orthrus1-1/orthrus1-1/install/message/include/message/msg
[50.519s] -- Up-to-date: /home/orthrus1-1/orthrus1-1/install/message/include/message/msg/rosidl_typesupport_fastrtps_c__visibility_control.h
[50.520s] -- Installing: /home/orthrus1-1/orthrus1-1/install/message/include/message/msg/motorcarryout__rosidl_typesupport_fastrtps_c.h
[50.520s] -- Installing: /home/orthrus1-1/orthrus1-1/install/message/include/message/msg/motorrecv__rosidl_typesupport_fastrtps_c.h
[50.521s] -- Installing: /home/orthrus1-1/orthrus1-1/install/message/lib/libmessage__rosidl_typesupport_fastrtps_c.so
[50.521s] -- Set runtime path of "/home/orthrus1-1/orthrus1-1/install/message/lib/libmessage__rosidl_typesupport_fastrtps_c.so" to ""
[50.522s] -- Up-to-date: /home/orthrus1-1/orthrus1-1/install/message/include/message
[50.523s] -- Up-to-date: /home/orthrus1-1/orthrus1-1/install/message/include/message/srv
[50.523s] -- Installing: /home/orthrus1-1/orthrus1-1/install/message/include/message/srv/motorsend__rosidl_typesupport_fastrtps_cpp.hpp
[50.524s] -- Up-to-date: /home/orthrus1-1/orthrus1-1/install/message/include/message/srv/dds_fastrtps
[50.524s] -- Up-to-date: /home/orthrus1-1/orthrus1-1/install/message/include/message/msg
[50.525s] -- Up-to-date: /home/orthrus1-1/orthrus1-1/install/message/include/message/msg/dds_fastrtps
[50.525s] -- Installing: /home/orthrus1-1/orthrus1-1/install/message/include/message/msg/motorrecv__rosidl_typesupport_fastrtps_cpp.hpp
[50.526s] -- Up-to-date: /home/orthrus1-1/orthrus1-1/install/message/include/message/msg/rosidl_typesupport_fastrtps_cpp__visibility_control.h
[50.526s] -- Installing: /home/orthrus1-1/orthrus1-1/install/message/include/message/msg/motorcarryout__rosidl_typesupport_fastrtps_cpp.hpp
[50.527s] -- Installing: /home/orthrus1-1/orthrus1-1/install/message/lib/libmessage__rosidl_typesupport_fastrtps_cpp.so
[50.527s] -- Set runtime path of "/home/orthrus1-1/orthrus1-1/install/message/lib/libmessage__rosidl_typesupport_fastrtps_cpp.so" to ""
[50.528s] -- Up-to-date: /home/orthrus1-1/orthrus1-1/install/message/include/message
[50.528s] -- Up-to-date: /home/orthrus1-1/orthrus1-1/install/message/include/message/srv
[50.529s] -- Installing: /home/orthrus1-1/orthrus1-1/install/message/include/message/srv/motorsend__rosidl_typesupport_opensplice_c.h
[50.529s] -- Up-to-date: /home/orthrus1-1/orthrus1-1/install/message/include/message/srv/dds_opensplice_c
[50.530s] -- Up-to-date: /home/orthrus1-1/orthrus1-1/install/message/include/message/msg
[50.530s] -- Up-to-date: /home/orthrus1-1/orthrus1-1/install/message/include/message/msg/rosidl_typesupport_opensplice_c__visibility_control.h
[50.531s] -- Installing: /home/orthrus1-1/orthrus1-1/install/message/include/message/msg/motorcarryout__rosidl_typesupport_opensplice_c.h
[50.531s] -- Installing: /home/orthrus1-1/orthrus1-1/install/message/include/message/msg/motorrecv__rosidl_typesupport_opensplice_c.h
[50.532s] -- Up-to-date: /home/orthrus1-1/orthrus1-1/install/message/include/message/msg/dds_opensplice_c
[50.532s] -- Installing: /home/orthrus1-1/orthrus1-1/install/message/lib/libmessage__rosidl_typesupport_opensplice_c.so
[50.534s] -- Set runtime path of "/home/orthrus1-1/orthrus1-1/install/message/lib/libmessage__rosidl_typesupport_opensplice_c.so" to ""
[50.535s] -- Up-to-date: /home/orthrus1-1/orthrus1-1/install/message/share/message/msg/dds_opensplice
[50.535s] -- Installing: /home/orthrus1-1/orthrus1-1/install/message/share/message/msg/dds_opensplice/Motorrecv_.idl
[50.536s] -- Installing: /home/orthrus1-1/orthrus1-1/install/message/share/message/msg/dds_opensplice/Motorcarryout_.idl
[50.537s] -- Up-to-date: /home/orthrus1-1/orthrus1-1/install/message/share/message/srv/dds_opensplice
[50.537s] -- Installing: /home/orthrus1-1/orthrus1-1/install/message/share/message/srv/dds_opensplice/Motorsend_.idl
[50.538s] -- Up-to-date: /home/orthrus1-1/orthrus1-1/install/message/include/message
[50.538s] -- Up-to-date: /home/orthrus1-1/orthrus1-1/install/message/include/message/srv
[50.539s] -- Up-to-date: /home/orthrus1-1/orthrus1-1/install/message/include/message/srv/dds_opensplice
[50.539s] -- Installing: /home/orthrus1-1/orthrus1-1/install/message/include/message/srv/dds_opensplice/Motorsend_.h
[50.540s] -- Installing: /home/orthrus1-1/orthrus1-1/install/message/include/message/srv/dds_opensplice/ccpp_Motorsend_.h
[50.541s] -- Installing: /home/orthrus1-1/orthrus1-1/install/message/include/message/srv/dds_opensplice/Motorsend_SplDcps.h
[50.541s] -- Installing: /home/orthrus1-1/orthrus1-1/install/message/include/message/srv/dds_opensplice/Motorsend_Dcps.h
[50.542s] -- Installing: /home/orthrus1-1/orthrus1-1/install/message/include/message/srv/dds_opensplice/Motorsend_Dcps_impl.h
[50.542s] -- Installing: /home/orthrus1-1/orthrus1-1/install/message/include/message/srv/motorsend__rosidl_typesupport_opensplice_cpp.hpp
[50.543s] -- Up-to-date: /home/orthrus1-1/orthrus1-1/install/message/include/message/msg
[50.543s] -- Up-to-date: /home/orthrus1-1/orthrus1-1/install/message/include/message/msg/dds_opensplice
[50.544s] -- Installing: /home/orthrus1-1/orthrus1-1/install/message/include/message/msg/dds_opensplice/Motorrecv_.h
[50.545s] -- Installing: /home/orthrus1-1/orthrus1-1/install/message/include/message/msg/dds_opensplice/Motorrecv_Dcps_impl.h
[50.545s] -- Installing: /home/orthrus1-1/orthrus1-1/install/message/include/message/msg/dds_opensplice/Motorcarryout_Dcps_impl.h
[50.546s] -- Installing: /home/orthrus1-1/orthrus1-1/install/message/include/message/msg/dds_opensplice/ccpp_Motorrecv_.h
[50.546s] -- Installing: /home/orthrus1-1/orthrus1-1/install/message/include/message/msg/dds_opensplice/Motorrecv_SplDcps.h
[50.547s] -- Installing: /home/orthrus1-1/orthrus1-1/install/message/include/message/msg/dds_opensplice/Motorcarryout_Dcps.h
[50.547s] -- Installing: /home/orthrus1-1/orthrus1-1/install/message/include/message/msg/dds_opensplice/Motorrecv_Dcps.h
[50.548s] -- Installing: /home/orthrus1-1/orthrus1-1/install/message/include/message/msg/dds_opensplice/Motorcarryout_SplDcps.h
[50.548s] -- Installing: /home/orthrus1-1/orthrus1-1/install/message/include/message/msg/dds_opensplice/Motorcarryout_.h
[50.549s] -- Installing: /home/orthrus1-1/orthrus1-1/install/message/include/message/msg/dds_opensplice/ccpp_Motorcarryout_.h
[50.549s] -- Installing: /home/orthrus1-1/orthrus1-1/install/message/include/message/msg/motorcarryout__rosidl_typesupport_opensplice_cpp.hpp
[50.550s] -- Up-to-date: /home/orthrus1-1/orthrus1-1/install/message/include/message/msg/rosidl_typesupport_opensplice_cpp__visibility_control.h
[50.550s] -- Installing: /home/orthrus1-1/orthrus1-1/install/message/include/message/msg/motorrecv__rosidl_typesupport_opensplice_cpp.hpp
[50.551s] -- Installing: /home/orthrus1-1/orthrus1-1/install/message/lib/libmessage__rosidl_typesupport_opensplice_cpp.so
[50.558s] -- Set runtime path of "/home/orthrus1-1/orthrus1-1/install/message/lib/libmessage__rosidl_typesupport_opensplice_cpp.so" to ""
[50.559s] -- Up-to-date: /home/orthrus1-1/orthrus1-1/install/message/share/message/environment/pythonpath.sh
[50.559s] -- Installing: /home/orthrus1-1/orthrus1-1/install/message/lib/python3.6/site-packages/message/__init__.py
[50.704s] Compiling '/home/orthrus1-1/orthrus1-1/install/message/lib/python3.6/site-packages/message/__init__.py'...
[50.725s] -- Up-to-date: /home/orthrus1-1/orthrus1-1/install/message/lib/python3.6/site-packages/message/msg
[50.726s] -- Installing: /home/orthrus1-1/orthrus1-1/install/message/lib/python3.6/site-packages/message/msg/_motorrecv.py
[50.726s] -- Installing: /home/orthrus1-1/orthrus1-1/install/message/lib/python3.6/site-packages/message/msg/__init__.py
[50.727s] -- Installing: /home/orthrus1-1/orthrus1-1/install/message/lib/python3.6/site-packages/message/msg/_motorcarryout_s.c
[50.727s] -- Installing: /home/orthrus1-1/orthrus1-1/install/message/lib/python3.6/site-packages/message/msg/_motorrecv_s.c
[50.728s] -- Installing: /home/orthrus1-1/orthrus1-1/install/message/lib/python3.6/site-packages/message/msg/_motorcarryout.py
[50.729s] -- Up-to-date: /home/orthrus1-1/orthrus1-1/install/message/lib/python3.6/site-packages/message/srv
[50.729s] -- Installing: /home/orthrus1-1/orthrus1-1/install/message/lib/python3.6/site-packages/message/srv/_motorsend_s.c
[50.730s] -- Installing: /home/orthrus1-1/orthrus1-1/install/message/lib/python3.6/site-packages/message/srv/__init__.py
[50.730s] -- Installing: /home/orthrus1-1/orthrus1-1/install/message/lib/python3.6/site-packages/message/srv/_motorsend.py
[50.731s] -- Installing: /home/orthrus1-1/orthrus1-1/install/message/lib/python3.6/site-packages/message/message_s__rosidl_typesupport_c.cpython-36m-aarch64-linux-gnu.so
[50.733s] -- Set runtime path of "/home/orthrus1-1/orthrus1-1/install/message/lib/python3.6/site-packages/message/message_s__rosidl_typesupport_c.cpython-36m-aarch64-linux-gnu.so" to ""
[50.734s] -- Installing: /home/orthrus1-1/orthrus1-1/install/message/lib/python3.6/site-packages/message/message_s__rosidl_typesupport_fastrtps_c.cpython-36m-aarch64-linux-gnu.so
[50.736s] -- Set runtime path of "/home/orthrus1-1/orthrus1-1/install/message/lib/python3.6/site-packages/message/message_s__rosidl_typesupport_fastrtps_c.cpython-36m-aarch64-linux-gnu.so" to ""
[50.737s] -- Installing: /home/orthrus1-1/orthrus1-1/install/message/lib/python3.6/site-packages/message/message_s__rosidl_typesupport_opensplice_c.cpython-36m-aarch64-linux-gnu.so
[50.739s] -- Set runtime path of "/home/orthrus1-1/orthrus1-1/install/message/lib/python3.6/site-packages/message/message_s__rosidl_typesupport_opensplice_c.cpython-36m-aarch64-linux-gnu.so" to ""
[50.739s] -- Installing: /home/orthrus1-1/orthrus1-1/install/message/lib/libmessage__python.so
[50.741s] -- Set runtime path of "/home/orthrus1-1/orthrus1-1/install/message/lib/libmessage__python.so" to ""
[50.742s] -- Up-to-date: /home/orthrus1-1/orthrus1-1/install/message/share/message/msg/Motorcarryout.idl
[50.743s] -- Installing: /home/orthrus1-1/orthrus1-1/install/message/share/message/msg/Motorrecv.idl
[50.743s] -- Up-to-date: /home/orthrus1-1/orthrus1-1/install/message/share/message/srv/Motorsend.idl
[50.744s] -- Up-to-date: /home/orthrus1-1/orthrus1-1/install/message/share/message/msg/Motorcarryout.msg
[50.744s] -- Installing: /home/orthrus1-1/orthrus1-1/install/message/share/message/msg/Motorrecv.msg
[50.745s] -- Up-to-date: /home/orthrus1-1/orthrus1-1/install/message/share/message/srv/Motorsend.srv
[50.746s] -- Up-to-date: /home/orthrus1-1/orthrus1-1/install/message/share/message/srv/Motorsend_Request.msg
[50.746s] -- Up-to-date: /home/orthrus1-1/orthrus1-1/install/message/share/message/srv/Motorsend_Response.msg
[50.747s] -- Up-to-date: /home/orthrus1-1/orthrus1-1/install/message/share/ament_index/resource_index/package_run_dependencies/message
[50.747s] -- Up-to-date: /home/orthrus1-1/orthrus1-1/install/message/share/ament_index/resource_index/parent_prefix_path/message
[50.748s] -- Up-to-date: /home/orthrus1-1/orthrus1-1/install/message/share/message/environment/ament_prefix_path.sh
[50.748s] -- Up-to-date: /home/orthrus1-1/orthrus1-1/install/message/share/message/environment/path.sh
[50.749s] -- Up-to-date: /home/orthrus1-1/orthrus1-1/install/message/share/message/local_setup.bash
[50.750s] -- Up-to-date: /home/orthrus1-1/orthrus1-1/install/message/share/message/local_setup.sh
[50.750s] -- Up-to-date: /home/orthrus1-1/orthrus1-1/install/message/share/message/local_setup.zsh
[50.751s] -- Up-to-date: /home/orthrus1-1/orthrus1-1/install/message/share/ament_index/resource_index/packages/message
[50.751s] -- Installing: /home/orthrus1-1/orthrus1-1/install/message/share/message/cmake/rosidl_cmake-extras.cmake
[50.752s] -- Up-to-date: /home/orthrus1-1/orthrus1-1/install/message/share/message/cmake/ament_cmake_export_dependencies-extras.cmake
[50.753s] -- Up-to-date: /home/orthrus1-1/orthrus1-1/install/message/share/message/cmake/ament_cmake_export_include_directories-extras.cmake
[50.753s] -- Up-to-date: /home/orthrus1-1/orthrus1-1/install/message/share/message/cmake/ament_cmake_export_libraries-extras.cmake
[50.754s] -- Up-to-date: /home/orthrus1-1/orthrus1-1/install/message/share/message/cmake/rosidl_cmake_export_typesupport_libraries-extras.cmake
[50.754s] -- Up-to-date: /home/orthrus1-1/orthrus1-1/install/message/share/message/cmake/messageConfig.cmake
[50.755s] -- Up-to-date: /home/orthrus1-1/orthrus1-1/install/message/share/message/cmake/messageConfig-version.cmake
[50.755s] -- Up-to-date: /home/orthrus1-1/orthrus1-1/install/message/share/message/package.xml
[50.767s] Invoked command in '/home/orthrus1-1/orthrus1-1/build/message' returned '0': CMAKE_PREFIX_PATH=/opt/ros/dashing /usr/bin/cmake --build /home/orthrus1-1/orthrus1-1/build/message --target install -- -j4 -l4
